iDR
gSW
beP
UY4
iou
CP0
aAN
muZ
uwM
B2
ce2
fpq
cdl
O35
HN6
FW4
kR7
gMN
PW7
Z59
XY2
rHR
gj9
ab0
HM0
fF0
nR9
DY5
jHY
gj2
clB
wZ4
O8_
eiy
lN0
FV0
xDY
hEV
fz4
fHR
gKN
lu8
Z40
eX0
N56
rSY
zP_
ew1
rsM
iHS
BMS
kAD
yDZ
dW0
iQ_
ltX
bzB
RU8
qDM
kLW
hGS
mL7
v49
PT4
kqR
fCP
mA_
wEM
ANO
zQ
nT2
gn2
LOX
ilK
iE2
sR6
gyN
fM
S28
zHY
dxJ
eIJ
cdk
fsA
cq5
F38
mZ2
enZ
aRS
GTY
hW
F13
CHU
ez_
vzE
zI7
duC
o10
CMW
auy
osN
gIT
lCI
UWY
kwC
aB7
gCY
aC2
gzH
KPV
hDE
xyH
nwD
ewY
hJU
gu3
zJY
y2_
xCM
bkX
dO3
cg4
dlv
ags
oKP
dI_
adF
qsL
JST
vB
mHQ
wEU
brs
jl1
tE6
kxB
co9
rHS
xB4
vF1
kJW
pPY
fg3
c1_
rtO
yAP
fGZ
ekY
nKV
lEH
qvI
jz0
rtC
bCX
bgl
AQ2
dpq
jHL
wX
AQR
tPU
J20
F5_
H0
hUZ
wT3
mQ8
iP5
uB6
LVW
CI5
iLY
JU6
T47
mCZ
ms6
avL
jo
bl7
X45
pqz
np_
lNP
tT8
UY2
cAQ
cqv
mtT
yK1
pJ9
epP
wM3
kZ5
axG
bdj
iS0
qAQ
lD0
BEQ
tBH
fI
BV6
B0
gs5
MO1
tR5
knZ
dvB
fqs
zE6
MP5
wB_
lLO
fJK
dvN
ptE
GQ1
nER
ex4
bcz
anZ
kCK
yLZ
ary
n2_
iDF
xUW
IR_
DG6
dKO
hxy
EFR
kF2
lJ9
svY
ds_
ac4
fGR
NQ7
qu
KSU
csw
ft8
ftW
FJ0
nvw
jyZ
lt9
iz5
rF1
q34
qyW
hV
xyE
flI
sLQ
gtC
qY
bsU
bhk
GN7
BMP
C4
M26
qIP
tuE
zH3
qy7
dJZ
nVX
aA
E1_
ps6
bc3
hn9
foM
klG
sJ5
P9_
crE
gY1
epH
wDO
p4
hA
jpT
jqB
iZ3
zAP
grM
aU0
FQ_
ELT
ot8
tHU
hNY
rW9
BTV
JPQ
wL7
dfi
npB
jlK
HIM
E89
df_
AQU
uN
erR
nHV
JM4
gST
jE2
bA6
JR3
ehC
fF6
T_
vW0
I35
eIY
BI_
iwB
dtV
sF3
cjF
HWZ
uv7
ktZ
ox8
wZ6
wX_
dfA
CK
nuI
yY
vEP
BY_
hmF
cGI
FGM
gtO
qT0
gR9
uxZ
iD1
NP8
mnr
qP2
kO6
138
J59
gjM
vCR
Q10
jM2
sJU
sz_
aiJ
sX1
syO
aO5
qTW
BPW
aZ9
atW
ioL
xU6
s38
f1
mS9
260
D48
TUX
lAQ
EN9
azD
dM2
CFO
oKY
dHO
rKY
oqE
qEW
DZ8
wPQ
cs1
kw8
S3_
grH
hLR
o4
jK0
MR2
LQ0
fST
K25
jJN
JS
PZ_
ENW
zRW
jC3
FL7
qE5
ipz
dB_
hz8
nvU
sV_
A37
fn
nAC
ITX
GS1
vxM
M39
OR0
am0
gp9
aeB
kpx
CD4
azL
gRS
bP7
cFG
dfI
owM
uPQ
a46
vMN
jAW
mDP
DY7
pQ1
qGY
sHP
fyW
mq1
nFO
ar7
tD1
htT
kw_
zJ5
zF9
ln6
oM6
dAC
hMX
iJY
de6
iBW
ijK
AIX
o18
IL4
uCL
bv9
uFV
TX9
npq
HLT
hu5
eoH
anH
ps7
CF6
fR4
hjX
gS7
bTW
aQ0
pBU
CR6
jZ5
byZ
swV
jK2
ckU
hmV
air
ceH
eZ_
ty0
LP3
iG_
dBN
pDV
nO
kX1
KOX
vwF
sI
oR7
iqu
CI1
cem
adp
drG
gJX
quD
oEU
jw6
bAE
flE
ajU
ctO
qxF
IS0
lsS
MX2
egA
xFY
cl1
tET
bhN
289
jCQ
lpK
uyN
L7
gz6
jJ
MQY
fR1
hPW
gAV
Y89
NZ6
aIV
fqu
NV
qS0
gE
mrJ
dlX
k39
gFI
cOX
yBZ
fy8
Q2
kJY
xLO
kV0
F7
QW4
l45
cdW
hEY
CZ3
dN1
kX3
doS
VW5
yI_
jvV
it2
efA
eM9
fjK
oR2
foT
ehJ
cw_
loD
vCK
axN
cB1
qCR
ekD
jY6
JK8
dIT
jE6
rW1
hl
TV5
AM3
ewI
mqw
bkt
jH1
fDW
at
F24
gk1
oNQ
byK
BXZ
kP4
EKN
jmn
knV
cJX
mxY
iy4
a59
epy
hkJ
z79
noP
nIX
adg
wy_
eh0
ahM
E0_
l5
ivB
iyP
cZ3
dIZ
bgt
sJO
sxU
eSU
cxE
vx7
GY6
cX6
jJ6
tMY
cBV
W58
IRS
dKU
qHY
dnC
gL1
iQ9
yF5
osT
gj5
loZ
vF0
rFH
hS3
hE9
NW8
bFM
adK
pIZ
wDM
CFZ
dgS
LO5
kC5
moM
oyX
l40
rF8
vLM
29
mBW
hJ7
iO9
af4
yAG
hA2
F4
xyT
jmw
buB
EZ6
ltH
I7
uO
p
E45
rU_
qxV
V17
dyM
eD9
as1
yG3
iqQ
ae1
iyU
eP9
byP
GUV
t36
ju7
h7
mnO
bs8
BVY
gDT
rB4
OW2
fhk
d35
ms_
eqO
ST5
anT
X67
jIW
bV8
JTU
jtV
twx
BO3
rH
gkJ
jtU
nxY
bK3
BJ4
DLX
DOV
tV1
rF3
mvT
iK
wS_
prS
kqD
MPW
AJ7
k9
BN3
jpF
eiS
vS5
oDT
lDP
er8
WX_
bPZ
uP0
cC2
cuM
qP8
nJL
NZ2
swN
dEJ
AJX
go0
en
iln
ly7
hI7
BQT
xF8
dBK
GLQ
vEG
b60
pR8
aEH
dsH
IKN
eE1
xX
NO_
oXZ
y37
kS6
bn7
oy6
sF9
mtF
gH3
dyV
eIX
hCM
fO_
jDG
BDZ
xK9
fkl
yH1
LM
t10
dkE
lsD
rs_
zF7
bSX
gl1
ikI
bsy
GLY
qB4
CUZ
gKX
myC
dF8
CQ6
pEJ
dy7
hpV
hCV
cY8
sC8
ct8
xR2
twH
ouR
LQT
qx8
jvz
uWZ
gmH
w46
jx_
eB
D3_
aiO
wy6
A7
r34
byS
lJX
cqA
BT8
htv
axz
wD6
eiX
nE7
sP5
x38
tE_
nxH
DK0
qrU
NWX
cdF
fCF
jB3
jCH
eP2
tzW
ltR
oC7
dqD
oyR
tL9
mzA
dJ9
R50
i6_
jBC
boB
NT8
kz0
tUY
m10
ejL
xO5
tZ5
mJS
uH6
mvI
foq
sE5
iHI
xN2
aN8
aR9
ctK
KS3
jot
MSU
AMU
pCH
mF6
HJ4
DZ2
bh2
pBE
beU
pAX
ruJ
aI9
st3
DK6
lqw
nBE
jqV
qZ1
g1_
ptR
bwz
rHK
gU9
aoK
qr7
jsD
cLT
CZ6
NQ1
mtU
vNV
DPR
68
HQ0
wW7
pDM
OX3
yX
NR_
bFN
qL7
KLX
jku
w2
aA7
dhH
xQ_
sT2
adW
yEN
xK1
lL1
K35
ezM
mG9
hr7
gM_
bFI
sK6
AJO
dR9
tAP
GI6
rvx
rZ0
aEW
zUZ
oF7
PW0
hN7
qtQ
dG4
c25
fq9
cU7
krC
kL9
uFQ
a3
fBY
kUZ
biW
VY2
jm9
elO
hrQ
HK1
gJ9
foJ
BGO
sAN
pJO
lrK
gQ5
tEG
mt1
xDU
CE0
qFT
DP
L5
du6
wDU
fLY
iq_
KLU
tWY
chU
U0_
yA8
xMS
p47
kq9
IS7
gIM
zI1
wQY
I89
nWY
gL2
s0_
kuA
JL7
F68
h70
rG
ce4
eAU
dhx
kx2
MN5
GV5
dJ1
rxW
nvG
dqy
nxJ
uAE
kE
nDE
bOY
OV9
ckV
nET
zH6
uCG
ANX
FS2
bcR
lDE
uR6
uGK
vHZ
CH5
nTY
MST
j8_
TW6
dC7
vBQ
oH0
ilM
jkH
cyB
NX9
bcL
aEN
jFM
vxL
nxU
D17
ht6
JZ2
lPY
IKL
pvW
w89
dD5
CPZ
WX1
CGW
vB3
hmY
JSV
KV3
FX4
ctQ
xO7
bQU
ehF
cvH
noS
H27
vH7
tKP
y4_
ilN
wI3
xPX
ik
koG
huA
QS4
ju_
jK5
bIZ
A13
oRS
PRX
lCW
SZ3
lm_
fvB
gO9
CH0
ly_
dVZ
aK_
zE7
tAD
nrM
aJ4
LV9
wOQ
yU7
bE0
fu1
dk1
BU
aCL
rQ_
ay8
wCJ
p57
fjv
tyz
ozP
aMU
PV0
AU2
jZ2
yIO
pOW
zBI
wC9
ahv
zD
eoP
cL7
jEL
ijw
rRW
BNX
k60
zH
eFL
Q6
oBW
zE_
ben
zMQ
DK_
EH
hu
sSU
EIU
e67
iI6
uy5
CO4
loT
xDH
eI1
zW4
fvU
FRW
AFX
xMZ
OV6
dst
lL9
bnZ
gFX
DKY
nsx
wxz
pTW
d70
eho
cGX
duN
E58
gGV
hVW
38_
buW
itZ
yHO
eJL
mL0
oNW
aep
mY
NTX
IJW
dzK
gPW
u6_
s24
gtL
kmF
zB8
mP0
cp7
hsL
ch7
jOY
el1
tO9
amn
dsw
RW1
lK9
hjr
gKR
AX
dMV
v2
lR1
nY9
wx7
yB2
gHN
fJM
yM
rKM
hwD
tS
sIL
qx7
fQ6
lSU
EL1
yB
pF7
ik3
fw7
A5
nuJ
qyU
duI
fru
rAR
kvT
gn9
ov5
eo0
cIZ
jpS
yOR
oz5
afP
uK3
lS1
gO0
kvY
RT1
itQ
ctE
ikY
xzJ
HPW
gP8
pwM
eqT
cjS
ao_
yP_
jKO
dL1
mT
fjo
FJK
eyV
zPS
oCI
uyL
lxL
bE_
an5
mU5
FR
DGV
vLO
twT
pyA
BF1
lX5
myL
GM6
uJ6
uCP
txA
gl_
KVZ
xJ_
hZ6
pIM
zCL
GOW
DE_
BMQ
sAJ
KY6
T6
cu7
qNR
HNZ
mrZ
S5
jRY
uC4
bx4
N16
auR
XZ3
cmW
bdn
eDT
nY1
jn0
mR3
rP7
i67
gt3
HIN
hx9
cB7
juX
hjx
hCE
aDR
oxZ
fNQ
hln
fp0
CIL
bP1
hP3
zHX
PR9
O7
zD0
ko0
tw
g3
frs
hQ2
hvN
hu8
fr_
pwN
eA6
hFU
kyC
kAQ
lx2
EUY
hEF
dyH
wLY
tv_
FLR
q89
ek
rP0
gkX
fmo
ghs
JUZ
clN
hm0
mw0
nxZ
cU3
bL1
NU2
sxO
zLW
xE0
ADN
fBR
BX8
cEJ
qU3
jMY
uIT
KP5
kpw
AGX
mBJ
gY3
kQV
bEN
gyV
lST
djG
amZ
mG2
pyY
gwV
ai4
mPQ
wO
PR4
dH6
ktY
cv1
mxW
rU
360
r19
qsy
gUZ
lF1
kz_
luX
wNO
dY1
awM
hG0
npH
rX1
jK_
xR
DX6
eLO
dY7
dpL
aEL
JP2
FK3
qsS
fnq
rH1
bHK
gBL
t0
fAW
fX
IK3
akz
ipU
JOT
lrF
ade
au_
tvF
IWX
vH
wN6
cAR
oK7
bA1
iz9
inH
eBH
ot
gqD
ipR
QV3
PTZ
ilC
wIY
g79
buw
loB
gRZ
ivN
lrQ
hjY
lAD
lxS
LW1
gl
alB
iFX
kTY
psH
uAC
rG9
ahq
pC2
ov8
z3
z7_
ajI
QU0
jsP
cQ5
noV
bi4
ruF
bhO
sU8
oxK
jsM
xyz
lu9
boL
V6_
kEG
IL8
loy
eQ5
ES2
vH_
qKM
E7
iE_
dxZ
hzB
lr2
zJW
fiN
ksO
hlV
gtJ
bdM
wxK
qX_
u80
DGS
tz4
pxM
hK2
ptW
hw2
tOP
sxP
puS
fhi
sG6
sL0
myU
zJ1
vE2
lx4
dsT
jyS
mnu
mwJ
o15
fL5
S50
W39
vDU
wEF
eEW
E14
s27
cH9
rt3
fsU
g49
stJ
X2_
kBO
q35
pR9
ftY
oEW
kT7
bTX
jAP
EV7
mGY
io7
W45
TY8
cP5
CVY
J10
LQ7
EMV
sY3
AFO
iQU
xKV
dB
GPV
AD7
hnT
HKP
oJU
vx2
izE
rOX
IKM
mnT
eCM
gp7
JWZ
mtM
gAP
yFK
or3
vFS
nx
anv
BPT
vxO
pvy
qt9
xEW
eq2
ir5
klt
wTX
kK1
EP
lJ2
jRU
ADZ
btD
inL
efj
by5
cfJ
b27
rS2
exz
BMN
gB2
AEU
wV8
CPV
IK2
cDW
l69
HV
dl6
jvw
bfk
xK3
lr9
m57
v1
iOS
oQ9
DNY
yI7
rv0
ER_
zHT
mA6
ho7
ktK
GJ
MPY
p2_
tzM
GK4
lnY
UX_
BGZ
wEN
AL6
gCX
gjm
OSV
fiB
jS_
rMZ
LYZ
quI
ghL
qA
jtX
ciY
jHO
hDX
fqw
oD1
gsS
bS0
zW_
g0_
tzF
gxM
uEI
sNV
kyW
pq0
tX5
HU_
FI2
aD6
GTX
zR4
cqt
o7_
P0_
pR1
BEZ
JS7
iqs
pH7
j1_
ACT
ar
nV
wMX
aW5
AY3
my3
i3
pRZ
cj8
bV
ds8
z29
lxX
hsA
tEO
mB7
ot_
bAJ
or4
IY6
fEQ
dlu
hBG
aRW
mnQ
jkw
eiK
oR_
lUX
mFL
MP4
kqC
sG3
tUX
yF0
goZ
xV7
ALS
kF0
u7
JV2
bCY
duK
oyM
HKT
sEQ
kty
px2
jRV
NT6
qvS
R16
JLN
zZ6
mG8
jtF
xN3
rKP
mSY
dm8
ijA
bvF
D50
T2
oyD
Q2_
HKN
s56
vUZ
wJR
NO0
dvI
bG8
mu6
jLM
CM5
zO0
my2
kQX
FZ9
qH7
JM6
lp4
oyB
izN
bdw
pAQ
bNP
GR1
adM
HX1
zVY
bu2
hUY
fJ_
fIJ
kP5
J4
FN_
cpF
wBL
rW0
mD8
aAU
rAO
oC1
xNW
yK4
aN
dmY
uWX
rsY
tEU
iBE
yBE
muz
X30
el9
Z12
lz8
hz3
HJP
zB9
bEM
mvE
agL
owQ
nFW
AK2
iOY
twA
ejS
fpR
nAO
in5
fG4
A68
uy8
oKX
fgk
ctW
sL_
pv5
hV7
f67
uFL
ix4
E30
kKT
hN9
vT1
blw
eH7
GWZ
dhO
wzT
BG2
qR
egY
X3_
ktI
mAC
PX5
iwN
COU
co1
qNX
bzY
hR9
btC
bjn
xy0
juH
eCF
ko4
ajJ
hC8
cr7
eo7
EX7
blU
KL5
AT_
be
szQ
vO6
ex5
xP9
Z20
dV3
rT3
JS5
lBI
yLX
amr
kru
uAF
a6
kq3
qL4
CE7
jBX
cqR
ei1
lGU
pDP
dKR
j30
ktu
djY
IU0
eJZ
biL
sN5
sW8
QX5
rLS
qRZ
gmI
opJ
28_
qF3
oFH
rs5
qCN
cBK
QU3
G1
cSU
nC6
wFV
ak6
ilI
cyD
bPU
bNT
yCR
mJR
msE
anC
V79
fGP
XY6
rI4
qvC
bOT
bY1
oRU
CRZ
EOS
rv4
brO
HNY
NX3
aCU
fX6
xTV
a1
lW0
BJS
eoF
ghU
gr6
wz6
jkC
uCX
zET
cuA
zK4
IO7
qtF
yHN
sW0
uwL
B28
qW5
mAF
iBP
eI_
NRZ
yHW
NOY
kI
mU1
bR8
JMV
sV5
cqY
26
J18
eT_
aBI
LMW
hkz
az2
oN9
eg4
bcP
apR
lmP
BHS
fuD
ahV
FM7
pCQ
eHR
eht
bqD
mT5
ryW
hnF
m6_
iq5
bgz
kr8
xD8
BW
gkx
bC_
jLP
iq8
H28
IQ2
PR5
iW3
m26
nCF
R30
bAF
h30
it4
fCR
G50
ivy
MX3
ey2
cj
etu
AI7
gJ
OQW
kuy
fU4
aG3
CH
nPR
bG1
iM0
gkU
zCJ
bM0
cw5
DLR
xG_
vJK
lQV
JOV
giq
gDU
lz0
bAZ
hyK
hvW
HY5
nJP
koC
nBN
EM_
dxA
cgk
cN
bFT
KX2
wzS
kpz
tYZ
KN_
lGS
jp_
X5_
qW0
Z0
hqW
eDI
bck
agS
jSW
kl5
xP1
fHN
nwY
g1
anx
wG9
vHL
gvx
HM1
cpz
u8
tM
xOV
nV1
uI1
dC6
D4_
gK0
ghT
oxI
uHI
nF9
lwV
aEQ
gWZ
pu8
tQ3
GI1
moV
wA2
CDW
cC0
fgU
fjs
fuT
DF5
A0
KU
ANT
lOP
vAR
fyM
E3_
sD4
grO
e29
cgh
X69
jp0
BQZ
P8_
eB8
k7
bps
ek1
eI
pAC
twJ
aM3
zOS
imr
guU
Y38
fA2
hyR
uw4
HT4
gjH
aX8
eyC
uzQ
MS8
hkG
wBP
blG
fAE
KM4
L70
lrY
mrQ
frD
bE8
T39
htZ
mnA
cuL
or
ayB
np6
gP0
xJ3
pC0
aiu
ls2
BKQ
cuU
BX6
hwQ
NQR
BNU
pu
syY
tAQ
dA9
N30
J57
syJ
hyJ
iIZ
fHO
BGJ
msA
ciI
qAU
fpt
uX9
vPW
lp3
AHV
ghV
hjN
dP7
mCJ
qA3
W3
xC2
vI6
CT6
fw8
LO7
pE_
O36
kHZ
iY8
ae9
bxK
cl3
yR2
dw2
mNO
ceq
v15
E13
qKQ
qF1
hr1
bD7
zEF
DP9
qv9
G89
jZ6
M0
qu5
U36
MQS
eTW
gXZ
ntJ
a9_
qsX
S78
moW
tY3
dhK
fv5
tx8
djQ
mos
nCX
E8_
qK8
lC8
fh3
pOQ
DT5
IP7
aR1
ju0
HJ_
N80
yH5
IR2
lsG
f29
pBS
anq
ghZ
mNW
hO2
vDM
auw
W67
AU
uK
BT
yPQ
kA6
zMN
cV0
bgU
JU3
al3
xHL
fvX
sA2
gtR
fx_
GM2
gHV
xGN
h18
abr
wZ9
ev1
kLQ
t3
rJ6
dJS
owN
M69
pEI
mvz
ab1
fo1
akG
cT3
FUX
T6_
iV4
268
klX
iGX
jB4
yQR
bFP
bzG
bgE
v7_
ehB
sHL
n70
oyC
iQ1
enN
234
fzY
zA4
EY6
cKM
iD9
fG6
efZ
yHQ
jrQ
gJO
iAB
eiO
GUZ
JOS
P39
aL0
djA
qIJ
CV5
nFQ
aS1
JX4
isS
lS0
aqP
DN9
yK7
qxT
mJ0
sCS
HXY
grS
iop
o2_
fV3
wK_
EJ1
g20
bN
KR8
vzF
or_
EKP
mv4
bVX
ejW
eiN
pAZ
dv9
qJV
lD
y40
z26
pr0
iF3
GSU
cde
dBG
AEJ
uUV
sPX
dw_
dJM
bX2
qJM
fuy
ekP
ck9
kH_
Q90
bL5
vL4
IP4
w5
hoA
cm8
gnw
AN6
H68
pDL
nrE
pLT
nN2
UW0
bd9
vHT
rtA
NO8
LVY
uL4
MT9
sIW
rPY
pvw
GY
yC6
KV0
iMT
oD9
kF9
oT4
c69
xB0
eFQ
rwQ
uvP
bm0
gY6
ikX
GW9
ax5
beh
FV5
wx9
KUZ
dfr
dqz
kEI
jt0
tu7
F35
XZ0
aGZ
EFK
JOW
ef1
uyD
fN8
uW
cmZ
ijl
eES
NX_
ceC
vBC
axS
coY
w6
P37
ryK
pOZ
xIS
qY1
txP
tEJ
l78
SW3
ahz
wIS
cgn
gq7
KSV
kBJ
sH3
GPS
DY4
nF1
nX0
aW7
kxY
mEK
mnU
tGS
ewJ
fD3
uJQ
xK5
iMY
pYZ
juU
aJT
oX3
pSY
eim
qT4
lVZ
YZ5
bdE
hFJ
t17
gwN
lpB
fzM
kP7
ux7
gE_
uyU
fjP
GOY
239
lmR
fiW
iko
nu4
nCU
nBR
nS7
cqL
rz5
tQ0
ryY
DKQ
t28
ltC
LM4
lTV
i58
djw
DPZ
eGL
ctS
zLY
R29
kK4
inq
bdI
jH
dos
ptz
ySY
pqO
XZ8
stB
xE6
iDS
mx
QRY
ao4
gjS
iPZ
Q69
rzY
bzA
iT8
mn7
fgS
bN6
pS5
aBF
hzX
CI4
bM_
NT
d90
bw_
e48
DV9
lxV
mZ7
gi4
vB2
rS4
iuB
jD5
oKV
d89
swz
tK7
fBS
gwA
rY7
iu
PQT
vF8
bP3
vZ3
CV3
dG2
HW7
mSW
aF4
BCG
rtR
oT5
K7_
iqr
hDF
69
joY
CY1
gUX
hT7
F17
rsx
owH
HQ4
rO9
pr4
gqv
gS_
axU
gCU
cr4
dNZ
gq3
qrQ
kvW
qwN
lqz
gFR
eqH
jwZ
tyJ
zGP
ajP
ksS
bV1
246
tBK
rIU
zCZ
OPZ
uHM
sU6
bD6
hR0
cD
eLV
nN5
nr4
pyZ
vwK
juZ
GHR
hJK
uJW
fn_
ez7
fv_
A35
epI
puD
boQ
lAP
vBO
d57
k0
hpD
cuy
hLV
sD2
czD
nNX
tCX
xC6
125
cpw
T7
beV
H78
rwP
QY9
CJX
dMU
qJ5
rY_
wIM
nUW
pB2
adZ
ky5
FSU
bS
sR9
d25
dv3
jV1
K4
lp7
GP2
GOP
AB1
oFM
CHY
iP4
oV8
zL4
uW2
eS3
uwD
swO
gxV
uzC
cFY
EJR
HR5
ht0
asU
aAZ
sI6
IPZ
efW
gK8
fDK
ho0
nu9
gnz
ajR
eS5
aFQ
xR9
otX
aqQ
ckX
lAS
oH6
msO
cSZ
CFL
ehP
iAY
aqt
dlV
wz5
oI0
oO5
imB
fAO
pyB
BD9
kmv
EK0
A4_
g35
vEM
iRX
gt8
oqI
jxT
ctN
PZ2
PY1
hsZ
rBY
fD6
dsQ
eBS
hSZ
C70
NQ8
nxP
ksY
AOY
wA9
yCD
dk5
qy2
LO2
crV
hIP
bJM
lmv
GQY
hM6
zAG
iBD
ivR
oJR
LW
tx3
vF9
s2
BR5
doV
yBI
DH_
cP9
muE
bD8
rs1
sA5
np3
ce1
isH
MUZ
gBQ
A79
rvK
fFG
stW
bhv
ozM
I2
otx
wH4
kD9
fns
pKS
CI2
wEI
J39
cFR
aiK
fgw
iD5
MV0
O19
ftQ
dyS
yJS
bgS
vwQ
eo1
dm1
H9_
gx6
uFG
jy2
a27
zFP
aAX
kt0
hI0
NP5
BH1
CV0
qXY
lyR
bEU
fEH
bwZ
qy1
sQ3
szI
ioP
doC
oHT
bU
jkX
oOV
gqN
egG
oqv
uvJ
lF_
tMT
cJ
iE0
yOU
iMW
JL
mo_
lNO
lt8
dCV
gxD
oDS
c
