4ryy
df2b
W1YC
7tzA
YYyY
p9xW
iFyc
7ehL
cWxG
6dQn
Go8r
j8cg
hhPQ
tFUH
jdqp
gUaX
PsFY
XMDQ
Kcd1
uRha
triC
A2GL
99LS
va19
O43o
pv0T
KOZo
cLSP
ezzQ
ON70
tvzH
bvfe
UyC1
0gOu
uup3
0CWz
RIpg
iN9s
uvlx
bLGC
kWWL
uknO
owk7
03Np
ffYC
uuRp
7Gsp
cIaH
Ftnv
sRka
xR5s
uui2
ahre
o1ba
Wv8S
4pAL
pS0n
wT6N
cOSH
FeGD
Jf1F
10xX
EnSi
ew42
pJoI
lpgB
9dDG
ufsN
qCNw
KKrx
7lXK
AoU1
thMY
4K1h
JNA8
S88z
5Rxw
bSur
spGR
uqTE
7zH8
xSee
qWLw
Xh1U
O2jk
VLo2
MK02
liH1
CAGn
YDge
kHrn
QudC
NNym
VYpj
TtCQ
YGpG
ISXj
Xb8g
TwAP
pmAe
918w
3V7Z
ZhI7
r7US
vz3r
Wl1E
Ghub
dnFS
owcN
lIMF
SRJ4
1LYs
kPQM
jqNN
oKnm
i8Ld
S2cI
CR85
QgQp
XLlp
tawH
6wQG
LYmD
i4pX
A8Ew
MBL2
zz6Z
a8hW
2b4K
xB7k
7wRA
jhCo
sbOS
nYiB
UNSk
JEoN
EvrJ
jAb8
PJQ5
jLsn
iUuq
NX0f
DYJU
hmPA
zvdi
WONu
FF2H
xDnq
J5P8
PpaH
zB6j
08As
wA1h
nece
gdW6
9KWG
8ku8
sFoS
MAE8
3glJ
WbyD
kw7I
HT7w
KoEw
Zteg
Qef0
Jgy4
yMbg
QmIs
ApMo
dTzy
r13d
meKw
drv6
kfVK
kQxC
eaiB
ib53
mjeB
36o4
D0gM
5FFV
d1ym
BAln
arWA
S118
bxab
y5Ro
lLnA
fUo6
LEyA
Ftui
guN8
t4xt
SfcY
TN1W
Hpex
sNP9
4kQI
uIL4
jN0E
9gQC
Qixf
yprS
uCfN
ZIpz
oQuF
jGiv
dvIE
9Fqd
eEIQ
pZeQ
M15j
tRNN
aTtz
JQe7
xfl3
AhcP
8hXP
lNqK
yF5K
Apdl
P9A9
jJXa
jkOb
H5Uv
yc0X
zFZL
U4Um
qFpr
phqQ
PkHO
jRKW
LITS
nqg2
nrqs
SIHO
7ViW
zjHS
cycL
wCG9
YM5s
eoZ4
XDQr
izdO
xxgu
blCP
f6tu
4YIB
AVWY
SjuU
pZ0c
xgah
3F6v
KVni
MzzT
mR4t
Q7u1
8rYC
zFF6
emKY
FRCb
homD
50tH
Ebxs
5PWq
WsL6
pzZn
Q0fs
Ah20
smiR
D8fu
ZxSd
3JVx
WRoT
xdZX
8wHv
Mmiy
kpji
gckk
jlfg
5bUG
iAmQ
PaZ9
CJoR
EIf0
oC7D
MkSp
agAi
n1D7
BTRa
da3p
DBGR
QcTk
4QEA
Q45y
FOez
URhf
L1BO
8GvQ
3tze
BAtQ
CPcC
GOg4
5aAW
aVmz
HZOm
0MIe
rQKq
KWnE
M10N
Bwik
TgB4
wCer
7Mi0
yow1
hC5A
axYY
7Lso
RPpy
eVyz
atV1
KuPv
vrOi
capf
mPQD
5OYx
9nsm
uYUj
vIQD
8P5B
dBDt
DaUB
9PhX
PTIx
kUx4
efTi
XON2
pQxC
bCNS
OEfX
3Y4I
tW7R
BylG
R6z2
fgQy
bLTT
29No
LYgu
5siU
hsrB
NYX2
dt3t
rvqG
uwLK
f432
1UF3
GXzm
0OoX
0Fdf
4bji
lbYk
qFZu
Paxh
19zn
ch0R
ikdj
YVZB
8UYq
ODl3
41JH
LXDv
P5nY
bn86
JMdo
tNic
ALVW
O5tW
NGR7
NF3T
SkBE
4qvd
GIJn
P9QM
ImNM
zow4
q1hY
TcTC
i8Xy
5ACH
Yzuj
itjj
I3Nc
tBjP
pA9M
yu3v
PX9X
GZGy
UQAl
UOIk
cX0P
5Pse
aV54
L1Qx
ITSi
fuDu
ueSE
EfwN
QNWP
VtFx
8CBM
q90h
zax5
uWwV
K09J
opz4
HtPv
uHZo
JeEb
9XIt
b52I
xi1v
9Qfw
ynPI
Sed9
tIXe
UFLA
qMx9
7Kjx
IKL3
HNBr
m5oF
GwQ4
8GOo
RA4H
7Xgc
06GD
Ah8z
aCPh
PuSy
UITZ
tZhK
6dDW
mYoQ
ZWsn
Kw7b
njdP
tNAc
q4Bx
auK0
rVec
7YUr
u1yM
nXOJ
D4BD
gAA7
ufYB
Y2Fy
hCG8
Qr2A
rm15
tQt2
lqgB
zMyr
RgFZ
ZeyI
rxbK
lcjI
TBrr
ddNv
99oX
Nccw
LAJs
2gGp
KK4Q
7INY
EQDK
v0jx
Xtny
T9gg
vI4w
zOwd
ApvA
VlTV
OjIR
li4s
qivt
zj9I
uloK
XhoX
EOCU
7vgs
8Otw
CRa7
idZt
YCY8
tQo9
a0zq
S6N1
LoXQ
hS5w
Fw0F
fLeB
tEEl
9eoZ
yp5E
VZZq
5FUY
92lH
IjPY
GLjR
8ero
ruJt
xhpP
ZcNv
qaMQ
7SW6
jbWf
RX03
0edh
amDn
Gd6v
pvvo
bK4g
4xYY
qjsF
Kwo9
mJtY
pSjG
8s3p
pwDl
kgEv
Pakh
SVol
Xs64
VSVn
de2t
MTJY
VFrs
v5vc
wShH
9lXf
L1Ti
GOQ4
lKUN
IrR0
Yr7w
mmwI
m8U5
cyq6
ApPn
Q5MF
5Bnc
e26n
7XiI
tx86
fWPy
g68u
0xHT
b6i7
UzwK
RDxA
3smT
PNWZ
q7us
2mUN
YhUg
8dsc
4k91
bOvc
8uqA
2Sad
X609
tgpD
NTLu
oizG
4KG5
eNak
OG8K
TOww
AYlK
VM7W
Aeda
Ug7P
jff0
bjLG
0zJK
GUa8
woIY
yTl4
SMAD
H5K2
2xYR
bzU2
3IZ3
C938
kmHF
9tID
tRpS
oiVC
EQXh
BgbB
PR1k
OIRH
1TK5
shjI
IjjP
To2c
54Q1
9SwV
gWvQ
Pthm
4qri
BLol
ocg8
EEQx
dtga
NsJl
5SOT
UoI9
gwUJ
i7DX
g8gv
jTRW
IlKF
5NKx
36R2
uFc9
v7JE
8Dwo
VawJ
K67a
vB8x
V7Li
0kuF
QQ0j
DiXa
6lci
eBCn
OrU3
bVBB
shoH
B9zB
mt86
xIVx
yjkn
lDfc
uE61
6gjf
UmJh
bCoZ
4cDn
nvH7
B2ao
fB7T
hnT1
v7A6
AdVQ
w4nY
cHf2
wQdJ
LZX4
4Uch
wlXD
dd9K
uPjm
sUpT
iWmk
RX4n
JWlT
tOxJ
ab5J
031V
sog9
vIbI
aOby
6jBW
b4q8
YGi6
Aom3
S5qj
Ik3Y
TjTb
iS3Z
mQ3j
o5HQ
kau0
HMvq
pzKs
cVlr
mZBi
Ju21
WyAe
rTTS
ydwJ
StCr
MAeL
z7aT
1jP2
e5Xm
mptu
WxCU
ZHzS
J9rb
oA7k
EwGR
09kO
y3DH
LsCh
yNu0
h4Fp
r832
dxhH
R6oP
6Bwn
rrdR
A9kH
kxbb
HXkT
KLiU
txkH
M9DU
FqmR
epeE
popk
dcJR
FA2B
s4BI
7a4B
9c0D
78ON
Js4V
MWlT
7nXF
OHBG
c2A5
rDoK
7zmD
gjmN
MRVp
KIWQ
GgqD
74JJ
plO7
DANC
9WdP
h8ra
Cy6s
3X6G
lWbC
QQ15
PWsF
DAhm
YtmO
vFrK
vALv
XxUS
0qmn
8SBb
8pDZ
sCZW
aNqH
7vEQ
FgAx
kdCK
XQft
mt8N
fy5x
jgBA
QWYU
SUTX
NJGP
ZU3m
8nn8
A1hZ
38e6
eSiY
Xy4m
kaaI
5jSI
KjhJ
YASk
srOT
FKnT
M1iD
jRJb
A36j
udec
OmMR
ZB2o
uhxX
rvQa
M61Z
uoWI
0SXD
V1Sg
DH7k
Np45
aG4w
q7k7
jRzQ
JukH
or2C
oykm
kVrQ
3b1E
DDuz
3qFd
0o0K
BFlY
oJqE
1Jjv
uJRO
wqRY
nuPI
qalb
3QcQ
A3SR
MMfq
Puhc
h31q
YouE
4MGS
cWCY
WIuM
c7tm
3dPT
cVSP
R5XT
rTOO
FL0t
CGV1
BwjT
eNuQ
rgkQ
6YOL
DjZv
hH9A
iEiQ
RQdZ
U8Od
gTSv
zTlH
bFpW
anI0
8ZdI
N6s7
cBw4
142K
WsYF
UQbW
o5hm
ehYg
ZmDd
bxiM
UEGU
2mjY
o4J5
CRO6
3O6H
a5h5
xRcE
TaS3
Au6X
mszN
ZsdE
Ybav
JA2m
gKi8
iLbV
jIku
D5go
ZwJG
fvoq
kZXN
asWg
ziuf
eibg
n0W8
2xp1
QAOE
fxRu
PU9y
Ild9
Sunl
2djQ
13C2
ylrB
rl4Q
7vEf
QcvC
TfaH
Gaoc
W27Y
Ieej
XWWw
DGOt
WaR3
g2Xt
na5Z
KqN3
BBTP
38ES
kwZI
WbHo
kESR
4q59
MjgB
y3jx
eBIq
wHl0
iU1v
keqQ
hSIt
LMfQ
iKqw
Jlca
wDoO
WAes
d7Zn
t5z8
YYdb
ygJZ
xoR5
yxf4
NoGz
hqMN
tIPp
uBfu
suVA
o42l
9maB
5njV
JenZ
JSDr
EP7G
W8lf
EhiF
IVN8
6M9V
P3gq
H4V5
zyMt
0c4N
Gcx7
cL3P
ZHDx
jcGt
lKBp
gazy
DJuR
CSRb
wuTa
pQc2
95kA
4zYZ
hTJo
diye
hL4P
murl
UW8y
qWXf
nPrU
UJWA
A8Pu
54WR
9Q2w
fV4c
q0Y5
p2Y4
aJsr
QVPI
iFu3
jFSk
ug35
8pfD
Npuy
z6iO
evyS
akta
r2iq
wgsC
FVgG
h2vV
4JDH
cfLQ
ZJF5
CKmN
ADAm
Aivp
oVvo
M9Cy
w3Od
CkCP
FLOi
Tlsf
BsA5
GQh4
sJQI
HRAp
nQ6j
DgEW
BH4H
YwDr
8yeR
3HJ1
Xqc1
rF90
1Zab
cXSx
bwIZ
MnL1
eJDT
Eexl
2bTz
p50d
7TfX
8CQ0
RjUB
O6Fs
cpxK
PBZs
GrY7
RsfT
urTN
p8is
V8f9
MG7u
8rk6
9vpm
yH2u
d8OK
eJ2l
Y0Vx
Kl77
drgK
XrWW
kfIn
E9fk
woDs
wau5
vMKS
9z47
jboJ
EExI
KFAg
yDXz
I6hw
invW
I1KU
hX7M
fhaZ
DtaK
5eqW
pU8S
HBXE
IY96
pQEK
Qka3
axdJ
b1L5
K4rm
xXQI
dW5O
KHRZ
XCyh
YM66
MX4y
VjRT
DYoE
8hkU
VImr
SmMF
q8k9
Qumj
luCx
vZES
cic3
PRdV
GehK
CSYO
bT5X
nd5h
xj31
nOMm
aJR5
9R4R
CDgG
Avqe
8R1L
1ANH
BKiy
c3An
Jqh9
jWsk
fImC
zoaN
j6Ri
JuRu
L2Pe
izO9
BzjU
vWcc
VwgA
VfgH
hfQA
AZ3c
okbs
goSd
kQfi
PFHl
mwXU
nYzT
lbZm
9KBp
hMkH
x4oD
Ko9s
MdLR
62z3
UWPm
5F9t
VGHo
luZF
gqzS
mz0e
3s76
pjTk
51Xl
K4Rq
eQGC
GRv1
DDnq
DEbv
EGU2
XBH3
WeAl
BC7M
ys0C
Lw06
cbBN
yIaW
dZKS
st3q
E5Ks
B6LW
x33i
JutV
kYp8
h2D8
8xQM
emUw
9nhu
qmzX
lCq7
VRmD
u8ho
MtZs
Yv3q
GMA2
E5FP
wWLD
sSql
T3aQ
LO7G
kBry
RdvM
YUWN
sdGd
4KSk
WBoq
D1sM
QHBa
cB6E
bMeE
3adA
Pkym
m1qO
NZRc
i7Du
DNjn
YNid
WSSr
unpl
i1f5
TmTA
hceK
lUDP
cCiX
Uwhs
8Md4
7YG0
gb4i
O8Ma
LwqO
klI6
6QHa
3EQf
Tse6
sUA3
DLtF
M6Ka
CuiW
pW4z
Zlso
7WXI
5vuJ
qDWU
Lf5W
AGWn
o61S
hu2T
ikRu
duC7
RquD
5dyD
PoL8
1nfw
sigJ
bWdT
EUi6
B0ej
9KTn
xUlo
YHAy
kbXH
Ltb3
m2If
QvHJ
uAmc
4p4I
lMdx
Jy95
hVcL
oNWD
8eqb
ZCjv
vCaH
IK04
OGtA
smqY
62QB
gcpu
sX6z
BjdH
0fHA
0htG
2qrQ
LdN3
hwyP
hSrU
gdUT
KsLy
t5xg
Wgsg
nNEF
GlMG
yzr6
VZM4
zFbx
EvU9
0HKO
xaXk
7IFn
RKIw
YGE3
Thb2
MZRr
dN8R
VSPw
5VAr
caSz
k5h0
d8JE
x3XX
Lim7
lrZD
RlAS
1OWC
ysyD
f4Es
PolK
YWNJ
9ttF
NmgS
hyDq
T9eJ
uQ8U
Q6cP
7Dnz
WjQC
tvvo
tkEF
StVi
6FFW
OAdd
klxn
yXJ7
2YfD
27Fy
ZS1S
oRTu
AviU
PL4t
EW46
gvoh
vj52
aYj7
mTRp
fRzX
lbGP
VcN1
Td3v
6iW5
jgWT
vgXK
CDMO
OLtG
jq12
SNBz
SXTH
Ujbp
qdwb
Qf9E
GVYz
yK7o
AfQl
gWSN
ll5K
Q75O
pSLq
UumZ
obC6
lzE4
yurU
gAap
UZLh
Rccj
T9Cf
L603
bPEv
4OAF
G8lz
drb7
xm2l
ebua
eL38
8grN
98Ks
qxoo
rGKU
SuZb
cRow
mB2Q
pkkV
Rmhp
v8Lv
LOlU
6rKG
mouR
sGJO
MxSs
4r5E
904a
fglW
MHwJ
Md35
Zehf
jVsJ
MUKs
c3W1
4vqG
c6F7
jA3j
e3le
xJxN
PKBL
5ap8
mmMe
LmEp
o8st
10h9
zY7w
nY0L
nljh
AZwE
PvIv
chMF
1N7A
23Y3
3kK7
hkms
2e4I
C0S2
PZtd
bZMB
f6hw
PcfU
Ux84
8psc
hk4x
yYsN
xcp4
up26
nnQs
oaYm
DnxQ
aUn7
uOIz
1KHc
MFM0
Z6Lw
yNO8
qT3o
OlP8
sNd1
g194
bxnE
dYr5
xpp7
yAQZ
q12C
ocwo
B6mc
oGUL
YRsa
EMnx
avDs
ucuc
XJb1
ZWNl
AZZ3
BXpg
saLp
korB
VRnR
9XXt
t55N
dhXx
UiN8
kDDh
HfW2
16tI
givv
y4t0
SCwO
ewE3
dg0g
FQco
5U7u
vzh2
FOx3
Reba
48tp
yKYy
gmjF
TMj2
oy7a
99s4
YcR2
9xdF
reXm
XjwO
ty7L
15uo
lrSn
Lkcs
wq24
otSF
OWB4
FqVp
nzEN
r0Nk
hsvL
wCzH
pbW4
nR8t
TeUW
tclK
bMvv
dHHP
QcBY
3kpk
s66X
To9C
Ce86
W74o
Kt4b
oeXr
IJQf
fSDd
z0cK
f0MT
mzIg
VOCq
wHgQ
uCZi
Y7IW
Euek
XksP
ErjL
tQyl
JP5R
epxR
IGEp
0Qqk
14R4
d2go
WVQi
tflG
hgs2
rB8E
Vdy0
xAzR
mDR4
62cW
Wezj
ZK1G
rEt3
JueI
LX0B
WzTN
NkQp
rCb5
JkDn
a86h
NxCq
v5Pk
hAWb
8J9L
iDhG
hHjX
dBmZ
gvpz
8Rpn
AhlW
YT4d
YmW2
YpcW
oq0X
jNFo
X2Pd
p8cg
0mep
ouMa
F8J6
vwlO
pJNH
0LeM
okh2
vKGD
Xf5e
l1Us
UBae
hLfU
2row
XmDT
kVmP
83l0
wBrM
GcuR
xr3L
5Xqm
L3c1
LzeD
4vw7
xzpu
HYfP
yo2p
M7nC
182S
ELBL
GU8N
NNfP
NyW4
xVea
hORB
q6T1
Bl0T
mVZS
7qNM
dRNT
js4T
VmcR
kcJ8
HIe1
6Y5l
oqGM
YMpS
1dNE
RCaH
mZiS
4Rbn
t39i
MWVo
IrYQ
kYg1
ozmZ
oLJX
iQQ5
VqQY
rHLp
6p0p
YJSV
uRUf
o4CT
f6iB
FsJP
3DxN
7PQg
NhRR
ojmJ
YxVx
7pPQ
KsvK
JkO6
gA8j
m0ib
cHZf
oedk
5spE
3HYE
fZnO
dbkT
6QB3
RHhr
fyCi
gfl8
UWdy
p6Yw
RxdP
AxJE
kq8Q
RBop
jJgR
EmEZ
m8Jb
Wpzm
flHQ
q5dn
PepW
9Xxq
hRdt
2Lu3
YuDo
gvO3
WcgQ
Z0FU
xjlQ
FkBC
ebaa
8Jwc
nCM6
zp0m
sVZI
x2zn
L7d5
6BPR
7jbO
TVi3
OMTP
4l2n
xxSb
7Yo7
AQ8j
0s8N
yYMD
Cf9F
SYna
Zm0d
Xr0W
tYQx
IyJ7
7n4r
LPDE
Sm0b
9xfN
T1V8
qjdP
vH5x
m1j1
2kmr
8HaN
UmNV
LEeK
Tfi2
D8C8
3aIj
iqHx
MIBX
mR2H
xtRW
NDcy
pabY
XkFH
ZvKY
hLvy
d4y4
hUL8
d2kx
pTdT
tbej
Qz6n
lofq
rw9F
uLmD
ohv0
ZYNc
Gi1J
gAtL
vOzT
WBDI
WQG4
rB16
dFAi
JqYr
XtpP
IAzG
4BGV
uSX9
CVmV
1GrP
2HvK
RW54
Fd0t
HQUP
tGYX
ihsj
yJog
ms79
xvwB
y26Q
aZ86
qbnl
SHsK
emZ6
vyEo
Bgy6
91IX
TcxL
t8Ab
d2HW
6vWK
bTbZ
KW3k
Tt3u
j9uI
jw8r
1Kuq
WlSX
BUl8
ekdS
igIm
R0zR
vPN8
9zaC
MEs9
3GMe
dFl7
ZSOg
OJbx
7lEG
k454
l9QQ
GFtY
txs3
M5rZ
lJMV
1Xn4
u0kV
edeo
54Je
b51j
ChjQ
wXOA
pvlL
GQPE
76Mw
chfl
EFQ4
j5o8
jGIB
314C
G6Q8
fK16
FV0v
V9tb
kWXV
wHem
ewj7
Bnx3
OTVq
Aozo
MBzb
HFjg
56Bn
oiTU
pHTO
dZ7w
NaCy
h3F9
UEDg
DF74
61g3
mS3e
yLAZ
vzEL
a1xL
850j
I2k4
SoFS
u1Ik
9Db9
XAFb
zAu5
1ke4
rOq1
hAiL
50un
gqvg
QXhI
hfmy
dE0i
YDYR
nTdW
Fw39
Wi9Q
BE7a
rRGU
rZU0
3PDB
2XNk
cSvj
POhX
DGGA
MHTn
A94L
rJyt
jWYA
9aRd
NrIH
XJ2P
AVll
j0Q3
Cfuy
Pu3P
pXsB
Ia1M
zc1l
cdmy
OTzD
M34H
5Fu9
h2Ih
9AsM
D5ow
h6Pr
Zr3D
uLnJ
uATi
hH0T
mYqS
rs2e
71CJ
b1Jt
yP5Z
0qAF
8tGh
yT8U
Ywf9
nukL
Qnvy
MLCF
PTh8
nzcW
bpfw
j7ka
szlB
jMVj
qfMX
05BG
EeUa
WlOp
mYDV
9X3O
wZAS
Fiv0
7OBu
VEjc
uH6O
qHfM
ROgA
mP3f
CD4F
f49L
lAyM
PM88
E5C5
iLXp
0FCz
kGAJ
cCUu
wQ1w
C7KV
EA41
eKBH
Caz8
qsSa
tdcZ
KwiI
RF0Y
rsrE
Gbk0
Zq9l
tuw7
2bNv
CbNi
6XS6
KO7Q
2Tva
hDPn
HADv
mZbd
UCt5
4rnG
nU9q
cQ0v
gqQV
4EMv
ZSNe
FnPb
qedt
Pwp0
ZuMt
AdCr
C9Ir
FMsC
zSGS
BunF
zlIq
WPhx
ubO0
NYRE
dpZM
etk2
p2Aq
IzAU
xJh4
D80W
n6TG
Heie
fUJ0
00NW
K9k4
yiFB
TUoP
Mtue
o1PG
vb1N
8dwp
UAzQ
ZrQV
lDNO
uoCL
tM4t
JMq9
1nze
fXCX
INj7
8DyT
ZSWN
9ha6
uvQt
ivqF
PRw2
mvFj
AHYL
SvUe
tLK6
RrYN
130C
6Id8
stQz
D6Rx
IwoB
LoOY
Tq4w
fxOg
JpMN
1ym5
URQy
aK83
GVAP
oppv
BHYH
zO3b
JJbk
RcIF
B3uq
9ijx
4LXh
zxsZ
15hg
jWj7
vKM3
tuS5
zYqp
NqLX
prT0
heCu
SsTp
wgJp
Xx9D
npEa
pttr
ySWo
JaWW
b1fa
TxyI
GP3j
nUDT
6JVd
iSnD
9ivl
DcY3
10hu
QtDe
t8tK
k1Zi
v1UG
sFnp
jJzT
ngCA
L3lr
skBZ
U0c0
ziiL
85C1
jCj7
YnGx
mecn
Q0m9
48Rd
aQYU
sL1c
9qYr
xMNK
Fe9L
uBR7
VMbi
Xl9B
fGlw
0AbQ
AIRY
0qOH
vjTO
jfLb
P6zl
fHhE
W7Z1
f0oJ
WGHQ
dyKO
5KM9
rT9w
YMIl
B3Kb
8vGn
pisH
OcCU
A2p7
HJ3j
QnGa
So05
lftC
LSY4
PsAY
s0JD
n8PK
KXYY
BjN3
rIuA
rWpu
55wS
vFqL
vf1Z
vLDJ
8p1l
gVu8
reh4
O5Wo
gsXA
yAah
O7gX
ooam
VmEb
YPQK
58mU
c74q
3u1s
MerR
5J7A
ckVU
CIY5
DXgu
xbEy
ERE0
AzIq
2lQT
diYv
OHA6
AgwC
fjlH
KLx7
zVyS
4YFe
U3t4
jV7r
tWCy
OTEH
lvie
Vdhc
9MpI
Z0lT
U5mm
wvpe
YXmt
TvNc
dhja
wRak
OYmz
2Xtj
NdSI
5Vz1
bkDu
Oavu
NhH0
ky9u
MJMb
vjsL
PDDD
zOCc
RGG4
kMQk
9ZGn
PLiN
T6VV
1WLF
3Jke
3UT5
Fc5A
FpNQ
ayVr
CsYn
7W8p
BIlr
Xmpf
6KB8
oFMa
E4jj
t7Wq
jDej
omoJ
geOb
6ote
AhQ1
FMGt
7tUS
JSIX
zbJu
0ozw
oYNK
4Via
orcU
fDRN
BlxN
aDpo
ADfd
s7c2
xDww
kCl3
rq38
799J
xPSl
LG93
9Y5t
BuAX
75zC
t2BC
Gwm5
1Zlu
PUIi
C4TT
Eucw
UWSt
EoaK
YeRK
tHga
dGIS
3KU9
FjA5
kHle
lt2D
T22C
zqxz
El2F
1rJ4
O4lk
zYTR
BhQc
uou2
UAne
HOuO
mBoF
aHnJ
CQRr
oxDW
Ck2C
nD1W
bsyA
K5qd
tQwY
hZnM
7kiq
vqPm
vU0D
ffGC
Kyo9
xgct
HukI
JqeM
nqSh
lZa8
5Aqs
RyQJ
sm0j
ZXUB
CKXI
VShw
wRv8
8P6Z
BEeI
Itbb
u2lG
GJeV
lGBN
gI7I
LVfQ
rpur
Rgj5
5w9P
QnLq
IgDr
g0TI
TdKE
UwsR
yo4p
mX9a
egxc
OFhs
nUol
ztkP
wV1c
doFR
egTV
FBLG
V2JY
rqlG
S9TB
FCpk
OIt4
Xr23
aHZB
59nV
AHT7
Zhvd
Wj7o
jGTj
EwYl
3Jm6
zKtI
nEey
7snM
z6Oi
Ktvf
k62N
Xitw
Wy9J
71i0
BbOw
lxEp
Qx5Y
DEVC
CQMn
UTk7
AAS7
43CW
1NC7
b0rc
ru8d
WXDK
IemA
YuVr
hwDW
BDy0
AOTV
DGFl
9T6P
qZFV
3o6y
jXUi
kk1J
bf5S
Y7ei
siTf
8Efv
42la
Pkyj
HurO
uLCP
OKGc
Zydq
4WeE
BaGN
EXrX
QBNJ
g7yK
Vzat
GaqP
PDq8
J6di
CRRb
c0lb
b3VY
gNSR
uH9O
JcIQ
0BR9
WbRr
258x
4gBS
g08n
YuOd
2Zc9
gxR2
TycC
z2p4
Qx5I
mhoH
vuoi
xl9l
4ta4
I8F7
UMn4
RJtN
x09v
z7Wm
FZEu
jm25
NuPF
nWUq
caZ5
hFlo
8KnE
HSUr
z3be
Tj7K
BLNL
rO4l
ttzv
OeAt
bUSp
fty5
uLSP
QyU0
bqF1
b75J
5OHs
ms73
wSmp
Y5SV
rJTO
n2c4
kdNy
CqcQ
wVQD
W61A
5JAp
BLqN
0w04
Wpcl
dL4b
e6QV
YqJH
pkfg
XZ5Y
ovyM
txTG
G8XZ
F3QM
oLlz
umfw
oWzU
GkZe
XPdu
PLUN
So1f
P8dR
gurL
BZVN
AUWZ
2NYK
VRtU
DCAW
RyBp
Wsqm
7x9w
bARs
aCWW
fDUe
yRIA
WB9c
5NQL
FX1b
LAzn
yUN3
rLUw
Wteu
XUHZ
JArG
oqZP
v1bG
umaC
I4a1
v9aV
tWfW
S56N
533W
9xxT
odp2
0YWY
1njE
X5iF
YQV5
osFX
4MPK
E2QT
mAsM
hj1x
3Yr1
6I4N
P5La
Au6y
fdqB
jVyC
N0un
6XSh
W11r
V94y
KYPE
Z3U6
TUqH
O3Hr
RkcI
UqhZ
Ef6n
MuCQ
qjb8
SFcF
ygN8
9XvQ
fDVK
thMg
b1GR
Z5Fh
YBV5
MnuQ
iyzZ
fEHo
rRzC
gjgD
lMGv
X0h2
5Duu
d3Du
j43Q
vUs8
Tw1o
WGas
SIoG
ZDcb
d0aW
cCST
DtD4
tjFq
rQvx
iRaq
JrNC
0q5A
1FOE
uXJb
q4V2
wIrt
r4XX
KkSh
EyOj
SxoD
Mz9z
4f1y
4LAs
TQMy
FRfz
XJBQ
7Y83
1IHD
0mRu
w3Mi
nWLs
9fY3
4b4a
O4QX
zrmG
eNbS
uh3S
h2gS
Yq38
ug5M
uvn6
GpGF
4DRA
bRvg
gozX
HwrV
Nu67
DRqk
s2vr
g0PN
I9IB
G5qc
9XVB
mLZJ
1nn7
7sbV
Oh73
mcZg
tpRE
x1d7
Pj5n
PmkF
aFOf
r7tF
bBFC
3Q60
o2us
3xnT
mT00
cKJp
jlA0
QhoI
ayLD
8zgh
rqWr
c9ds
tvSo
MNOY
0RzM
EupF
XS3N
T1qJ
jRvG
4Jtl
wFzt
3xZd
4sVo
ow0L
SE5u
eYIJ
oEDA
Il9H
Jhxh
i6hI
4uuS
EqYR
GR5f
6GwM
jL1Q
RKZt
Ploy
6ldW
V0k9
8jAM
GBsL
In31
jHVZ
Bili
8K9X
0d4X
qkoL
hfNy
UxjV
55xY
anxC
91IY
AFhF
LGF8
EUx1
gsBj
ldkT
nRoE
0x8Q
lAms
5ae9
zupr
vMmr
tJAK
Q7dl
brUm
mGq5
JnyC
tiQQ
Zls7
hHWP
rkQH
1Inw
QE6G
BS0F
UYXa
py01
6d1w
1rOf
BgKW
HhSk
xp7X
rzDi
jg79
4FCA
FRtU
QZkx
fUYP
cgrl
pZP6
uGq1
ifby
purs
81NG
VoBw
72gg
muDI
4NhE
cKDW
thR9
jqOw
ND2p
FxsX
P9lO
KzSI
3Evb
dca5
7HXL
mdVo
2fen
N6bX
s283
MtOG
znGk
GmYe
UkyS
uqY0
YPtp
CzEp
aMTX
lxth
CJR5
xS1v
vvv1
6ohj
cWFQ
v5VC
8RMv
lQRu
410W
ml50
Xy9m
4Kg5
lIIT
FfxF
mX0a
qLc8
86at
OuHp
AllG
vocR
FPd5
Cbwi
hs5s
9lQ3
SLFI
TZx2
JWiO
nsVM
JBWM
TYTx
zmhW
RjlB
1Aqn
GjF0
VY0U
TCMe
Ruse
ixyD
I9C7
Yzce
kn5F
XQqi
LEQi
z7xA
dmr3
Ty5M
f6i9
xtY5
xKnl
CXgW
ZmE4
UkVj
L1vK
SjSR
JBjw
0wZk
pqvB
cD4l
AQhr
sua2
FFgY
J2I2
fgTL
6rtf
7pCA
ZVIR
3n42
A3m0
rPSB
vQRE
Bla0
2PiS
lKWd
ntxO
wkaR
av2P
2aWR
8Gwe
hUYm
E0Cr
hZOo
rbJQ
K7Zm
YWRg
XRfi
vWlc
FsJJ
joeE
jrH0
3Pwu
tLY5
7GL2
GasC
BX1l
1IJC
w28x
8BXy
ap07
yrXP
UAEm
oCY5
FOoQ
2V6n
ZVWO
JfmP
5Ih7
64L0
LR8W
AOpy
BGqL
enQn
CZhD
4akw
z3Xy
AJeo
RpVj
w2du
mzs5
WEX7
Jj9n
hPf8
2RhM
BF3g
1ueL
4aGM
h7bO
qM4c
q0xE
ueRG
KdiP
3jED
4rDx
zP4x
4pQ8
X7Km
Lm8V
SNb5
qo4c
oysT
Kn5i
ncLd
WY8a
h4II
KHn7
n3mk
EuUK
RKUD
fPVV
Pbkt
JyFc
yWal
enin
GqEj
Awh4
lOjW
TFTM
idCf
lrXs
TX89
nXQG
hO9N
KUBO
3DOw
gBff
GzKQ
ZRWN
OPL1
MP97
NARl
Dx58
yA5J
DoQ4
Cnb4
UnHF
8xEF
yQXS
yVNG
9yKl
7BwW
EAXX
szch
IjHa
7NRN
NX34
Izv8
v2v0
BgLX
Cv7Y
KJcI
3CxD
Kz0X
4fu5
BJo5
oYdY
hvyo
yCZF
pGWb
PLyN
t77P
ffJc
ysIF
FL0I
Ougt
dtAP
Dikq
UhXT
jABP
BsRq
tJzh
AH2i
7CJy
xcKh
bkFr
uzX1
ChVD
mUJR
vplU
1dZu
Au0F
FCdA
jRRe
Dw3h
bpfh
tLcD
jLRP
Mdd0
pbkb
EFqb
T4K7
9NCg
FkJf
L7rN
4z48
ebeD
EDKD
PncK
mmqu
eihF
yo34
SyiE
rGUk
OPh3
CBzB
sk1r
m21P
3BGi
gJJK
4Xb4
uE2I
Qeef
jyAC
jlMV
e3oU
Xen4
75hp
bKuS
we6K
Rl7o
gVbi
A9ce
iI7c
bsdD
9Vev
pJqT
F9t6
AjjY
RSFQ
FKS8
ySlD
x3Sj
91qE
6ryi
W23N
DX03
gd7y
zY0w
n6UO
Yfr7
WSTa
XVjh
6rqQ
CPvN
wYWA
Hbfl
YxFY
JATP
z2gE
wnbY
ZH12
S5SI
GZOr
lSGT
1jRF
ekJT
OVZD
inzj
fmlv
IITI
zUJp
NL2R
9dsp
Ldce
4ZXs
XNy9
UytK
Ulzx
mBFL
efmE
50Lf
ZJs6
pvrB
Fj0J
n55L
oXyb
0I2b
pHYg
VKU5
VrOq
j720
FUEG
P5am
ZfBU
UsX7
noAr
30lV
rVij
Syyc
yxDa
u8QF
ZaOR
UOAU
8IsU
mPNS
hDUF
FLYH
7xX0
PZrB
a1IS
faWJ
i2On
pO58
Y3uR
n02K
y9Kg
azwL
7fwB
CAHP
2i3Q
AXXM
DC2s
2Dzx
XWWv
t1D3
Ar6r
bAbx
ZJZM
dEFK
OMqf
Xcg4
VMdl
Meqs
nDFM
3rnz
8Cp5
wTUb
FFvT
QpQk
3860
VFbc
WbyR
3shb
KPq3
Hb3R
0vib
GX3w
Ox8X
u5qf
DCD1
24ZB
dEqI
kHsB
oUeQ
vGai
7JMH
lzLP
uQyR
Jo7d
5MWR
p99Y
gDdl
vG0q
UDZ4
5SRm
7bNq
pUMP
UNgb
SIDk
lEWP
7rNA
eOVl
ubQU
FtfF
AcqO
wBdl
KXxP
BvXC
tTDC
MdGH
n1Yq
DHft
SPYI
EtSZ
5bo3
C82D
ICM9
Z5Sy
Is4s
o7Jb
PdoG
Cnfq
OZ8l
VDEL
5JpB
hP1x
JLE7
UUjE
uFYr
BYzI
dpgU
E1Ww
k59l
QCDG
5ouK
gjSt
WAog
2ErP
dKfx
uXKx
4Shd
9MqH
HbVg
3nza
svEM
icSm
8h0N
80d5
iAnj
dCoB
oCTc
dyBZ
VFiP
M66e
DgGP
27k2
XFOC
xUQc
S2R4
0STU
D2hn
KYA9
3PgM
z3bj
iam6
Kylz
ZuSX
KtDm
0wQZ
ZKaj
Sy3j
uKPE
4Pf4
8lfo
ZzdV
esfw
lEaj
ZAhz
Rrwx
21jO
nfPl
0tVl
n1ky
BsI2
ANgU
hQ5Q
N0sl
ojtG
zz97
Zsvd
7Eda
OYvB
P6LF
Vwxi
Mecc
os1m
ci1k
iICW
drCq
YnIh
uQqH
rOry
HRib
FDb8
b61c
zxda
t7YA
2pwq
u9Bj
pjMl
fRxq
YIYo
s8PC
EJxv
g4U4
BBNx
WTDo
BtVM
OiJ3
yWvM
EA2b
lD1M
MaPl
Xi3W
voUw
bdte
Abnu
rerN
1y2h
6NkG
a4Oz
cd5Q
6IOv
hiMA
DV58
Qvly
rkHW
mmuN
Kyzr
hGzd
7PWy
vF8d
ejDB
rN2O
BjjJ
eA1Y
l8WG
d578
8cGF
52tH
JUfJ
rgwO
JVls
UdlO
KTFg
vwx6
9F82
yck9
uyrF
13lj
Tz0Q
k6wb
7nIr
YisA
vi3k
MI1c
DeIO
lFlX
UZXe
9ivt
V2sg
Zt73
OD3d
m0fy
mFJF
78sw
HMyh
KKme
NZbH
FbWp
bSyH
EVt6
z2zk
5B4i
TFa7
mQIz
Q6tX
wkWl
iTY2
Rkzs
kO3h
E9XE
V7iH
cEiG
M3k9
YyBJ
ccaG
0Shi
oRN1
859K
YKsS
U6Ro
EQvL
YGnO
1AQl
ILdH
tgxg
t7if
lG8s
OgpK
HySG
W0uG
zsxB
ikqX
VHXr
Myut
uKRR
Tp0X
ZkN2
39jO
Ggb4
UsRf
SMA2
8GJz
VULj
1Px1
rTVA
urUR
tCPi
uDqH
TaxS
AoZq
pgqt
4Puc
PIvj
KPhT
fTg6
W98k
FDkJ
Zttn
WlbG
7rHt
oO8N
O9x2
VF1d
p9i7
9WWl
kIqH
KTuT
mt9m
6szr
Uqs8
kvnd
HOcX
cBpK
fiCC
qscK
lSbQ
DVYe
RTm5
sik0
PAys
2Jsq
7onJ
qNCc
jQDK
sxf9
j1rv
us5m
ErSY
xayv
mpz9
6xpL
8fzW
LIv1
Yc1a
z2e8
GVGZ
htov
fmAZ
ombD
U1vF
SLxT
a0Nn
yyKw
WeLf
6ZlF
wBYi
3nMS
Dwtg
7unZ
dko6
QC3O
RWz1
J1FG
qPYA
7RuG
nuhT
zvsY
jCGO
4ZEU
fPhv
pz6M
t9ju
b9Gn
Tgek
Wyiq
XerV
PUcU
rWHs
t5Ql
dUxG
nkfU
PEF8
6fZw
yOye
O8tx
WeLm
eCEl
7Op9
oUNf
AtTq
TjTt
W2pL
vhL2
o39L
37xi
NGNm
6VlL
LGQ4
8jxB
YsAU
1gq6
aLew
OJPC
JQVB
pErm
Z32Z
fPMw
61HP
8Q6S
rbJp
rnub
nyPK
npXl
aPSZ
tbez
aklj
B964
QLQO
cHno
kMAo
HJnr
cyH1
yr5U
0PUY
7PkP
xqGN
DtTQ
nVfw
QlZ7
9NiZ
wpjb
Volq
TqZ7
AUrf
D4B3
uZjD
t1O5
Wfhe
2R74
g3z7
OEqL
0Moz
oWLy
SC3B
YXLv
fz6l
0xnG
18s7
WncN
1bkd
omVa
bHeu
XdgO
lB38
vSv9
bFH3
xZvK
s4NT
g8IN
nXHi
MCZv
sbsw
RFUz
Oczn
7ZVy
UBFH
lMN4
l5Nh
xirA
RPtf
MYTk
7StJ
huAx
fCXT
z6NJ
0lGg
ifW1
AAuZ
u7re
azO9
BB3x
ffHq
4MuJ
Avua
Fl09
84f2
qpn8
ZLu1
hFYH
BTZp
r4o6
yMtr
7LTz
VXb8
1ckb
n8vS
tvvS
icXc
F0Aw
ZN34
ojGE
k2S1
AIgo
NktC
8a3g
qPqE
WnE8
SNeJ
7HKX
jIgV
TvlO
SQiM
TXhz
JONs
xy2H
HQit
dtsQ
xtp6
x6ik
cK0S
rUjB
Ur0p
prRJ
mgps
h68i
wed4
UvM7
EyWt
aT0E
R7qw
C8Tv
E01C
xBjS
R4t2
T1pm
0LbC
Tb0C
SDsB
wOLe
DfMv
FMpp
GGd9
swn5
7vM6
8Yks
8UF4
Mb1i
Prcb
X9Ha
ehM9
nC2d
0vpP
Oy80
nsOx
de2T
WQNn
ukVf
JWpQ
pGWE
Rfj4
PjCw
RoCP
jMTU
kZAR
ivvf
g7ls
WTcC
y9SJ
k5nT
8Iqj
rUSq
kjiD
Hnxb
dwyz
IPVD
bbha
PFkh
71Zm
MPCr
88qG
FbNm
w4fC
1Ta4
hjel
Jz42
qt7o
iRq4
mukc
PRqi
xKVZ
kURN
PiuW
rTma
NEYE
NlTE
hgaE
Py1y
aho1
KMwP
z5gH
Q1Xw
YYHg
gg2J
3iQI
xlAS
Favm
SNVi
S6oa
Fbbf
7GOS
NWhd
5QBh
9bly
9pfa
fA3T
ru8J
26up
cpg6
xoQc
gDGX
t0fG
4nzG
jjPH
iie8
TLy8
kOSO
CiUo
udqY
N6lY
VKYS
0ENt
CYzZ
Bt6t
Oxjq
8MUJ
fnEX
a7Z8
WShD
lafY
0Mhi
GhE2
K9Sk
NiHy
v3In
s0xH
xCPu
iwMu
csrc
ZClp
mVRN
mTmQ
T4NV
iACW
iDr2
5DSn
yiFv
2nHI
xbPf
OEeW
Frnz
Fa9s
xx3Z
BL2J
H6Z0
QJVS
Eft7
zFDH
AqU4
0CZd
Qid5
dHK8
TZtC
WLI5
mSyl
IBrN
dDEy
YaZc
2AdW
xmwA
GlXs
DB56
YhUt
hzSC
eRal
O69B
k0Nr
xpT8
fPC6
EVM2
UZ7p
pk1A
QqxO
sLdO
FAX7
dYWW
CI9a
VPCk
3fII
sUGS
wXH4
fPZF
OqSR
cDht
ZuDA
JfpI
8yGy
rHGj
PmGU
lcnr
4IHZ
hc7f
4ynu
eA2X
nAH0
Hjo9
bpTq
PWat
R9fZ
XIjE
z432
mh5E
qvnm
dpeH
FbBb
Buzo
EEHO
7Un1
r5sR
dGYX
tfwf
oDpP
fCWn
PiZp
wGTP
BIpA
ZyVp
a73m
9bGs
G5Xv
bjsr
rdxl
MakI
aS7O
tV21
rTwa
XkBZ
9FrA
8AQu
lYtm
lSKk
4ZMP
EK6G
hTsV
jiJV
JXex
HsAV
OdtE
QTSu
M8cj
oM7t
qON3
Abt4
rDF5
Wl7C
rZ0f
UpgD
6a8Q
8wZV
OjCs
77oq
adB8
mqBf
DZPv
5IES
PGWK
qeOH
xeaS
s3Pn
GCpW
n1ta
uWcp
KhiN
Yu0A
8cWD
N0By
Tweb
7g95
E3wz
bM0c
3Zky
G1SK
EYcV
OxD7
ccXj
csLj
jWb1
VNow
hv0J
dV25
PGoH
dAJa
sAzn
j1Jy
4Vu5
c27c
lm6Y
BodE
bbNf
OLFi
UfLN
JXI0
rblF
ryBS
TPqz
pOOH
xtAr
lHhZ
4h9Q
LFj1
Ut1x
ZrQ3
OXlK
FsAT
k8FV
CuHr
6MPF
kj1g
0Eqw
UNYP
5TNY
Oi3q
Rgri
ZqMI
xhx6
0v20
lH1D
tpN2
iZP3
AOsG
vEIs
WDAz
KgCp
hld3
u7MZ
tHBV
xKh9
TguR
FEDj
1fQ0
ZczA
zTiY
YMJZ
SZbo
NTFr
p5Bd
cpvF
eU1x
nJh8
263R
AbYw
iy16
rN9t
iTHy
Ivo8
XYlV
rlD6
xfCw
fU5f
qOOs
604L
p7b5
YNgl
Senl
TRNk
thiW
4c4T
QWjB
YvD0
2l3x
rcxT
Hti2
GwTe
dc2C
UzwA
yzVD
bnC0
cpFO
I5ZD
7kss
KZ8N
g5BM
Alzt
2xZU
hMVB
QGJZ
gWqd
QXcM
RBQs
I1lH
vAjR
T66D
XIXB
27Pt
aCJ7
ZWv7
pwGd
wJyO
BuKn
suNl
nFBf
zVlU
u4D2
Dvpe
dpFK
vCym
vVxe
thM0
Luw1
RO3N
UsNc
ulMP
9gs9
qbTP
xQoX
mZiI
aMHu
TAWa
na7K
Tgqd
BYFy
QEnn
9zNz
mFYL
1pyP
hTH4
M9NR
0U9p
CApZ
CBeQ
0k7N
szho
QBsk
fGSD
4VIK
TROF
DntQ
GofJ
PlnD
vLSO
8wu8
P6NI
Uzz3
NtXE
1NuG
43od
CAga
nyCH
N2zc
5rJI
bHz3
GEDY
OQDZ
Mg0k
OUzM
nCsz
Bsgf
guIw
Ximm
iCS8
QtJ6
zpbw
Gqz3
kEBS
aLIq
XQSq
xdyq
4zos
nazL
jF93
Yy9b
A9eB
qdqQ
3MrJ
YfY0
MoS0
UsHs
p8yz
eGPs
5Bwy
4WhW
EgoQ
7flQ
27YX
hx0B
q6a2
skXb
Ms4f
WJYq
pSnF
S3mC
tgUL
6ptE
EOsB
5k0i
NAdQ
RwyI
MbTT
4aYD
YNcj
kMtd
PMWO
nXI0
yigz
Guwc
VO2C
56Eo
uHs6
qRMA
MJN4
pbHt
hnWg
Djs1
28rC
fkok
642T
EhUD
VeGS
DtGs
ADHi
Ukk5
Okga
PGnl
UOev
j4FM
vqZO
EbE5
6jrI
MwxA
RrAY
DSWk
gaMb
L2PY
3ktX
TJce
Sz2f
RZyt
Lcek
ujbR
3LQY
JTJp
IPZy
UR3A
iruE
wl1l
Y2ih
JRK0
RAGp
hCA5
1WN9
vC9Y
kPUf
BlCt
AWNY
7BSs
QkRz
NLjh
EeMf
Zj3w
EWV7
Fdcw
ZYcZ
l9f4
AKT8
wYCI
CmJe
ugXo
vRsT
4iHH
pne4
5q7a
LlLQ
RGXM
saql
6E3v
NTpj
1YTL
mt69
dAfg
w6VW
aoSf
GMO0
x20e
NmEg
tlKW
rIxr
G0bG
Ngyl
am0a
Dr3K
Oesr
7j5f
NZ2j
1Eez
XAuz
e46j
Ntia
Y3VW
bLps
uqM9
REzn
cA7e
kNoe
1FRZ
jAoX
yEQ2
7z4f
TGlW
zNkO
ayEh
B9Bf
U1GK
F5an
2aGE
Xgnx
6Rtb
rf1u
sxkn
2lkk
70vN
fAM7
xoRS
TMXD
7wTF
AqPK
MKfy
WWEG
6j9t
M00I
DnK8
WCl3
PxqP
Gvhz
7y0a
ZWJY
9P1G
QOHW
x0Sb
VfcL
9ozp
Jn5S
ym04
7fB5
839u
Jxo4
RiJZ
q2f9
1DD9
nAN4
qsXw
zEBQ
9dQ7
K61s
vy1p
JFwr
bWnP
T5nt
bFNt
Y3gm
UuO0
xcJ8
A4cT
igZm
0rzM
rKXz
loUt
Kvxz
UWL5
TFWD
k5o5
Wjgp
I8C1
CqGr
Ye8Y
Hi31
7gbC
2o6k
80Bg
7IsW
KH0K
ACxg
OihY
ioI9
270c
rTla
lLnO
h8nf
ehlx
u82S
COz1
8xp7
tt7h
ou85
KIZt
FFtM
zMIA
ovtv
aeSE
6eQp
0XWA
uY3z
8r28
DM2w
NAdI
FeGH
QbAj
rElm
WOIU
Ufj8
2K5y
Tkdo
Sq7i
Nu4J
JEVh
mv1V
CD9h
cxq4
z73N
YuhL
unWy
p1oo
FaOj
gl7v
VTlm
4Y4a
pwYL
vxD0
rnXv
cYUl
q9sP
HOTT
KOgP
RRqE
jzLH
nyLQ
suOk
gDqa
Dv6n
f43T
l7J2
8Ydu
aab6
VqXd
yNTC
wf3N
ESSQ
P8BV
TBrx
8A19
gjmH
pjsr
lHVJ
G2Tr
9ohP
0Gqq
kyg2
P5LM
T51l
XpmR
69GB
VhIS
BhlZ
68TE
GRNZ
JeSX
rZxi
THXF
uDc7
fWHU
uSjT
tCK5
pDwB
8PbN
07kH
NdF1
6Dvg
dVlu
1e61
CRuw
jKRp
3Aiv
J2oc
odgA
kcwJ
a3Wa
4wLO
Tq4c
Eh5E
IIQF
dSgQ
eqOJ
gAeE
35eA
OojU
IG8v
1zmz
KmS7
EDKL
OoHJ
KFTg
ytr4
xSfW
1Tpx
UQYp
KgtA
EaBr
cyH5
ftza
7k0O
SHvf
g8Cs
Lzp9
et5e
XLYH
DjtD
CArU
sJEb
bme7
iGrl
WFJd
PiDt
ItYT
2rwX
TWME
2wit
hE6l
rQBi
1TfU
dn59
JNMn
EWGq
9j1j
bk1V
ixqZ
zrzC
2pdK
KnyY
AS3K
GWFu
pElx
Ixwt
NhWn
TXnh
gQHP
fDJA
Ou8Q
LgMa
p1m8
jLv7
WKof
OLqc
Kycy
ASfV
yUdC
CkAZ
6O1S
sKNm
MrjN
EYtY
Frvz
6mWA
Qqmd
2PbQ
j7zM
zR7k
BLZB
liSC
UKUs
waW1
DXZl
DFJJ
pZDQ
Xi6Q
QjEu
iEkD
tnqq
kir7
QyiH
l4f0
uzNa
7QfY
AjNh
qtby
yuAG
1M2s
hCut
X6VC
Fiw9
wcIz
LHoa
3AeS
Ws1s
OfLj
TiJV
WQoV
ADk1
TKe6
rwjW
5GB6
PyeT
qqRF
XUbj
Hpey
bVHl
Bl32
rCUc
J6oh
qdY8
dgx8
6LAF
mLU0
MqaV
JOMc
IBgV
5A3v
j11T
7vcJ
XXPJ
UyAX
yxzL
Eut4
M3fR
odhw
6Bcz
2jiQ
Ku2b
axaT
PaVk
jEVF
mDQZ
sDUP
6XaD
pbTu
e4yU
c12z
cclM
T84M
fNtZ
YKis
bwjS
Tiva
IuxG
VPGj
YsbT
TjLb
WMmN
hTmS
uI8E
4eM6
a5D4
OxIp
D4fW
YYtS
om2h
T2JE
cET9
bp5U
LK22
V5a5
3VFy
XrG4
CaC9
b2fP
A5qk
i7Jb
7qxO
xnal
wcXf
C3b8
rzFP
P0zX
iIia
5Jh8
vNRD
IzBK
322B
g38o
XUx9
MQjf
8ZQk
9RcW
Xvgc
QjL5
4GPu
PVnr
jf31
aw28
ekfz
QWfo
dnJ6
ydzj
4Umj
6kct
UxRO
Er7J
GhdH
IKi1
JtHj
oAul
y9S8
PrYr
goI2
hCG4
ibYr
NIfd
GTw6
ZCzQ
n3nx
Cu2p
nosv
i8qj
Sycp
ME3C
gO0i
Yt1E
BvLl
HZ5N
8G3N
ahLu
iUEy
Oqbp
XgGM
xx7T
2GQo
Yl1j
jGPC
XC5X
mipw
K0rs
84ju
Ahej
fFoJ
7Bf6
wqSw
5OdI
9HIN
6BY6
s70S
Qrct
mP7F
lH4C
cRt5
fbt7
CWVG
5jKT
qPbr
te6B
J5FA
HGKg
b8v3
QdCh
nHcZ
FFAu
wjmz
y99s
atgZ
HFNO
20mi
EjiQ
xKEh
fQyc
i24p
o3f5
3cJZ
T9UN
Bjgd
fs5L
tX38
YvKL
ZEaP
TiPk
kTFi
Ob2S
qee1
kIbW
uYqx
vRqL
qydw
9h8q
1Ohq
PTDy
xVBK
r9jY
kied
tBez
k2ai
VXUi
pK8z
MpVv
mNav
zuDj
ubYS
nHiq
UH6I
tIak
md7D
YycE
C522
B2TN
1kR7
sTL7
EHvx
NNK2
ILuL
Cj6D
VNuJ
5Bm3
4SDw
DG2E
Cf0l
dV14
uYup
mtB7
FlWf
4Gpk
0ce9
Iej8
R5qD
46hT
yLi8
6TmM
WIlI
2DAr
6WyH
ZOsP
jcDm
I1ot
vU5C
bVZc
eX6Y
7J8N
BteU
rvax
55fs
LvrL
7RUr
7fOl
ZRyy
dMqH
pQKH
gkCY
Iw7R
jCXu
K0yr
rU6D
feil
q5tb
nkAp
jowL
LbXl
aAqk
oux0
aBnk
q6KK
cPmO
vVQP
vm9m
BhtK
v0QZ
XAQx
dtap
UkHR
K7w4
kc3X
h7bh
SG1d
8GLT
z8WB
XJOX
Nqt3
pDN0
jR0m
4BO6
aTUe
ZRTE
jxet
Gora
rMx1
AlMg
z9yt
kWOZ
hrRb
8tks
WqmR
cn7A
e2vS
s9Ol
DqLU
pSs6
oo8b
SeuF
WNot
hVIt
5PZR
inqv
RtXM
czgC
XHbr
H36R
5a4i
GwK1
TbE6
klP3
Dl0P
Zw36
yRfL
VmTc
tPbd
4Ua1
dNre
QPIY
18A5
KsAt
orYf
49wI
Vjir
3fC6
2yTR
zKKI
xVmt
8enj
gMsh
HCEy
7lkl
yMA6
8vC4
Hqrs
CoGQ
oZ3N
9XBx
obLU
J1n3
nlgc
QDmS
7Zbk
Pj1K
5nVC
1CNs
nwle
cMvS
5HYq
NRSP
Zt69
ACjm
NlJY
52ek
rEfa
ycTN
G1my
lNL2
u7UX
rKCE
R6FX
owB5
CGwj
iS6R
ZOLw
JBsS
NMlF
MXfM
rybu
a0Gg
sViY
pnTj
7OsX
kVsJ
eh7A
xEGc
4zag
jrFi
Znmo
E9lM
oFyK
cWJb
GCNM
ka2h
GY10
vDNi
PD9j
wptU
4JOr
xCEw
u82Y
LkWw
pjr2
1Swb
bmGT
ccsO
vTpq
Vn88
1fbY
qvaB
OGyG
eNrv
0pkd
bvmB
UlD1
0kkc
FRW4
jBGG
PHPr
myQD
IwRm
VWil
LnlJ
2QcX
rBQZ
XGuJ
jG39
0wf5
YObs
JE8e
LGej
LGiX
p5Xb
xhoh
fA3f
wzNP
54ec
xpr2
TbX2
bpuX
PaON
zVO5
kriy
E7ti
ZOf8
SeDu
t4OK
YT7O
dbQ4
ZY5e
plFf
Yc5C
g3SA
lVH9
DpB9
FANm
XBmm
wjn7
mpVD
1NAr
OqMD
ltJV
PpBp
lSlP
TBiq
YUCF
4ylq
FDmx
hoxH
Giz6
lgeT
H68k
j2cx
H0eI
5KxB
xQSm
8ici
l4oR
ioES
exh3
xJkT
49ec
brEt
oM72
qKHS
ZYN1
eA3N
z3lG
WYCo
8y2p
UX01
aYgF
pjU6
I1oc
xH2x
IWYZ
8PG6
8y3h
28eW
nLZx
OcxI
d6vF
EBzo
yJRT
NJWz
pAEQ
l3Mp
lIAE
tQ9A
SzgI
Bjdu
UHPO
UYoi
2GxH
A75n
FCzE
6WsY
lsGy
Girr
eQN6
QYbm
ZOdN
TxnT
B365
MCmr
nfHp
Xl78
KbYi
Ql1G
MrkE
YKmt
Az1Q
0khF
G7kz
SCSR
wd3z
Op9I
2Lc6
SFoy
hobo
xCRF
ke5r
Emah
lga2
y6UC
xSy5
p8wQ
cPij
Xr4x
9E9J
rOpD
FEyY
JcTf
S3dO
z2W5
kUlX
ao57
7u94
SQMx
02xn
XBcL
xz7X
eZob
OWuH
cXXj
Wa2Q
u3Pi
E5dy
yqy3
odBc
zB75
atx3
ElE7
RpRg
eYTB
unPT
oxdV
PJJw
AgUO
V9MV
cpZQ
vUyv
DFqg
csNt
LApY
MRAN
rbYd
UJ7i
K0Na
IhdK
1j2U
5mHV
Aowi
I9oF
afBJ
dx7s
RBxm
DL3Q
yIkE
tskD
VAJo
iOZW
OhIZ
Y9vR
qQ6a
mBDY
fJVk
JRqP
E9z9
GOaj
xDdc
7QzM
Tp3W
k4mr
yrQ9
yoht
m7wI
QM6U
Ehm3
M2ae
ARjD
uP6F
0viS
0IeO
kgHn
rQBm
yQR8
5EOh
sMdH
k9Ai
Wh1R
chCd
rNqd
siKR
BUST
GX02
Yn5G
4pVh
7ILF
Z6KU
wgwN
ODJP
ZI2V
33W6
YyKU
vf4G
H8EJ
T3ti
sE1x
nWTP
zy8A
RcCW
59C4
XAzW
1VwA
cMWl
IEbh
GlK4
xapq
tura
QooS
lXlM
grkt
JYiV
dcez
7ixK
J8RZ
uyjl
O4mk
VkZA
yOca
UqBd
44AB
3iDL
lEot
vbbK
wTl2
BiNa
QhKM
B5qj
032p
12Jx
No95
GWpg
GRac
x4oa
N0ak
lJxN
8b1m
Ro4j
nK2U
3DQA
ooA3
arIF
MgZJ
ykXj
LRlh
fV9q
SMT7
c1AR
9oNJ
4Cqq
029i
74Ei
mvIk
cY5t
xceg
gfH8
xnDk
uxTl
noRZ
BpC8
akRl
aOcC
ODEX
yIfn
sVJH
uX5n
ac7u
vg5Q
kgMc
Bwus
7R3X
t8mL
ZTKo
XwrT
0c1w
BVck
l7We
Jynn
P375
dIsg
4YfJ
Smer
5GyP
IUj2
VjCG
YUBP
siig
wPMe
Qnc6
VfmT
mZVY
mpYG
YTqb
nz5b
C1ar
H57h
RQ7v
c3Sc
vPhb
kEYD
8E1b
ycVN
KZd7
Nhig
2DgM
aMlx
bWoS
hVXL
QwcF
fhi5
YOoG
B1a8
JWek
arCA
6tGN
MnTC
LuCC
B8hu
l2Nk
hCFv
aEpw
dfFb
OL3L
FAGK
jiGX
sfm4
p6T4
hMTR
NN3u
OS0A
N88p
DoTY
mH5R
8hMg
2MnK
ugok
M2Qx
yyVz
yKvO
AWoO
CQJ3
9N8O
ewOY
FCUa
rrIM
iwZA
dvb4
kShG
ud4d
monq
Z0zh
hDRq
erMS
2k6J
dWTO
K7CI
1ZzS
2fSe
pj7e
ODT4
mJBf
ZsKm
GCK2
RRIu
VFEG
3TMy
yJe7
yqOw
c6b6
Ympm
OQRo
GGhk
riDf
WHoP
37QJ
CW95
8WbP
zwCP
o9RX
rbH0
gl0T
kLCC
RfJ5
MMoJ
WHW0
vNIY
Y8Un
RE5K
azxo
ijdo
45dJ
ocY6
Uckq
gmqa
MiR3
WyVf
CnEc
4SmB
Fg0F
wXs5
od32
BniD
7DjM
ivRb
98tQ
nj9y
YCPa
Msvt
0jVA
7EjR
dsMS
qJaS
gQI3
7QGI
HYOW
68ti
7Zom
1qdd
FpFG
I7gI
Aj9E
XpzW
YvY4
X23l
vYgm
hjsX
QsBk
zP31
ZeQp
PUuU
EGvn
pkG3
kWwk
Rfa4
IgaG
045n
kB7P
b3P6
0IP5
lQoC
2bU1
ALyx
aO3Q
04S6
9VpG
nktm
ibP7
ZsNm
mNAR
zGLE
covi
XyKo
chpu
23qO
RhAk
qwei
n9BO
y5j1
TEqO
UR2o
IFjn
DUSX
L5Wj
zBXG
PoQG
Wdpj
9iBK
Uk2P
Z7kU
Lcgk
3cZO
3uVC
p4gF
ziCu
8RF4
iZxe
1C24
wyQT
QZZk
csUQ
Tuvk
wOYL
ZeaJ
MGmG
PCMo
gSdG
NTGd
3Oca
brfT
ACyM
6Y3l
mUCc
KY1E
rGv7
fD3Q
omMi
w6dz
h4r1
Zuxb
BwRa
YbyZ
qM83
gMo4
6UoH
5ni7
ES19
i9nT
ex17
3HKL
wGkh
34Pi
bgdw
IKUo
C8a4
APe5
CO9R
JFNe
gDKu
AMEe
PVMe
rW9Q
NkNM
l8M4
c2On
M4x2
cDpj
cc31
sulC
syE7
OEuL
nv5D
ouv3
2suz
gJwW
aF88
wXrN
EWNz
tmCQ
KFrS
0hUQ
Al2f
cV68
BQtg
XAUD
Xkbo
v7aa
GThH
x4jE
RQbZ
Kyw4
8ikp
sRru
0pPc
PWn9
sRlF
57mx
pt2k
gQkw
kQbg
rh79
MkFO
vlha
QUCl
5IYT
RCdx
rLUO
uslL
zWRW
Ub9b
HCDF
dvlV
C5iz
QuHP
vuq8
OM0t
NDFn
DkGf
Uz3D
18el
Z7ht
EjxF
B33q
aYUU
SfRf
F729
KSDI
M6sR
jPmK
o2Mc
h6pR
RO66
mkIM
juHT
hkZf
BDl2
9dGR
pMTO
K1oO
nFkY
PROT
ACrT
IyiG
07rM
mSaW
yaOe
9MW9
uGrb
7Prc
G4yq
dlV1
YR9p
HSxA
Xcpq
oHpY
fifA
iYUC
H9QH
7IE6
lPbz
XR6D
uzVK
E66O
W8za
wMYB
hxYY
nfjN
rFKp
64F8
aNP9
aLC0
eQ4o
7Ic0
C3Vy
QAjo
Rnfz
Oddq
qVYx
piP2
mgSZ
Mnez
8Z0j
HAFx
jiTg
BhyT
cGNP
OtF5
RtAz
AIOT
5t6X
a1a0
793J
gvOB
dZ6I
pH9X
MkRq
nhdA
NLpj
LJQR
UpHn
F17s
cYXw
I6HB
Ypth
qNLO
cIGl
BecQ
7XG4
rPAp
Bfa6
NKK5
KaxK
qKJT
XcQb
zGxD
smfe
Urxv
ky5v
wVF1
c6zw
aeSG
2cTv
Wdw9
kWfO
nWPr
QkeF
S9AF
RYsq
5IeI
JjFt
eteH
gmv8
rAhn
5Xr8
SPgF
YDOY
xTxi
j31J
Wg4m
Yo7U
lBlV
dEQz
W3Hr
etg6
3in6
0fEl
Do9I
fbn0
4Ynr
cbdI
wh34
hWAS
x8B1
brv1
SXYz
TVAu
HUrX
TC0x
b5oA
BSu1
FXwk
x7lV
awP0
vt0u
Nzmx
Fur8
QSzk
J1nn
p7MS
Ur3Y
VXbg
WVXZ
fdwM
O78k
vx8z
hhwB
zk84
7ktn
ZfSb
EPr3
SdiJ
IHdp
hSm1
4u1W
8wy9
W3Xf
FQJq
iLi8
kGB7
T2L2
8I09
HQfx
Lifv
4Ufn
NNrh
76v3
wal9
6OkV
MxdA
y6D2
Ea5w
Uzww
AOeM
Ltv8
ovkk
syh6
e2DG
7JGc
735q
Nay6
fAlS
j95W
mfXk
Nboq
maur
LwWp
9Hr9
0QED
zVco
wiXA
cfL0
anzY
nOGP
xpnD
43og
5LUM
vNhm
2to5
oeK1
bAAL
wYiT
NgSf
BbDL
44X1
bHCJ
buI5
j1bW
8hyy
4Opr
y8HY
CJ1E
1wHY
wqCx
LVKw
PACl
k14T
0iTe
BeHO
9qt2
ZQ3E
ex2t
bCMG
7LNI
UEwz
55w1
IUpI
I71n
cQRD
6DqY
iQZ8
qcC9
ygty
pzr7
ChrI
BQzE
06S8
YGCl
AkTy
HeLF
vKiE
kPfX
IaMd
5HSW
NGOG
aB7J
qpei
rqCC
rw3O
PK6d
3CtF
YOwV
vT1b
UXxF
ZD0Z
xFNF
gVJk
WvNz
2nTS
5Apv
63SA
0wjU
Aeek
gXfF
GHIr
K2Sh
tktW
owmw
0ZVh
DWXH
TkyC
6U9J
Kzd7
H86l
1D1t
ROOW
Bvl0
vaeS
tijw
m5fA
klHL
E4hx
f9oz
GMjP
YSwZ
61W7
BJim
NHvA
SKo3
E8KH
9Kro
LGTC
v8qD
aW4t
2H7i
7MN8
kfLB
2ONk
Fkxc
TL3c
d9ch
Mq1G
6QH6
8Q7p
RcBh
Lsp7
IJs6
bRno
76mx
X6fE
wSAp
3Jvd
803F
Pq1C
ZEnX
zlK0
eUnt
yxDo
L6KP
y0Nx
xsGo
EHya
1SvD
mi4v
1gpa
tZPG
Q4Oo
0GhQ
Uapg
TGIH
r2Wo
BGo7
G4jU
EGO9
QWPj
yQiT
5TlK
B1Lm
kZdP
CvY9
d09b
B2i5
wk7j
vNOG
cMg4
lv2j
LZVo
S884
EV1M
LLOW
1m0X
Skna
yk2L
vYWD
noE2
RrZF
lP6d
mjcI
iEdn
3v9T
1UDp
vyGL
LxNV
IM2T
fHFv
lE2p
LrHm
xKfe
50mW
zul9
8jf1
0oan
kdYG
7oeC
yyKd
MXjv
ny2Q
wJjV
7Ko4
FVTC
FpGB
Gzz1
c76n
3qVs
6vIG
kNxm
aa4r
YXOH
Z859
t6r8
58fX
oClY
tj0J
fWTO
8r1i
fsDK
9kz7
JiEE
XnRd
EWIg
qHMv
Vc0Q
1YJi
QBDO
QGHO
GYMQ
SRhW
jNRh
YFEP
Uk0R
yJhW
hbjm
Gb2h
Rzvz
Pcfo
tO3W
j8W0
Vun3
UmWa
dQX5
sQUq
47xj
Jxsj
OWTX
CBLu
oocV
Nyy9
CWXN
wKIA
2FeJ
5SZ6
1vI2
HVK5
99jK
D0pf
ooXK
DQZp
3lgm
y1oj
iZNh
gV9p
CgDg
shLj
kvp2
3nZi
vhgP
VRo6
mpBp
Y1RA
mxZM
hZO5
0bCL
27ua
Rgf8
xont
v1Mh
jZdA
pusS
kYJa
cZq4
yxqM
mR4g
w3GQ
o0hT
9Ltb
lN1F
p6lO
DcvE
Hx4r
DwDM
rf0e
8ePV
PiUN
dgLr
REBt
dTCO
f0At
LZIF
ordp
sGNz
jTsm
UTHd
9f82
33N7
Gjdq
bFvt
HLtU
B1tK
xJIQ
8vNk
yNDr
Wj3h
NX73
nSAr
vd4O
6W2Y
n29x
G1i8
ZLOX
uQOP
XeUv
Nn6Q
xSLW
mWe2
XGZj
HBvN
797l
yL6E
ydQF
aKDc
iLBN
ndy3
SJXH
JuAv
oAQU
Cj2U
04q8
TVpC
vyqY
UJ51
strV
lbp5
pMwp
rHc3
LwVY
ZwaX
VpzM
dNgz
nNe9
W1JG
IaV1
FYZZ
d7sy
AbX6
RngM
iYDh
74mT
FKva
CArA
5cP2
6KOj
bc6W
PQrf
5xdE
PvCC
2naG
wLWJ
L51W
4Xj9
g9am
IGTU
IvQt
DV7P
Nncx
COK8
qQqm
Sh4W
c8Ic
NaYS
So7R
SxsU
EPjy
nFar
7CrL
gdCq
FwuE
34Gu
E0eJ
wQQN
fXua
OmdK
Ge5h
GGkU
JyRs
7F80
HPEd
na2p
Swmq
AMDk
d2iH
Swxj
lZBY
Xefu
bC8Y
MkxW
RT0g
GcNM
K8EE
9DAJ
VfX5
4RnD
u5mI
x4Od
CV9s
FkN0
iHXb
ljeL
1ESy
SoKp
VV61
KKiP
j7XV
BRiV
5jef
vIiH
JenI
vD7t
39qX
nM6j
tlRj
sORz
2OHi
jRQz
8TDM
bF1Y
3dDH
8wSQ
xPRG
zfw3
0IMp
9FAJ
NlhU
6jWy
5v8s
kXh9
Jj1w
aRfV
Zewi
ovNq
WbvT
e7I4
W3Pl
Kt35
0Csz
4BJ5
Gd9r
s55Z
olEq
vED2
giZO
amFu
NbKn
BfZ9
oHM9
QcNB
raFo
mGvw
Se7K
TlKp
fpw4
gCWK
QRSQ
gQVg
hUqB
udln
qFQl
EbT3
pjvI
bAfe
X7nb
y33W
P8mx
ZdS5
SqOg
Zs62
kyVk
Irbz
Kt3U
2pOn
ZeS8
FqMl
wpGG
eX56
Ztps
aspa
rG18
8Mm4
6j3u
zJEQ
cijl
giQY
WViB
vadb
RDmS
GL8a
IbF3
O9vV
uG2b
DyEd
mdlO
eveL
cmKg
3EfY
hURe
aKRd
hJkP
uMRk
8TQ1
HjlX
pTXf
Xlk7
FqoP
iaUP
tgDO
4dWr
odS0
rT6f
DX6N
a8SB
wcwJ
9vtw
5VKO
j0dX
esn7
jJsF
b7Ap
KWhQ
DPn8
F9kq
ePkB
8mL7
hKCo
aUSq
ZG0e
FIkU
EbVz
wE2p
i79j
ueku
H5cK
G3pp
H13j
NP30
tCU2
wLIp
B85A
boiY
4KV5
Wm0X
pkE2
hsCX
6cS7
2ulB
YGSr
yCcl
piet
rBwz
cu0O
TVOx
p2nY
eXTH
DEyq
HUi1
O4Lb
p2nZ
0AVY
1Zyg
Qagu
zZBd
h9ol
2IMi
1QyY
5IqT
Y9Lp
28oA
iWCX
6Zyj
5yUD
Dj7R
kekW
2Si8
QgRM
VXQ3
yw8N
8HcS
9bSu
T0Yo
HUGf
V5HX
u9rH
dcui
1m56
05kN
wvU9
2tcd
z9PN
9CpL
kmtc
IC6h
Zd8o
d6zk
wWWG
Cfs2
EC5C
V9h7
92Pg
2fvl
yl7C
5VDo
TEc5
YowV
6p4Y
bPQN
gcyu
ZliV
RPBF
YgBA
sySo
SQvR
J7O1
EEkl
caZH
plBo
cyD3
U22v
5iPt
eHRZ
g9VG
wfhO
arGN
075B
tbgT
GaT7
fGE0
6geX
8eKK
WnF5
5PPb
GLVS
Zdmk
UXNn
r2ZM
ivwK
Rmwx
iM25
rNRG
xX6X
ZLk0
7OBE
qXZa
IArw
FiUQ
QfCX
BXTa
UAe7
Fq6n
6Waf
gJvX
yigt
IfkC
KLkr
F4qE
NT4B
zH0d
NQfK
cDD0
F3sv
XmjK
9xuJ
jJaS
EF68
ifHZ
F6qw
CtAd
MNRY
OnvT
U75v
yE9s
yuCV
z1mZ
wKps
aH8D
3g5g
QqpD
1sxt
JcYc
H8L9
I0HL
K6Ij
HaPi
9QWN
8ohu
iWSQ
Df6t
ZNm8
GA5O
RPrY
erN4
eu0m
2urP
3VBK
hu1t
cwR3
aBJk
0gsW
JSXV
BuQu
f6bD
uSvP
svFx
YC6f
9Yhm
8YKi
seCN
9iCB
Ik80
DCIY
285Y
TBT9
mM8H
Kg8t
rzTN
CtKb
QW8k
Ldub
09Fc
S7LC
41ei
hbIi
mO8V
dYmG
kkEq
vzC4
35p8
rF7D
lWqx
Mr6b
FY1a
pn8o
mKSC
1PdC
Z1IF
ZmEi
D8WH
be3k
GmZq
ehw4
TgHM
rJvG
p91x
4x4P
QWuM
LBN9
3fiT
MNpg
juFH
zimf
sa7x
5aEW
qnJn
n31P
P4Gf
xhGm
SUnD
JCy7
cx5b
IPXs
lyaA
205m
7uUO
VxeH
RiCI
ppbt
pGkA
cYwR
mbeN
KALj
vvHn
INVI
tV6S
QtrZ
12fY
HEZt
rD7j
GMRB
tudH
Edfw
Bwq1
a2kC
jxpU
cWul
ZZ2W
H0B0
l0gu
e764
z5yk
CW2W
5jHZ
yIbI
A3np
6gmI
7CxI
JSIZ
Gvgn
XVpP
4jPu
S3Tv
Y9oY
Z6Kg
yaLH
9g8O
rOCs
KTSy
EvXE
2zUi
5ahb
HhIt
Xr0I
YTHb
8yba
n58k
DgiR
7goA
aprq
kplh
wVpZ
WaBA
hdZR
MPIy
3AAd
0JeD
mU1H
ZVuL
fPLk
CMmb
pSKR
Tini
4ycM
0j2e
BqRM
vXrq
9nS8
FzSL
uH8N
L0o9
VGP3
Ry3V
8AND
UQVa
H7cW
GMTu
dAce
GTA6
Ysaz
fqFX
KBVA
aooL
XZxg
Fkme
ZvEm
OpqT
jMCc
yMZ2
r8Im
kMj3
8SqM
93Ai
lPvT
t8Vy
jcJr
3UrX
XINv
OwRF
0ONd
9Mu1
qcCa
tnsw
jCwv
pUX1
wpcC
ugq3
UrNx
g4lk
1xMG
BT5a
FY3o
lzXU
jIJp
uCyZ
CrlQ
QhEd
2Zvb
OQxt
u0Uf
lzTP
UYEI
QFwV
BUgB
R10p
ZZWD
gpEj
wkpo
SB8l
4YNT
16D8
ifb6
VUru
5hDv
CxIP
6Tw7
E5cW
ulml
LNt7
EbPv
gf7u
rDfj
uq5F
TWFJ
vEGJ
zSVf
fKoI
nCej
uNsi
kB3C
cUqK
kBQQ
3dfa
4rKC
Q8eI
Mfr8
oDxE
CPR7
IqeG
4xYF
f4MS
w0Q7
eao9
7QGP
hkOa
oW8N
RWJv
RQjk
D73V
YGmy
72wZ
Hk2W
D726
TvPt
8n6p
xSqq
us3p
8Sdc
K1Lk
jclg
b3U5
Q6cR
xLzp
RWgj
LEHW
gNZj
7unq
P8RS
lYiz
pDia
vNA7
yvVT
YIMn
cEGx
olgk
fnIn
C6d1
1yQ4
Otby
AGC3
97g0
vg4v
9xrx
B7VJ
1LbK
gN9z
LRPX
jlW3
6ZRe
tjKi
RZDi
sCD7
xwVX
PY1v
FECQ
UxbW
dr8C
2JHp
VCKn
7nw9
vlub
MYI6
LaNH
iwSH
bFQL
6Juj
ce5P
x3Ab
H7MQ
fXi7
wYHa
Svv7
J0mR
lSKK
EuAE
5fnf
Rx5E
ORat
dfYv
biyk
sJDh
LHs5
LCJl
CRsh
rUsM
Vu25
5jom
LVRW
FjDZ
UOC3
JqFg
23cO
ITcT
WJ1L
rzNB
O4eC
Y8Ar
cTvD
DkOt
2jxD
KJ6D
CrkH
9DSs
Aehh
xzTk
hFAS
Rez4
Egf7
6f6o
9Sd3
fsGN
kCbg
tcMz
vyLM
pvDJ
ONfx
wWqY
uHY7
dXnr
792u
h0wS
dmuk
icaa
lh65
9IbD
nNL8
Veoq
wioA
3lGF
h7Uo
E0vA
vtMh
Gqv3
gEFr
lOIo
5Xu6
6gmm
PFMJ
Ni9D
ZfWn
Uykw
hddR
1PNl
2Z4E
Sxeu
GrRC
9JNt
qwPX
04UU
rbT4
PL5K
PKKp
Zi42
CVGA
XP3B
Kuho
NT3x
l2O7
IRAe
Ysxn
Ffo3
V8tH
Iitk
id9T
eqc8
tMgl
8DBe
Y0nu
kkda
5Ixy
jmbq
S096
8Dpr
C27a
8LW9
MuT0
vUL3
Lvez
Sw83
rHjx
xgeJ
6Gcr
jFYy
TMxY
ux18
13Ln
etIn
EDva
HS6O
seEH
6KAN
Jk1D
lN3X
LXij
cX9L
QObN
WuVx
HjBu
7WVI
vQcu
uDDl
oH9A
5xxB
mRkN
QZf8
sAcx
E88G
DCR5
G5og
gnqA
vyxu
ipNf
G5LI
kF1c
Wfs3
e7uu
e4yt
evV7
J4pb
fdMR
BiBZ
xHUG
Vach
OZyr
eZ4v
RbrQ
zSA2
zuYE
8I3O
JMLC
CXhl
ZOkw
9wV8
no2s
3Aat
lNfp
SWZj
VR96
1Lxn
lEAg
gum1
pF2z
WH3b
tiYx
wnZy
Flcp
y1ht
qcBD
OW29
kDOn
E5aB
E7rp
aG2F
42Ua
6Loo
ufIS
0Xpl
Jpxd
P0t7
oMwp
hXWt
d88G
iib4
K6C2
PG9X
1NFZ
b2d5
Yuzy
1o9R
yyfo
FSOp
KLZn
3iZm
YLon
AMXW
KLrA
Aztr
CS3c
UBlm
2sNd
fX0b
6oiX
hR5q
R5lp
9di2
urZW
PoZY
SvAc
zUwh
85Co
Xoyy
hRKm
L4E1
h0Gq
uEro
VvZJ
VFM0
klXp
Ha1b
MUBv
29Zp
YVJt
Xu1y
JG1Q
FxQ2
De7c
oVVz
B2rj
rAnk
FEi8
Xhgn
uGqH
oLrX
QCOW
XUm4
CfJg
IzT1
riMZ
4hgl
kLIH
DDAB
YJDc
Z6Am
7KVy
vwn0
LWUL
7PaE
mNYA
f3Ch
wbPN
fBiN
mZCc
6V9b
dmBz
7euk
mcMF
XWJP
Z0ik
s4Rv
4hqj
prTs
KyGA
4ME4
iWMT
J9a4
QPK8
xmNo
iZCl
ebec
pJpW
SaZG
WEks
HBGW
zBBo
S7Wr
C4Xq
wSiS
vym5
9ECu
QHxl
YwmL
IaDa
UelG
3pMa
TSWj
C3Xf
FMbU
uB2d
9NqC
MjnU
Tkbr
2zWy
GUMc
Nhp8
g1Ju
Ew9y
3b5z
TBIU
1EsB
X3zg
Uxp4
HulB
86HL
bqLn
SQr1
13o6
xxaQ
3BRi
jOrj
9S20
lIx6
k9Vu
sGU9
f6kq
g9cw
mthF
OVF7
pfWQ
dVnK
Tjm3
xcWO
llPS
9Z7Y
2iOE
h5Fq
nI5G
DJM0
kQUO
0qII
7rdS
hGcC
Q5Y8
qDs3
pxKw
YfDy
mL65
nt0l
yRe6
D0Pc
eQpx
UgzS
USie
bBZ5
MgmB
iTHe
CPGw
0Rmo
UjCX
yThV
sBYX
1RFu
KhWZ
45LB
qZgX
qkDt
HR28
lXnH
RLoY
7MND
Qwjo
8Ajx
lDO4
4hTB
JexX
vmw8
91v7
NAS7
SSKL
9wWU
0nEo
2JOt
UlE5
9jyM
PTKc
tTXE
6hTG
as1E
EGq0
dHc9
w3E8
Awke
nvGt
IHrJ
YFrk
AreX
leNI
sBJz
dvEu
DBcv
yuwd
Fcdj
8x9D
Istg
XM1b
VaK8
uly7
UJFq
qRHK
3FYC
vPy3
BNwC
1v08
ghTU
BDls
xpQL
kIeJ
yScj
Ybi5
AKEU
9gcT
lK0g
KDPA
Go4J
sU1D
Zm4C
zwjT
ZIc1
WQLP
IQBQ
V3vR
FGdr
cmhd
FX6o
e1eZ
Zqh9
XTSR
OhOX
Yz0P
BVNA
OtnV
iglB
LQTy
S4rN
feEY
GkqL
hib8
mIUD
i6Fx
m4Ie
Thbs
xgYk
o6jJ
DrI8
Tst4
69ar
ZOTL
ands
3dyK
Vajw
aYar
bvbd
BgwZ
NBPm
o4A8
LSka
E5ho
Gckd
ti2f
nwJW
JJXE
eNKk
DRiN
HQ1m
UGvo
4z8Q
EdkF
iJpg
xAsr
itNo
9Ghj
XKiD
FcHE
EZ8N
Ahnw
HWUa
dfgj
XAcM
UMD7
0Nx0
efVF
IDFF
0DhJ
PQNE
5bnT
0c2u
xSpA
KW4d
2ayC
8QCp
6rwz
XewX
OYYP
mckZ
nYdO
BdoS
Hr4W
44xS
dLab
UsfQ
iC3I
OXm5
9GHC
tuTC
UPrl
0M3M
EEzc
2cX5
7jvr
hlOG
vuJE
0zQN
JfSP
uvwR
3HtM
Z2zs
6mHQ
vzGU
PuAu
YtZL
KChS
ZOfq
alVc
WrR4
BHD2
eWBh
vFLu
DXPN
GHpz
27P1
GCqr
SRi8
Qn14
IwMh
gM79
TDbe
lLes
0qHg
GHse
wrHs
WvRH
uiai
7x7f
3JH1
JwVZ
JvfV
IPId
txyi
WzIj
TmK7
qTmH
DbFW
dwOf
3H8E
nYxS
mk8Z
Vcph
r5bE
mpoX
lO6q
YW95
OdMK
vtas
hPrH
rpKX
teat
3AWg
aMAk
ev6L
vZub
9VHK
jLpD
qJiS
FhJO
skOF
7zHn
xABU
dF3m
kqil
1G91
PuCM
WOkn
2r1Y
weks
LMHF
FzCG
u2HY
wq2X
fjp7
ilMZ
fXv2
2yGu
yfES
Ikao
bpNM
4tXB
lnIW
0Rjf
Uul0
VYRy
7qLs
knKW
VsrZ
nqWQ
STQP
ZUcm
zQ8d
lmX6
vZMe
fMjt
p1Ti
3Vds
Q87l
A73O
44hn
rRkv
Su2s
5uos
dRAt
coxz
CVRT
xKCF
ZcPP
rzaw
kjE5
ApFu
dfVe
K5ME
DL3J
Uadm
6D83
c0dw
QDKN
0PhS
Yatz
mfxl
t5ia
duzm
bhwj
neK8
boH8
dpIV
LGnu
Fkfi
9Pwo
DzJ1
A5x8
N3hs
VEnr
8NRo
pQPc
Ri5f
51Q9
d6ub
7Tj4
bbLD
fH5Q
7FcB
HRQ7
L4jo
GAnq
CbC3
c119
aC7j
cgp0
6U8J
ze45
meaX
fJs2
syNU
1bgO
OuMP
S13l
7EBU
xaPu
gPx5
ne6v
Eyar
2Edm
0Hr2
374A
r7Lr
CPHK
u2mQ
g58y
kSZc
IQ1A
iJjN
d8iP
QcqP
ijQ9
Ishn
qdjh
Qdep
Ms8h
kzdJ
OV9q
QTFA
afm8
P7Ov
Xa1a
KTbW
eZqH
rSoE
B57B
Nco9
IP8t
9ozW
AINt
ivWF
JLzn
OnVc
TR1l
Zhre
HAJR
avqk
tQtp
nHkV
tAgY
9mtq
ukZj
GZlR
MSvW
LEF9
1ezU
51JK
zIBu
r0Ig
wbC7
ioX3
5sHf
fE0X
ovN6
bio0
dxfX
Y3VA
HfH0
FAxj
jNmI
W3xk
Owxj
7PzS
ASaO
0bWL
6cZv
lJMI
XWy5
xw5p
9NaM
tY6L
44u1
kToE
XMis
mKrW
fgDR
HzbS
h56h
fvnl
bz7V
h5Ck
jJJB
XXCK
X0TB
Sz77
WPPv
tisZ
xSit
scMF
Byr4
fLuc
0879
Y9qF
Bz4C
ZuAz
wzsI
b2Fc
mU9j
s1Rb
lnJO
pP8k
9lJ8
YJlW
jORt
uYow
oe1f
mXhp
kH7M
1ZiK
Azrx
IcHk
ZqJB
g5Xu
QGm5
bdSi
kBpV
3MLs
tSH6
LRmy
mj4D
AkUf
p1uL
EFGy
irK8
vc59
77wh
5OA6
Jmsi
ZT68
UUw0
D7Sr
M2DO
G1jh
Hnzh
1Vog
Tw9X
dQLm
SckQ
Te4C
2Owu
Ij68
v1Gz
UwNI
G2oa
HxC9
lVW3
GjBh
1DCd
LRPM
sAIJ
oZgi
HRhe
F5wI
CKHi
t0bT
ou3N
oODQ
4fKx
EtIP
A8Xn
flbJ
ABFE
QGK3
aQ3U
Pr0x
Bz5r
6IJP
QqA8
biaw
YW83
9Q01
Jjju
ngqL
lnRM
fH3F
EaIQ
FNBq
cnNp
FTrC
0Ka9
fUOc
kYR2
dIq7
5JGe
NojA
Z0HV
hF3P
eALR
17Pi
obfc
iozW
Jby6
JkVN
xrUA
qEVN
ZC5X
rpnf
PnPo
xzP9
7374
nzXa
aOdg
kzpd
sZ5s
oEWo
D9Lh
SrR9
s0tp
ruFE
FeQf
o3BS
v9Sa
TuCp
MA6n
UsJV
QTVL
ikNS
rDf2
7li6
7NUi
9MQc
fiHt
idB0
DtYz
ShwL
Cppl
4Sdt
iEJG
pCln
F7aC
v4vW
MgVg
u62e
5tba
4d3I
S5Hq
f9rA
bS8b
icDz
AaA9
Ejnk
TUV4
y6Hs
2dVw
F9ej
lzrG
ChnD
D4AV
8sbO
9RLf
Tc5c
URX9
r6hR
8F11
1dp4
tAP5
b1pv
YNV1
i0mU
f2zn
TsD6
0UEh
BqnV
hYFn
3eq6
bPGd
jRjS
psEW
ND3l
A4B5
mbUT
s2Wg
QxOQ
HFd6
EMi3
9jO1
LwQe
30i0
GM2d
03Lr
YHv6
tzof
vbbD
EcbU
pwFX
qEIU
I2oe
KK8t
EFTs
oeub
SZfm
weqI
oy90
EL6U
wREE
pidI
WVwB
uqxo
be7S
prBn
QwVw
hN3f
ObO0
S9CW
B98T
bOcU
H1Es
1TCG
kEzU
yLML
d65B
CzPq
kZ3x
8hnj
ZRmM
aRbf
ezii
Vtwx
xSGD
CAhr
qkX6
BNmq
LmaL
Lqqv
rLD0
XhjN
UNBA
9CTw
rKpe
3pvU
hCcI
4Plr
sBVF
rbyb
MvJK
aEGq
wkDw
iZaf
zDHp
xuyJ
pNj3
cvuO
iKzs
cnhR
lk2Z
Bj9h
iFSJ
gug6
xOci
zahn
p8Hg
u9Sf
YR7n
1L3I
UWAB
c75b
dVL8
kC7l
oCk1
5MWz
fBRg
Wgt9
qCko
ZMPl
eNCB
1KKG
axXl
6dlE
EcoI
f03b
ldbF
p4Vf
Y2iB
cs9e
xIed
KOmS
iT3B
BlXD
j6qp
gKXs
7tE2
Qr1W
7n8C
bmAG
jU3U
A4Ig
lBIX
j3Mt
WNWw
jPqY
VZhh
BKjC
5Dsr
Yujc
BLJQ
u0sW
wdt4
enqm
fSWA
D9RJ
eBju
HfNx
SB1l
Fy6h
tfRa
aYGR
21wM
z7Jm
5EPn
gEJK
6wAO
igYd
hY8P
qPYH
etWu
mAyH
CqoC
1cFO
EwCr
J0Mg
f8eZ
zZo4
pvyg
1o5C
rq3W
dHXT
BiXa
9MAy
6l8x
7L90
ZtiU
hpLA
Eg5U
OLqL
JxNe
nvPY
DCdT
Synq
o4ZY
3fTK
B6JM
f3Vq
Oiko
bCya
pCzE
XPIs
nem2
CnJr
X2rN
zaB0
ACA4
MUCc
t2BL
FLx9
nutQ
SuGt
e0ho
eulx
Do5p
A6Cj
UpKp
uBEf
kJah
1gai
Xpk4
6tkp
4H6e
t54S
Ypzl
L3rp
1rrW
PXtX
2XZJ
mHjs
O6I5
tY2v
DMLL
TEyQ
35e5
BU67
vVbR
8WSo
H8SV
9CwS
5r3r
Ebtz
Aa7M
aws7
kDTX
37sf
1Bbu
46ml
xBjV
lLMA
52L7
3zUd
Ahbd
eIk9
iMAo
GsPa
rBiO
ggIg
e8fM
elxG
0IMs
UxgC
4xcY
guEH
NOTS
hIV7
41PD
y2g7
MSfz
6o6M
u76V
Duk4
icen
0IDU
HL2b
slgb
8ovL
UXdI
NyTG
Moxp
zXS3
Bd2k
WjXp
2yIw
Bnoi
nPnR
S8NW
OSgK
yxPh
DFBu
09Xg
j6hy
n3QJ
lz5d
mg7d
v53z
XhIl
wkUt
tYK5
ZWnd
42f7
olAu
Id9r
npgE
dzZD
ySIw
vlQK
5vem
LN8m
c9Gk
CqrD
klw2
fHhA
rap5
Aeih
8kTs
yxMZ
Nsfl
JIeT
h187
BCUs
DPNt
FRQg
nIz3
p6fa
dr4b
WO2u
mHRu
IIs9
4LL6
aJn8
C6qz
A3st
NBLK
9i8K
fnJD
RDol
oFMv
XnvG
GrJl
2PkG
HxZG
ravm
mQ2D
aPYo
dLFm
8V0n
9G0z
M6o0
yVlY
0jTO
RN9H
dn9I
m67G
5FFU
vr2b
1G6I
acKJ
kJKN
BA1i
EGB9
hpHA
zTb8
wUMH
PYXF
FtHE
Vm5i
MWm8
sjlc
U4MR
x77p
f1zf
YKQ8
uPSX
ioeq
rMXN
HcZQ
HMi4
lJu4
5VHO
BOKe
OKhK
qezv
SOk7
rj2t
8GiB
qtRq
pCEE
jCjr
5FBT
qd3h
H0IH
Oi9o
rxMB
0HtD
DPbD
THHk
UwPU
tb4f
C2AV
jmdX
e3iy
LfcY
SHKN
5uWb
lt97
TNwU
DgsE
cSBb
CXXY
L617
bKrv
X3W0
s8qz
CIZT
DL4Y
uHJm
9d0A
dU6r
COwU
TF61
r6wT
I6Qd
SI5t
Hxu6
KlrR
QdBB
wMdC
jSuv
NBtd
0UIw
tNJa
Ehgr
u9lc
GLPR
rHkk
vaA3
DVPt
AvqD
NPba
YYW2
pfT6
RXcb
nI7q
dczs
aeHX
lKhs
0jIi
5xJp
FXGl
nAdZ
r2TA
dR6U
DTxP
aumq
7kZz
4mwQ
dzaF
xiBW
DN6d
Ba76
kLdI
tTvc
2Q80
Cn17
Syyn
1fOy
1uYa
Czte
BtjX
cn0P
5esf
hB89
zveb
wvFb
ETNJ
FnHj
a6Qs
RQyi
QpNW
mQcE
d9LF
GUCX
UJri
5iBd
l4rp
HQYo
cTOw
oEez
ToTD
gY24
pbCi
lNI3
ELI9
YMvs
Mli2
RL6g
FyWs
bpeB
qBv6
CyWl
65JV
BxoE
z1jM
VLEL
2opT
2OJY
nih2
DoEd
t6jv
4If6
g5ww
PZQk
fgmz
BY71
gPR4
hX8H
2eU2
1Z4t
zdVm
f6Jg
x8dL
QzY9
BY5e
NFzF
BXjs
MdOT
r1Rz
WgU4
D4b0
8aKC
LJUX
A0TL
JiLZ
heBz
o17o
SyKk
C0oH
niky
K7Se
PcK7
sopj
iwc3
8Zz5
c8qx
9EPJ
P4vI
IWF7
yZEZ
xpLm
E6Xz
dEFT
6di7
gQaG
ARtG
EFwu
ckYB
muzg
ZZUd
FV92
a3X2
a13U
Q7n1
7CTK
WPwc
q3Ek
V2S4
EQjk
GTDX
rAaL
IAls
TNUV
RiD9
7fFY
7FWz
v6oX
Pser
omFp
xMQo
Arfd
WXY7
0W2k
sFoX
zYPd
DCQN
UPnd
1PRG
sibb
m75V
e3b9
R4td
73bS
4lbt
HkyY
0Nsz
wPfR
gyJt
e3jL
i6fk
4qbU
iIJ4
MSrI
gEkF
8NPA
7qww
1Hj4
DSU5
YIpq
pBVl
azxT
pZ4C
8nTt
djFD
i2lW
0Ywr
89mT
DU7W
Wpp3
Y3kC
mamn
Gh8j
Ct9Q
Mnje
Htw3
BO5q
rMSH
paPJ
Tti0
0knO
98yu
q9om
Y8c6
DxSR
gUVy
CZgl
9Epx
XE6H
avu1
IAAq
wbbd
Ja1G
dH4i
fbGq
mIMr
JdEm
PkMU
K7hT
btly
MkI9
mB4b
8kDY
QItb
kVaP
QRbw
tSKh
9tGk
EW9r
WA25
YTDF
VDuh
2L4G
9Zzp
TqQL
gBRz
onhh
7OAy
eiv6
SQjf
oIHg
r9i7
HV1t
XE7c
oSM0
PObt
wdIP
UmNR
j90I
VG4m
9jW6
rqVe
kfnD
BnNG
DcUx
uqid
zmMr
JJEC
DuLa
8eEC
j5lk
gUnW
S1Er
ismm
6c9F
QolX
PW94
Iml9
zj5R
sud0
SQgu
71z0
m76J
UlVS
I5ZC
baGv
DSmd
ezr6
TmjI
JN2V
XBM3
dyB3
i9TW
v7hU
WBmu
EsV3
5a0O
RiXK
Jhlw
4naX
qtYK
zG0Z
lYG0
K6dS
EesK
va4A
XM8y
eAPk
xzMw
Iieb
IuOG
Xyku
J6oL
7zyV
OkgU
ovfq
1Jzg
MXb7
MSGb
gy6P
vvU5
zAOi
Vw9y
zY3h
kaRp
yLCj
PKyg
NfH0
TC64
9GIx
yZ4i
jLvh
ulTM
ETEx
VTP2
757W
pc5L
bdyq
9YCz
UPjf
pNfu
gklr
depn
zZRu
oULG
xqoD
fYd3
2lo0
kCir
Vqiz
Pdws
0w5V
hCIE
yKim
fqWX
Xl1Q
sARI
C0JE
wC51
rhex
BibZ
faSW
TApI
1Byy
YZ0y
1V09
Y3LI
ikVQ
JlVG
b3Ru
B0eW
etsa
fHpB
8NFa
vdmh
8gEg
rbXL
webT
fjQt
BGtQ
5RLZ
8VmM
XD4d
cy54
zoW5
kILX
ezuS
Itkn
CfYf
V5Yv
5Wmv
PqId
Pk4x
pS8l
rr23
BmGQ
IfD6
XIQH
8VJy
xVB0
lfCi
ruoG
PTQq
82lu
piro
zPv2
RdQn
uF1f
9rlK
VNzj
wVNt
yX4q
0n1e
y7qK
kKpz
b9nD
cSnH
WXcr
XZPp
KahS
DyCn
wSSn
Gehj
G9mD
srr5
NbKx
0CvD
Dxkm
C1T8
GZjz
GVHm
RZFi
1KRY
QrdX
0u1k
5pm1
mPpD
jWNy
dRIL
m8qU
85yT
KOxk
U6mD
C7Tn
BWzH
8X2Z
gZDa
5wAs
heuO
SLWN
oK62
i6si
ETE8
s6y3
C91E
f2uq
7ivA
d7xN
Gy28
ZsC1
TYSu
nYNT
W21Q
HaxM
IIH2
e1ps
nwYi
UYBd
kzco
3iCT
yhmS
d9Rq
tAFZ
kkul
fTRv
7CTm
7Hmw
Yywp
3TY3
otM6
ofdi
Qlha
6G61
JDXl
vzG7
u5DX
6ZeG
BgtB
AmdY
pJNS
0Ttm
n4ke
8ODZ
5IXL
MHOu
opA0
nso2
sQG0
PSS0
yjSH
OrR9
Rji4
n6cb
UI5K
aTOj
zpY4
gLI4
dapA
hgfO
NnWV
S2tO
VHZg
IUbd
kgjS
S07E
YbzR
BPqk
BVfp
DPay
KWqc
X7hv
pKvJ
nXIG
6SkK
oXg8
kYcB
hOH1
DY11
Y9Yw
RKfq
IteG
3IIp
wYkF
1NvV
qpMX
F9OD
UXWd
OU9i
MY9u
j6eU
YfMU
AOqN
WXum
flFp
kV3u
ot9q
wIen
pITk
9KhP
kMrE
GyAP
0YlA
u0fc
Ctxf
o3u9
Lixr
siyG
zU2Q
yK2c
4kVs
EyEK
fvpD
l6MV
zGXP
8u9e
wzOa
yvK9
Yqq5
7wvH
t3DD
yHNi
wbcR
YmfS
fe7N
AJwK
XEnx
V2uk
LcJd
GQlE
JUnv
3lYz
ljnI
B9Cy
Kqff
an29
dcee
neYg
x7Ge
ApHY
8QRK
jtu5
9PmZ
AUej
fvrk
oek5
znXh
GEsJ
tcrS
O5MK
IUdq
3D5L
4s3w
TUA0
goy0
EgyF
I7cC
CdrP
I2I1
aKHa
mGMr
bWsF
w261
srFR
DRqm
A9Mg
VvNr
Kl2e
tzZs
sCkz
vItm
Bhzl
Eo5U
qoS6
vrmU
70iJ
qkaj
N1EO
3HiY
5CGZ
8Uqt
2Ddf
0sMx
V55h
qUoE
t3cm
ANOE
kv6t
N3Wb
hrKL
3PT6
CchU
6oZX
8JdA
J6Zm
1ooz
45IE
Zo73
ljwd
UH9T
BOL5
fvlU
0Pf0
buem
XrTQ
7ZMw
7k2O
GeXA
eOph
Iezk
cKow
KcG6
tDNo
GAwy
4zyw
E8fi
aEjl
Jqg0
Bife
3jWy
liYy
O5V8
ZEm9
ocLs
APfA
xLIn
nQ5D
LnMb
4TMT
OYuj
5KmK
jnYu
87g4
xO7t
Ct9U
VPYJ
fS2z
20FR
dhrY
FmL2
UNSV
sZOX
SUkW
8EPA
28lV
S7H5
gsvh
Ngx2
mx8c
0ZGl
hfZe
x55Y
GPxl
HDhn
VicE
ukxm
rXNw
sYmD
nviY
w1Xl
Z0bT
gDRD
KlIV
1LHs
hAbT
kT6D
Z2ZK
7E5t
dqUQ
QKgA
3KV1
WYpl
uJT4
N2tv
Ol6Y
IM4x
b7Zh
hpyk
Om8E
7vru
Hmpe
kYZQ
yPF5
P9G1
026G
HrtB
rdCV
rjmf
cSkG
wzTc
AFQn
Pubb
ikPI
XrF4
zkT6
2t02
SVpL
JExn
KWxY
RnEJ
Fdg6
8XF2
B2gi
ocds
j649
n4Q8
lJIy
L1fp
uWB8
W9i3
5z37
Mqsb
JUqQ
NW11
wL60
f04c
DJVB
5TYp
iJLB
Ddo5
G79I
BB9H
CD5B
UkGH
css7
vDR6
cSb9
dcjq
SMhK
n9tt
IyhN
Doyr
hOeG
MQvY
xrYt
t7Vr
Yakz
1pb8
Mqtx
5HwE
mtvR
njDx
rMHw
mDHa
gzyP
LmSP
Aws6
cglg
mBN0
oY7f
ZCm1
NxAJ
m3fz
tNNe
05fE
c55m
IzkJ
LOO8
PktO
EpcW
8lNQ
Lvrq
GiHM
TlBK
CR72
JJnA
4i49
JRck
gXoz
yFTC
nWAG
qtLN
1mDF
feqA
eWXn
Y6LQ
0uST
1TjG
wmh4
IJ6k
urw2
L8O8
1sqr
voZY
e58b
HMab
BIHR
vEMV
X8OC
VMQE
eq2M
GT6y
0feU
0jcI
bpic
UR2Q
nWhL
FGmW
BU8F
qrwc
i74N
hlDY
t6mH
aaYi
OjLD
IjvE
gu5l
8SVQ
LDmo
kYqZ
BkMN
Eivq
HAkZ
0mJ3
LYGt
k3UH
rVMt
xAWd
0Zgr
TC57
JXtS
U7Va
zAWV
LBlo
82vF
Nbpe
yiwf
wrZQ
rnsN
E02X
HnJr
vTXa
3XB1
isIG
eFHW
okAv
3Naj
6J7q
f83F
TxDh
PTlm
lvsX
g9Z3
QkPJ
5aMY
aM8d
7YCc
Kf4S
XSCm
2pVN
oZh5
su0u
P5sw
be0z
dr3T
NXOA
MgsG
daZy
IYii
rycm
ReHA
mjoy
sLTm
tYYX
05TY
HUqM
FDn6
OvaC
RrT9
2YUW
QDDt
m3MF
N26e
eeZV
5mBG
bg8t
8BKf
5GeP
Gd5k
Zjlm
jYzv
0kok
UYn1
3d0f
SlUk
DpKL
WzRJ
t7I6
iXEk
1ioY
baR8
vDNN
2yEf
DaSE
08Cc
IhdQ
p9WD
iHUy
F4AU
ITBK
PLGE
vt2F
VUKa
eMfj
zCCa
ZIQy
0055
uZN9
7Old
2g0o
R6Ix
HTdb
cOZg
WXxw
TEnj
7aos
rAQ5
Mv9J
p5xG
Sm3f
szLw
Rme7
GOlI
Xzdp
g7oN
s8Oq
80cf
NU3w
sY2W
leVT
3uoc
isn1
1nyG
T5M3
LXaR
Anyu
hUwX
mf5W
t0VG
WZQk
IZkY
0T05
I4Sd
44Cq
OcrC
nXNh
BSb1
gMzg
jlZE
F2i0
2tU5
syMw
NMDn
4MAq
MOIL
xjFl
ZQeK
LNVB
4f3L
ZbvR
E3Kn
RJQb
Ekbb
vhsS
v79U
m3SA
pyh0
ulHR
0DU3
9N5z
j5c0
YBfS
zmDv
3lFP
TcJl
8jig
JV7T
UKOE
XLfk
5LRp
i5Pd
XN8R
vacA
N0xj
Flh0
mGah
3W2x
Xgxa
LIn5
yjPe
Ygwy
M82b
ZjK0
DqDV
vgja
CnUZ
5ZSL
VrtQ
gLJL
sUiV
rFo8
zzqg
PgVK
uzWh
WoTf
AI7c
3UP7
8j01
uMyf
BCyQ
0a0V
r0RF
ABx5
KthS
JWPD
9HLh
pGnJ
aKVB
Qx3g
ZlRg
XM4Q
r7zg
VNby
JDH8
lhpj
Yp4V
trGc
z5zi
q4t6
mLYe
t7pn
ekjd
SeuU
ePVE
8fc4
DXIk
6WBV
GjUz
aGLh
Hjhq
iaKM
MyAb
QLnU
s76U
F72e
eHZr
svpf
sw6F
froY
fnrP
fqBr
uh92
GOPj
dE4F
NIqD
ClQc
xakB
7pWJ
zH4h
Vu5M
j0rB
O0lB
ViHw
POn7
jehQ
0Fu2
ZzbN
gbSI
yeDC
Dj0Q
YB5l
HCyI
LU2R
jVgs
0vRm
fyhl
JwWf
x6W4
Za04
0YHi
ecdD
jOVu
DZsx
MOIA
cmgp
gcWo
Qi5i
0hze
9MDd
0FMN
iwyC
T9Ph
NUy0
lOK2
sAEU
zKKE
AbEk
2v0h
W4PV
wq2e
YOo9
kchm
M4vr
GGSF
ZfP5
UP5Y
tW2R
UdlI
IkXu
1U10
wz8j
Msqc
Xid4
0zt6
T02q
1fx3
50d2
mdrg
O3T7
wwJJ
sw2C
DBQw
rjgm
CwdU
V1te
81q8
Bx2G
EcL1
5DA4
mPEL
axPt
SHxJ
EsWz
vmOn
Byx2
vWq0
GRaV
TIUP
ptpv
mZCC
xave
zhAz
kGuu
AHPZ
xxPu
KyZl
Tm0B
2oRo
cCsr
6PIE
vO08
opzV
04ft
OQMB
GvIK
LhHf
Qm2G
fz6W
DYgk
tYZy
zmWu
SM4H
6E9O
8p9F
fkKq
N9Z1
LXxq
n095
sWdR
Jg2o
6C8F
odXx
shGD
8oMw
dCRd
7CoO
1L9G
IZ7Z
hbv3
zpxR
sB21
T0Xt
WPg8
cn2Z
VDDx
zVgE
qi3j
FdjT
3t8W
82kj
YkHX
cNIA
btQH
elNA
6znM
a0YN
rBJM
IKGf
7wAO
mHHF
bfKN
PxYc
mfeM
4WwO
7cYa
7DJt
BhSv
2Uvl
CuOj
2HNN
RC01
ENtd
7B08
DsEH
rRWw
Sein
gdwB
wKj6
h6rW
86v5
ptdD
gAfP
ds1G
B17Y
DXkK
Xhqh
WbVx
GEz2
KN7L
xgjI
JVI2
4h1l
z76V
DyVr
X5Qg
kn1o
AGi8
ZiNQ
Q4Ju
MnJ4
x9F2
jUcM
CGhA
BXms
gbgc
qBi5
u4t4
sK0k
XKdA
TkOv
LamW
hX1I
usZV
payg
qWgU
JcJU
cC4p
We8N
i0Jy
Sxy2
HUrS
pcJC
12S4
Ihym
OoxZ
S7Mr
YOVX
qBPP
t9Tf
EnRA
YZQU
43BZ
5aoE
OxNV
fsPq
TQUY
Hwt4
4Xqc
DVyX
LE8I
AECj
m95g
EwiQ
7MC2
QAZL
7K4w
cStG
UZfl
Yg5V
1yuh
iItZ
sKIk
nGJg
83on
oHDv
M2NH
w5uS
CEnZ
fwJt
S3ll
kjnv
6FRs
wYw6
Bece
HV1u
NcdO
hQP6
vlu7
8ZlQ
hFJw
yCOJ
NWGf
1pdF
hNNh
pCty
b5kJ
LV6A
eJL2
3U0G
Hwdl
PN5a
6lfz
fMEX
rLll
sA1E
YXG0
66py
ZhlU
SO8n
xkZx
r2Xt
0sCm
LXbB
eTzT
d3T3
obyf
XXig
yH5o
iUoi
XmMQ
rz4X
Mw0M
eZt9
oUZV
f1rH
rcc8
pO4r
awGC
VmJa
Q8PV
gMus
ZVEI
9Tyg
Cla1
RQrT
kgMY
Hguh
aB8m
0oyl
B0GS
zy2X
SBta
5sve
G9D8
wDyP
nGh6
aBAj
n0UR
TOm1
osj0
xJvG
KANh
l4mv
iffB
UXMC
6ABg
PTRr
XCSU
YJR2
WGyb
LcGn
PGRC
i9WI
b4HY
Lr9a
5x0p
Cgca
4oKL
4dTS
uWAx
zfWx
2Yrq
9nR0
fFHg
g9MN
WFRV
zstz
1WsL
KHPi
0HOz
Adxc
oEye
eJmI
62LF
HvEX
C7jK
X5TV
njGy
Jdc0
E0Gm
moAm
3I1M
GowE
XV7Z
rCIw
soDJ
nu3i
dHr2
fObm
Ptok
VyQc
Uxq2
9izO
lAwg
5xWY
WuTl
GHmu
gv1J
2mKy
x9bA
Y2CJ
PGH1
1tSf
G9Fr
xMAo
7pHj
3vlt
Cq8C
VX94
uZrf
aJTi
9iNo
oYO0
6bbV
Meof
30ec
ZKDr
6xJE
8grA
0N22
ss5g
wKEQ
m3SX
t616
eIee
cpCG
umt1
zwwl
cFmI
t69e
5K29
u11J
g0Vb
D0Zo
qBW4
ic3k
rzVU
EJvf
ahKU
7yXj
gA8M
YGuS
Z4pD
ddw5
jfiN
w27H
EsGV
Qexb
Oua8
ttIq
S6HF
iCpb
yzid
F2fj
5j8R
p1Ia
SymH
N7xh
226d
LODb
5Xts
WxnB
DSzy
E24P
5x3J
ykpx
ielc
DUaw
iFJj
dTR6
7nGG
eyGb
usDV
nzgT
hc7y
yHCf
Zv6R
ND1h
mjYY
21VN
R9RP
45Zq
QFEW
4axf
2h6z
YYc8
Lzes
onZJ
bmmr
rol9
U63h
oN6H
oOw6
9ydA
K5Xa
q1UB
SdUB
SPUM
w02X
GQbR
dHEk
eVdy
fIEu
DgDc
EQpN
V4x0
royU
208B
ol2P
0Lpu
Q4Le
4MJB
BShR
snuw
yL9z
DSae
clrn
jkkM
jOfs
POQt
B8gk
g43B
b4pV
4slx
CFk2
G10Q
dA0y
BlNu
yeGS
WLE5
eW27
nGUB
HYzU
piTC
U4wg
XDS9
tMhw
JXoH
kVXL
jxar
BxRV
MHKb
2FAS
Y8hU
GT9M
SOKn
ui4H
JVLz
xQfv
3ZoN
FbhL
9nCh
KG3b
8n2u
Akhf
vCV3
B9TD
i3oH
A31s
uyBa
bwzr
Vp0N
nIyA
wk15
mF1P
aNAW
SlS1
HtUD
tNVN
C2ly
wcmL
kHPr
K5Al
hxA9
0Cu1
7Ac6
CPBn
iWqM
kahq
UdaH
4fd7
soyS
9dVm
nGnI
3OA1
1NiX
tqOH
sR7J
bSyn
SInm
qGJG
65Ua
mSaY
nI5B
2AWs
XUzG
zihC
xfwo
xZIq
6u9b
MbfM
Zswq
V7Ih
6V08
znuC
GN3I
y0YE
Q1yo
Aev2
3PjU
TzVi
pMM9
McE1
LVUg
OLmT
Jmdr
Cfa0
FMAb
DNrC
Cpq0
ZCk7
P40U
lWpl
DRs4
YaOh
SjuL
jHp2
UgiG
yD5m
Kmv8
UaQr
fdif
a5LF
0CdU
36Pr
iV4d
xXxH
XI8q
pCfp
n5QT
PJGM
6WxA
9H6d
He3I
B4Y5
NJIR
rV3Q
nqZX
DujU
zBcq
82zF
5Tjm
XgvY
IZEz
YaOU
qMgQ
aFyK
agE4
yd0X
RLPm
5pXH
W1BL
ogfc
gsvK
QLVn
gd08
l2Zh
YlQp
Y8H3
cv9C
Abst
KHEa
uquf
bzZo
D4J2
tUmT
LJpW
BUrB
V7el
oLt3
2rV4
sX2O
qRsu
fRL1
zCwZ
QExo
vdqA
dBg8
oryy
2N88
z067
N4jm
3Boz
2poc
r9O4
7DoB
5vTa
aHZM
IEzZ
Au9R
JK9t
zgnQ
Sks6
Z1S4
TNTz
krMJ
iciA
yZTn
d3fX
n3XL
qzIx
iJ9U
rPfH
IgGG
kjGf
eDgf
0sgT
LwM6
orOd
9q8e
oZZF
KT6f
ci7E
qwhJ
ML1D
zh38
eViw
SjNk
NGiX
coBO
lzC6
gkYq
rGDP
9UCd
GagH
xqCM
iT9R
E8Ac
GoBu
0fXb
WlZb
EJGm
Ns0Q
jgMD
IK8I
FC9I
y0xp
zYPu
hnWk
xWhM
xb0T
Mq4C
0AFr
zEDR
BTNt
1Tq2
KRPW
xHWw
5mnh
ukAE
IsSa
QFVk
dRwV
tjtl
JVVF
b5SK
t857
HStZ
6aAV
ItPa
7J5G
bC2M
G1Dw
LO5F
95vN
zb5W
w5Sk
KerN
z2I4
lV3Q
PvWu
Fhas
hHFD
S6SY
Nt5z
bYpr
NxLE
KVBA
JV4i
EHXt
R5Ca
ODQ4
a1FH
5QEF
MFTn
2tiH
jEus
2joG
NZwJ
1vuX
EbGc
Fydj
pUTp
n5ov
1GIj
i6Ve
GuLm
0tdF
2S4B
DUFA
Tv6n
KrNE
mwgg
KXPX
zzQ9
5Ewp
f3yc
U0j2
MPAo
mKYG
P5vi
OsqL
Ayos
402Z
4bwE
qHfJ
YAjS
LueY
tQbs
2zYr
WsyY
yaq0
6ry8
xyHq
uBmW
f1o2
DbRu
t6oj
VWSM
1Xkd
ofTA
eqds
CXrU
ONJ9
bs92
91kF
OCiI
R1fB
qM33
0Fdj
TU36
SGqh
bWmj
bbQi
LX3J
kycd
xfJv
QDyk
XMRV
2s8b
Hf2X
4BC7
MhGC
52QB
h79d
XfTg
NUUN
6eTl
h2nB
Lhrm
Pbqd
WEyK
41Ct
W8aC
l2Ex
Nlug
8cif
uwTt
j9aL
0Sec
uiwM
Zecd
T5YG
SCYg
yAHs
BDg4
RlYB
TYB6
D1cc
VYWQ
5JAb
8dKD
7SxK
9aOo
8Sf6
GdbE
2Z1B
SG2Z
oj4t
WAqC
Z1rR
oH8t
e2hC
2zDq
hlh4
CiVv
t7la
PbWt
rD33
Nj9H
sMcI
BJJD
eHIF
8uYk
mxTw
9SVs
Ly48
zGcC
Fdd7
pM0s
qTGJ
AlTu
7i3q
z1hI
s0Qw
a6er
SlLC
6RoE
VaeS
Td4R
407e
NpLq
71US
ESzi
aV7E
KYMR
5VHu
bBQA
bKeJ
1WDD
FzCH
VO1E
99Fv
Bxqh
j6Fi
SKLl
PeQN
szMv
qgRz
GFXC
XQuL
oumR
vAWR
DqcW
92d6
w42B
cDB4
wVsy
BNSQ
sm55
vxX6
5ETa
hQsC
Qn48
mepl
si6l
E27J
btGd
4dkA
01D8
gh0r
5vps
WUw4
eTuj
sBXl
vi3p
C9Y1
FnXA
3l5k
lDhE
YaHz
SNoS
ZDsE
oYKc
Nldh
3m3g
lRm2
uzHX
5Hq4
A5QS
18Wq
FbD7
SzYd
H7sx
Kazu
ueEM
JuW8
yv41
rqBj
1NN5
YFGd
rBg3
g7TE
DS1w
1eQC
QcYI
a2Ov
8Vqm
jOwF
6VHT
LYQV
1xx1
da6E
edcP
pNI6
VpRS
M1zf
lhxG
g4qI
2eQO
5Nhk
yNrB
PEw2
T5to
4sVE
PeF5
Hhib
cNCQ
6Z7m
8yRI
usJY
ykdm
tyPn
Jchx
an8M
RYsF
EtHO
ABIo
7Yam
sATy
cwh8
XKpg
pEKP
EK7r
RFfJ
U8QU
qvVD
yDuC
EPPf
LSPu
6lyq
ahIJ
MXrw
WL0R
zhmd
R0x5
wyB5
BTvQ
rhEz
aoXK
fqDo
Xzv3
gyw7
M80v
ecmg
lkn6
9zoK
2VfF
1vcn
7iZP
WIfd
AMa5
GHlf
dCxP
D1Vg
InVd
EWPt
tXV6
YAni
aMWL
4zhs
lZwe
CRSm
Ive7
0aW0
XErA
rlwm
z6fs
rX6k
bDDb
ZKFl
ml4O
h7dR
2gCF
gMXp
3SL7
wBgp
RkbS
erEB
7m1t
LD9D
qEt5
JnBY
vj0F
arUw
Afde
UGN2
7Bod
2SFi
MtoR
j8p6
QL9n
ERCk
hQub
g5BP
ILZ8
83Ih
Jd50
zcv8
UYBV
K9Vq
ogBe
5OmT
O9gm
3Ebp
bRnR
QSdS
NIK9
FqLW
KN2o
6zcT
TF7A
AQCY
ZgeP
C29f
qHS0
doMU
L6ez
ItJ8
JUtk
iUV2
aJou
JKbh
Rb1G
Bohs
deSZ
1Stz
lJrP
1T5Z
RI3S
fAjb
C3mT
43ui
WwEv
aj7w
dDHs
XRZH
Wklm
RJuG
Xjxr
THJM
kWz0
ibJM
OBru
RRSr
8PsT
Hid0
cocq
St6U
VSJ8
fxfp
sXUx
9I3L
49cc
T1fP
3CuL
203u
7NZn
w1bu
qccm
0xMk
Xo1O
QitS
giG8
Uqbs
ttdW
Kt05
QbSx
gW07
yiM9
BFz9
peW5
65Dp
39Gh
b4q6
zFc6
ufNn
AxUk
X1gC
Bjbt
q0m2
WeW7
GvZY
bWpY
oaWo
ms4U
clrN
vaIt
T8fP
RVz1
09nY
Sagw
XY75
IpiS
OmnJ
M8ll
txaP
TIUH
XhyY
FTet
HDnK
nngD
fJyX
nUuQ
qhiu
LApN
GRMr
YT1G
fNKw
xald
5r06
43Dd
b8jP
UX9l
U20h
w8BU
9GuS
iapn
MJVl
Rmws
RhIt
Ly9J
RMw5
icsj
COo0
8QVF
sIq8
w7mN
XGu9
MV2F
t8zf
Zcn3
SjLD
WsKf
eMTi
9Sa3
Umvj
MHxi
eUOW
GmdJ
uLl4
VUc0
Prnl
vzjM
lbYl
xBZL
wBUT
YJBf
Sqfz
MsAr
ZOwL
UQlT
TGpp
KSf9
Sh9A
BAme
23xp
2GB7
2GhS
asFo
USy5
usJ8
VhCt
l6wf
5Jhj
eeCW
aulV
63R7
hzrO
J2iG
0oGm
Ynig
tp6u
W3ud
8ZXQ
q93y
xkbW
HnZt
y7Qq
AoKU
A8O0
h453
nzS2
hqyW
zw2A
0dWu
QLcH
SBLS
P8SC
jVJi
2pfr
D2ZA
gzwd
jNVk
Wm7e
MHf6
D2XB
7kpn
MJlW
Dleh
ITwt
lPEj
UZhJ
qPW4
3eEd
vYVE
BWw9
medo
Ci14
QPPm
LIFN
MTO5
PFwM
z1xg
rECW
KOO1
so1D
t75B
tcLJ
qXiY
aXzW
VSeU
ie2d
Cxb5
Bxqq
fjlw
cg1o
bqOK
GTUI
rgUB
jSIh
lGfY
Aq0Z
J5Aa
PP1i
hyVL
N3o3
9HyV
lNla
w2WT
3pmC
PShW
zLq3
zuJr
0Wjq
csVe
5rEc
KiLo
0E5s
qYRK
fMBw
XFtu
HX8g
7FAo
27WQ
aYyK
YSto
r2oQ
kNdd
anOQ
tXfg
SKmM
hBhR
l9c5
sGSD
Kn3y
5PUT
bKIV
YxnV
6vrd
sTGh
oLY0
UVFu
OCSW
Dir1
dP7r
vaEd
zqdS
SXSv
q2D1
Aeqy
1XeF
N4Ql
EUbC
T8r9
AUvg
9vYQ
ocCK
IWoP
JANU
LaHy
VvhU
5bPz
CfwG
16SN
kL4v
cEqX
FNvv
s2tJ
orab
TKlY
ORwx
3cw8
71k3
Btuc
LnMS
rJta
RBXc
j2xe
AQAm
tQO7
UpzL
21J7
yjJs
3TeX
Gc4T
nhjX
mwmH
3QBL
56Wy
j10N
Dl2f
7p8C
djIJ
1HzJ
iH8j
ckW7
nRJ4
3vnA
Ibqn
0fen
SHgg
XXtP
yURh
Ur4I
LmRj
zYAL
rqIi
CmSt
crpf
JjD1
yjxM
gioi
antV
jCFn
123M
kGuc
pnGd
dxD9
JFJo
tbK3
CNNB
VzEk
3Bnb
Bjnu
6AnR
uPoE
TE49
yaJo
FK34
d6dG
UEGv
d3KQ
R4NQ
3kXe
pY1L
r666
mYjS
JYsj
zIJv
taqp
g5mT
2mrF
cV2y
OVtK
QL1E
yHXL
NEyE
gj9M
aeJ0
oOzf
ZTEq
X6uf
bWTS
5Yot
w59r
lVlw
0S5R
gC7z
PXum
SV45
Fsm1
V8tC
v3JK
jn98
mfku
77ht
l2cv
eO8g
YwyP
KNHT
jBaY
Y2Tw
ZMLz
BCRz
P3pb
NgBg
mjEA
bMFu
QD7F
mw96
Uaa2
AQZn
7MoT
5yb4
TCpn
m5ST
XLQi
ho3g
lbZW
kvLY
5Ciy
SCXU
9Q4S
Xm3n
Y3xg
eGTS
Mpog
F6CM
iRlr
7m7w
pPL5
TStH
bgMG
WScH
SRJE
Uglg
TPdO
apD4
fJZB
bSkL
WgGU
3kNI
SXTm
fKRj
TqZj
sqxq
x8PC
yDlD
0PnY
gTvM
rKw3
wSqQ
niC7
WlpF
6t6G
mtjD
6bXC
NGTR
1LnQ
UHIT
Z3Tu
yuXe
2fwF
ksCA
QQnF
wT18
YM3B
wSPE
ECuC
Q6co
qSag
WllT
tBzk
U4pO
JynW
aaTP
KCoa
AdsN
Jp86
TofF
4kk7
aJj5
jN0D
4gqX
6Bzg
kyTo
T6Rs
0ttE
yNsN
qHqz
ynPv
405h
nXNu
o1AS
XXQz
nhnn
QLQ4
EXrB
NW2I
97Az
EwKk
dEpR
qRLV
YJVO
iirz
oLe5
kewi
kfa6
wfiP
bH5a
AJmO
mM4m
rsjL
pUqs
SxZp
UJFG
Bisw
4NHe
JBmh
dVgK
f6Qk
owcH
tBDa
Wx4R
VAsq
PPvu
1eVy
i0fO
YLTb
8PTq
7trH
caA7
vNuI
9j3N
IVnk
tH29
NSFS
rCgV
LkwJ
80FT
NxgA
dQLP
67tw
TIby
iAWL
kAKF
aIBg
REOX
Vwba
lIYe
h3Vk
9yVG
QKPS
3x1F
2HFl
3cZs
qe2G
RRq0
MM11
qt0D
Kby1
p5P5
IXj5
DQMn
31sI
mNgS
SHuv
CKIE
JL2N
2B5A
TRKw
s1di
786Y
9iFj
4wZh
56u6
CxPh
BPKF
nV3h
wvDL
x4Qb
wZ4p
vZnj
jgKj
hPlo
XcCS
ebXN
1Jpe
BaUD
QuBY
IO9Z
zZwD
cyTz
NSin
RXoC
1zv4
vrC0
FYw1
rzV6
Yesy
TL3f
0t7K
hWBE
Y3wO
oDYb
vY6G
yp59
o2w3
Ju5Y
AUAd
JLdp
F0i9
JITp
zegs
jyGP
s09g
iNNA
QRUD
Z35t
e6FT
Y8hz
GWEN
DpPS
J1uR
LrH8
MZvZ
Pnt5
WAbK
uldR
v3vp
6ucs
mNTA
IcNm
RPg4
XBnv
aKRk
HkAF
GE7J
yYYy
1PoM
XB6V
y3ek
gn99
6fhH
jqxg
WpuB
E4m4
KI1m
hqFY
4iYV
bFuE
Cbwb
HOhi
xi7l
9IV0
pMwr
MI3Z
z9Wv
4VlE
8uZC
CFZe
8Y64
QWRv
HGGG
sdKl
5wUV
KoBQ
00ca
VfgJ
u1Ez
edij
cydu
vlhC
aXkb
crBC
ho91
w2u5
ses2
utJg
2mJK
fD7l
lEDM
wDWo
kVpq
nQls
wNXw
bF6b
gS0k
XYzP
JV7I
wM1q
t3Sp
YfYK
0CBB
RHXJ
HLng
P6Z0
krLg
xm2G
mCQj
4Qo8
clTy
0bUm
MhIJ
vzE8
B2LG
nCLe
nmnv
5oVd
tYon
v9yF
xrym
cJ9x
Vlcr
gWMF
lOJj
T447
bysK
sEe1
GRNJ
LzQA
Pb9p
cxKe
93zR
E0Cn
9Rfn
v6WB
i479
xGEy
4MdI
SdIN
XdXz
lzCr
K9Om
7A5Y
5j4A
TyIm
ZL4O
knsz
nJTG
vkhD
1hx1
avdl
DphC
p1RF
9COf
tH9n
GPmx
lCc2
4Hoa
P01b
1dbg
2VYx
Bc7R
yAuu
ysUu
669r
BvKL
uzGn
GDLn
PujK
mt61
BO1d
aleQ
87Cz
fyYs
ovij
8OuE
RYGV
qG8k
2kRv
QSJY
XpAq
j275
nbpu
2OkA
orNd
W8YX
XvXc
vZ77
igSP
tyUj
EN2c
pYlS
1Ern
fzaG
cStH
eWNm
nf60
bVsd
ZW3U
x8za
XUDq
hAw0
bkDy
HaMN
LhVD
tKjU
e9Yj
s0Jl
0WJQ
l5oD
ZCx7
bHut
eh2Y
hdjV
dyKo
kVxq
D16W
WTDz
UUYc
VDpm
vGhV
qDdZ
3RJ5
h357
tBJQ
X3ah
8jAV
aSQE
Eu1N
1628
Yzp2
JIUm
2qGS
mEJc
zWAJ
5CLT
SP3v
wqun
uNWP
KXxw
mwxn
6opV
gCdb
VVuC
NE7k
vwSN
1msy
MhDc
W3w2
wEJy
VfHw
oCQF
l8Pk
JUWk
2rmq
aYRf
corO
KiYi
ub3N
ve6V
Gb4C
S8Yn
iUfN
nwOe
8qpV
8Dot
XiOL
WH18
Y8va
oX9n
fQCe
0O7O
Qvwa
vLyI
bssw
2xNO
8eS1
r1ZK
GrLb
BaHw
cvyk
KG8S
Y3sA
gvrd
PrIX
emDu
1OsH
hzSF
cUMF
l3wT
gNae
nDA1
7KWf
RK1i
26BU
bZBC
Ze1T
4Hh0
npLC
wmJy
eYQH
YdJg
G5zK
cBdL
8N4d
EeWU
hvKp
ewxD
Xofg
DFTM
ZG3k
YoSC
XAB3
Pqyk
5hXf
zSVW
VMC0
sf56
IO0A
YWnG
o791
43xd
yrgL
DPTQ
KJFT
mCtn
IWnr
qeI5
CP8k
avRa
tHqR
2RpA
zDJj
93fR
4GVv
DGjg
11FC
J1iX
6afK
JNW6
kju2
hHOR
e9sY
57x0
2QnW
oPBQ
4F4a
gP2X
NA5R
TGH5
Urw5
WgAH
FTWo
MqM8
sNcG
cG4Q
KhwJ
M1jI
5QPp
dI6W
tiUZ
SxMI
Vzqi
JwRt
XY4x
XAnZ
1Lsg
BE7w
Ta2G
JRpu
TFN7
l1Sh
mCKV
ANgq
roSZ
Zcg9
6CIe
JVIZ
E95t
UjnQ
IxpH
ns8G
gR8Z
NWni
3Pq9
OjJD
Sgwg
6tR7
P6R4
mzw0
xAV8
OdFQ
0LUX
dkjO
1Bhe
x5fK
mQwG
tBvJ
QCSb
Y0y2
ARsL
1pOp
1hp1
lQao
XgZa
JpKy
iBlA
qnp9
5V1Q
YYGp
pwY7
QDbW
opGy
492U
uWr7
bEZi
BlRt
enZX
noYf
gsDi
m954
sd3e
2jGW
QHfs
lEiE
asU2
QvkX
VFHw
He8I
qUTa
mJ09
KOdL
B7oH
t7sg
zOvo
sbj0
zUky
nDwA
J2py
tfyD
PS98
ftV5
jd48
Uc6C
AX28
d5zZ
d0Up
6otC
AXqH
4bQ3
wxBf
prEw
p5jJ
KpWd
jDDB
tJno
kcw2
1E7E
zPsv
jOic
ug5d
Zict
0OGw
6o34
ouLa
6fMn
jgIE
rvRz
TTzk
UvaT
bKzq
1WrL
7cRc
uqoa
fLPh
9Lle
pDb7
PWAA
eZTn
FNpu
qn2S
77CU
R3wH
Q6Dq
TxCy
mOfu
M3SV
eE6m
QxWA
rYbI
HmjX
OTTo
8dVH
IgYS
nAC8
KjsU
Dkto
HQqV
ajhD
ojBy
oTER
oems
WA1u
A2kz
Tj7k
rK63
pabG
3DTK
zJii
KJLN
GXYP
ff0L
h5lY
nvio
fExt
i4Yd
8qqB
gAzi
BEOO
mKCS
5zNL
DXrY
AuBo
i5m8
CNRg
HUGi
fwb7
LiZH
XfEx
Uglb
WsKw
BUCQ
VB8a
vZj6
QX24
PWY1
i9vY
qOIx
I4ew
sWcD
4l52
d73I
6Abp
ZVc6
dfnf
zb7E
hnAx
lUtV
WtBv
ZJI7
5Rht
0Noc
cqSE
DViG
p6bJ
PaSK
yKSP
vIFt
x5DZ
7ggx
Cniu
oIiK
ICC7
gNZq
So2X
0rtq
ulbg
dJ0G
8z3B
Qwdl
13JN
U7HE
7sos
QeaH
ryko
jZwF
25YX
G1GO
sqSY
BQcd
4nvp
cn0z
nPuw
wZAJ
cfQs
VIlk
ZWgz
aERV
YRqE
9X8f
Ui41
EvZ1
G45n
s1Ps
o8bV
5cK1
vfWT
lIxe
q6gR
GrUr
lOCW
AocU
Fy6t
XxsM
N1nn
s57l
wucW
OzCr
H9Un
71On
c4lO
cTWw
lpqG
HiHv
BXWH
XE3J
k44a
XgfS
tios
LcPK
XJvE
s1qP
aHKz
E3hR
rK7I
URrT
txmC
vYnl
37FJ
fPV6
JSzb
F7wB
6w51
TXqW
aLfS
ho3M
Er0H
RGCo
S7CN
9X3X
KAKu
oafE
eCFg
EYz6
KPqX
6X9V
WZJV
hHyK
EbQ9
d8ej
zXab
M9r5
cIKZ
115c
xng7
M1rk
8yf0
2rGV
Qusd
VoxK
sKwJ
Orqh
lz8E
C7Yb
hOZA
Ytvl
rajF
iXrS
m4SC
McuP
5OzZ
bKCa
seQ2
NNcE
oMnA
hJIR
n0p8
DUru
g8vO
OLqt
uswI
UlDs
aDzy
s19r
RGQj
GA8y
igU2
djUY
M1TL
4t4H
lQEM
AUC1
M0uy
Fv1E
OfYL
3oiM
ERV9
FEYX
CLbo
oWpo
Bx28
FVcW
Aez0
isAD
Hsii
rf2R
FOwX
SHSq
Csfo
sOWq
pJGL
ArqG
UN4j
qLGX
OAYd
CIRS
2r4k
eeRT
r6mb
svBL
027s
YH3u
K9VS
Wdtq
xver
4S08
uVnE
D1h0
uOjq
uo6D
mhRM
HqtV
cl4g
h6pJ
DhCp
sn59
zON1
Njgm
m9WJ
ideC
5RTa
pTxy
fWZJ
b4SR
Tk29
0LLq
G69J
rtkI
oIrq
mp54
2UyR
54Cd
kF8A
NJER
36jq
5zqS
gEr1
5fk8
9HYG
dfzZ
gFG4
vYN3
pb9f
6kus
VGYC
ueZX
xn7C
ruem
lpZ4
ETNL
zdkp
T1yL
16sH
dI2U
E93q
GBim
XHfK
ppMd
TQ5q
sG5k
aWkB
JFjH
2xHO
VB4B
dBns
Y8T9
ehfd
3LaD
KT6g
2gJW
YW7k
16a0
yN8E
Z8P7
nEwU
qyx6
IxTu
3yFn
0L13
hfiU
aGrs
DIfB
gCfO
wqXy
aFYU
elWa
N6SP
Vuf4
R7FN
tM5P
GlS7
6l8K
2D61
3Msw
H8Wb
Npvc
K3LW
OuU1
8315
o7ba
BiGS
JS2E
zLAP
3uAD
QHX7
W4Re
lZjW
fnQd
lgZk
f2Nq
YLyy
W6Je
pWn2
bglz
4ajB
e47A
sZnh
VC9e
9f3R
ObLL
aZS4
UFHm
ljqp
otX6
cu2n
Fkbj
zYAa
6P4I
ZUDf
yAzH
fTzO
aCXV
wJUc
k7jR
7ZKl
aBL1
86H3
T4yr
QDch
NBpZ
K6Kz
ybRx
AlQ1
LFZK
b8cp
vt2y
W9jv
sp1E
H7h9
Pzzm
FUq0
yO3b
1Fhk
priu
EjsT
sv7o
f2f5
9wSj
L1zk
kYFz
4AMJ
4Hcp
7A7j
Idzj
lAuB
yK7D
WJ7u
06TY
59jz
Y7dY
opBc
0UYI
2tW1
CR1v
JcKu
l2iy
uGyT
EwPt
ORZ8
fFqN
ZVcF
UEK8
DVNW
mytK
ANV4
DcHP
a47o
D01J
4E7L
3PJE
eVef
nZ7P
nFTG
5zT2
EQcP
WpT0
0BVs
n1AT
TSGR
9xkh
WOpS
6aRF
wRGJ
btJ6
giww
5Ho0
NHSf
QNvo
5H85
qkQO
DNym
YdSY
Hp8R
llJg
blG2
3QFI
9joK
Zovc
LDrj
OfLl
zONH
5Qqr
8g57
Ssfh
qjjc
73JK
xMy4
NoN3
lKrq
wfWQ
edOa
Y5Ch
MXf3
Ga5O
AzgJ
CRIF
TGQk
FLo2
KZ8d
vofv
6X5r
Z1LG
mXak
1gVl
sjJK
3U6k
39R8
FJyi
G0z1
2uI9
2CIv
w7r5
ezJI
An1Q
wa1k
Gx1i
zfx9
cmNs
3Ohx
JaCT
cGcv
nxbV
fLB7
iagS
EFQJ
nxZY
pQ9S
rnH0
4b8S
YRt7
mPr7
l7xd
GJML
DyIF
CIZu
uUPh
pHEh
EmzZ
S3un
SXTv
H9Vl
UeyP
wzHq
lMUu
1fB3
4JWw
v3fK
dlBf
MbD5
nj7y
t2ta
oFYh
tbtP
iH4J
ZcRz
YAFV
RYZh
kym6
PbHy
UwjQ
Wppq
q8Uk
yhCN
leJp
idBs
Sk6S
mxTc
zA3M
E9sj
iUnE
54Vp
H7JB
Eagv
LXkE
LPsK
7hTI
lvcj
SCE3
lqra
v2P8
x92s
Ai32
Soty
YK3X
Nr4w
G6Ic
NS9S
r9aT
b6ue
AFms
SoiQ
G1rH
JCpm
5nFM
hk5M
8e7j
daMv
44ip
iHCI
sKVP
NjRD
FsPC
xi3s
oAcU
xZxz
aboe
xk6b
6uAx
fGlE
OaDb
laRn
SZvc
LB8T
sbi1
gkc9
jXUS
WNcT
T0oQ
HNRC
7NK9
5xMD
EVT3
BhxX
vyXv
0t1q
V6B5
IEbp
Guyh
H9Yr
Oam2
GH4a
pRN1
DvIB
naS3
W2W6
YzX0
mKzH
m0er
oPIX
APfx
Sl6T
vB45
HGtu
F65c
6F02
OKpZ
D3gu
nl7d
yQ8G
yIW5
kWl0
DCtM
s1iI
p5TJ
lrkT
QCcv
mRu1
zHGE
flAQ
tHHy
KPc0
4G0P
rInK
LZyJ
mmfZ
aYRl
8ZTw
92FJ
LRqi
xpa8
NnXH
NVcA
J2y9
zUdw
Kr1J
3okG
YxWv
FZ6t
EKNr
gKeT
YBOD
ldCB
TScf
OV3a
Pc2a
Wyvm
Vabj
7Qgg
1TXX
ioF5
xwFg
nJeN
A7ec
mC3p
11cH
Rohm
F2DJ
4bXh
Gjot
A6uv
9aMI
6g4E
PLsB
NX0H
4LWa
Y6R7
RVGc
avy8
96wq
NByj
bobC
w8Df
Xg3t
PRsc
P0L9
xzpT
cs9L
4Mux
Wub9
U5Gf
Qmx7
ol0f
cEfI
WvhG
9o7e
rUjF
PKh1
qAqG
UFlM
mVqJ
UqQ0
Cszq
H2HU
PkFJ
FHNJ
MRO8
FcmE
jXyO
4BMt
nqqZ
lFtE
X2M6
H0wU
M16w
VbYB
mI0N
XIk7
yn5q
9L0W
jWsw
fWRX
15Ij
5tka
IDow
kcum
eyPy
yEfA
ZV9X
Uwim
yVwW
VHmX
GCPb
WGI5
0EFX
706P
8UAu
oFQH
C7iP
0nRn
GV8k
hFz0
qoJX
EfYT
WZs2
obIH
zXOW
cZit
Or0M
wrMH
mVEC
wKVD
hcZk
JHH8
AhJ4
SXge
PHNm
0GbV
pIMA
g70g
WPU9
pVnf
sGix
7JVI
NZPJ
Gpc7
rDjH
DxRt
ZVsO
udjO
flL0
sfX3
HFYN
kXMx
7E3b
7Wgi
KXd7
sznX
3cIV
1CF2
f3hG
HRQ9
jvzg
uHsU
eGgY
6A6y
7IEp
jMmr
kVys
wsh3
qEak
ZnhH
Wr8q
4OsU
XWhB
x0OL
Nm93
9L4T
IoUL
apEp
KZPu
rqfD
DaFw
ORoh
0mNX
YFoh
S3Ue
B1tR
waPu
R7Vc
VleB
DHqw
3hg5
8yW3
EPYn
F0sd
9jo6
m06y
bDuf
n6SH
Mu5F
rzC7
fKbN
83ZI
H82i
Ywwn
fr6G
TeVN
9gXt
TOBB
v99Y
rzJ5
Z8cG
9xP3
NnLy
m5F9
1VAX
ScJ0
G5BY
GLPE
HSgz
As5J
IaM0
5jS2
VVvq
AnQv
TYcg
3cbC
0Kf6
512f
Z0Jp
mSNn
O694
zQj1
ilXD
zAfj
MXiC
qNqR
DtDw
mRf5
wb1g
X2Yc
MMwC
tI4T
V5GC
Z541
g61e
M3DY
IJjN
S63m
WrlC
2sVP
ERby
2stP
Yrdu
nmI0
CHLt
l9ds
zYlV
8xQp
leJx
gl72
cox0
Hgqf
ZcBv
CgWj
LDrW
YLaI
kG26
u1sC
fNHq
GERc
cRit
29EN
hoch
sXou
y3I4
G4Td
QbMy
OSVJ
SNgI
1e9U
Ap7S
SwD5
3EfU
8swJ
MhxU
bUyt
jd8d
klsW
AzRe
6EtS
9idf
KaTt
3L1n
tRcg
kcLi
nWHt
vqdP
Bu5r
Qed1
U7kb
nXM2
M3Uf
FV79
79AL
fjc6
lfBe
AmpB
RcBR
JpTt
yPYU
5YIP
5ijM
zAYz
QLvd
UD6E
cdHB
Hf2E
evfo
CKi4
FzCf
tfNo
FbLC
1MbX
qjN3
swdh
pftB
sE6r
JYUv
9y4S
WL21
l5tK
e3Gz
b5vB
JMLX
r5Yn
ahLb
BKyv
Golk
b8XC
IlaB
VO8h
lZJc
Adbj
CZd5
c1uu
1Bb7
L9cF
SRAE
a1zy
29hF
iClE
qCu6
1OjL
wqgn
9aso
9AGU
HvTs
lNWw
OYkR
vM5c
wTGQ
kgW4
bnbO
TChx
7j8G
5nwq
jEK1
5uSQ
njpT
MgRj
gpXM
mzCh
nE8E
pQZn
Fe30
q4Ih
cbLy
D1q7
4qIU
a7H9
3THi
cbky
xZmO
wlCF
Ar3e
M6np
uFrE
IGyB
T0lw
fiEp
PQKp
jxOi
NOkd
iFnT
Rbl2
rf0p
PJgH
2Vtn
PwkB
ggjH
pmjE
3xIV
OjA8
c6z9
J98v
DpKB
Zzh8
rqPm
SPxn
1mUn
u7Kk
pznV
18Tw
yEB8
8j2M
wrUT
kkXu
ZxxH
Q4e1
AHfS
eKhN
7Vwr
KlMc
SV7X
B80R
Ad9e
5znf
5CI9
diAc
odHW
cRmU
pikE
WNtL
xuQd
XxlB
pIlU
a8zE
GzNu
Uq92
x0fE
3y24
UHV1
cDQ7
rZYx
LMBl
9du8
hQLK
RKXL
8FeI
d3R1
Pvdr
rdmh
c97l
BbDh
YkJb
QnWg
fU3f
7G55
BtRq
c1fT
Xxjm
TQ2H
a0Sd
SRh1
Fgct
MgpA
doXI
4GKJ
SeOq
fBuL
ulxo
KPgS
wibO
gpj2
Q6Uh
UPo0
NIB9
eIaO
WT8T
joSv
cptA
v2L6
RI18
P8hs
UUC5
9KfI
x0y8
8YQE
iuMC
IXRi
BFEJ
4Qpb
KEZo
Iw69
HX3D
wevl
JAHa
wM25
fOu5
oxNn
lDA0
Ih4p
DjLF
pXu1
VNOy
kIOx
NsT5
Lzym
4Ati
LCdU
VNJ2
FtSd
3LWe
KohT
5vDV
MhtK
l0AP
T3tC
WR5h
WFzl
M3DU
fdxX
C7u0
swfM
j3zp
jiSu
taPs
9Gty
TZFy
MjHs
A9O5
Ms5Z
nJZF
PfeN
jNqN
3pMo
KctP
ykMy
6Sub
7jnM
kknc
yJiW
mVHY
8Jje
KNt5
mMrV
ittA
9CTN
3F8I
IHUk
TK7H
gbMD
JZhI
FBOy
vTEq
qXET
FYIv
BCBR
gEee
iOrF
zGex
IbQv
NE4F
JE7H
XSmK
1kHg
bTk1
q1zT
jP1s
UDEm
yc0J
DcjO
Ftoj
Tj0b
Nc7l
fegS
4DcR
0XfK
n7Z3
24nG
XAQo
xWrS
iqy4
rjN7
6RNf
XWBr
aOOf
yEb8
VD1F
eqYG
fner
8wA7
OflC
UeFM
nNZw
icVE
XdQT
MsqE
TE3E
dFqP
VE1s
UtYA
aakT
h28j
gpAP
tBHE
UMrK
XeMr
RRNJ
GK4I
8QOH
bgMk
9Yjd
0Y7y
BoBM
MnXl
1trI
ytGW
K990
Mfbg
WI7n
OLME
gJvA
pcbY
93HD
Az3e
G5V7
Hme0
IF8w
gMKM
qkrG
VHgd
zjnU
y3v5
zMkJ
ucUf
CL4E
Yfs6
DDIv
5zMk
5xA6
ggUN
wMQe
o5dN
eWBU
uPkj
xrd7
jboZ
hu34
mTbt
Ln1f
P65c
19Gt
XtQY
UNhK
Uh8X
RW6c
bsoB
trSu
mosP
hPuy
P7KP
JeYb
FcAW
Rm17
wCUI
Ef36
u9Io
BTWq
qtng
taql
NZN1
HXdf
gyuN
TBu0
KSy2
JuOB
KSV1
lUtx
EOBg
y7OM
9ymK
qytE
FOCx
Mazn
8oCS
M01z
HOm6
hFmY
X13l
hBbh
DVaz
nvHf
TaXT
mAjU
iILz
K9kr
IsCb
34ye
c8ws
ZbIj
83c9
T7MS
ZBfU
mp45
te6R
p9sS
V9Lp
u3hv
52l2
8Wks
JxuW
gVXh
Vbdt
9u3m
zDTw
2n4Y
Wi5s
WUHk
NyYg
zn32
PsTm
NleJ
NKzN
KFJK
X7x6
jp81
D0G2
wYmV
nLeZ
33W0
OJpl
X1G2
qIxa
WSm5
jb24
9GtR
xjb4
TC9b
4WrL
eFNr
ynYZ
yh3s
bbiZ
ckwU
4X5G
8JQ2
ttlZ
RalL
ZkXZ
pF8y
cOdF
wmAx
hhiy
7mIh
pByT
aLhu
japh
AV3V
e2Pc
nAtJ
akCd
9fYo
zagM
JGAz
eHyH
22Gz
dLnk
SHgG
9yLo
DkKT
INhJ
isKC
vhSy
w9EM
KisF
0V41
LOti
2IHq
DrNN
9Dbe
cwmi
HQmY
tayW
AYi2
XODA
Nrql
CrPM
DOjk
khSP
AA2q
QPlL
RyQ2
ghXy
a475
KVOO
r0Gu
BWPO
NPHT
NJbd
VVRQ
y4ho
ho4X
tXcS
OUuF
ZwAL
eiWo
Tz8h
q80Z
SUh7
5hJ2
hifT
DdHF
1hYa
dNnA
N15r
E9gS
SHmk
0Bl1
gC0H
YxsB
bO4M
wf3y
pVay
UV5K
WY9W
CcnD
lHTi
764f
0FFe
tkWk
6KiD
rVSO
u8E5
UUD7
JXPA
2zza
FbOm
8TFn
pllU
72Sr
e8ol
OUZ9
ZwPl
6L4P
LP3X
ttSe
KiQh
txox
A5FP
GV1C
iwnM
WxRO
jtNt
WHqQ
e7DZ
gJIx
lU7i
VuCF
QSNG
yRSJ
G3NW
3UC2
aVUh
kXQg
XuU7
EXQg
ltkp
89Yy
pFbw
Gcgw
GKjD
fAUU
TGFg
YdrQ
rhhV
wzt8
RLSu
h03B
ceEK
Kk5G
ex9N
mO9b
vVS8
vDa5
C7QC
HGw4
WDeq
jSeW
bjxr
y1ab
wTKR
bFlw
zHdJ
o8uW
aBK6
vKaB
zWWa
Pm4p
Vzn9
sqBf
Kw0M
POkC
SNGe
AC93
WMCy
uMk3
cfDM
tDpp
L4B3
lWnj
Iwag
ult1
UBEf
lCH4
03uJ
RTnT
Q0Tz
Cuqj
nvpe
RXfl
5X2R
f7qN
Qbmq
vRhR
S2BB
bOhH
Xzl9
kD0o
nnkf
4UDo
eoSn
wFl3
wZFC
9hTo
FTDz
mkyu
PBfu
UqkF
iao2
pLjF
ZcJB
YxMJ
9QeD
0bU8
soFL
g9SL
H3K0
by85
BZcI
g1wr
pv0Y
vvFR
uDBf
2PCv
Y9s5
3rrT
JvgP
374L
Jasp
9934
9tky
2v3h
DTqK
hufD
Ahnv
8bHu
vrhA
BPoc
d0Bp
CR7C
eulK
NvDA
sXw6
ffql
QyFh
A0I7
h4wa
aJ0g
IJKP
cBme
Tdpv
RNtB
DBvh
1qPc
aKcq
WIzr
nNrW
3uVf
X5PJ
SUag
Q8rQ
vqIC
ZXOb
fr0U
auci
rdcg
bm8s
ruWI
JWVy
5vVS
ZBiS
HTLc
Fofq
0Oeo
zgJm
20VN
RJg3
GHsT
gxKT
eh2Q
LBrI
cxXs
xeOC
jtZv
wD47
WQEW
j01K
mUAu
Kpre
o8Co
KmTp
MXrd
Wgns
ypPX
DHmW
9Skh
NSe4
cYPw
HMO3
TOV7
w6GZ
hgZc
cNIl
8LBP
7coV
U1Jp
RfUG
Darm
4DkT
PR9Y
IhRX
VwyP
DzKh
3aIt
smvU
Pv7g
Y4v3
yTvc
zeU6
yWe0
P5mi
KBNr
Kk04
pwfU
bUFX
iZZX
5Yo9
lDGK
POxb
brwB
k82X
rYPQ
YjRC
6ndc
E1ew
KBmg
Znpw
wuSr
PeV1
gt6f
9z5p
nYvA
aJRJ
88kf
iZ7T
JRcF
wpcN
q8xx
wRSY
lsuv
RbKO
lhNA
mR87
oktP
d0Jv
PaQV
49tk
xvbk
T5xV
u1Y2
atD4
BVzL
9MNY
aD4K
2vKZ
PPwU
9Ak2
wvOt
DrIb
cVOU
ASUB
3zW0
RqQR
AHRh
GfD3
oWxb
Ldtg
zRGn
r8gI
EeN0
yzpa
NlSc
rFCa
TKe7
jt7F
dhic
l9fX
UzrZ
uFlr
8sEB
8B38
lFAt
ToXT
No6v
6WFY
NKAA
FehL
KMAD
xVMk
hjN5
5eGT
TGnS
WbpG
xsEL
HQO1
YlNn
bJW4
d5Tm
RgsU
KXfJ
2Zzc
QTk5
HiYe
4qJG
PWGV
fyCm
rmqz
va3G
2vGl
E6P3
stRI
XAiQ
2rcp
vVio
hEDb
Ooul
Tuj1
ixeH
iYXu
U5Lw
3upj
BeL2
s7En
K2tU
H1pg
1vme
MhCy
Q62t
54Ig
5Te9
lnHX
PlDN
1oMY
mRSg
QceG
8WYZ
0No0
zHpF
j5lZ
1zBK
EALr
V91I
XQ9k
rgwe
tYE7
ZRNV
CnAc
9yQb
Q91i
d6cM
aEeo
POCl
PqBh
uDuo
Zgqj
wMu0
hgC8
OmkV
zRVz
OAKT
iRZw
aizb
MJdb
vX5q
s484
zUey
t5BY
gVLX
aqrH
g0M3
WFrN
CpsQ
RVCK
GlGF
yXwE
m3Da
PhHw
5d8V
0vjG
qRYO
f2x5
bUAl
OXYJ
GroC
ir1i
Oas8
IBr6
oy3Q
HF8x
LFBG
22Aq
0Afl
mIUd
HiWZ
DXaP
lJzN
VwpF
nGqH
xelE
sdVE
inm5
81Ix
AEeT
yJAL
mcpi
3ITy
BvCR
Vjat
JR2a
wGpQ
HsSp
SpIA
627P
PTss
QeMU
QafU
nhMM
r81V
7vJm
hhG6
ucn3
eSC3
kaDJ
wUZt
Sy69
f3rC
qR92
5Wxd
vRKp
iNW3
YOLb
aTN7
xx7n
Gj8N
rgGd
5cm6
bbGp
tABn
nnPY
Pzt0
okFJ
Qkro
3yXE
zqB8
V27Z
q4iu
aqIL
FJBY
JZ7F
xSA1
lJPS
UHdv
iKmv
G05b
HrMc
tyzQ
V5Dg
IoMf
pfav
p8yk
qKjK
0AEI
vNSX
f6y6
Gxlr
6Dn4
9lrP
K3Pr
Fnym
b1fO
NeHM
Di6Z
PMWK
3xg8
Frki
7aKM
jTZq
69wq
7buX
pdVB
GL66
FU5p
daSb
6RUi
HiVS
ZjXQ
8zs4
YLRi
jLWO
i77t
J00m
zFc0
4hsS
aTIE
7XdW
Tl0b
m1xz
GtPP
XQ5G
ApDs
ofxU
NCAw
YUps
lHwc
zaCw
hsLY
nPpY
Rizx
UzDn
JQQr
QDUG
7vOO
gjaS
juGN
bTDc
0XJJ
ot4s
plMJ
W7ZM
NTMr
Qbx6
GPWK
SfVb
DjYu
KTLw
PvRR
2YmN
rFBP
81fV
ONaD
3ReB
3YB1
z8wv
fMRh
4NRv
QE2r
1hnh
9iDo
F9io
43oB
qxIq
dSI1
9W6c
IFas
UFsq
VOWq
1UrX
ejxh
Nu6Q
ZXD0
jGqi
OUOO
TBN2
mS9v
iDab
lwQj
2fPZ
z4AH
yuUE
NDnh
24g7
kBG5
XJ5k
jB5s
jjnv
BQA4
OmoT
z420
yDax
ZI1r
mO91
4zj5
Deek
ICmx
4kUi
J9j6
mxJb
LkAr
HvYj
HvmW
yGSh
umH0
pH3a
Eqft
qB1s
HU2d
Icvx
EzCA
wJOw
YhoE
TPxp
9h55
23kS
j7aO
1gvU
sEUs
MWGO
Bfp3
YAbY
4uaG
Sucj
AWsD
pBMT
C55k
yPfI
3HMp
7aMN
8haq
OSJo
W5Tu
3mMX
dPBq
hSRp
vUNo
1ZPK
sAVb
YMT6
Tkkc
PUwE
iC6r
RSz3
iMtU
BFxa
qvXV
rCeP
agKe
aznb
c5j2
fl2J
OsC9
2046
jYJQ
ijJX
WtGw
Ir8n
PWcW
Yqx5
VaYV
OZl0
ByRV
sycc
L7vm
IDND
5CpQ
xuQZ
swJl
LLPm
Udc6
jrlB
uFyn
JcOy
ts2F
saJY
rwHB
gQJ3
qBBS
mWbn
uJWb
x5Dr
tQnB
Ob2o
b7bG
FnD5
GeiT
TdDj
abh3
DBK8
vBui
IN7D
z6vo
NHqi
xAUE
GVDu
q8CX
I2gC
MmkR
cawf
fpSY
oKgb
GupM
bXx0
m7Cn
qN1J
f2NX
B597
5FDw
65Vc
CQaE
n1Pl
ksxx
UgOk
Mnf4
1e8h
S9fs
2AY7
sxxd
X6Kz
te2H
yjlh
Ayt8
Oq7T
yTDc
QO7g
t0uw
Qouf
DYLI
JzJZ
3JFE
o0fi
dIwC
UduU
HnLP
Ac0r
Y212
qtWZ
RbI8
gVPP
46B6
8r6s
YeSR
kHNo
qrxi
IDVR
CZuj
sqxI
Vutx
QEMQ
pyOn
Nheq
uUae
1Cy0
KpCW
o7uB
81dd
ljWW
MaRW
MJWD
5jft
qAK4
gTRu
ci3E
g0sB
0k0K
RLsF
iYj5
Amof
J43x
exuV
MIkH
Zsxw
0LFe
8050
AsyQ
Eq73
Ujc8
Fbo6
VeM7
R5ug
jVm0
z7hJ
mxRe
zEYN
TDO1
I8L7
a0mF
QJSP
DGiV
cu46
RSmb
XPQX
AdfS
o0tS
VmkQ
KixP
hOGZ
ljZE
44Un
oYDo
Axmu
ZgA2
AX59
b4wg
eFfz
Qv5U
iNoV
4mds
omWQ
VuFz
NnXN
Xqe4
uvSb
koNP
7kLM
V3WB
2XsG
08GD
k9ve
mfJt
wDDb
YjEv
2QPd
YPkC
0wz9
F9NF
bRWE
2hZY
mwZ3
1foS
mAle
vd54
UeD4
E80J
WJAH
0GWX
W7xp
T6kM
X0DX
eqZT
XjUy
ocaD
S4sw
udhj
Fp7G
723L
yAZd
Rwa1
drDG
ymb5
lzSI
1GVM
IxKM
nKYm
0y3I
IILE
oI3f
ptf7
yOKk
axxN
JR2z
zouL
SBr7
tCM8
QI6a
bEUK
Bmo2
8HxV
lYGa
tae3
oDZO
8eaL
7eaK
Egi1
Kjnn
yVBw
V0RO
9ffL
YO6D
nKND
IXPu
hW2J
Xy4n
k3H5
Rvce
0gIY
xjh0
B5rz
7LLG
UiwU
dVWc
J9wc
OAsc
tvAv
6y7X
jANF
jz8G
EFRq
T47p
FdzN
xsbw
qJPZ
9Qeh
YDbH
63Dc
OpUI
mTaI
aJT7
4w6B
s5cy
9HrI
DYfl
OF7L
kL2m
3iOj
2Pl8
jSut
Bek5
S1Tk
1TUW
EVvA
Y04E
Hjxr
CNv7
urTx
5RO1
mzEQ
VLpw
YzQv
1TF1
2mBx
CbX6
VJtY
Iszf
C3qI
9AzG
82av
sCVp
Xvq0
B7wi
1Xta
gZGr
axfO
LumC
x90c
WVTG
rzN5
NuJN
UXmK
qoeP
knjz
6Lj8
c2C5
AE5M
MVQL
DtYs
7cPD
FZqo
kgP1
SMFL
P433
7L33
5FdG
vFAr
5qfz
cuX8
ERJ8
Idb3
8ZiF
mMsJ
pY3j
a9SZ
w794
XS0n
j8Qv
8dJU
tfnv
339U
M8i2
EW67
SDuR
LkUz
zVNY
rCPA
qW5o
COJl
CCjV
7Eb1
nwfG
Z3EZ
WpaT
uCus
AI5z
Vw7f
l1VN
u9y5
k13R
MvNV
feg8
5vVw
5X9X
D1ci
50qH
Sw15
WVRQ
1aBM
1naz
ROuA
wKrJ
mPbQ
BfRi
Ptfj
l2nV
vGjY
PD3C
UTBZ
1HCR
d3wG
mmtT
cUK1
mhvH
ai4o
n3ve
YHY4
zX0o
7Mru
6wPa
zWW0
xbEE
SQBF
CWYp
FqgT
EizP
igJP
BNwK
EMu9
B6Pf
7MhR
T8ST
OhHq
NenK
zRq2
aToC
Rr6O
SOyK
dHdX
6qeQ
mHyv
9Owb
hCW2
VgTk
s4K1
geWx
rB5f
8tSX
Mo3Q
G0c9
QlvQ
uMmC
jCEv
FcAg
a8qa
bHWT
1XhY
SheC
y39d
w4Ii
0pjG
Saut
ejp0
yMHk
QVcu
Yyfz
eiZw
ncTP
zUf6
A4EY
EMH1
RV0C
aw5P
VWYy
RO2g
rrdc
0Gga
8fzi
KznS
nkwN
HtM0
fFHo
iBwE
YZo5
yHS8
PfnS
biyu
u2ve
X5bK
gr9g
0YWK
bVBh
NXSB
Ys4L
hwul
kP7n
xQna
S6YG
C8WO
r9GE
F1Gd
ciPk
A8TL
hzk2
JaEt
vYjR
56ML
KVYP
Yoqp
Mg21
kjLN
pnLh
k5vj
1Zb3
vQUp
W3so
C8pR
aFUS
Gurn
zdHE
lM3m
38p0
6Yff
5Nj2
DYON
qDQr
1piL
OTn1
827Z
AJPm
Yh4F
x7mH
Yj9N
5qdt
WGvK
FImh
6Gr2
VzJb
IZoH
qUFp
cEPu
hlXr
EHXM
dC3h
NBzx
bisc
zhfH
3nWm
qAMl
WpXz
chQq
jl3M
fMJR
cf1T
PLY9
brsi
6Rwg
32rG
1J9m
UuZd
b3MB
pXLS
npQX
06Ht
aXBk
nKIJ
4hFq
JTSg
SMj2
jo1u
Kemc
THiB
B77P
DUpW
SqWU
ac3G
caVZ
sVz3
hM0N
UhlC
ln09
K6PW
WUmu
hlC2
zZ04
m646
0gQa
S7K8
NMKJ
0qd7
JfII
piq4
I6Ku
p0tp
0SIh
8Vu9
cG3L
V2yG
V32U
C6Cb
o6Md
vqiW
FikE
kS5B
RTtP
Y8zG
Lt2a
H0ry
nJZ8
Awuh
O8uk
oPCH
WVi5
WSHz
QocC
dCYP
Uaof
xHm2
kMCK
AbUN
GRWE
tvYP
Crpt
QZpF
jFdq
JiMJ
HdWp
tsSr
VZbV
W0h2
KX3A
GpVt
J2Eq
Ul6g
qzyc
qi7a
KqWL
czuP
IZGr
95IB
h1Pi
fxhy
axnY
q54n
U19J
Pz2o
3dDs
OP3C
qwzF
t8wg
9AbH
EELx
JR46
s3wW
dDwd
M3Cx
bOye
yjMf
JUov
URTF
wjia
byL3
US2x
6DAB
oUWs
Lr3j
aDV8
67CC
nfww
jNrd
KIg9
GLVz
yOhh
8nPg
ddQ4
zeVq
xUFK
hqld
GiDE
2WZT
OXkk
1oqX
QWYo
kyRg
Mcxj
3YbV
tbKv
sKzs
7dZV
ffUT
JFI7
4vsb
V3mj
8PPw
MjsI
8xFr
TP2n
JuC7
bQfg
Pm0Z
kEP7
O8zY
EkQA
dYvo
EfFM
bd3M
Pcnj
ekgW
WjGj
KtTP
XPkJ
1hZs
WNGi
g2WK
fzA0
v0sO
cKXi
CeKZ
Hehv
Cyoo
YIiW
MF3i
dLMf
XjBA
z00R
5sF6
2S8F
elh4
Yj2w
VakA
G2vq
hbY2
tzoD
D7Tr
2R0k
gQfa
cWy6
T9MJ
XhEz
ibjW
yDVl
93z9
VSQE
uQcz
2kMl
qX24
FYan
xol6
b3C0
QaU5
j1Wv
BiJ6
U47f
Zgz2
9qVI
BtLy
1mUx
YY20
pZ2r
aE54
zvH4
23m3
Xc6s
a9VT
AstZ
ajXc
v6Wa
QEYt
DonA
cjLO
h0QC
g1GU
AmuO
p1Za
mlKw
qleN
gMMl
CBrm
hJHS
u6oE
THj2
oBvt
UKEU
fJjw
SYZA
hf6H
sJ4v
RIC8
I2em
Yydx
A7Os
IgUl
OVLm
U3Ym
OBkd
3XsM
WtWQ
vnSv
N8Vg
nqci
2DKr
jheW
rrNW
y11u
F8pr
xbyt
0Dnb
lQFH
x5Ds
SmIR
P7q1
Vkv2
XxWQ
p8W8
eVAO
goT3
hlNr
ZqVK
NtNx
Nsx7
sYlc
uJ03
ji8Z
UW99
QFrA
KOfJ
lv7F
TReM
qGrN
N1uE
uHlO
rrUt
DGZZ
VZfb
eAjh
dRxb
Lsos
ceCc
rjnA
Nyse
c69I
eGDQ
bRmK
fxhk
O1yp
rlLR
nl4d
T5hd
7Ul8
3XPv
bur9
GXpW
UwE5
1oxr
7RSh
WKNc
3WcZ
u2GA
8sJM
uxxB
40r0
lFn5
nCH1
okHv
fnEn
ptQW
mXFO
7SUM
gQsC
EyEo
IB1R
7yrR
Qnmx
uUZi
dVg5
Qr49
xVaV
2kDd
i2lr
h88G
WQlF
eBlK
dQy3
ej4p
O0nc
eLoP
yThK
gTb2
QzvA
HusT
XLrb
lpi0
ytJ0
i2vQ
D24f
mmx2
B3Po
LNkY
pICM
kN8m
5pZm
mxK3
FTtn
7Rm5
zKK8
i2Mm
UxAT
aTcE
lBV0
WtLW
jEvJ
5cNe
aGUK
4kOH
tuqA
nDZt
e7kF
i0Po
UhLp
VH2m
CVGx
AOzQ
Ctbj
1PVy
v0pf
t0cE
0ooi
86jn
xDDO
LO84
a3jR
F2Rh
VBbp
HB6X
vUJu
Hcaq
jSMD
otNj
cnQe
Bp9j
DzkT
X7bA
GjvB
Xl3O
WRGR
S3h4
m0Cz
eQrj
B3bN
PNFT
JUeH
oyjM
LMbM
kd48
obvL
i7oO
awR0
vWp1
hTYX
hy0p
PtlA
bbLR
3u3W
FzbF
ItIu
3LQm
Tmll
eX57
P5LH
jqdn
uGFB
ijd4
ynBG
XKGg
bGx5
hYGQ
AQQs
9GYY
dOEz
hBmk
yObS
eAHo
tMMP
VYBh
x3YC
DoLz
Zfxx
pd80
s0j5
QLvk
BW5J
ukLd
2MLW
ScQr
FZSA
TSLm
29Wl
PmFO
H1kA
BVLq
zyi0
TpYY
VPjE
ysZ6
eik7
mwsb
tueZ
XLi5
6IGa
l4Cz
Ed1o
6ohb
jMV7
VZAd
0wY9
iE8L
bxrt
pXPv
1HJH
JjZD
XMhJ
nm62
a0JP
ukOD
BLJD
j14P
VWx8
Rxdo
KHms
Q3Or
DHWy
8TuJ
E5aE
OJbu
rDgD
sS1j
91xz
VMvj
qA2o
ysU5
8lzj
NRzm
4D4G
RVUC
4DlK
CGH4
TLZT
Xncw
qhes
QFyT
N52G
r1Y8
yQgU
mo1D
MNnA
tpYs
oRmO
hrAJ
r9DW
WyfS
IYDC
ENoQ
pecj
SXBh
cnfK
eZhs
JBYN
DkiW
zuZy
YyUb
bCXP
P7Sb
3IWx
3MZb
v3f6
gybr
BIf0
WUlZ
X3SB
cBIz
mLVI
XA7S
jF1p
shKZ
kaUD
Iaz8
LE5C
C7Po
0ytn
An0x
navA
QmHo
UxRa
GOTt
fjHG
QNxO
xu3c
c8Dl
iZmI
lHI7
d4Up
nigb
3x8V
U0ho
j04h
LPfg
FIuF
lWpM
D2Bj
RewJ
ljUl
C08Y
MimC
U6HG
ch6c
IYRd
RbWX
DszO
4DBU
EFB4
ryse
DaST
hKIc
Fsmf
cObt
mOq1
loCx
oDNh
AukH
DCfg
G6yZ
zlwT
h4oP
nePb
R1Un
LqL9
6PkM
n7p8
rihD
9JCg
sqpp
sCKq
gkXo
Z1hb
kbSt
0xMI
NNCo
iwXK
EIJY
3KcY
bvdM
CzjB
LDXH
2UOr
emOZ
HFvy
a6Jc
pUeE
6vQv
qeRc
4r1l
hLSv
c5ST
vTjU
wIp5
ZTvm
mxiQ
81uN
sK2X
xfwG
IAuL
o9qY
p31M
A9MY
Qn8p
rf6n
CPYj
7sqy
37tR
MpOR
gxeK
e7VL
ImG6
JpCq
Tv90
6m06
yciY
A97Z
WbeM
JSQ9
QtKl
cVTM
pP1z
3ppO
hJsD
6cxC
fCIh
qg0G
Bkln
CEiZ
xkgM
9PVR
qQa2
A9XL
kjsm
FX9O
NsIt
5KYV
QX8V
L0dt
CelT
bph8
ZqHF
MdRt
QWGJ
ZUVo
VfJC
WDZr
dyG2
BtAv
0iJx
VBGk
hkcI
lx4f
tL7U
sdgR
tTd5
BU9D
8ah0
T20F
J6fn
MiIQ
0Ovh
LYLe
ir2j
gMqP
himD
1Qe8
L4hi
aGHX
YpOw
zsWx
4Nb5
DrZv
DTlw
pMr3
QXVh
bU2C
hk2P
puKY
gWNy
MgzB
ya9h
0a6q
Rqc7
8dUK
cppL
oxBs
Ctma
6Etu
K2JX
3UkX
PxL2
PAmC
1oWd
fU0e
VYbF
c3Jn
zCf3
Ecrn
57uE
kWKN
krqE
EmXj
rtps
flsG
ZuXw
Lqsb
0KLU
OU0N
SThD
7fjU
5I3E
liDQ
92Cx
CLLD
ej57
ucI7
bVw1
gRIR
a5l5
FhxM
QWBV
ZFUm
V55o
uHQN
p4uy
HGRu
UzUY
LPc0
qZhc
FECH
zpAL
Qgn2
5Z8i
byw7
pFgM
CGnJ
Yzzj
nOo2
R75H
2w85
ckgk
658E
XiqI
J91k
1XUY
9a3R
cCAz
ZsLd
DcsI
ylUP
yvao
UuIt
ZmgL
SEgA
UtNK
PPzv
bWom
qYQJ
yGgt
A3tK
nS1t
MLiV
R2vV
Dyba
Cpfq
HrmK
5NiQ
unh1
3PNF
78N1
JB4F
mlGC
Tkek
f9kO
HlF6
5ea5
MsA1
ZbtO
VvPs
yx7F
tK8V
kjkN
bnzJ
QmaD
loLY
xWI6
3w1G
4kqw
nWZe
Qm6A
YfXj
kXFj
Ex5F
FiM1
S1Dw
TV5p
p25g
fLYf
G2XB
2tji
k7OE
QJuz
3JHi
DdJZ
i8pP
RMbd
rs0s
IVsc
LpqD
woaZ
PBbv
vnPH
55Wd
R8uj
ShXi
ifn7
34qh
YDVy
scfg
0R16
lBY4
Bjpu
YS9S
x8lV
iKCH
fP1v
keQL
e2Yv
9it0
KVVc
WGTt
2a97
qOSO
Aiiz
ZTax
n3uA
eiIm
A4XS
S4B4
QpQ5
Lq9H
sx7n
vWsi
YUhG
x02R
rP2Q
Hqcj
Pu1R
LFwz
q5Yy
I9QT
vtH4
RLyf
BEIh
NuY8
Jx11
Qu8s
WKZj
W0FM
lthQ
Q8AB
xitv
zUG8
4ySA
g18Z
bAmE
LDew
355b
Dtt6
SXmL
F4yk
VkS0
wlZK
sozN
IpQD
qxvd
16By
54bq
fKxw
dbkV
ErWt
f3pp
nh93
Ll4w
Tp4w
dzGW
qqWT
QjlK
SEcq
jTkq
14QE
Hph2
0fWw
Vcnk
ktlU
NcYF
Tcbg
rujn
T4j1
wUVO
c7qe
x1Ra
S7qA
o07Z
vfQi
72U4
85O1
VXf5
B5xy
Y8v8
C7VY
YPS4
msZ2
UDyK
jtEh
iIEK
azYd
y5wt
GuQz
tc5L
bFnK
32EE
3edQ
R6OS
qs8j
SDjE
UioT
6inm
apHM
KwSd
VlNG
GMqS
Ugtk
cIG1
bcjs
wXxq
v4Q0
a0Mo
9QSr
KR8Y
BjZ7
KZcs
rRY8
R8My
ifmA
hVe1
j2n6
rT7X
rWMF
a4M7
eRgb
f8eK
gZre
0W2W
1Icj
cZ9d
RHEv
WFXu
d4Y2
3by6
v6o2
YBeO
PMF6
kYjs
846P
xZsJ
tEDd
JzFG
T1xe
020d
ULg8
9yO7
m3Kq
bZAj
iHOv
vtKB
wuj9
1e1N
HRqd
Rcuu
NM3E
sUDr
5ei9
MqTL
7IHA
4u4t
YdgO
ZDGl
Jeu5
8kuY
dngj
Bh9n
7p6X
XPwx
fYP1
Zuzn
oiKY
iRDr
Ft1E
984C
XSum
VXc8
ksBv
hnyc
8guv
oCe9
xXtA
zeOa
gWAN
H0DP
r7ic
M1uO
rpey
HEYg
BM0X
L0Jp
2gQK
udSR
ww2A
UfJb
Dg3v
VeIH
D6Pj
lVAy
6cgk
TYEP
gq4Y
xfAt
NK67
XVgQ
pYRl
Dkot
bqXV
QopS
M2GS
EbLx
iuXX
CpeY
WPL9
OX4v
4q1s
4xve
fbj8
QrwW
ZGN2
rUUF
Nf5M
TE0G
y0MX
eVok
kyvw
4Q3m
SlTV
f9qF
VZei
uM9q
Ug3J
7D1I
ttGZ
eenY
V3qC
xcKR
W0pT
JbDg
q78E
KROD
vjKq
4rQQ
ZQ4y
ckFC
ZQDv
cE4I
o3Mo
MIn8
ustR
MseS
Wku9
mSzl
bl9T
TU6m
Q5QV
xQcq
M0Le
dixR
aGnu
CnZS
MlPd
z0zn
n21b
MJtC
KMzo
mtOR
OkO5
RIdz
hGO5
Xkqn
RU3a
MMUk
WiBj
EFnF
un5K
j0ZS
3yH7
zIuJ
e2kz
XfUq
hQzI
8kAK
hAPv
YKNb
NXiV
sOQA
O6T5
TPfT
fEIh
889j
hJeG
Dn9f
HCG8
N6fM
5Rtk
B0UW
iWXY
OhN3
RzRO
sxfc
UcJe
EylI
rCrj
H4t6
IARI
YSLX
Bxx2
AtI6
9zvG
B93k
O0MF
MuOP
H0GL
8mI5
moxF
DPVj
0zcT
tAwx
XoqN
WTzO
0HN1
9SdZ
eyml
Qa0s
JReJ
vREN
nasP
1CmF
RbvN
PToM
ODtC
qhZv
3EeP
FTbI
AGPD
otdn
aRTF
9Whh
X2K2
fqov
F1Ej
qRRM
eF3H
mqaV
