Ebc
JuS
Jzc
Fl9
IKz
CnR
AuD
Jah
MoF
NLT
COj
Ggo
ABu
InL
Dn0
FKi
BhE
MSF
MxP
MlA
H4v
Cjz
Deo
AD2
CjC
LTk
DcW
EUi
IoJ
AGO
I7_
AAZ
FID
HU6
CAb
J1Z
I_W
JOA
Gsc
LE8
MRp
HvQ
Edf
GEZ
DWj
DFS
DQ6
AuH
DFy
Dtc
Ll_
Alg
Abb
Lxo
Jbh
H8H
AL0
GDu
MZT
HP5
MJK
NQJ
BUL
GLq
DOa
AfS
BFf
IsX
CYl
FPr
FdB
AIa
Axu
Bsh
K7r
Ja1
LkR
CUS
LKa
BPg
AO0
MlW
K9Y
Ji9
AAi
N8j
NKX
Jd6
JJn
Fhh
JBm
EI5
GFV
NTr
AyW
MfI
CpW
NKT
HPC
F7I
ImG
KNP
E8G
N8L
DGQ
J48
FbQ
Gix
LZ8
MaP
EoI
E1u
BEH
D0E
BL7
GGR
DNh
Ep3
Lpc
Jfi
Art
Jln
Lhx
ICa
Dns
HNa
HQN
Jt9
Dkm
MFD
EWJ
IiX
DOd
B8n
HhX
EYG
FGN
Bkv
DAE
IYT
K7u
Ap6
I_q
BER
NEK
Euk
DBJ
GnC
EFe
Apq
D40
FI3
Mbk
Jtl
FDC
F9o
Ms4
MFM
FfZ
H1X
MQG
JQj
Ieg
NHB
Jx_
B1a
Dvh
B2P
ANN
EGy
Nqh
DWW
GsD
An9
ILP
HGv
KxO
KYV
MGG
AQK
IXq
NqW
JiQ
EF5
LpR
Fj1
BS2
DgQ
LVe
Lyz
DY8
F_X
CXF
NDe
NTc
E3o
ATL
KHx
AEo
FYL
Bw7
BHv
GSX
Mjo
I_R
JLm
Ajy
Fws
FUQ
GZg
DL_
DvQ
HNy
F1Z
Aoj
Eg1
IBV
IDR
CLV
HIL
DMp
ATi
Ji1
B26
ErP
K9K
CPP
IF5
GH5
BGH
DSn
HqG
MC3
HYk
FUo
JPl
DvC
ATz
AH0
BY7
Fob
AMJ
Kzb
Mzx
NOs
Dgd
I4Q
Bxv
Bd9
KTA
DZO
AXY
Mut
Me2
Mei
FD7
CyI
Mbd
Ni6
MM1
IpY
CxM
Mg4
Fs8
BFI
Gw7
HiP
C4V
IS9
EQH
AMK
GD5
Nbj
Gmr
GnA
GQ2
DHJ
Jq1
GWB
N_T
AKN
MRk
LDV
NFN
Ina
Ffd
DbN
Bta
FdP
JEc
BcI
NAc
G_a
Mrn
DrB
KQ4
DBy
LRy
BUi
ACd
B3x
CTQ
DKG
IIA
D1L
NnH
DId
MTC
Ef1
N1Q
MDI
ERq
G3u
G51
JTM
IVL
Htd
IT9
LmF
HBE
GEz
HHd
Hw7
CQh
Eg7
K8q
CB4
JBd
EBN
HS4
Hd2
HpK
Bim
LJK
BEM
LZO
MdJ
Nkg
HgG
Kn5
CRc
GHh
GUr
DfL
M19
Dc6
Gv9
LKD
JgS
ADf
Nng
CIM
LlK
EsW
Juq
G5K
F_E
Egl
NJP
Fab
HKq
LXX
IrP
EME
Neo
Fss
FC4
MnG
MN0
MtX
LJ3
Gj_
MUn
D1U
F1A
IUj
NWH
Bnx
Mga
BUr
Lfv
BWj
DaF
MGy
E5z
CKl
Him
Gr2
DR8
D4J
Jk8
K4h
ArA
IX6
LxF
GOy
HjB
CET
DM4
FOZ
IUr
MLp
Ipx
DsM
DKJ
MoE
AnK
Dcq
KNx
IZd
Iou
EnL
MyA
M_r
HHX
Dbx
L6Y
JIh
Lpk
MEd
APJ
Ma3
JDd
B1H
ArO
Ez5
CNk
ML3
JS1
D4r
IAZ
NZf
II7
J7Y
BKA
LL2
GDQ
F3K
B3E
Fin
Exs
Djp
FZG
Hlv
IWj
HAo
JSu
CLo
DHS
FUZ
KGo
Du_
Eqd
DVK
M4e
JNZ
JWI
Fuw
CM2
DOw
N54
M7c
AyV
Iah
EjA
KlX
KXO
ICr
IaI
Nb9
FrX
GlR
KId
Jt3
HwU
M2o
L1I
ETG
APs
IrM
Ahs
HJY
Keo
KKK
JO6
AHK
Gi5
JRw
IeL
CWD
GMq
MoY
Akz
Cer
JX1
K__
Ni0
Kuz
K2C
K8P
FN3
AoC
CwG
MRt
I53
KXx
Hjq
Eff
Fb3
Cni
BM6
BRt
Bqy
IgT
HcJ
EMi
MLd
Boq
FIE
E_Q
DTE
Kz9
Dlo
AYl
KvN
G19
FGL
Dpy
Lrw
MMh
BM3
GfL
MDQ
FzH
NWG
N4P
NTC
Cx2
MDX
DKI
Ji5
KQz
GsG
BBc
DdK
D3z
LgJ
Mt4
KgW
Bci
HMt
Ncj
NDz
CBN
MK7
Jjr
D3m
No0
KaC
B9h
F4J
Ko9
BwD
MTP
Dj5
HVf
Bq3
Eyf
H9U
ASj
Djg
MmA
LI5
JPd
Fcu
F2p
EHT
HLC
BUh
BC7
A4a
A3W
MV5
ALT
AHY
A49
Ad0
AcW
AeO
AUf
Am0
AtN
Ar6
AQv
B5u
B4S
B8t
B5J
Bfo
Bma
B_Z
BTq
Bja
BmF
Bfc
Bpv
CIQ
Bu_
Bxo
CC2
C8t
BrP
CEI
C1J
CFR
CFy
C0m
CCU
CIg
CSp
Cdu
CiM
Clb
CpH
CQ2
CpJ
CKe
Cd2
CoW
CTc
DFY
D6Q
D5K
CtU
Ctp
Cpy
CvI
DL1
DPu
DSc
DYM
Dk4
E19
EAO
E2E
Dyk
DvZ
EVh
EaT
ENY
ENK
EUm
Eit
Ea9
Ejg
Ecz
ETo
ELq
EbH
Esj
F58
F4g
Ey9
Ew1
F6v
FXs
FHz
FYu
FTO
G9j
Fp4
Fx0
Fxs
Fmr
FnT
GLW
GMh
GLJ
GVR
Gmp
GwI
GhN
H5T
GrT
Gy2
H4i
GhA
GlO
GvD
H5R
HKm
HUT
HTl
HY2
HOt
HmS
Hcq
HmT
I30
HrD
HxX
Hl9
HkB
ICM
I9L
Ite
IoL
IbB
IrE
Ic_
IvV
IsR
Id5
Ims
JJi
J8e
JPy
JKc
JU8
JPY
Jcn
Jao
Jlb
JZZ
Jxb
JuA
Ju5
Jr1
JeP
KNf
K1B
KTG
KHI
KMx
K1c
K8f
K78
K60
KCM
Kdl
KXa
Ki1
KpT
KrU
KkX
KvA
LCL
LC7
LB5
L5m
L7F
Ljd
Ljq
LUL
Lc8
Lbx
MKg
LyL
M9T
M6Z
Lw3
MK1
LuL
M2L
LzP
MLw
MdC
MiR
Mma
MYX
Mji
N3C
N7Q
NIF
NEb
MxV
NJF
NA7
NBu
NHW
Njr
NYF
NZy
NkJ
NMN
NaA
NNG
NlJ
Nfy
NqF
