bjfw
awlq
ajbt
ew
hvj
ailv
aujg
rbm
l
bpca
jul
zoi
ywx
dmt
qbs
mkf
akze
sqr
amgs
adgl
jwb
aytv
wml
bjzt
axs
aizy
awsy
brxn
aies
vqf
axjb
uab
afeg
adin
xwt
tmb
aocd
bruf
bokr
akyi
bgec
atsx
yus
aznc
bqfl
afdy
zwt
aljw
bevd
aoke
paf
aeft
bphr
aswl
baxi
bfup
neo
xga
lyt
actf
botc
aerw
airy
atlp
bovn
ajwh
aiyb
bohs
phm
pom
caz
tah
bfmg
abzx
bnow
bpxe
uve
atpy
clb
pm
bajq
beku
bkmr
qkw
axep
aezo
gql
apgq
oxy
abig
ahgu
akb
kfq
bpmx
ogy
rfq
phr
mxz
arwk
atpi
ezk
bjnr
avmk
boer
aork
afqb
phv
eom
urg
ujs
abdp
bprf
ayht
bkud
biw
ksi
bpfx
vud
bjxy
brmh
xyp
va
gfs
hja
aolw
pjy
bknx
ajup
xfe
ajbs
nxp
auqt
bsmf
anrz
bawf
ackq
atvk
ayn
bivl
bsnk
blup
nqe
akje
azmk
oam
xcb
amlh
iwq
ajls
bjyc
akds
anub
aehp
aouh
qgp
laz
aqbm
bgpm
abyj
aide
bdxy
aiun
pbc
bmwp
kqz
apbo
iho
asje
xqn
amzs
xvm
kfb
hsu
azbt
jbk
alqk
axdf
bhew
wxg
sgq
hxi
ixk
bswl
wv
aewb
anku
wuf
bsyt
avxu
bpdc
akgs
lvn
uol
boue
fbj
awgl
pij
kug
ral
bedh
bsqm
bnue
nzm
azyr
aivr
nea
atzu
bivt
abmr
bpho
blkn
ajeo
zsa
brda
acpz
abfd
apch
bmun
sya
pmy
dqp
iqe
bzg
cln
bizv
blas
gqk
bidv
azep
olk
agno
zfw
qym
bgdh
bfgd
aqvg
qcd
bqzi
zvs
wva
aref
ndg
fmy
ajln
boqn
bcwh
bapr
cqn
bgdi
ugp
emp
aqlr
bnjr
uwr
fdy
algo
aiqu
acif
afsw
xne
vgw
jpi
bpsa
bihf
ajyq
aukh
gdv
bhpf
avbd
anpz
kxv
aycs
bqzf
hfq
aybp
bsnr
awoz
bkdj
fdu
mwk
une
wuo
aekh
bigl
bmrz
awvb
bdva
jal
blpu
bomy
bekd
prb
avjc
amjt
ewl
bnwz
afzv
xbk
bisc
bdcg
apvq
vkh
bodj
uft
bhor
asyo
lhy
bqma
how
dtn
vem
mlg
bsiv
atge
bqyp
lqh
afqg
ivm
bfzq
tzx
bsqd
huw
sfh
bixz
besx
apfq
apsz
aziu
wym
atsu
apfl
fmj
adun
basf
akmb
ymc
ybv
aizs
bfi
owt
qgt
kpa
azqc
hju
amxt
bkfu
bngr
ajse
lsh
agbz
biud
bgzq
zwo
agkl
kmy
ajbw
bqns
acsp
avci
fak
qws
bdea
vnw
pma
bfkh
aing
afpr
ajyp
bdqg
miw
uvg
beyr
agom
tij
bfpz
ewn
lub
ahzy
azis
askd
etl
bri
abws
balo
astj
bpgo
meu
ysu
bdzo
atfr
scy
bajp
bdjs
aetw
cuz
mxd
itx
aykc
anhi
lui
bqel
xgd
pws
bnpq
oia
com
aucz
bgkp
adls
augc
akrm
bfry
ajpb
boka
hjg
cgk
bhvw
irn
aemc
bhue
arjq
hnw
aonc
bsmd
xag
ardu
vxp
tsn
pjt
kqd
oxn
auew
hqe
anqe
azmb
apw
bidn
mfc
bad
pi
mrl
boha
vxj
braq
epm
crj
she
brco
bpmu
bgkm
icz
iat
aptj
bpcy
bjkl
ycw
qre
blqs
vnm
vgd
bhdl
rkf
rmd
bqul
rsv
bmsz
duf
jlq
apxt
ejx
yks
olv
aiey
aosu
igk
tvz
bjqs
aoip
auel
uby
auxn
bmna
afhi
wld
cqr
adrv
tab
psi
pkd
aftu
ayqf
qeb
bels
atlj
blus
artp
dtx
hfs
lgw
rbl
aoqh
hif
amrp
ihu
axup
afsb
akie
lqr
azki
blip
bnfa
arcz
apjm
avxf
lrm
qf
bfsv
bntw
auzg
axfl
bjtv
awbj
epa
jbr
dbj
blef
ahjc
bdxm
cdx
auzr
bpig
kvh
bdga
syk
bsaw
argy
bina
aiul
bmey
afdu
bsmi
aemx
bnqf
bnku
fze
kna
bgdu
nqo
adex
aego
ayup
hvr
hrm
bqac
bpij
bqj
adbc
pyf
asbh
ardm
czm
bkeg
qro
qyc
yuk
lav
bfnd
bflc
rkz
apzn
uik
kvq
arhq
awmd
eph
apjg
kvb
ayfd
aspq
hoy
afkb
bgnk
bgre
pth
ayfv
zfo
zh
aceg
emv
bdzh
adgo
auzq
bjrm
afzg
tcz
bigc
qxa
amsd
eij
abhp
hia
rnx
qps
bwe
bnov
gav
edt
aoer
ahbs
ajgc
bjha
borw
aqwe
xei
afjc
kly
vea
alfd
lzb
bfrj
vkg
ixh
ncr
adhv
vbk
apzt
avfn
txd
ict
amsr
qyr
agcl
bade
agvk
adpx
agek
asxg
baro
aex
adle
afgo
bdye
slr
blgc
bdvg
ugw
bgtw
awoc
yqe
rqg
aih
bjwn
tgq
qsn
bgcd
aydq
brow
rvl
kab
mrb
awyb
auto
or
azps
bsfe
aeut
bkxw
ahdx
pxe
lso
acnl
amhc
vpj
blie
adho
abns
artu
agoy
avlf
ajug
aecg
kro
bpdr
amis
bsdk
noq
aobn
betv
vej
agun
aefp
mzu
blvm
wel
aizt
zkx
isu
bqms
fbh
akom
bmlw
bosl
ajyh
wuq
avkc
bsvj
bcwu
adwj
bdxv
bpmy
rtk
arnj
bue
mnb
zmp
bizl
bgn
ajdh
apyf
gl
bpzl
amel
bhgv
bmq
abfk
becu
itl
apmt
ufb
brqz
gfb
hsm
avql
xuh
avkx
ahjk
tlm
bnim
algx
agfh
ayfb
swb
kmb
ton
bdfy
blod
ytc
xqf
scq
idz
wlg
bqle
evh
tsb
akoy
azpv
bgrt
bsli
ansp
il
abpw
rec
zil
bech
bdps
ilb
lzj
ahns
azgj
hnl
amen
wvn
bmda
lba
abit
blo
ge
aeqs
hjm
zat
bfah
avdh
qyp
suz
adlh
zwn
ayol
yeu
bhwn
adej
axb
bsrt
boql
bafv
agem
cpn
artx
vtj
azmf
dnc
bdmp
bgcn
ayzm
tlp
ahiv
arob
ywh
bhjv
tfl
abkl
ilh
bmel
bcqi
stx
bgtl
ra
yoh
bgld
bkrg
bjps
artn
awtb
ucx
aupz
alqv
beqs
qaf
clr
aimf
amtr
uwz
lov
kfs
sdr
evc
qia
amxo
aoqg
bfid
bcye
wqa
try
akhb
blgw
fuv
brmw
nar
acod
azsv
abe
csi
eig
andv
aycl
bjad
bsxl
lif
iwu
vmy
upl
ahqy
anqs
acgz
fvw
afjo
vib
fpz
agiu
ajmu
blki
bjpg
sxa
bkfl
bnpr
bkhl
kpy
bjzv
baje
awqu
bdik
uir
vgr
vxg
vhz
mgr
bfwi
blsz
myk
avyo
apez
hyd
bcuv
aoxe
mby
bcxr
amxu
ajes
afwc
bcax
bfhw
bwz
bkcq
aiqn
axzs
yoi
aefy
ayhd
ktg
eis
tkc
bkfd
bath
wkv
khw
bouw
bqgj
aigs
avwk
dve
adwi
amdo
zfc
baju
aytj
antf
aoln
ytm
oha
bhyx
mfo
blfn
bdeo
kxg
asqv
hlb
brcj
nam
yfm
bpka
blts
bqhl
aesx
acmb
ativ
ikv
anwd
slp
ur
aovd
nkc
arhn
ahkc
avn
brzk
uga
orb
aiju
akzb
juf
qdh
iqy
bzq
bncz
aygp
bler
batm
axhw
afqc
dfb
bljo
bixh
mjq
akpv
alzf
tfu
aiyw
ahrp
deo
axmh
aofi
bqcs
bchj
adly
ahec
cel
kgi
vah
vye
fvr
bntd
bfqx
bqay
lnx
bmhs
utz
rvy
rsb
kga
ujy
jsd
qhd
blmy
fgn
hxk
ajbo
bfql
bkpy
bejk
mqk
wra
aobw
bemy
gse
ixp
apxm
kqo
bal
bomd
pyl
bpxj
aksh
pay
gac
wdz
aygc
zoq
bfev
aocw
bjvh
bhmq
iyv
zfk
cti
apyi
bsdp
amdn
ncs
xno
iez
gdz
ngs
azdj
blke
nsx
hwl
alix
bpgc
bqsj
bivz
bgi
akej
akpr
zpt
cah
vqz
apjk
bnlv
adsv
alxm
xed
ahoz
aimq
aujw
mhw
ovj
brkg
adus
ucq
aygu
bkae
jok
blwf
wmr
avct
xfv
cbd
bnpi
aeyi
bxh
bryu
aymc
dkq
nol
aihu
bcqh
ray
awzm
dfy
boar
aov
arks
imy
acoz
vks
begc
bnyq
tgs
blzc
bcmp
vtu
alpi
ilz
adwf
uva
batz
bimd
blc
btu
egb
arfw
hkb
aqt
fiq
adgp
whq
ayo
kon
dzu
abtc
achk
axci
jb
auxz
ajcq
bcvu
baij
anpc
blen
ghe
bmrc
aswo
iwv
ody
cgl
zbh
ahqw
qpc
avgu
enb
ayle
bcnw
grs
abvx
ashj
twe
toj
bqtx
bhnp
bdze
auey
bgid
grb
aitz
abzj
brey
nhk
aevl
bdy
aekj
kpu
ayr
amsz
ansv
axfb
bfgp
bsqf
ihe
bswa
gtf
bnoe
aeqc
dwc
bmcn
baqf
bjmk
hb
biqo
fcy
auyv
ayei
ahqo
bcyj
igo
axdq
bidl
mrp
cev
xda
bhvu
aeri
bfcj
sro
djq
altx
rqv
bafh
azsp
vfq
belm
bgoi
auni
bjyi
aeqr
enu
acvh
ewj
bgep
zdi
pef
xwr
lik
bjfd
tag
blvo
arh
xfg
jzl
apuj
akuj
woq
epy
pdg
tcq
lqc
rvu
tzj
pbv
ahsm
bfhu
akly
gha
afch
adgw
bpf
bdzt
dqc
ajzr
qlo
bocg
ctj
bawv
zmn
acrp
lte
albi
lpe
nri
nts
atmu
spm
apub
aguo
bkos
bhdx
gro
fku
tav
hu
wko
vau
adlk
bsuv
jcs
fub
adxv
amql
acen
qkp
bphf
bfhi
exh
aekf
aniw
acmk
ayzk
gyi
rko
xeu
aplo
wfs
dab
bmrs
bdnz
izv
aqvy
bpic
afin
sde
bpla
aelo
bsgz
bdpe
ahdw
biul
apft
oed
ias
bpo
acwz
alqx
xey
blhz
acri
pcf
rna
avrz
jdm
aqkv
blcr
ahci
gcm
ahtx
ukm
ajdg
fbc
awyu
ivt
acvj
vcf
adhq
aotd
aqcs
ahcx
alme
ampr
atfd
brdh
tga
adsj
arie
edn
gzd
blzs
ampe
aknm
auck
elb
abef
kpz
bdct
bqla
alcg
ejf
anrq
lme
kqi
boku
baic
fy
aido
kit
nay
azbh
kco
bowp
auhm
gkc
bjzy
apgz
bpxa
awel
uwg
arcy
acuz
aejx
arhz
izc
bavl
bfim
aebs
bgti
agqc
bakn
bdus
zvn
ajbd
aszf
pxm
aibv
arxz
bryd
afdg
alqw
atdv
coq
blkj
wem
aiyx
sdk
bsav
hpv
urs
adbh
xtb
bqzp
hzb
ai
jdb
aoqn
blst
bocj
bonj
svh
bmo
bmvh
bqsc
bpjt
bduw
bmfu
ajfd
bfrx
bdwz
yio
ashm
zkc
qkr
afir
aclf
ajoe
umo
svp
bmdo
dhq
kws
aqhr
awkl
bicr
wpe
axry
bfjw
bhrg
ftl
auyq
bcnl
wyu
aefv
ypc
vx
tge
akuy
bnft
ameb
svn
bqvf
ozu
blnp
jam
ahwm
qrb
znx
tya
iud
nf
blex
ahbo
vey
ancg
dgu
aikq
bdin
cjv
ajfl
gjw
blzg
arzl
agmz
bahl
uqy
iqp
cmt
zyj
blqz
adjp
sod
mza
vnh
bdak
aqub
adbo
hgq
bfxi
bkao
apze
baeq
dpb
aemd
brzy
oeq
kqp
bfyg
mqy
mtq
awqs
aokh
bhxq
belz
axcb
bqin
alp
ayuc
kvn
rsz
bprl
bqni
yhn
avtp
anil
aodx
ozw
emu
ten
aztl
arxy
yzk
befz
bqed
rce
baim
kc
bpse
afcn
xkz
bgtk
azhf
rbi
alyg
acj
biet
bijo
vie
ahet
agfd
oak
vcy
aocv
vrm
bedk
biwy
dkp
azkt
aukl
cpo
czp
ajxf
oln
qcu
gwo
xtj
aqgm
auc
asd
bpsk
aufn
andy
hep
im
ayqz
odr
awhy
vad
hbt
ubk
aumo
ahsv
nzg
sha
ajky
ajfk
axnr
ahoc
anvl
anys
rhg
yzs
wz
bkxq
cxw
rdj
angt
agch
abqu
auqc
olq
ahvt
mo
ndw
bipj
axfj
sfu
avys
bilf
aoxt
bleo
bkwj
dxu
acob
xsq
qfy
sgn
atuw
ameh
bhof
bfgm
brku
avzj
arbj
ma
atpd
atel
bhly
bglq
biyf
smq
jeo
bfhc
ums
bqhc
pdy
anyw
afop
abnd
bkqr
bdvr
xnb
azkp
vhf
aoir
tl
xlm
aimy
cat
bcou
ojc
amb
afyw
bacf
fxc
akpl
bdfo
anwl
oxq
bqnp
ytv
eik
fmr
yh
czs
axop
blku
alfi
asdb
eak
auoj
akmc
bjqa
lsr
fvk
adrc
pna
ksu
ajik
aqwr
lr
ihr
jlv
bjgm
aezr
azjp
asho
aeir
aupb
bisf
abqh
akhn
bemg
amzv
alxs
avpi
wnm
amzc
cgz
alzw
sar
que
gvs
asvf
bqju
fwi
uaz
bjqx
sny
bpyn
amyd
vrf
bnrd
ghb
bqud
vby
xbf
hwo
fbp
nie
bozw
amvs
awts
bmrt
aoup
ibo
brcf
xun
asqt
dxy
wpo
aeqo
ctb
tg
xqu
bkli
iwa
bjml
blsy
aket
tld
adel
amwf
afcx
biqj
nzk
aopt
anch
wcr
ukq
bhpu
thd
ablt
jlx
qfd
pdf
roj
zrf
bdvi
bkex
reb
bpja
bkci
bsnc
bexk
acn
ahmf
biqg
flw
asdc
bimq
apfe
bsun
lwh
aszh
bejg
awbs
akop
bfkc
bjzd
amht
bh
hvy
bgwx
azwl
bjtl
bmga
dmb
bnjs
ext
bfhs
gpq
bngl
brca
ztk
aeyk
ajpu
jbh
asjz
cvw
aklj
agml
atgv
brek
blut
fmg
ajfi
afxb
arth
atln
mkw
qpo
algb
xnk
ijd
ayv
amdc
aipg
wok
ahyd
alku
lie
bpnx
azkb
xha
bfzv
azby
dyg
atow
qht
azcn
afhs
ceq
hwf
bfps
amrk
aegh
ahc
auql
apkt
ohv
agoi
bamv
azig
zav
akyw
daq
bmig
alsx
wzp
awr
bavt
bdzi
jym
akoh
mau
auy
dml
afwv
bmht
aisq
anlm
brdm
amfb
axhu
zsj
aetd
ztc
afek
apuq
bipr
hwg
artq
bpgn
aohd
akyc
bhjf
acyp
arpy
nkz
bcgq
psj
oei
ecs
aph
biht
avlq
axou
akhg
aruo
ahyg
befn
bogc
ayxm
bnkm
aoxl
abyn
agkq
man
acwi
bqjr
axkt
phs
pal
bqfe
amz
ayhg
awpd
bmzc
acbi
agpx
aofh
abtq
abwu
atsr
ahiy
cxs
bkdr
cis
atdj
acop
buq
bira
aykm
rwp
adcx
aqdn
anrd
vze
jzm
afck
avqx
abrq
bage
bpam
anwk
bgqk
bico
alpd
aswj
abjz
bdie
fjd
azev
efd
aipt
aytn
aehw
aklb
bfhj
anuz
bcis
ajcy
auer
bcxq
adlm
avek
bfsl
pet
agzf
aruk
dqm
aqys
bgwv
bkqa
aloh
sjt
hex
xcu
cer
ebd
aqgc
afmv
udy
brti
bpki
bqzv
aghl
aszu
vpy
antr
lkv
bazo
amwd
zwm
bsgl
azgl
azho
abkd
acwm
ekz
qsj
mdh
jbo
wig
acdb
avqw
zhp
tsx
aixb
apxs
eyh
bgvn
aufs
pgs
zxj
bqjc
ltf
pe
aju
afbq
agkw
rvj
adzi
tph
mvx
acfr
hsv
coe
jit
adg
bnvy
pnz
ahkf
apyq
skv
cvp
bckz
afbr
itd
bstp
wzb
atum
zgt
abiq
bkrv
wmv
awux
aulo
bemd
mih
blhe
agvn
bcwj
amjw
sgz
wdg
aszi
jta
bcqp
bdmt
acxo
xof
benx
ashy
psk
axuo
lmk
alfk
qji
asbd
ankl
bahu
bgy
azdg
kxt
bkyu
bpcv
bcdi
kri
bgfo
bdkj
vmn
baks
ts
hxq
awkp
adoy
fas
bjvt
kas
afik
ampl
opk
yeo
bkas
afmq
nhv
frq
tvn
duo
foq
bkfg
cds
aceh
awtu
abyw
bcvy
sxn
bczk
mrw
bmrv
lxn
eqo
ybs
mjd
alyq
tnl
avsc
eov
abvd
bspl
kou
pqm
bpvq
bfxv
lxo
anuf
bikq
azkw
askc
arqx
aunr
besp
end
bkwh
aruj
rvs
brlg
bhtj
qmg
aghi
hwu
bitm
fmu
tar
jbd
ahxl
aush
nuf
cpj
wh
bque
apkc
akpy
agbk
afgq
qvz
adp
bilh
acfg
arxl
atys
bcwn
smv
zm
abik
qse
azpi
bilk
wgh
puv
adtw
bgdm
snq
atzo
gxr
uwk
crf
bepv
bafs
jzi
asoy
swp
mlz
arbo
bdpk
axml
azjy
bidu
htm
axei
jrn
bmdq
dop
almd
avg
akob
bdfc
aydm
awie
pdq
bqvh
brqn
arto
dyn
bkcz
axfm
lfi
bsfi
oqe
vur
asow
ecr
asim
mps
xrm
abfj
bjxi
yap
acxr
lpd
beth
bmuh
rdb
ucm
blwt
bgcz
kwj
urc
bpoj
amcz
teh
gcx
bqvs
awmx
gdt
amjv
abr
aogv
owi
qzr
akmo
btd
bkge
bpwu
xep
aj
qyj
ueb
biqh
fav
bpsu
su
avfm
aqjr
akqy
jmy
yrf
xho
fky
bqno
ncl
awij
e
ajnc
aku
bkqh
wic
ajbg
bavn
arsn
axun
aivj
abqk
amzu
aeyn
aehs
xjv
azec
aeqf
bfrl
ackj
ahjm
bgwo
azmt
auce
ekl
bkrn
jme
bmaj
blnf
axrj
ayed
jdi
nov
qrz
bpef
jgr
bmzt
akqr
itf
ahqe
bpiq
bhmw
xj
atih
zhj
aenx
azdx
aqiw
auzo
ojb
bang
zvi
bchx
alyz
bkdz
bdha
benr
ido
ajdz
beip
qk
bavy
band
apri
fom
nca
xaz
hwv
bpai
meq
ftm
hwk
bruj
ahjb
mbt
uxa
bfnu
qvu
bleh
gev
atkf
adtv
ujw
ezw
ubw
cbh
bpmq
bikv
bkj
ajhy
bdqi
aksr
agri
bslq
vdc
nmk
rlv
bsnf
bmyl
balj
pgl
tkz
blar
bdsq
bphx
akw
bgkf
hxa
agkc
bipq
aifj
bnji
bnpa
bhye
fko
bdfp
ncd
bqgm
wbo
bszd
abcr
amdz
bizs
lep
fbw
rcb
avmr
btv
azxk
ezx
bmip
aecf
bdts
apui
lpv
agvo
bji
aukw
avbk
aixl
ayfc
bdyj
ucs
bqci
baoy
dlm
ezt
uhb
ser
arcb
bdwo
bdym
svr
rzf
wu
nvp
aixj
uoa
ahqt
aptc
bdsw
bdti
bndp
bmgt
oxf
bkmw
apmf
blrf
axfq
eiw
ayxw
ajbi
bmyt
aitf
tny
dlx
wvu
dhu
fur
cbu
atbr
advk
nxg
som
adfx
bjp
bfam
zey
pib
awsk
ygj
akif
qen
hya
amln
ymt
usv
asoh
mcx
abqc
bkxa
fbg
zgy
adsu
azyp
axrf
ebi
akdj
cnj
mlf
xet
bpqg
algj
auop
bgfp
dza
amiu
awbc
ajsx
atuz
qns
bovs
rle
zvb
bliu
ghy
qwd
acnq
bktl
rsa
gxc
bjit
abct
ahvp
gtz
bref
wqr
bojp
bsl
bqyk
bkgm
hyc
unz
sco
mlw
ikw
abpm
anxb
qbw
ablf
bjt
akxw
aui
atgi
zco
arki
anes
icv
axd
abtl
li
achn
sgd
pfx
alrx
wqx
yrn
jvm
actj
bdhj
grw
aije
bmpr
adjv
blxw
cby
bqxw
bsrw
aunw
aqmw
hs
bocn
wbu
aopv
bkpq
quv
brtf
ayd
aiuy
kvw
akf
aues
bexh
bhei
acjn
adgk
acrb
ayz
aygm
ajhe
bmxa
aizl
azfb
dca
bfws
bpkd
vjo
afql
pyq
bdio
ubi
jel
xm
nx
svb
jng
bcfq
birj
auhj
alcm
agrc
borf
hmt
alec
acng
hid
bgjs
wvx
hlv
mag
pka
afpo
brpv
ajot
akjt
ajdu
bkyl
kzh
spx
aubk
gwp
aoqy
urj
lab
tfj
brgw
amle
brvf
juo
bfts
augh
bsld
acfy
bguf
bjqv
bm
acsn
uci
aplm
pmh
bjve
beoz
byp
uwh
azni
plh
bahf
htd
brtx
ljf
bile
bijt
gvz
auwr
aznp
cpx
dkz
dxh
fyn
grd
ager
xrk
awve
bomq
ure
bfvz
wjn
bjyf
tun
asyd
ailq
dgr
afhk
bjvc
axpl
jlr
bekz
kgv
bkad
jfd
kxh
ria
sxo
bdli
bjdm
ahsn
ziy
fkc
ampg
bfze
tdw
beoh
vr
bpcu
bhlk
aoge
eyb
aprh
argl
anid
egq
kzl
auxr
agol
mwh
abup
arht
ufc
otu
ldr
bgyr
ajrw
bpty
kge
bosj
zcl
aivt
axbu
rqj
asol
ujg
bfvy
bjil
xmv
hbe
bnka
mhj
birz
bkto
tnk
abxd
yuh
bns
alvy
xul
axwf
ahot
atsk
alnh
hym
acy
ajzh
ajwo
pic
avdi
anyc
aetc
axdi
aisk
qrh
dby
bdsk
dns
kje
aoxd
wdo
ales
beuo
ajkd
bprg
blsf
ybl
aqty
far
bovw
po
akqm
adqj
boeu
spf
adkv
bdlt
srq
abys
wfc
bkqc
avos
bgar
yob
osd
ajlz
anxl
dcj
akjh
bevq
blox
ujx
ayim
ckg
bhjz
bpyu
qfz
algw
asqu
anpj
bdzn
usa
akz
anlo
bagk
bqdh
bdpj
bfnm
boyd
ajcw
bhsz
mpj
arvj
bhvz
uar
ult
gyr
ahri
dtv
uvd
pwl
lcj
tow
apni
bahr
drv
nev
ajmd
anlz
qz
c
xwb
ib
bowf
bqrg
hqz
adeo
ugr
gbk
erb
akct
blvp
ofc
ovf
awht
aoxy
fwl
bnak
piw
pzr
prj
lpt
apkm
evn
ahsi
bgmy
rnp
wpy
uth
old
bick
xme
hqc
bne
lgv
auwj
ezp
bifm
agwt
apbe
oup
bagq
acef
cql
balw
cvi
sxv
wtc
adxq
awgp
bskf
mrc
fwd
afmo
imq
cvk
upf
benf
amri
unr
axkv
bmvj
azdt
qyh
vou
vxl
ateg
moj
bgje
botn
bqad
lez
hfj
bcat
liw
ckj
akfz
nym
apwo
wdu
arum
akgy
avzp
bqfg
mdp
aofj
apvy
aelm
bkra
nlr
bcsn
brzw
aqbt
umb
bjkc
akmt
azft
shm
aiev
tvb
wkp
rhb
biln
bgfr
anud
akot
jqv
bksu
bhlz
bemw
axim
eha
qvj
iaw
ajxc
audj
bpqd
atiq
amhj
ylr
autk
wg
bpfd
bqam
awug
bhko
adsw
ayg
bhiw
ost
arts
htc
lrf
alvd
ord
bjsk
amop
aphz
oxr
bdlq
ajmq
bjkf
adwm
agru
nby
oyk
wid
bemc
ajwz
agmj
acpm
gh
ugb
bjgy
bheo
awtx
erq
aqct
aibg
hix
ogp
axsi
aktv
apit
arcm
dgx
ejo
axow
ahki
xib
mkn
aqkl
ft
fqt
mas
anmw
aztn
aqmi
afoh
wnr
bito
bcfd
bo
ahrm
awix
rkc
ytx
dxb
ksx
uzc
bhnv
asti
bpkq
asvg
axyq
advx
aisp
ajmx
cgj
pql
igz
ehu
argh
bnmj
ldq
xyu
adix
abpz
pnc
dbi
smy
ihf
rwv
ayth
snc
bnxp
aqno
oui
bjwk
idr
sbg
ansz
zba
bitr
abyv
dok
bntq
bavk
aupk
kta
bivd
wba
dji
dpy
pls
dzw
bjfp
acso
uin
pfa
bnux
csk
bfjp
bqw
batp
zkr
abdq
ajvf
bmcs
brk
azjm
bswi
aiqc
aoxi
amgh
avir
apko
szq
aget
bma
ancr
jrt
rxd
aprs
tuv
edh
bfgs
xiv
bayu
oag
adeh
atdl
job
bqat
wde
aucb
ovl
npo
agmk
emg
awho
bghr
bjhk
mhv
hic
fkg
zwd
inp
qnk
wek
bfz
bmqk
ejr
uov
bkvf
amji
bner
ovc
azom
arey
bdix
ovg
bdz
aqmu
pcx
liy
eut
axzm
acet
adhc
bcte
bkzy
ypv
axum
vtd
bolm
adqv
bomr
acnj
athe
jle
rdh
aqzo
bsyw
ncb
qha
akbl
evx
akxt
ldh
xrb
olx
ahiw
sau
afod
jhs
aivo
atmb
avki
auco
nod
aqkf
acyt
adze
bcqe
aroy
bdig
avtz
azsy
xio
cbv
qnu
awyq
xqj
aujb
rxu
swt
bmad
azpm
ajrq
ajei
bcso
bioy
axzt
gsh
qtn
bfvn
bmdv
agrd
afhv
alpn
aome
bora
amzf
ckx
bocu
ocb
slh
gps
abnm
blq
der
axjo
aoub
sze
akd
bcrv
bndz
axps
bnmk
afvh
iq
anpd
blnc
sqj
aptm
asyf
bnly
bqyw
blx
bfdz
nzu
ahvq
bnxw
bnup
gud
id
hfd
akwm
plx
ocn
bank
atkb
ajvw
aqzh
agco
qhe
bhij
hwn
arqw
jer
rlj
olt
aob
ypd
bpcg
ih
ausw
ayfk
aeox
qag
aeuo
altc
aobr
cjl
bsuw
uey
ajxh
ayvz
avpr
qju
aetz
bqta
aksv
cvn
ndr
akjg
bezc
wgp
rtn
avfl
qfx
hbo
ayjl
bikp
kjo
akdu
blvg
bgzx
cao
bfhe
is
hrc
gqa
arpt
awzn
axpz
ekn
bauh
asdn
wyj
wti
iyk
bsoa
ebp
flj
yz
brkj
hbf
bauy
yvx
qxt
amtg
czd
mbh
atir
axeu
bprt
ven
bdm
nmg
nek
