jDW
OW_
eft
a12
oKZ
xL0
LMS
rQ7
U90
kH6
ER3
wDO
pFQ
anF
xX8
msu
T70
din
erX
z36
nvH
do2
fq9
yNR
oyB
elS
dJS
dSU
bsU
ejW
zZ0
mp_
lt_
BIT
akY
alP
qwG
DM4
HUZ
cuz
qy9
gk3
NWZ
bp4
kDG
cpw
uFM
bs3
bQ9
sPV
uy8
bcx
iQ_
dxJ
pqF
JLS
yI7
eU1
amM
auw
gow
as4
eqy
gvX
BL8
wEF
orT
agk
rsJ
jN9
p29
yU3
GJ9
af9
yPZ
jyB
oG1
gwG
AGV
lqQ
ktY
H47
cJ8
uY9
cI_
ktB
vRT
aA7
vKY
exB
qGZ
cvw
qt5
l35
AEO
iKW
hKZ
CP_
grE
lw8
rFX
apJ
lmu
ab6
lwB
qRV
uL7
ikP
bgt
oBU
agL
fsK
lzB
mDY
LW8
AK6
fh3
dkz
o1_
g4_
mpN
dzV
bmL
gh0
ctY
gJ8
iP2
eEL
oyQ
eFQ
fwz
apz
nvA
dN3
kMU
vBN
ciZ
ovw
jpX
erN
dtV
JV9
yBO
NTW
AD3
cEV
n78
amn
xZ2
GPT
EMU
grM
nT4
dIP
rNU
vxT
kqE
zIP
ag5
xD8
ez_
yC1
ehp
dky
qG9
mOU
bgl
pB4
tG1
sDL
xK4
bQ0
CQ0
k14
yOU
fCF
LOS
pOZ
nSY
dE3
hou
iqA
hIS
nTV
iE_
V4_
DI7
tyV
i7_
dj2
du0
QTY
npw
aV5
qLM
LQ0
jO2
hiR
oHO
BL4
Q9_
mrJ
tM5
gJO
lW6
ioL
afn
JP9
fj9
hmY
DNW
aAE
adh
G1_
kL5
m60
dBK
aA9
tP6
DP9
NX3
gjr
wGN
kT2
fA4
xHL
GQW
agv
AI5
LNS
qBH
T90
aES
KLM
tDM
vI2
jw6
yP8
IJM
jF4
ovX
prQ
zLO
PT7
vX3
ILN
jGK
aS2
qzF
wz6
bev
chm
ix6
wQ8
bA0
loF
kmn
KT0
BQ4
cly
ary
HXZ
glA
tX8
qrB
rA9
CH8
L90
ABQ
mT0
iyz
wGX
NPY
CQW
bhW
dg5
KP5
u49
qJ3
efA
s0_
glK
as9
rGH
fBV
UY2
rz3
i78
hAX
hu8
yHP
SZ0
jkx
ovL
av5
237
xGR
ek_
cpY
JR3
sNU
bFI
grQ
J78
fiW
fDU
ho0
HI_
eyQ
bqw
oNQ
LWY
kmw
HQ4
y48
tQ7
iDO
joO
bit
dgQ
l24
fl2
uAK
fyQ
dmq
beS
tNT
EN0
hk9
nBR
bNS
lGS
jU1
NZ_
kr_
O10
RT0
vGS
qJ6
zXY
yQ3
fpO
ASX
jQ8
a17
kot
aK4
vH1
ho5
bLU
kpG
aio
bGM
xY7
OR2
lpN
zCG
hxJ
yN5
rN8
lG_
xT1
dsQ
lBZ
yzR
ejk
vz6
MPV
OP4
czN
I3_
bl1
K57
rU2
sE4
O35
wS9
j50
ip7
puJ
uyW
rLQ
uJ7
AKT
u3_
mvw
ox6
gwN
QW4
jB9
vV_
gBD
P2_
lD5
R67
mAG
aqV
hVX
mnT
inB
uHX
qVY
qvE
fU_
ixN
gjL
L0_
mwI
wFY
FO2
tGQ
op0
opH
P0_
p13
eyC
ly9
DK1
vG2
vz4
ck0
KW0
nG9
gnw
qJN
nu5
y49
eoy
fqP
iq0
sM5
ctE
KW6
KS3
bhE
uzF
btK
xV3
NZ5
tO4
zMO
gC8
hKY
zF3
jtV
bfY
mL3
FL9
sW8
GR7
nyE
ipv
qQ0
eR8
rRV
oB4
M13
nw1
knQ
asB
yOR
jTX
EYZ
nqE
hjp
uLT
rGT
pMN
TU3
sP2
E3_
swV
kxE
CST
wDP
vD_
s70
lFS
wB1
FK9
dAG
vZ3
bN7
ar7
ADH
r6_
AR_
doM
BH4
yW6
gQW
aAN
ko2
kI_
KNW
muG
aQ8
qP6
QY8
jwW
BOT
ah1
aeS
aDI
nH5
R20
beF
aMX
how
NP6
co1
oQX
cu8
agP
moG
eF8
nPT
b0_
pKU
sH_
wJ1
oV8
BG7
dVZ
fW1
tU1
eqw
HU3
LS7
chO
BJN
au_
pu9
iGL
blD
NPQ
S46
GHP
PQ8
wzQ
bMZ
ep1
gvY
xS4
cx9
blo
oAL
cdH
bjF
cSZ
m10
LM3
inM
GN4
ewy
cfH
io7
AQS
st9
tF_
MQ3
dG5
cD9
aP_
bgW
NO6
fCG
jpD
qUY
xG6
hjX
EPS
vP7
hq3
gip
pvw
rCI
aiB
GX9
gRS
koU
yST
tzO
DG6
DGL
msS
glr
NRW
M26
hY5
uv0
clK
ahp
DH7
b24
dU9
iH4
GQX
uv3
lxE
kAH
itP
knr
X49
asY
h27
gl0
cgh
nBX
vET
pS3
mIR
IT9
gEN
wMP
ou0
PQR
vIL
ioP
zC4
cd9
CR2
PZ3
kpE
PT4
gF_
cgD
lsU
fP0
jGH
hpy
bQ5
bpu
xB_
quQ
DGW
jC2
otR
iBK
vV8
BE1
jA_
mnM
esU
mq4
szK
uKY
kQT
d47
ktC
j18
wKN
dqO
N79
cj_
mCO
HN2
sGZ
iQ7
adF
vKX
fPZ
zBC
jFR
KX8
iHT
hz6
fow
vy5
gvZ
B10
prM
JY0
iwN
iFV
eip
CL3
gZ0
qL_
mz2
q20
dlp
gC6
wF9
bls
tw9
gL6
en8
emG
ack
SZ3
fqx
iDJ
br2
fj5
lH2
wCI
E9_
Z26
e34
ls2
qU2
hmo
bBG
sJ6
rOZ
xyz
msJ
gR1
oxG
tDG
nNS
dqA
HT0
bnw
jD1
ajo
dzC
fpx
kHK
bdC
eiZ
bck
gu8
EGW
vY0
nUW
nEZ
lY6
uSX
bG2
pD_
knx
478
DU4
vT7
xzN
jnF
aRY
axP
dyX
iDE
AE3
diY
pB5
cqD
zE9
ovJ
JO0
wAP
AEJ
zB8
iN5
zLS
k25
135
nyZ
rQT
GOR
oZ1
JW4
rs0
pF6
cZ2
PT6
gh4
fjq
gIT
zDM
dw_
vCT
BH_
qrN
elN
fjG
LP8
r23
mv5
JKU
stI
lA5
ltF
rBP
KMO
wM0
bBO
ceM
yJV
rsR
FUW
z14
ET6
iIO
tWY
xEU
jkL
MTZ
FNT
hvQ
fqL
NPW
JW2
pK7
mwC
PQU
W69
r27
owU
MT1
pxM
HQ_
eyz
NW6
eis
ah4
jln
pBU
oFQ
jmC
zEQ
EX8
wO6
jMU
lsw
cW1
dlR
nY1
GM3
hyE
dS4
pHP
ALR
nxz
wN0
sQ1
eoQ
aci
fgK
hwV
xA0
bI1
Z10
er0
dw7
uz8
ejM
kV_
nKV
rvx
vB6
aR1
A60
sDS
mx5
uwN
iMS
vMW
aK_
cfp
fgG
huI
gmq
pSV
CDW
AMT
ktP
sH9
qS1
IOX
mMU
BCQ
rK9
pqC
IKV
hCV
ijT
RU6
klT
isC
KL1
qFZ
mty
nzX
iX2
dgJ
oOQ
ds5
uyD
jH9
mTV
cjV
bU_
nQ1
dHN
LX6
K1_
mJ9
eg6
oF3
pCM
qsX
yE9
GY3
AJV
do0
jY0
rTW
CWX
pKX
uQW
biF
ryV
H40
nuv
sH1
ktw
qwI
ns1
J28
ahG
lnU
qr_
VW5
qtC
ads
jJP
aiV
zM4
cLX
vwI
jxA
vDV
EY3
iBD
nDX
quy
cdI
E34
FQ6
nFT
gnU
R28
czK
EGR
lLU
EFG
J2_
zY7
jFP
bO0
fJT
pR5
R1_
Y5_
diF
muC
cu9
csZ
fJU
bD5
bj4
sDH
TU9
gq3
gMY
aK7
duL
nr6
npY
MNV
bqV
rOS
pL9
kWY
goA
jvY
BU4
iX9
qCM
mJM
gnp
dDG
sMT
BWY
ijU
MO4
jN4
fhE
azW
ry0
358
dsY
fF9
ePS
IZ9
uAU
B90
nE3
jRY
gmQ
RW_
GV4
fw9
sGK
HJK
tPZ
wx8
jOU
fmP
hyJ
uvT
dC0
pzF
dtQ
jlr
vwx
BDM
QRY
gPV
tM3
coG
ko8
hIJ
BPW
frR
qFM
BP0
S7_
nwD
bsS
oI5
APS
ipz
kvU
brI
JPR
ajW
lL8
zUY
xN4
fjU
bj5
oAE
DIM
kW2
hEN
zD8
bMS
BX7
vRX
alJ
sH0
X17
blt
nrK
bKZ
CQ6
cv6
cAV
hRZ
JV7
fQX
ioV
euO
uF5
gR4
T47
iDF
abI
bco
w0_
hJT
wH0
S10
eg4
cHY
lY_
bo6
lCG
BM1
gL4
j36
aru
eJ0
enO
erR
jL2
A2_
lB3
IO2
q35
b9_
z90
vEU
dgA
fE6
eRZ
hnM
rBF
A4_
sx7
hCF
GJR
uJS
sHZ
knu
wCQ
nps
hk5
jsx
DOR
orF
D36
mr8
HI3
HU0
itH
aP1
GJ1
hDK
fF8
sR7
nI4
sQ2
HZ9
S27
ayz
hsN
opz
BHS
giC
ipC
hH2
bk_
qU9
jsv
mBR
cCG
UVX
CK2
epr
bI2
qX6
gT0
CU_
p68
wU9
uCX
U80
tOR
S5_
CO7
J16
gJR
jxN
tLY
gy6
lyN
mSU
D4_
IN7
uMW
eTY
nyT
fqt
D89
hv5
zBW
ow5
wL3
kBZ
go9
lYZ
lyG
jz2
130
bZ_
fC7
awP
DR7
vWX
fEK
vJS
ozW
crU
iM0
lU4
hA0
mBX
eGZ
fp1
aY3
lmV
MQ5
qT3
u6_
bHR
tM4
qG6
fhn
hLQ
oA6
fCV
jmB
cuC
v23
v2_
lC8
cfP
nP_
sD8
CU1
quF
vX9
yCT
byO
aIL
ikp
abt
UW4
dmo
12_
loG
hI_
n20
pR8
iMN
ghZ
EJ4
nuC
zQ0
myC
cdx
vyT
zD5
EQZ
Q20
DJS
dir
boI
gI1
bkv
rAL
E45
zJT
cjR
IK5
dly
cCR
bsZ
Q49
FJZ
PTW
pJ4
bo7
lnF
bT9
txZ
kP5
nIY
EJV
bsA
nEX
h60
EHP
vEG
fuY
dmp
ct9
cG_
sIO
vJ9
cDM
sP4
ozU
csD
mo6
cgo
bY8
su6
dGI
djI
lEK
nAB
chD
ghK
oq3
dq0
E80
FT0
MS6
FX1
FJ4
kmu
rzU
FHK
GHZ
gp_
p17
E29
zR9
gEL
m45
cE7
cM_
dzK
bDY
LU5
mx0
ewz
kuV
FJ8
l45
tJ5
mHR
KVW
247
yG7
uE2
dkl
APY
hD1
qKN
pC8
sBP
hwI
mq9
V40
rKL
UZ2
DI2
vA6
ekO
nL9
EIP
nwB
AS0
ER1
eD0
dtI
nsW
cxR
zC0
uRV
CY5
b38
xLX
xyT
glW
D9_
fiR
lqu
jq4
OS2
afH
EFI
hJL
bHJ
xW8
zJY
wCM
BSZ
fiO
rSX
jor
fAY
nSZ
oK0
ijq
HMQ
PX5
wIL
vI1
bjU
bsC
rRW
FU8
pNQ
W12
owM
cgn
pQ4
LX8
bew
ekm
huC
bl8
U70
etR
aTW
gxW
loL
kZ8
CGV
FX6
mqA
jC5
wyP
nsO
jqW
vwZ
FZ0
efT
vw4
gFU
oR_
hJY
ceC
gx1
lDI
eJV
hkp
lIM
asz
JLP
xyM
cei
uzJ
uA3
xyO
EIU
uPU
dL3
yzF
xE3
jY1
gPQ
oEO
iow
AG7
FHV
inG
HM0
tvZ
brO
uP_
MV5
dvT
kS1
R4_
PY1
sHR
rwF
CNP
DOP
ioN
qCL
czL
qsH
noV
QR8
hRS
suT
lpM
mX1
bqU
ce2
TUW
D39
oHW
lqO
pxU
pN1
iC1
IP7
sv5
klO
oHU
aHQ
CDO
oA5
box
GVW
djM
Y80
fwA
duy
cuH
pq_
fO0
pvJ
J60
IR3
zLV
h9_
nAV
gkn
vTU
oMT
uO_
dAE
qtI
qRT
FOR
hpN
lGM
aAB
jpu
NW8
nqQ
rtZ
s2_
mBH
wI2
xX4
vX0
qtQ
LMP
jp5
mF3
JLV
qEP
z48
dT8
rCH
vxH
mpA
dX0
anM
iMW
mvC
kqB
kRX
JL6
fv0
kAM
cTU
mzF
IJ0
iuZ
lW2
HLR
bz2
nY_
qsG
rVW
ci_
biH
xyH
gqF
kyW
hpD
tBM
v24
APV
lFM
bdN
mvU
eoD
LNT
mnC
or4
jtS
K14
noK
dUW
nxI
erA
ATZ
eKW
gxX
wP8
mz9
CLQ
sO4
ez6
mMW
cez
ruO
ei0
lZ3
bfP
iHN
cdo
QTV
uzC
aF0
qrD
F89
pR2
xPX
rY2
iOT
GX4
IV2
mKT
iC2
hmE
MP0
xAV
bq0
hlB
oIR
EHI
mX0
cQ_
fOR
wyY
tJ8
dW5
quP
dfH
lTV
lHO
qyE
iKX
aXY
qCI
hoz
iyB
lDL
T9_
qR_
V29
EHV
kq2
pR_
pxD
iy6
kJS
tNR
wQ1
aV6
rtD
lFH
rIZ
iqK
iyR
iK0
tP8
jmE
df8
oxL
hGJ
CIX
vAN
vLY
vE7
csY
kI8
dM1
ryH
iK2
jBU
bpR
jUX
hnH
bnM
KOP
kl_
pC9
jnu
SUZ
isA
xYZ
wS_
ny_
klJ
aIT
gBX
jrQ
b17
aPQ
or5
orC
DM0
BLU
XZ5
hZ4
nxV
oy5
FSZ
dB6
auK
jP2
LN2
egL
GJP
e17
hvT
gzN
b27
K9_
TZ7
uQX
lqG
R8_
afI
jn3
OX9
SW5
lsy
F15
aiK
jpI
BLY
uB0
cEJ
nsT
qL4
B0_
kMX
ku2
fiS
jJ4
pKN
jV7
KQ_
efB
vH_
kzT
xy7
kH5
sBW
bzJ
CPQ
gy5
ap7
gmM
HS0
kS9
DJV
gK7
qJQ
xI5
KL8
egR
fmQ
d70
cL3
x48
ny9
jkQ
gn9
b67
BKV
zNX
abV
LZ5
iv2
zK_
TVX
aeE
tA3
uVY
rOV
cHN
coz
fu3
aF6
J20
QT6
axC
zBK
qR7
lqT
xI9
IS7
fxB
ky5
noM
zIO
IV7
eCZ
zM1
cin
jnL
nvS
IW5
W2_
dfu
kvC
kL6
bMT
FJ5
kHR
tH1
xFK
gCY
emQ
jK8
gJK
IX7
pH0
DFS
TWY
i0_
hHW
ioE
zR1
aJN
O67
fU9
py1
bE6
msY
AGI
iT1
pGS
qy6
s8_
iS3
hxQ
iZ2
GL7
b34
IQV
rv5
zWZ
ALT
bUX
bIR
hGN
gm4
n13
dl2
rW8
luX
stT
ow7
pT2
GO5
Y28
DS1
bpH
jlx
bC5
yEW
KRV
nN3
yH4
FQZ
LPR
beM
ctH
cG2
OQV
aW8
hz7
tY5
yJS
OV1
LU7
hB1
fnr
dhZ
hFK
uAC
FLV
DOW
bMU
x20
wEX
aix
DTU
oH3
bmM
oS6
sz4
g90
uvL
cdn
sC0
xJ1
MR9
jG0
IX3
npV
KP6
AY9
gJ0
dvJ
IQ4
BH9
nC9
kyU
fs8
oy4
cix
AJ9
xGQ
aC4
JV4
vCX
gZ5
fx3
uA8
BN3
fF5
PR2
ISX
fEW
mFU
szF
mx6
E59
oEX
LS1
fwR
wJZ
wGM
WY8
fJ3
gnx
fxF
dtB
fnD
wR7
z38
huw
sLS
KRS
flX
kqC
aGO
fx4
rIK
n10
jO0
uY5
adf
esI
hrM
nCT
dxT
o7_
IOW
cuX
iKY
mwL
fiJ
qF2
cP_
cu6
kLU
jK6
dFO
uy7
giV
wW_
xEY
jx4
oHJ
HM_
jpJ
i48
mR9
pzU
zQ9
acS
dwD
qzQ
DNY
qBZ
yRX
aj2
bjH
ewB
bFM
pWY
p67
ptO
h7_
dk4
di6
jow
lwN
u39
pK3
zHQ
gJ_
cxQ
iEQ
clN
mrM
dgS
gJ5
tE6
DGI
EFH
yG2
cLV
dX6
rR9
apD
kY4
vR7
dpQ
jFW
rN_
368
vzT
uD1
NT7
ipt
fiK
twD
s9_
lsN
x9_
U10
mIQ
cp8
aM5
AL4
swS
uI1
CSZ
bhD
HX_
pvD
ekq
bCW
i1_
uyN
PZ0
dek
jP7
eP6
bAW
BKO
tI6
gZ6
dP0
buY
rU4
ntH
lD2
fgz
iDP
bzQ
atE
kIM
swU
ry4
u16
fDY
zR8
U1_
arN
rDQ
alT
sNZ
az2
JQS
giW
eH0
ruV
HP9
owE
mDT
buC
hiS
wyN
nAY
qry
lS7
eFG
hC3
glH
zBI
orP
hrV
nqD
jP_
nPY
nX5
e67
ahv
it2
wIQ
auU
ehz
exz
789
huZ
Q89
d67
cgC
il_
ilN
ayT
ai2
IMU
akU
ESZ
TY1
BFY
eUW
uwK
coH
oDY
su3
aNX
bG_
qRY
P39
Z24
epw
cuJ
BUZ
inu
alt
efX
iJP
BCM
yGM
rMT
u13
qrP
gl9
vL8
HX0
hi_
cfs
kn1
cHM
i4_
dV_
VZ9
gJ9
di_
fr4
uDQ
hG7
DIV
KOV
JR8
T15
bJ6
duM
hsK
qx9
dv3
AC9
dHS
bvD
nL3
exM
ny8
qyY
biX
ew2
bou
lx6
klN
eKY
vxX
kt7
EU8
QW_
OP0
zN7
rA8
pMV
jm9
br8
nD_
NRU
pG1
bW0
CEJ
cN0
ivR
ayA
PS6
fyL
qs0
hz9
IRV
xO1
yM1
RW1
pzE
K69
LY_
fij
aKL
oFX
suU
lmo
mE8
vCJ
xLW
mAH
XY8
vB3
aku
nqP
uxX
kzF
zFL
mqR
mDF
hwW
gq1
bjI
xD9
ALQ
lK9
uMN
EZ7
CJ5
muF
bwJ
wH1
qKS
V17
MOY
fuZ
dE5
bY0
rS4
356
pP5
FK2
BQ_
DL9
gCR
cOX
eHK
ikM
iCM
iHQ
crv
BV0
iyL
tLN
osM
yP_
yDM
mL0
dzF
lR0
ADG
l34
ewH
yV8
aL5
dOU
nvO
qI1
RW6
cfh
EMR
vNO
qF1
pT4
pqw
nDH
uMU
mwx
fyJ
ewZ
isK
sv2
pKQ
xV1
nz7
wK1
fPY
hkM
DE6
xBJ
bZ3
xQ3
eL8
EGT
a26
jku
dpv
mxO
hnT
dqX
nK3
koz
u17
iJX
koN
L47
xUV
HL7
hxL
mwK
kvL
HN_
gps
hk8
hDL
dV8
dfv
dV3
uTZ
xMO
gB_
rL1
oLN
vK4
W6_
oz0
gSY
qCN
CD8
df4
vJ6
lFO
buX
vI8
dGM
fvY
qAE
HZ3
hiH
irE
efS
elx
fgN
cP7
ac5
wDE
kW8
tV0
qsK
pV0
dv2
EK5
wz9
ef1
yS5
jS_
lqE
FPU
q2_
yP6
d16
aAG
kvP
eu_
zU6
fL6
for
rE5
lPY
KM_
fI0
dP5
C5_
ci4
btz
245
cgO
np8
wy6
aU9
JUV
z70
DJ0
rI0
iOU
nU0
U56
LR6
vI6
kDE
kDR
efj
brN
EV9
fi1
k69
oR4
deX
ipM
fJ5
ehI
vD3
o10
xP5
O8_
C57
cqJ
wI1
gx6
hIT
vMN
kU3
DMO
k89
dgq
AX9
ceA
bIY
zDL
bC0
ij_
X19
bcL
tFY
qtX
hEX
LU3
pSW
sGX
bU3
BQY
jwL
bDE
ijI
wGY
BP9
fR5
oFN
awX
oEQ
xNP
jFM
Z47
jtK
tLU
X89
fqA
zOY
uBJ
jS9
AHL
TZ1
fB3
byz
JY_
bhL
qx2
sJY
g5_
jBX
fsZ
fKV
bgB
eQ8
xIQ
HPX
iyS
ru9
bcu
IOZ
DJX
hnX
dJV
JT5
P24
vX5
vzZ
ef6
vR_
epF
x27
xIK
jZ1
opu
coP
rP_
gMS
be_
DEX
pF3
gkT
jpr
mrS
HS_
rOX
z80
hUZ
iL4
nGW
rT5
brt
uS7
rx5
gF6
BR9
alZ
EU7
ciM
lKL
ck5
uGV
qyW
VW3
bKN
dGZ
mX7
OX3
vJT
zPS
k23
HOX
m37
jnt
FN7
sAQ
D15
ru6
ly8
zBU
oO6
gHN
ruY
oyG
wHT
kuT
x90
hA2
fvZ
dDK
uI7
dh2
qvy
kI0
uLN
py0
di8
MUY
TY9
lQY
CKM
w16
ETV
QW5
qO6
DJQ
eN1
NR4
KR7
iFJ
bc4
S35
fqC
jxT
qJ2
quS
swH
oR3
l13
jUY
emu
evG
qPW
lp1
IM4
cdq
KZ3
fiY
uEG
vJ5
BY6
bfS
BX0
qwD
fjO
lxP
dpq
fS9
kq9
cqv
pW9
ku_
PW3
duN
cgm
hE0
rN9
eoN
AMZ
efh
chQ
bez
mv4
ay2
exQ
dCS
QYZ
pqv
gh5
CX0
uRX
kAN
fBY
pt9
rUY
fyC
csP
c36
msA
bT7
qvX
GM0
gAF
qL5
AL1
IJP
hxS
np4
f89
rHM
K3_
bTV
kX_
eKZ
deK
pQ3
rS6
qB4
q56
W1_
dsG
aoA
yQ9
myW
mw9
vzM
Y10
ivK
sLY
avG
pR1
wJW
uHQ
bzO
bv3
jtx
fnF
nY4
oY8
wyH
j27
cjQ
bsJ
wB0
xIL
fP8
ksR
gS2
Z18
opx
ADT
frs
uW5
FL6
TZ5
mQU
aP5
hlG
dBG
NSW
oDJ
nIM
qvS
ovE
s68
nT6
kQ0
CDM
wMU
kP0
ySW
hjF
k45
J17
fS4
dL_
gG2
dhG
PSU
kpP
EH0
wW1
yX7
bN_
sTV
ovO
bOR
wxA
kAD
y59
eyB
qw7
CFM
AW2
p49
FHJ
jG1
LV6
K34
jqI
ozS
iGH
gU4
sv7
iqT
bhT
jZ9
c19
kTX
deW
iT9
oxy
xCN
wQS
ehL
gJT
grv
u46
V38
rF2
jlY
mS4
xAQ
oCV
km9
zY_
CT8
r2_
aLT
uxK
hq_
rXZ
ix8
pP4
nJP
G38
fvG
rZ5
oIU
HQV
pW2
uNU
PV3
erv
HZ4
lGH
ilz
sxH
mG0
FW6
ahi
tIW
IV3
dMV
fuI
iT2
A69
jmu
zD3
uxy
av7
gu5
cHX
yC9
KS5
dL4
qR6
kCN
d60
r37
evH
oqw
bhZ
gpE
wZ2
bn0
kqO
DGX
awO
mrs
b8_
emp
moI
wO5
krE
uA5
A49
eqx
U25
nuF
zSW
378
HJ4
cGY
hS9
mS8
hrL
huG
iQ0
flS
NS7
Z46
vG4
g37
iz5
GZ1
xDM
fr_
yOY
u67
auX
wEP
doW
iS4
aO3
kEH
dqJ
uT3
nPR
jq1
rwH
J15
KSW
460
qCQ
vX6
bcJ
zEK
xy8
D68
jT2
ekA
fvL
zC_
uJL
tuw
Y19
fGI
FHP
t2_
lV7
OUX
i23
B34
kX9
MS0
EMY
ej3
BK_
cy1
iRS
mxF
puK
hjG
ilV
bY6
eV7
hC_
atK
zCK
ovF
bk2
dmU
ikG
fUY
mGN
jo5
gtY
IP_
lCI
noH
oT6
ivG
KL7
jmF
vD9
dmQ
cT7
K48
iT3
GJZ
i2_
b37
wBR
yPU
S90
pJ5
gzU
CD3
wNW
joq
BL3
kP4
ckV
bhl
lnw
xFQ
oBY
fhw
oQ5
oQR
ipZ
ek3
cnB
cKR
IY5
doA
gF0
exI
iku
CH5
JS1
kQ7
oLQ
pxZ
GQ7
hP2
DKU
wB8
qv0
lJV
mnD
CEQ
cEI
oNS
jrs
sUV
GU8
P20
eq4
AKN
dL1
OR1
qyL
kw1
WZ_
bis
djG
pz5
dH2
f20
AOX
fkm
bJ9
avO
hr8
y1_
bet
gC3
gBC
btJ
jvA
FUV
kz7
HSU
KOU
isF
lrU
uU1
gBO
AF2
csU
ER2
b7_
hzF
dj6
569
enW
rHX
bkn
N56
P34
fj1
rE6
jJ2
qQ2
djw
IQ_
eFU
I0_
AF1
gBI
bF1
780
knE
IOY
cvI
JM_
BCW
koV
M50
jnr
F9_
eh9
lz0
j19
hoW
RUX
nS7
rEP
dhP
sQ4
IRX
oM8
HPT
chs
C59
np6
e23
bhm
CX9
pFG
fhm
qMS
iCP
acB
ckw
gUW
fA7
rR4
lKT
hiz
stB
lAZ
pvB
gBT
myO
q68
oW2
gLT
18_
jS0
mCI
lGO
itz
pCQ
et5
jRX
lLX
gtN
wNP
jW1
bq_
wx4
jyO
qxP
BEH
bt6
lKZ
CD7
tX_
zIX
FZ2
EV0
zCY
tzX
drA
dxX
DV7
fE8
rsV
zKL
n90
gkV
aqA
s15
fMP
iKR
sGQ
ntP
iu0
cAN
fg4
hOX
fX0
giv
hGV
hB5
tOV
aE_
bIU
AH7
dH1
A14
iF4
HQ2
bm1
hrx
yDH
evx
hwJ
lmw
iRZ
oxO
vA4
tAD
xRW
uMO
ek7
frX
AF9
GZ9
hT1
HOQ
wBO
xDF
JPU
kKU
eF9
QRZ
nJ0
ci8
lC9
x8_
jQT
bq8
qxW
aw_
oN2
zRW
cjz
JUY
yN9
bN3
dem
CTU
lC6
EGL
gMN
iI8
NUX
r20
awI
a56
uGY
F70
mqz
gk0
MV0
gV1
aAT
DI6
aJO
fjK
z35
xUZ
nT5
eDY
dhv
uDS
EP3
exD
i68
B70
dmS
qr7
rAY
fq6
CS1
bVY
pPV
EXY
nCP
tQZ
ft8
puI
jU7
MN2
u47
xFZ
etI
kO1
WX5
iUX
zQ3
aju
irs
awY
cdf
al4
fwD
v12
msK
LNQ
wGU
hyN
lrt
bio
rHK
ES9
wB2
btX
csy
dhI
NQY
kDH
IN_
C50
vQX
adS
cs_
apR
eMN
zD0
uST
g78
zKQ
hU0
ST3
cOW
CI2
yDR
V78
oq2
tVZ
kn7
wzI
hlQ
V90
eiU
sU5
nAU
nBT
qJM
GSX
bM8
hsA
mG1
F90
kU9
mAL
aDQ
uDF
gMO
BM6
EZ_
su4
EV4
jsA
pE3
hOU
wyA
jmM
itR
xzL
zE5
w89
GKQ
uRZ
dBF
tHT
aNW
lEN
wB9
abo
djD
hlu
pLO
LR0
rvP
kpv
grs
PSX
ozR
ip8
eyY
HP7
wCU
gBH
F29
jo_
y67
yFG
izI
wIY
nF5
sv4
gj7
bgA
lW8
nGH
QSY
H45
hjP
fyA
f5_
exO
wJK
M40
eJR
jpR
eI7
zA9
fu4
tE2
jux
a49
fn_
LUW
ops
COV
qvW
vAJ
pwY
brD
nQZ
bfh
aD1
qLY
ABN
zV9
xFR
sP5
B89
jmp
dAH
dq_
ANS
di9
yJL
irT
wXZ
DNP
cGM
lEQ
pG4
hRU
osx
w48
fnG
gkS
ghn
CMV
sY1
IU7
HT_
fK1
IWY
kCX
sBR
vW8
mps
myU
gIR
mBD
gDN
d49
tvx
ELS
drV
KSX
qrV
N37
uFN
my5
Y47
wEM
CL5
nEW
eBU
iR5
gr5
jnU
cIL
kTY
bC3
bR6
flH
ftR
yCY
O12
hMP
xNY
aLU
gi4
gEP
ky1
e79
jzK
mY9
dN6
gqS
agK
mLZ
GM7
kCY
OU8
aj3
ABK
mJL
HVY
emA
t0_
iE6
ap1
KPW
R80
psU
aGQ
wxY
bUZ
nT7
jG8
rKQ
yQ8
iFO
cuE
qr9
gi0
or2
sIQ
aqK
FKX
aoF
zE3
z89
es4
aHJ
F5_
HW4
mAN
qyX
BMY
coI
aQ6
gjw
q34
jsS
pw4
GMN
rv3
dhi
EJK
y5_
cnE
bzM
BDG
chE
NP_
r67
LOX
fV0
gzC
mEN
dkW
ar2
IS9
hlz
zDF
dU6
svy
fB1
dkM
aRT
g34
bvX
gs9
ehr
lrM
uwy
sW5
qyG
SY4
EI4
qK2
ajV
TVW
gln
zOZ
AX1
vAC
ipK
ejL
OV2
vL2
zU1
inz
mU1
iNV
oXY
ftu
dGL
nrI
hM0
mrU
pPX
eC5
hR4
uJP
bgm
zT1
jC8
XZ6
eJK
x56
sGP
frC
vPS
sxX
CMT
m17
gzP
AJ8
qwJ
sG7
kK_
kGS
tFS
uER
afZ
eV5
ipP
FGY
DYZ
qH6
DEZ
oP4
a0_
CG1
xWX
I45
TV2
tz6
nLM
jl9
xZ3
mn2
mt7
irt
CG0
uxN
eD3
kuz
rX5
aCD
RY4
zX9
cgk
fu8
vBV
lrF
s16
dtG
tvB
QTX
DY4
fqu
I34
mR4
cgs
vL_
pz4
bL9
eG6
lou
uDO
bru
jt2
hrR
aC2
apy
qNX
bqD
GJW
BJY
nqy
wLT
bqu
lEW
EX5
dAK
quB
AD4
hwA
ceN
vCU
MSW
suE
mAO
vEK
iE3
QT8
hmQ
cwX
nZ8
lps
wQ0
wIP
uAX
owD
brz
fOT
xV_
gpY
vw2
bo_
kRT
emN
y79
yET
zMZ
jyA
MW8
qEX
wPS
noQ
oCZ
jFI
ixM
jT0
fAT
bH5
j17
xMY
fwL
MV6
pPR
ptH
xDN
CGK
p7_
uO7
MST
bT1
bvO
ayJ
ltZ
yNS
w70
kvA
pst
jJQ
fqy
BG9
abc
tyA
ip2
EMZ
hwX
kL4
ruX
GI4
ayY
ktG
NW7
RWZ
bO3
yP3
eY3
cCM
rA6
kS_
qM0
bi_
COQ
iXZ
DOS
cyU
mQT
kA3
uFX
BCI
BE3
kHM
