open_duties
awful_components
visiting_matches
democratic_tracker
experimental_rattle
unaware_surrenders
northern_linens
subjective_makes
black_monolith
primitive_navies
flaky_bunk
thirsty_commission
sporting_binder
odd_women
rich_abettor
imperial_flashlight
clever_distortion
rare_bunches
horizontal_faults
agreeable_livers
fair_shower
contemporary_arrangement
experienced_contention
partial_groan
wild_attempts
uncomfortable_selector
medieval_bottom
underlying_ammunition
noble_excesses
rapid_specialty
vague_workbooks
african_brass
prior_discharge
many_concurrence
blushing_sting
short_customers
regulatory_string
irrelevant_machines
squealing_survival
dizzy_loaves
italian_deserts
qualified_rug
binding_noise
particular_tooth
controlled_father
academic_oil
fair_stools
charming_gates
married_video
wet_periods
intact_decision
fond_formulas
so_called_tactics
tall_gardens
responsible_handfuls
colonial_languages
compatible_soldiers
homeless_checkout
satisfactory_stoppering
private_tracker
giant_sections
registered_modes
ashamed_radiator
puzzled_circulations
light_aids
progressive_certifications
wrong_dials
conceptual_airfields
painful_looks
balanced_pea
worldwide_curvatures
awkward_cycles
moaning_cloud
public_remedies
video_taped_midnight
real_demonstrations
precious_wages
respective_mattress
spiritual_peacetime
hot_market
hidden_lapses
conservation_chemical
subjective_ounces
fine_tax
distinct_peaks
key_fences
huge_reenlistments
philosophical_call
troubled_priority
puzzled_airfield
future_floats
substantial_fathom
bold_straw
amused_holds
negative_mechanism
hostile_hairs
thoughtless_destroyer
innovative_gangs
intact_damages
scattered_peas
super_firmware
faithful_platter
convenient_compensation
glorious_minimum
semantic_interviewer
geographical_ribs
gentle_mistakes
abstract_figures
balanced_taxi
pleasant_supply
light_firer
relieved_jack
collective_maps
live_construction
long_lubricant
ill_folder
multiple_quartermaster
eastern_tree
continuing_environments
large_scale_point
opposite_hertz
smooth_human
appropriate_merchandise
passing_disk
gross_flow
preferred_runway
damp_phases
specified_nod
deafening_removals
disturbed_meanings
shy_contamination
sexual_airspeeds
dramatic_acquittals
wicked_diameter
used_distance
varied_parenthesis
surrounding_retrieval
static_profits
scottish_electrodes
precious_mercury
zany_dock
random_line
wild_usages
casual_generator
faithful_capacity
head_abettors
proud_tray
urgent_stretch
spanish_apprenticeships
long_meaning
watery_helm
unusual_progress
convenient_mind
apparent_conversion
tough_multiplications
diverse_cards
post_war_bubbles
commercial_patient
plain_project
rising_ink
female_submarines
quiet_rifle
cheap_berths
light_doorsteps
efficient_hail
optimistic_scissors
coastal_bet
unable_mondays
obliged_crops
round_sex
unusual_drugs
injured_transistors
silent_agent
distinct_coordinates
strange_thread
different_thins
written_release
confident_thirty
long_installation
abstract_escapes
dependent_cushions
skinny_reconfigurations
known_wings
crowded_battleships
continued_armament
fat_user
silent_floor
linear_subtotal
modern_additions
prominent_desk
shy_yard
fat_locks
burning_cylinder
blue_rainbows
australian_formulas
chinese_bases
alone_acceptor
pink_phases
medical_tender
minimum_glossary
far_prices
distinct_reserves
tiny_coals
convinced_combatants
mere_opposites
real_angles
wrong_trash
popular_varactor
tall_oar
running_west
noble_highline
thirsty_rib
future_fort
quiet_discipline
probable_claws
left_berries
elated_sneezes
red_sleep
strange_oscillations
permanent_ground
reasonable_scabs
sole_perforation
brilliant_chairs
embarrassing_coats
particular_debts
working_whistles
tender_fabrications
dependent_ends
orange_surrenders
selective_conjunction
zany_terminologies
extra_hour
great_grass
cruel_cage
long_tables
smooth_rejections
central_meet
simple_homes
nutritious_destinations
ugly_lengths
single_verse
shrill_wood
developing_thirty
awful_games
furious_bets
integral_representative
inappropriate_particle
rainy_tendency
technical_colds
dirty_furs
suitable_ladders
numerous_sails
primary_call
condemned_mosses
ministerial_compression
motionless_riddles
happy_resolution
favourable_percentages
vivacious_outlet
elegant_oxygen
colourful_emitter
elderly_tender
broad_greases
japanese_punctures
dutch_recommendations
raw_maintainability
lucky_contract
smooth_substances
terrible_library
splendid_pacific
permanent_children
blushing_discoveries
honest_watches
armed_passage
white_steamer
tender_semaphores
just_inquiries
wide_eyed_representative
allied_airport
distinctive_reactions
personal_circuits
cultural_confidence
hungry_stretch
shrill_passengers
continuous_courtesies
integrated_beat
redundant_azimuths
damp_cakes
surviving_procurements
bitter_revision
popular_enlistments
economic_tomorrows
adequate_wars
additional_accessory
husky_coin
evil_fuel
coloured_watches
fair_fireplug
german_chalks
aware_rug
improved_savings
enormous_character
crazy_hillsides
shaky_beginner
dominant_responsibility
ideological_stalls
unusual_children
pleasant_paces
tight_cements
crazy_howls
horrible_eves
eager_goal
variable_humidity
busy_changes
extraordinary_falls
welcome_flashlights
worrying_junk
elated_seesaw
legal_fifths
irrelevant_pea
squealing_needles
glamorous_tosses
solid_dent
squealing_allegation
tall_cosal
poor_seventies
gothic_tractor
korean_path
mysterious_store
feminist_thirty
gastric_ocean
relieved_fathom
used_meter
tall_tricks
occasional_hate
initial_photodiode
functional_broadcast
tremendous_thousands
toxic_section
legislative_discrepancy
kind_hospitals
dynamic_depths
fundamental_loaf
rapid_seasoning
rough_quart
clean_binder
verbal_bag
israeli_lengths
fast_spindle
giant_obligations
innocent_devices
shallow_modem
super_halt
outdoor_forms
neat_principle
courageous_analog
worried_loudspeaker
registered_chock
printed_airports
capitalist_thirties
fundamental_river
scary_top
powerful_knots
proud_difficulties
loyal_closure
unwilling_session
ashamed_wagons
hidden_shapes
weak_boat
handicapped_seamanship
dark_locomotives
natural_arrests
round_knocks
enthusiastic_patterns
front_servants
qualified_copies
fat_saturdays
clean_engineering
official_thermocouple
sudden_completion
petite_sled
worldwide_clothing
sad_messages
multiple_principles
uncertain_navigators
interior_technician
ugly_wood
eager_bundles
united_burn
local_stripe
fundamental_spade
evolutionary_elbow
scientific_launch
professional_butter
angry_cases
gothic_binder
molecular_drainer
secure_grains
soft_fountain
proud_chests
splendid_zeros
sweet_stomachs
little_contract
swiss_waste
ordinary_plans
ugly_ornaments
tropical_explosion
remarkable_missile
juicy_here
causal_sections
diplomatic_intercoms
available_reams
diverse_drives
vast_merchants
provincial_overlay
evil_calendar
graceful_moves
old_fashioned_desertions
motionless_morning
tough_evaluations
pregnant_discontinuation
extraordinary_compounds
common_powder
grey_alcoholic
brave_poke
exclusive_civilians
exceptional_worlds
different_pool
blank_similarity
asleep_scenes
petite_thyristor
double_plots
official_can
cold_hose
agreeable_swims
vulnerable_harpoon
uncomfortable_aluminums
dangerous_debris
welsh_jumpers
bright_schoolhouses
teenage_footing
detailed_implements
diverse_maneuvers
deafening_directions
tired_night
desirable_multitask
unable_lung
lexical_pupil
extra_reconfigurations
certain_rubber
only_schedules
innocent_prisoner
short_snap
lively_sunshine
square_byte
nineteenth_century_gears
noisy_procedure
indirect_capacitances
loose_kite
familiar_sums
concerned_prepositions
massive_commendation
alleged_patrols
wicked_compositions
chubby_intensity
awake_pot
tired_notices
part_time_drip
terrible_ages
automatic_replenishments
quaint_ride
tired_counter
unpleasant_security
sole_deposit
diplomatic_jaws
dual_signature
dutch_software
previous_blazes
successive_operations
forward_odor
harsh_molecule
hostile_mate
fresh_rim
famous_goal
obvious_pack
competitive_universe
evolutionary_bead
hon_advantages
cheerful_ceilings
careful_shades
coastal_analyzer
grotesque_drydock
satisfied_crowns
experienced_wear
small_grain
tense_tube
scottish_exhibits
incredible_priority
exclusive_page
increased_sums
rainy_quarts
marxist_specification
kind_cramp
american_powder
associated_manuals
impossible_bunches
binding_horsepower
quick_strength
shiny_flap
modern_antenna
low_revolutions
prominent_cloudiness
common_skips
painful_realignment
unpleasant_mint
judicial_versions
troubled_tick
elegant_hitch
immense_activities
above_mixes
inadequate_violet
fixed_magnets
awkward_inclines
low_lantern
obliged_groom
perfect_minimums
awful_dip
wooden_flash
video_taped_discard
primary_seesaws
subjective_coder
mute_rattle
breezy_nulls
general_forecastle
bad_squeak
white_guesses
careful_poll
scrawny_cliffs
racial_telecommunications
liberal_deviations
awkward_debris
outer_conjecture
bottom_ring
solid_symptom
eligible_stamps
careful_washers
quick_substitutes
central_knob
graceful_weldings
vocational_vehicles
golden_combinations
cold_recommendations
big_jack
influential_morals
promising_twigs
light_days
awkward_carpets
impossible_peaks
tame_activities
nasty_business
fluttering_bunches
rolling_device
busy_rheostats
thoughtless_hoop
competitive_arrival
visual_correspondence
coherent_ramp
disastrous_approaches
sorry_skills
loose_prisoners
defeated_recognitions
faithful_entrance
sad_judge
influential_millions
statistical_hubs
relieved_throats
optimistic_prefix
novel_reliability
marvellous_crowns
shallow_sums
nice_beginner
empirical_implantations
loose_area
arab_bottoms
developed_citizens
glorious_dams
mute_quarts
roman_guidelines
brave_washer
ideological_alternate
rigid_rug
obedient_ribs
fat_periods
male_focus
frequent_portions
ambitious_lapses
roasted_wardroom
wet_percents
yellow_candles
conscious_functions
protestant_sleep
obliged_lanterns
electric_swivels
rough_satellite
original_boilers
decent_airplane
short_apportionments
doubtful_seaman
sacred_property
strange_incentive
light_instructors
helpless_receptacles
electric_antenna
aesthetic_suggestions
premier_ratio
blue_proof
arab_disk
convinced_stump
equivalent_preventions
cloudy_chemical
comprehensive_adjective
naval_subtasks
outside_clay
previous_tires
naughty_love
sexual_rocket
ratty_advancements
electronic_parameters
mighty_bay
skilled_consoles
lesser_researchers
judicial_radians
good_rumbles
adorable_cracks
inc_manual
gothic_jacket
possible_action
gastric_professionalism
equal_example
essential_entrance
bitter_increments
vertical_dopes
gigantic_yarn
double_nods
sorry_tags
teenage_diaries
splendid_experience
qualified_invoices
fierce_malfunction
desirable_trap
poor_share
strategic_arrows
flexible_instance
thundering_routes
bright_troubles
metropolitan_glands
exact_panels
fuzzy_hitch
marine_mirror
civilian_interface
superior_shirts
puny_advantages
video_taped_wound
handsome_aluminums
ripe_radiuses
compact_stretches
official_lamps
fun_confidences
separate_ceremony
scrawny_manifest
fierce_echoes
cold_safeguards
brainy_pail
warm_devices
ridiculous_meal
supposed_apparatuses
secure_departments
driving_solder
academic_proof
adequate_calls
inland_toss
expensive_decibels
appalling_hand
short_mule
cool_sounds
missing_caution
joyous_writing
roasted_pronouns
christian_guard
broken_thirds
icy_puff
hungry_thanks
premier_conventions
entitled_sentence
beautiful_orifices
vivid_shot
urgent_impulse
giant_blow
appalling_cashier
intense_fifties
quiet_prison
short_halyard
orange_volts
beautiful_haul
drunk_rudder
quick_allocations
expensive_supervision
indian_wall
genuine_rescue
creepy_schoolhouses
doubtful_fountain
real_passwords
pink_tower
maximum_destinations
available_order
confident_foreheads
innocent_twirls
broad_ammunition
influential_hisses
shy_aids
environmental_courtesy
added_ounces
harsh_inventory
fast_equivalent
hurt_gear
useful_mount
comfortable_pastes
frightened_goals
flying_patches
cold_interests
brave_disadvantages
related_lime
bright_respects
turkish_situations
racial_voltage
historical_east
noisy_mechanisms
spatial_grounds
silly_propose
complete_replacement
nervous_remains
steady_nut
grubby_bottle
steep_bite
weak_procedure
short_puddle
quiet_extenuation
tasty_injector
selective_courtesies
opposite_commanders
arab_shifts
breakable_drift
marxist_swab
public_briefings
real_messes
verbal_rags
eldest_lump
influential_audits
sad_much
odd_discrepancy
immense_velocity
other_canisters
delightful_catcher
spontaneous_excuses
private_sets
helpful_tubes
following_outfit
fat_roller
concerned_crack
wet_peacetime
cheap_counsels
formidable_attempt
better_inquiry
crazy_flights
tan_forecastle
vital_shaft
reasonable_nineties
light_hatches
selected_dishes
essential_pyramid
disturbed_hour
quick_percent
frail_wounds
latin_provisions
moderate_floors
just_directive
public_salutes
colourful_checkers
exciting_chairwoman
vast_challenge
secure_defense
wonderful_blots
silly_temperature
liquid_expansion
orthodox_guards
wrong_photo
due_salt
yummy_way
absolute_blast
invisible_preliminaries
different_mode
smooth_carpet
frightened_poison
interior_zips
delightful_roadside
critical_meridian
tasty_decreases
urgent_monday
genuine_growths
increased_compression
reluctant_thousands
toxic_pascal
casual_injuries
salty_buffer
ugly_methods
respective_rhythm
annoyed_ratios
stupid_handful
relevant_compartments
intelligent_signals
promising_whistles
living_shotlines
fixed_destinations
sparkling_rice
feminist_clump
shrill_arts
ugly_slaps
ambitious_airship
famous_communities
swift_plate
beautiful_circle
calm_stage
severe_honors
old_fashioned_dimension
awake_acceptance
interior_aviation
voluntary_wrecks
strong_event
geographical_admiral
modern_relief
individual_comb
junior_snaps
typical_talkers
dusty_position
watery_demonstrations
logical_hardships
young_ounce
negative_origins
wandering_sleeves
melodic_servants
weary_stem
passive_pine
sparkling_fees
premier_ice
powerful_whispers
damp_traces
foolish_interchanges
silent_mill
intensive_child
apparent_sections
representative_engineer
artistic_bureau
relaxed_movers
fierce_license
petite_theory
early_gallons
marked_area
convenient_computer
philosophical_voids
elaborate_detentions
artistic_savings
elegant_abrasions
nuclear_music
high_pitched_test
lonely_measure
back_feet
many_drawings
ethnic_grants
diverse_contention
solar_departure
nervous_stools
disastrous_stories
weary_habit
external_weapons
rotten_disadvantages
graceful_wonders
jewish_types
provincial_bunks
lonely_reference
conservative_hit
magnificent_surveyor
suitable_explosion
controversial_secretaries
secure_stocking
decent_policy
vocational_falls
rear_cellar
happy_boom
minor_reels
funny_candles
evident_equations
teenage_courts
fatal_runs
noble_hashmark
renewed_thermocouples
tight_doors
petite_budget
orthodox_surfaces
remaining_superlatives
fascinating_brackets
overseas_successes
dependent_logistics
beautiful_shield
sound_gram
helpful_jug
hidden_groans
tender_uniform
content_million
deafening_canisters
controversial_slot
corresponding_dissemination
chubby_gears
lonely_paths
soviet_shade
enormous_twins
green_defense
industrial_flowchart
steady_dimensions
aggressive_trial
deaf_rates
rainy_rainbow
victorious_headers
neat_transfers
alive_arrival
comparative_projectile
awake_cosals
protestant_outing
embarrassing_painters
israeli_tellers
quaint_dirt
junior_digit
supposed_addressee
hon_diesels
curious_electricity
genuine_casualties
comparable_capacitances
naughty_firearm
noble_aggravation
lonely_secretaries
damp_fasteners
lazy_keyword
coastal_cupful
odd_tree
distinctive_garage
noble_actions
puzzled_muscles
independent_remains
rich_thread
gigantic_autos
square_lighter
fluffy_areas
underground_sticks
living_rags
cautious_shipments
tiny_race
central_candidates
eerie_intensity
basic_battles
living_waste
loose_crust
mental_molecules
prominent_walks
interesting_crowds
crooked_tactic
written_leathers
foolish_implantation
witty_telecommunications
friendly_strength
peaceful_pump
average_drawer
minimal_cruiser
calm_success
high_sidewalks
cuddly_competition
strange_sprayer
uneven_focuses
payable_airfields
popular_formats
premier_escape
chubby_prepositions
big_dollars
liberal_conducts
uneven_nights
friendly_splint
yellow_sash
early_highlines
aggregate_preventions
notable_carts
ordinary_talks
gradual_sailor
comfortable_groom
influential_comments
brown_interaction
low_dresses
ultimate_rubbish
cuddly_origins
back_shouts
full_sweeps
beautiful_comforts
beneficial_taxis
fundamental_thimble
sunny_salts
reasonable_bear
embarrassing_drive
married_dioxide
ordinary_crafts
fluttering_stick
adorable_dispatches
vast_suppression
definite_capacitances
uptight_sponsor
repulsive_preference
swift_decrement
agreed_accounting
ambitious_link
condemned_discrepancies
impossible_intercoms
right_emergencies
external_pole
marine_altimeters
thorough_joints
respective_capacitors
better_cellar
thorough_moonlight
hot_capacity
principal_tricks
ruling_environments
sympathetic_puncture
testy_experts
lucky_illustration
bumpy_inventory
bloody_nod
basic_sinks
architectural_assignments
deep_studies
loose_noun
okay_mitten
fresh_plays
living_superlatives
various_condensers
balanced_sock
short_seesaw
senior_member
simple_rescues
wealthy_nations
armed_winches
joint_revolutions
short_term_principles
anxious_clay
moderate_briefings
injured_polishes
canadian_thumbs
physical_ribbon
blonde_hardship
fancy_paths
feminist_presentation
glad_dynamometers
increased_mat
bad_specifications
irrelevant_heart
kind_counselors
spicy_shocks
happy_confusions
sacred_want
official_afternoons
busy_examinations
doubtful_possession
perfect_quarterdecks
round_fantail
fucking_sinks
robust_landings
nosy_family
rival_corrections
principal_battleship
worried_yield
troubled_hole
arab_polices
major_stripe
appalling_lung
aggressive_posts
direct_accomplishments
theoretical_paths
premier_cathodes
original_mind
horrible_fruits
popular_setup
contemporary_addition
main_metrics
flat_privileges
fat_dangers
stiff_chattel
reliable_punishments
teenage_sips
quick_primes
inquisitive_silence
unusual_organizations
inc_lung
rude_wars
artistic_hate
iraqi_exchange
alternative_difficulties
costly_radios
solar_tailor
electric_inferences
ethical_adverb
unknown_handwriting
rough_collector
confused_medal
pregnant_dye
average_rotor
circular_gunpowder
strategic_workings
stupid_desertion
prime_frames
ashamed_candle
free_world
plastic_tip
technological_education
clear_records
swiss_roadside
integral_zone
hollow_scheduler
senior_september
romantic_cell
raw_ditch
smiling_collars
puny_label
stable_cent
racial_method
monetary_rollouts
helpless_scratches
lively_mineral
old_fashioned_transmittals
valuable_zip
selected_seventies
frantic_yolks
cuddly_tolerance
certain_hubs
reliable_ore
marvellous_checkpoints
green_beam
blue_flow
excess_citizen
weak_issue
initial_twig
concerned_interval
concrete_groups
welsh_front
mathematical_blows
rolling_swords
dreadful_eases
foolish_cockpit
favourable_rotors
strange_grasp
dark_hill
annoyed_programs
systematic_misfit
amateur_procurements
horizontal_hardcopies
brave_rib
jittery_percent
visible_requests
sure_schooling
quickest_delimiter
catholic_bytes
expected_volts
thoughtful_camera
easy_orifices
thorough_miles
selected_tail
native_hiss
favourite_refrigerators
delicious_businesses
molecular_overcoats
alright_compliance
creepy_tabulations
dying_specifications
resonant_educator
selected_thickness
increasing_altimeters
identical_breeze
narrow_outline
dependent_misalinements
gigantic_professions
key_hairpin
functional_valley
subtle_rifle
jolly_echelon
unlikely_asterisk
secure_intake
wealthy_nature
skilled_intents
filthy_servos
continuous_fireplugs
blind_freezes
estimated_cliffs
hurt_cycles
conservation_feeds
large_orifice
tall_towers
suitable_bunches
light_minimums
near_sponges
afraid_grant
awkward_fifties
gleaming_inventory
damp_humor
sad_orange
large_approaches
chubby_article
favourable_drains
elderly_computers
greasy_pockets
vague_fists
environmental_cord
broken_alphabet
naval_layer
silly_copies
late_decks
arbitrary_captures
big_airplanes
Sound_riding
short_civilian
raspy_swabs
filthy_transmitter
married_compasses
chubby_eves
super_soldiers
permanent_weld
everyday_paygrades
small_cliff
faithful_box
green_interests
monthly_hickory
rich_profit
happy_refurbishment
various_puncture
global_swabs
melodic_union
medieval_directive
glorious_fifths
elated_echelons
crazy_fogs
interior_trips
useless_hitches
pleasant_track
architectural_reliabilities
japanese_abuser
faithful_menu
yummy_key
artistic_skirt
hissing_rifles
labour_apprenticeships
preliminary_amplifiers
separate_exchanges
misty_calendars
evil_showers
improved_request
relevant_question
overall_tire
brilliant_sills
unconscious_canister
fit_services
fond_pages
developed_energies
striking_exercise
great_hotel
influential_schedulers
funny_runout
supporting_blocks
absent_salvages
aesthetic_sting
mean_mistrial
scary_cleat
blue_liter
swift_yards
acceptable_drags
current_provision
gay_turn
appropriate_wish
sad_curvature
outer_glove
upset_firer
joyous_rib
horrible_kite
nineteenth_century_masts
representative_analysts
scientific_revolutions
liable_heat
integral_apportionment
cold_binder
outrageous_adhesives
previous_correlations
sporting_ingredients
spontaneous_bulkhead
unnecessary_experts
gastric_warship
independent_hunt
complex_mugs
visiting_spares
light_depths
rainy_cube
scary_counselor
panicky_loaf
beautiful_activity
linguistic_rumbles
tragic_cave
faithful_intensity
cold_memorandum
full_deed
meaningful_deposits
annoyed_bridges
principal_sharpener
senior_offenders
effective_technicians
impossible_stationery
dominant_vehicles
joint_cycle
vivid_walks
conceptual_regrets
slow_fruits
ashamed_chapters
unwilling_occasions
part_time_code
deliberate_identification
high_architecture
instant_odor
eerie_lids
panicky_dissemination
flat_membranes
amazing_cycle
tough_stowage
separate_console
fashionable_stencils
optimistic_wings
feminist_accordance
husky_agent
noisy_abusers
square_breaches
straight_tablets
reasonable_software
quick_interpreter
robust_discrepancy
upper_tire
determined_ores
square_spray
annoyed_raise
brown_canyons
gastric_rig
attractive_carrier
progressive_housefall
square_increments
global_silence
repulsive_stretcher
slow_jugs
aggregate_settlements
enchanting_launch
tiny_layers
nasty_respects
tough_cubes
advanced_diver
ripe_proofs
fragile_surveys
allied_lamp
experienced_bows
nasty_source
charming_midwatch
united_ribbons
impressed_magnet
busy_possibility
isolated_vessel
still_grips
liberal_readings
canadian_ability
governing_mittens
effective_computers
many_walk
accused_headings
independent_diaphragms
mild_cent
informal_advantage
bitter_replacements
unchanged_wings
tight_plastics
wet_sip
confused_dents
ashamed_cuff
recent_chemistry
profound_lace
slow_positions
cautious_bunch
influential_answer
daily_pit
thundering_field
nineteenth_century_junction
european_calculators
soft_aprons
arab_totals
exceptional_content
brave_hitch
thick_linkage
funny_weave
fast_flights
vital_occurrence
confident_radians
striking_rotation
yellow_holddown
integrated_monolith
unnecessary_calls
canadian_auto
deep_initials
colonial_hoops
mighty_cannons
constant_uniform
better_hardware
dutch_sails
agreed_bead
comfortable_conducts
fresh_totals
empty_vouchers
unique_rights
golden_residue
wet_prop
quick_qualifiers
colonial_hardcopy
senior_acts
reliable_suppressions
generous_spades
frequent_containers
cold_arm
swiss_crops
well_runway
round_spring
encouraging_centers
magnificent_searchlight
present_annexs
philosophical_certification
lonely_chins
embarrassed_authority
thorough_runouts
hard_area
grand_auditors
sporting_halts
inclined_arraignment
helpless_scabs
scary_codes
delighted_calculator
exceptional_heels
criminal_bundles
middle_class_collision
dull_wrap
elegant_jug
serious_conference
crazy_collection
creative_evaporation
tan_attractions
traditional_carelessness
high_reaches
teenage_feather
missing_modifications
foolish_threats
optimistic_operands
satisfied_appeal
unknown_military
indirect_males
homeless_witnesses
technical_calendar
shallow_sets
electronic_indexes
coming_today
dark_yolk
electoral_driver
poor_checkpoints
fiscal_tempers
eldest_percents
hungry_attempt
troubled_countermeasure
institutional_carrier
marvellous_quarters
tiny_oak
flat_bearing
printed_supervision
black_prisons
thoughtful_exchangers
handsome_stand
uninterested_launch
flaky_odor
dangerous_overtime
limited_pack
statistical_saturday
zealous_disabilities
advisory_type
wonderful_shortages
serious_existence
silent_strip
residential_forehead
determined_jails
steady_operator
standard_thousand
brilliant_employees
willing_peace
geographical_printouts
familiar_hundred
upper_throats
motionless_rain
preliminary_buses
careful_play
outside_hood
weak_coughs
polish_complements
successful_orifices
planned_sources
curly_pleasure
grumpy_bottle
skinny_breaches
japanese_railroads
economic_trims
cooing_hat
fashionable_accord
dizzy_prepositions
cool_photodiode
civic_interchange
military_swallow
outside_firers
turkish_stare
funny_backs
western_balloons
colourful_mitten
aggregate_laps
obliged_alibi
fuzzy_transaction
nineteenth_century_basement
obliged_tensions
romantic_compilers
screeching_breezes
tender_answers
mathematical_warship
roman_bowl
desperate_button
foolish_numbers
thundering_slice
spanish_catchers
healthy_letterhead
defiant_trunks
medical_grinders
concrete_equivalent
intelligent_priority
agreeable_paints
hurt_object
theoretical_candidate
respective_enclosure
mere_leap
holy_stresses
verbal_births
cold_school
statutory_infections
organic_needle
autonomous_swimmer
delightful_antennas
peculiar_days
obnoxious_glances
coming_validation
numerous_hatch
rainy_backup
islamic_wafer
little_stopper
spotless_runner
capable_radians
direct_buzz
little_tuesdays
ridiculous_slashes
fierce_fires
global_contrasts
wee_windlasses
inc_ensigns
novel_shower
consistent_rifles
important_quarts
exclusive_fingers
agricultural_welds
realistic_registers
clever_reverse
junior_microphone
democratic_asterisk
molecular_leaps
broad_log
isolated_ribs
agricultural_alcohols
puzzled_schoolroom
ripe_troop
hidden_tenders
statistical_sixties
homeless_dishes
tall_religion
subjective_family
vocational_shores
tiny_buckets
balanced_alley
wrong_milligram
horrible_discriminations
qualified_electrode
natural_nature
violent_legend
french_approvals
quiet_oven
cautious_zip
ugly_requisition
intermediate_change
australian_condenser
glad_asterisks
legitimate_stools
burning_footings
safe_inventions
informal_acceptors
tough_printout
dirty_pushes
zany_sonars
mid_teams
dramatic_ways
faithful_canals
ugly_barrier
shiny_depletions
favourite_democracy
poor_certificates
head_offers
striking_cut
satisfactory_tires
roasted_substances
smart_uses
wide_swab
different_teeth
preliminary_timers
zany_subsystem
gastric_rights
nice_father
confidential_firefighting
constant_weights
wicked_rating
net_bauds
energetic_violation
quaint_dates
tan_workloads
disabled_echelon
literary_misfits
homely_ability
conservation_stone
square_departures
tory_rheostats
narrow_cautions
random_walk
wicked_sonar
latin_recipient
continuing_shocks
bad_combatants
harsh_amperes
alternative_seam
boring_frames
mutual_realignments
pleasant_abrasives
tough_mustard
open_vine
anxious_components
willing_rejections
disgusted_man
inappropriate_shipmate
semantic_gallon
motionless_hammer
middle_class_parenthesis
causal_greases
heavy_entrapment
gross_affiants
delicious_restaurant
silky_pink
fat_spaces
rational_grain
lexical_malfunction
consistent_mists
stuck_trades
motionless_loads
spotty_crystals
shy_medals
metropolitan_starboard
upper_patrols
spotless_milliliters
short_brackets
alert_rattles
delightful_depot
outstanding_heaters
other_defections
late_implantations
metropolitan_latches
net_president
crazy_accelerations
environmental_hundred
compatible_splashes
entire_gravel
only_veteran
universal_clap
obvious_rope
symbolic_means
full_time_weights
imperial_console
low_agent
healthy_curtain
outstanding_paint
worried_weathers
embarrassed_logic
early_july
elegant_decibels
sunny_tan
deafening_weaves
passing_poles
visiting_runoff
black_column
holy_commission
special_curvature
fine_faults
tasteless_motels
far_commendations
nursing_nerve
neat_multisystem
integral_organizations
frantic_equivalents
exact_discipline
abundant_sled
fuzzy_trap
compulsory_pull
equal_game
lengthy_research
supreme_ocean
level_surveys
familiar_tongues
rich_fall
electrical_junctions
outstanding_study
skilled_adjective
funny_hangars
european_residue
medieval_evacuations
chilly_benches
ill_ceiling
flat_kisses
hissing_cradles
alone_touches
boring_eraser
real_animal
lazy_fours
far_disciplines
dynamic_illustration
judicial_swimmers
oral_warships
toxic_flake
southern_subfunction
worrying_atom
frail_housing
burning_things
increasing_merchants
intellectual_sport
aggressive_exits
sporting_taxes
big_concentration
muddy_shots
immense_trade
dirty_authorization
opposite_ordnance
splendid_reenlistment
glorious_cathode
video_taped_majorities
nasty_submarining
poised_hips
fun_goggles
jewish_intakes
strict_batch
sufficient_reactions
calm_expense
delicious_tension
glad_odds
federal_saddles
powerful_watt
whispering_segment
naughty_gate
helpful_loan
wicked_workings
encouraging_facts
silly_instance
considerable_magnetos
shy_curvature
nice_efficiency
excess_fares
lovely_relationships
fluttering_tackles
prospective_labors
Sound_rugs
isolated_agreements
uneven_hair
damaged_male
bitter_misconduct
asleep_bolts
cautious_petition
gross_freezes
eastern_loaves
normal_rollouts
agricultural_goal
desirable_bigamy
passing_winding
bad_developments
concerned_cloud
striking_stumps
semantic_microphones
cautious_screens
deep_encounters
terrible_tank
useless_hull
criminal_aggravations
isolated_props
molecular_shares
extended_procurement
hurt_firings
bare_yaw
exceptional_header
critical_listing
judicial_altitude
scientific_circumference
evident_incomes
sorry_energizer
bright_wrenches
dear_decision
charming_rudder
black_edge
worrying_illustration
thirsty_hatchets
complex_aims
noisy_impedance
jittery_confinement
anxious_combat
gradual_bails
progressive_seventies
dark_conjecture
yellow_area
married_cents
hurt_transits
delicious_constitution
innocent_entry
parliamentary_spot
abstract_bauds
loyal_pitches
long_injections
genuine_ramp
eager_outlet
inner_libraries
chinese_blankets
rigid_probabilities
fond_fan
absolute_feed
integral_exhausts
secret_clamp
back_injections
resonant_vicinities
identical_care
blue_speeder
adjacent_technician
running_aviation
chubby_releases
special_meetings
short_allotments
primitive_model
supporting_bar
underground_catcher
furious_servants
misty_displays
dirty_curl
enchanting_activity
suitable_steamer
unemployed_jam
remarkable_discontinuances
concerned_clothes
entire_specialists
broken_defeats
firm_danger
alternative_thirteen
intensive_associate
weary_means
various_displays
double_insulation
southern_counsel
mushy_trunk
subjective_businesses
silent_circumference
interim_waxes
printed_programs
back_swivels
enormous_baskets
delicate_triggers
expected_gears
beautiful_storms
glad_qualities
spanish_blasts
known_spray
running_notices
cheap_sand
wrong_room
numerous_type
victorian_performance
strange_augmentations
peaceful_noise
high_theory
alleged_reach
inadequate_towns
electronic_diseases
classic_tender
difficult_perforators
abundant_swivel
sleepy_railway
stale_apprenticeship
strange_compressions
sound_dollies
peaceful_chemical
helpful_windlasses
jolly_canisters
terrible_lard
rapid_capacity
everyday_termination
frail_guard
unnecessary_durability
afraid_materials
formal_infection
fast_shields
respective_braces
other_multiplications
constant_sailor
subtle_outline
remaining_interchanges
philosophical_multisystem
christian_increments
working_draft
striking_mixture
full_eighties
surviving_goal
able_hole
traditional_broadcast
kind_acquisition
spanish_wartime
miserable_nurses
subtle_officers
sound_offers
magnificent_splicer
mushy_chains
weak_dab
salty_formation
surprised_stem
correct_starboard
traditional_compartment
deaf_separation
anxious_tire
alleged_valve
ripe_cause
bright_failures
black_individuals
genuine_liquor
married_tapers
short_term_kiss
combined_filter
mad_apportionments
ill_lot
clear_shame
estimated_bracing
representative_nurse
contemporary_grease
watery_questions
incredible_stump
accurate_strength
sound_pools
fellow_smashes
empirical_hunts
gradual_clearance
comfortable_notation
relaxed_eliminator
inherent_advertisements
courageous_troubleshooters
desirable_deductions
essential_interchange
lonely_attorney
developed_dent
mere_station
arrogant_acceleration
hilarious_parity
prickly_core
devoted_numbers
intact_alternatives
wonderful_lenses
funny_peace
fashionable_associates
annual_bridge
distinct_diameters
sharp_balloon
financial_challenges
frightened_surveys
deep_appropriations
instant_calendars
hungry_showers
civic_alley
spare_brains
disabled_experiences
constitutional_format
thundering_bed
collective_drum
worried_deserters
tiny_fighter
average_floods
exceptional_thermometer
crazy_beginner
united_equation
yellow_pops
dull_mouths
boiling_quiets
dependent_wartime
characteristic_coders
crucial_cup
federal_bather
crucial_software
clear_violet
expected_owner
harsh_lint
courageous_drills
inc_rifles
lovely_twig
illegal_soaps
unaware_multitasks
satisfied_legs
intimate_ears
illegal_eddies
great_drops
sudden_wrist
retired_rescue
primary_metal
serious_thermocouple
supreme_detail
rubber_foods
acceptable_trunks
immense_solenoids
ethical_arraignment
hon_vessels
renewed_difficulty
clear_cups
brief_extent
desirable_area
known_pages
purple_departure
healthy_decontamination
expected_parameters
panicky_hint
developed_bailing
faint_daybreak
lovely_eligibility
ill_assault
professional_headsets
nasty_platforms
head_milk
dead_webs
inquisitive_slashes
dominant_bay
standard_muscle
professional_stoves
dark_prisoner
worrying_entries
unchanged_abrasions
wandering_girl
fluttering_amount
happy_inquiries
blank_charge
uneven_diaphragm
lexical_acceleration
embarrassed_care
vocational_density
willing_destroyers
awkward_oil
deep_summers
senior_bail
armed_affiant
operational_bat
graceful_science
terrible_quarter
low_runners
generous_couples
ugly_spray
nursing_racks
tasteless_sling
scary_guest
armed_pints
marvellous_haste
inappropriate_hardcopy
desirable_ear
slow_restraint
important_liberties
living_gage
rational_subordinates
fat_setting
related_presidents
misleading_containers
mass_mind
illegal_transistors
tiny_hatch
wonderful_recipients
strong_sunset
only_lees
breezy_square
cheerful_bends
huge_disasters
beautiful_pilot
elated_dock
applicable_decibel
resulting_diagrams
mechanical_restaurant
tender_series
secure_cost
ready_blazes
increased_sleeve
sticky_slaves
shy_mistake
moral_rack
grand_atmospheres
only_jumper
concerned_bays
involved_privates
successive_sunday
ordinary_reactance
devoted_okays
dead_expert
late_mills
rare_hills
clumsy_stoppering
hard_buds
doubtful_load
defiant_governor
stupid_debit
rough_technicians
explicit_shelves
remote_wire
cultural_tower
known_certificates
thoughtless_energies
strategic_dozen
sick_bell
sensitive_restaurants
identical_shafts
cautious_conveniences
tough_documentations
breezy_text
top_weathers
energetic_public
mammoth_aluminum
changing_parachute
defeated_spares
roman_rounds
indirect_hose
asian_assemblies
very_roads
organic_chalks
aesthetic_lace
annoyed_factors
orange_openings
ratty_plug
neat_installation
modern_circuitry
minor_amount
precise_lee
helpless_expansions
systematic_mirror
inherent_aim
hostile_stencils
collective_focus
nearby_abuses
odd_vibration
near_tent
grateful_pots
top_outline
wide_dealer
practical_ditches
wasteful_apron
witty_update
boring_propose
relaxed_reservist
drab_bones
instant_custodians
absent_offense
excellent_nines
graceful_credit
real_muscle
useless_drainers
many_abusers
civic_amplifier
circular_mechanisms
green_stripe
innocent_rinses
tasteless_steamer
skinny_sunset
thick_cheaters
old_fashioned_wingnut
australian_disks
wet_blank
amused_facility
expensive_silks
huge_bronze
open_thermocouples
big_calculations
wrong_commander
worrying_band
terrible_propose
ordinary_rinse
stupid_correspondence
convenient_subjects
funny_stand
balanced_dollars
tall_weather
steep_carelessness
homeless_charts
sophisticated_exchange
resonant_bushings
rolling_tuition
shared_masks
free_operator
wild_recess
nuclear_quantity
excited_editors
scrawny_compressors
available_teller
latin_stapler
hungry_targets
remote_jumps
fatal_hints
civil_alternate
red_inlet
healthy_specification
ugliest_soldiers
comparable_schoolhouses
representative_harpoon
tender_regulation
royal_bean
redundant_safety
tired_selection
beautiful_arithmetic
smooth_surfaces
glad_refrigerators
pleasant_bearings
tall_fumes
disappointed_tablespoons
comfortable_paper
fresh_july
tasteless_nausea
far_harpoon
personal_exposures
sudden_stamp
opposite_head
spicy_bills
husky_web
tory_mints
expensive_bunk
substantial_discussions
willing_survivals
live_captain
long_curtain
juicy_alternative
spectacular_lantern
lucky_demonstrations
misty_processor
original_speeches
ethnic_basics
combative_glides
continuing_kilogram
scary_specialty
lesser_engineer
powerful_bunches
ethical_basement
deaf_years
patient_clothes
fancy_knee
negative_word
high_excesses
funny_accounts
separate_corrections
yellow_jails
prospective_paygrades
worried_expenditures
gothic_levels
fast_carrier
suitable_paints
live_drainer
able_paints
advanced_watts
electric_winter
premier_listings
previous_proficiency
unchanged_correction
