21544
29903
7955
39907
36539
36350
2095
9487
11595
25889
29863
14630
5747
11907
12960
9155
21871
13708
31111
33580
17680
2661
29363
29984
39581
22422
28281
34392
14562
39544
1370
37117
22260
27028
26646
37629
7226
17266
6765
37933
20861
2281
31924
11212
28284
4127
10740
29550
9958
19359
37918
35400
20050
23277
19840
22859
9005
25073
30427
28650
26803
31690
39682
29452
20733
20919
11166
6884
6487
15233
22750
29543
27507
23059
16672
11155
4602
18519
10145
17789
33073
33276
24252
12875
30037
2000
4383
24294
32570
18084
17593
1313
39526
3587
5329
17114
1847
24038
22320
7593
18886
29649
15307
5741
26292
34004
24975
37181
6079
23366
37483
35459
33332
22117
29918
37576
32160
33191
17370
15385
10501
18064
34001
18620
13095
25502
7951
12270
15801
36897
8279
36182
316
7221
27392
11969
5856
39898
17363
18840
9902
18111
39270
16703
35568
25788
14154
4141
22020
17108
2977
6757
22628
34902
18104
4952
31755
36725
24829
33968
4001
17008
25461
13907
34045
25118
15047
34532
6624
37349
9337
12855
36916
28909
11337
12891
2235
22054
14898
37616
31439
35
33725
28353
33917
21974
7235
7450
32683
25755
1336
20739
39713
14827
12177
20006
35028
38382
37412
4199
9030
16486
8366
21694
18434
9382
26173
22854
37465
8393
19657
26502
27504
26559
6039
16613
6332
842
14591
11283
1006
26855
8510
681
24051
37080
16203
4035
32172
29532
36095
20032
28712
32045
4783
32773
6078
25675
17333
21756
33788
20125
13743
3491
6273
9854
5639
19073
12843
14529
29961
2576
39986
30516
38009
25419
36033
23922
31677
25175
14195
3684
32128
13435
10279
12847
10193
6861
10460
37747
15465
38907
39116
36687
8669
23097
27729
28579
19029
14830
8338
22094
27601
12797
6051
12228
5737
15228
11617
12717
33248
4043
31352
7475
14613
3460
28123
32973
26682
36929
25278
25865
8405
5114
20214
7847
26402
19873
10709
11821
30095
30549
27431
18419
16029
31198
16872
15622
30634
38803
37191
24969
39463
13179
2264
37515
2812
35663
38367
33518
11518
10909
35352
27503
30263
26923
2475
22319
24490
25584
34931
11840
27622
21545
4932
11693
28466
4188
11279
23235
22855
7634
30712
34409
30638
33798
3303
13918
6250
30291
35560
21509
27923
1004
18388
24210
26872
7129
32789
38947
14429
19335
21790
17154
32001
16128
3301
4122
10004
1078
33782
5262
23441
17900
35029
26772
11203
2362
19289
27544
39252
21184
3524
28946
33590
1263
9257
34013
2762
33477
29753
19776
852
3429
11033
18556
34381
15967
4641
18904
28833
7030
18482
12805
24961
24230
1839
22617
23992
22382
1229
36887
24374
30785
32285
38682
11846
29648
30694
17981
33136
3046
39492
4934
37539
21036
4000
7768
2478
36291
31080
34551
2697
20907
4752
24572
9236
39677
33601
33249
22990
19716
19401
25801
25897
24956
22293
31590
6926
22782
29142
36068
12635
11572
13894
19441
16540
23901
28438
36096
31261
34219
39575
20977
33361
32064
17733
37869
8883
10915
1158
35017
4699
36709
36986
38762
5962
24828
7739
38579
9860
10079
29523
36239
23601
34908
36773
26999
34111
23217
34082
33071
6208
22369
6787
35673
34839
38284
27077
28488
7105
8908
34407
20689
10680
39044
5115
35390
17601
29870
1533
29291
39873
23356
5496
2918
12218
18838
26319
28360
35714
23705
23185
7306
24918
26345
3740
8437
2777
23504
15074
23791
12983
35125
22228
3704
5696
4116
33269
10127
13625
28136
23679
24192
27083
20115
10331
2531
38892
22247
32642
5204
7513
8032
2686
10050
7291
36825
34135
5196
31000
14039
32426
3290
3975
13500
25156
34706
11163
16744
16069
15908
32542
35020
5101
29143
35242
22488
1520
10638
26561
2311
26219
3475
4393
34474
24436
34773
15164
23668
13487
14399
24714
6239
38976
13945
2006
33328
37477
5205
23232
3582
31582
21719
25424
20284
34989
11427
22443
14819
21149
6218
19879
18856
4515
3345
19014
11363
4782
19922
21547
5252
6452
11149
16147
39529
9554
11619
3041
36498
29491
36998
34602
36070
22324
29768
7776
28323
8348
21173
4260
17300
340
32546
5464
30303
13900
18812
33496
3002
6417
32358
17337
26930
12086
22905
11077
17744
9850
20327
10244
37953
14233
38353
2510
24045
279
5070
4705
39089
1204
8407
8700
1632
5513
10710
30498
39034
14968
10418
25435
32141
10699
3452
18440
4208
27425
10475
23655
26814
30253
37053
14308
24184
28635
23404
26210
25174
6359
30569
1290
14772
767
18320
28801
27798
16752
29613
5102
1495
7505
25554
6025
22205
24398
9689
39285
4742
39359
38180
37696
14120
5603
12957
9325
9445
8046
18637
13688
9561
18153
25393
2106
20957
9721
12394
22818
33002
15832
30754
27319
37315
7778
31623
19642
2091
651
29418
29152
5612
15549
7495
22430
21914
30733
31852
22092
4317
17310
37324
4299
11084
23013
13418
39120
30409
8080
10403
4361
9110
25136
19662
38113
25231
2936
37049
10051
18291
37471
20703
28975
2783
38317
9286
38562
28496
6763
12964
28736
34172
12294
7948
29193
2808
4904
39340
22923
34540
6227
6609
37724
32925
4755
39328
33938
13148
26117
108
28170
15736
539
12655
841
3230
7749
34002
2057
38210
18944
28516
29965
30590
8438
12597
21157
13850
27399
3232
31837
16023
36719
10207
12892
7251
35604
26748
31520
20904
5555
10077
5906
13753
22794
21303
21997
266
39218
24222
23488
28036
30149
34053
14855
10675
19331
23102
13400
17695
22014
9753
11873
17122
35081
18898
30676
25378
2254
6515
28558
32840
36904
38599
31
9889
6365
4505
6736
34760
23889
22491
35004
2622
17470
17234
31847
8798
16867
23133
5808
16722
18365
29140
39938
24181
21359
35716
3157
21482
20159
12310
3990
5616
15191
9419
14669
10235
14171
33481
24440
20610
32481
27902
35271
33363
39331
13593
22889
16412
11999
32310
16932
25160
15426
33863
36584
10582
30146
32515
1382
39953
17573
7648
28409
1849
23244
17065
5459
4744
19111
414
1616
29083
37374
30228
38917
37768
14069
32682
2890
39254
34815
26072
20685
22682
27561
24596
26509
30312
7494
17400
7977
33450
12806
39946
10939
20415
33951
1880
19354
22270
11136
2894
18318
38701
32487
10840
6478
16927
24194
7144
15714
10596
7684
36877
18739
12418
35414
14755
12968
39796
38641
39549
25849
36693
27256
37992
6965
7721
16328
17580
25588
22119
9437
4632
9046
3421
18603
24840
38348
13328
5216
27742
24955
37806
26351
13674
26823
15154
15640
752
23203
8469
376
24249
13983
19565
38037
15693
31179
2201
39115
14744
33578
26991
35354
26866
19409
4743
10217
18750
38560
36841
5724
3014
72
12007
39893
6676
33200
32480
31612
36433
6708
13381
32955
31553
19932
38690
30106
9775
17496
14267
28673
31870
3206
34090
21680
24906
21507
30497
30161
35176
17425
17854
27067
9973
24225
32528
9362
8433
33030
987
20105
7197
16393
21874
19079
9980
34427
10354
7243
2339
7231
9609
17027
2318
6351
6193
26988
30538
34949
7483
2901
28994
20138
35358
35711
1278
36795
31278
16445
33437
1165
25500
20198
5268
1364
32286
11413
20065
10521
21944
39812
20373
33155
38148
20345
15230
23569
29218
34224
29460
28320
9716
37262
6903
3551
355
20547
27324
16581
22675
5533
9092
17602
1436
8037
17443
19318
6771
31202
23698
320
34939
6852
14748
37822
705
18096
26829
25568
36812
2667
1059
38514
11372
30316
6101
34468
34895
2450
14056
11979
8919
2821
30351
1502
7188
15289
6847
22370
35928
20697
13936
13668
25513
32040
5186
12814
29298
6072
13310
23239
5083
27211
23255
33612
5246
11159
10499
33646
35025
12640
3605
38919
22025
31029
30713
38764
38784
28613
3305
819
6806
27030
2969
31865
11093
16121
34867
10663
11257
17083
22279
23290
28092
31237
13901
27654
13140
8998
15979
20068
5164
21012
11581
22114
39152
32635
16475
19036
30189
32101
36837
4288
36508
39605
26905
2090
10019
668
29594
34356
3599
10329
36958
16754
23253
32868
30913
13405
22997
3307
12782
35076
9113
35684
17764
36964
20619
33231
22773
29805
15952
6133
3867
11922
35050
21642
15441
5215
26079
16351
36336
34318
14307
15883
5557
6745
5011
12456
14820
37328
32340
20985
6294
5027
5188
33912
27937
5437
39372
19977
20995
27590
39881
27359
14868
12776
194
39016
12451
23744
35321
31150
26992
15943
26192
5310
4029
25534
38315
30856
16167
36842
21314
22547
3889
39248
11727
3618
27734
39824
3320
13482
13857
26844
12943
38881
8210
30239
32831
29982
36732
33834
22449
25274
16070
11157
17022
12553
18038
37940
12489
18361
20100
13243
36880
2276
5410
7533
5345
15210
15505
21954
34798
26691
33270
5393
7063
23506
18917
26900
2753
37782
34295
36588
33644
387
27435
12094
2674
34179
5301
33532
9892
21841
21845
8588
27221
20841
966
36214
10487
2007
19342
17865
33297
19097
2086
39615
38092
31002
6099
2375
10658
4622
18640
2625
6132
22638
17168
32145
6024
29964
30877
34572
15359
32366
36530
23085
17336
18587
18732
2615
6087
21211
36173
11139
21770
27361
5277
17742
17857
38445
19373
23056
28215
25806
3719
25207
36004
13471
25092
39639
13427
309
22355
33690
26846
37691
17868
2628
36348
27252
33611
28964
21799
15615
403
9395
9075
6516
34005
19436
9218
21515
12752
34010
10484
33476
23726
22825
38686
19026
3381
13551
26700
10114
20981
5953
14405
37681
12952
5359
7799
29225
8310
38272
17261
13730
4885
16656
7997
35124
2079
24745
21593
2417
31544
15015
2083
12040
5619
24728
24729
15282
2206
3277
24458
33604
25494
38525
23949
12754
30389
1716
37120
13913
15810
28692
32188
22593
33961
20950
2230
29043
15313
35236
1974
24411
22438
11646
10906
36510
14398
9372
23180
21649
11736
6673
6336
18487
15225
2660
8089
36630
24101
724
27898
21875
287
27894
16484
23783
30550
28644
32828
13292
1803
1154
4870
32564
5964
26523
6614
29453
10062
29683
37754
2917
24575
9667
15670
27152
30338
5506
30509
10313
4568
36561
29103
18710
14175
24349
9742
17668
9188
20780
6492
21602
8107
4064
26330
32684
13977
35053
30480
23126
26134
37489
2527
36952
39613
33833
17726
23047
24441
35636
22721
38280
8985
30144
39846
796
21501
18041
25661
14025
31016
20375
37319
15973
8370
27881
31274
34081
8377
33699
14487
31804
3125
30148
30000
18691
12387
4787
881
366
6823
20745
24716
27567
23492
34475
10517
38634
4143
35740
7539
9385
26045
39596
15321
38160
24923
17140
30871
16131
3593
4907
1513
37543
15222
36062
35099
23378
10570
8857
29700
17677
20579
15156
21401
13434
35279
37581
4635
24291
37521
7342
19319
13855
7363
37433
32742
13836
30804
30854
16209
21038
9351
24545
4339
8519
32483
12771
23215
25957
16987
16380
19440
9434
570
1756
15958
37125
8376
27304
4014
12624
8870
27542
13975
18894
37778
38925
27120
27867
34156
12170
13269
18109
29515
10518
27885
28547
14382
18216
18348
38383
31588
10869
6131
28051
18946
16377
26886
35253
23196
4909
29783
19115
6188
7312
4633
7259
23337
6886
3016
1042
11586
25687
3108
4279
10719
1205
4501
28618
34711
21937
35561
16479
20545
13626
17050
18550
34030
24554
18470
7942
34868
22374
17911
28014
27212
5231
1140
29329
29724
17066
16320
13003
3017
3579
37772
9109
32119
32254
5956
35958
26625
17056
32811
12052
2229
10251
15023
26428
4475
6553
15921
28132
38235
12698
230
25960
15151
9965
36755
36030
11425
14338
4231
30834
22444
35334
20280
10683
32531
25626
3462
33946
8873
6229
16588
1528
30375
34733
27004
13544
23887
24925
38502
23937
15730
8558
13564
9894
27852
36974
17972
17916
36782
32296
8263
23305
26615
19265
2677
13415
34996
35844
6908
15651
32792
13449
3456
13277
13992
37297
25950
7444
10554
29605
24971
15095
36745
15512
20582
3761
13601
2887
28196
6127
10657
2582
11193
36347
24376
33988
9280
9888
38555
26764
30133
36979
32894
11115
3063
17500
23498
20282
37341
20441
20219
28550
7236
8463
36367
9763
26023
18301
30415
37999
27616
29072
10165
1802
30399
16730
37097
32777
35273
14100
18873
32467
3560
20388
25629
26665
23041
30261
16686
17374
37010
38154
15617
5913
38247
12123
25608
10387
23395
31231
19127
29486
28682
20043
17914
28699
1713
21457
11150
23897
8290
11771
18926
39124
37475
12237
26092
5907
26822
10421
10001
33341
12028
18426
27620
7001
712
39508
17600
25271
25901
31578
7249
24413
4539
1458
33036
28417
23484
5947
24179
6231
37152
8052
18141
32595
20360
4767
24649
1794
8097
26571
25010
20012
17710
4760
1264
8331
33135
32087
14191
18983
5743
24219
2733
37615
8218
12071
8012
24016
10267
29269
4848
39330
22155
28076
17649
23381
14906
3508
10715
26787
6520
19422
33236
2191
37332
16276
5002
12606
15975
16036
19031
9345
3350
29712
38787
30238
21302
15639
31735
28915
31267
35902
34593
23008
222
17582
14833
6982
29021
5387
34211
9268
24032
3059
27680
13506
19158
21884
21849
23797
16059
28137
1712
25038
26035
37059
25372
25577
7814
29758
5368
32237
35535
29512
1532
33918
25579
2227
28239
33589
303
8975
28639
12192
4975
35473
28846
6521
23567
2489
38630
19174
16501
18713
16173
31463
6807
39667
12356
13233
34231
3620
12557
38277
23451
29834
16170
11502
17481
39344
30914
25296
30468
9982
25769
23050
7253
29657
6938
24765
18242
16992
5353
5991
19600
35106
10428
12869
27117
31771
22545
23195
3686
11686
7233
38323
31032
35262
16571
34434
33852
35356
829
38780
17423
16664
12053
14283
2250
21530
7159
27100
12283
6199
28600
16565
35163
23486
29200
22587
15924
18675
3435
35469
31028
13711
10162
23476
2075
8742
1690
26331
3072
34498
32698
39652
13058
4532
27008
28293
2795
31529
12513
23847
29670
30072
37401
18267
6445
19410
15067
25180
18769
19173
11416
15284
30610
19604
36751
21754
16214
27863
4023
22239
12874
17852
20732
25930
25317
3080
30758
34808
3813
39106
38684
25095
17207
1811
214
13955
9834
1150
29058
27893
12667
34542
21991
7583
38792
16427
23794
26554
13632
14087
31219
27584
19891
9028
9493
19024
36157
25132
28181
4154
33747
13433
25029
29049
12830
35006
8956
6210
5966
23300
27987
26412
38862
18238
15976
30910
38290
21487
39708
17110
16402
26042
24035
1047
6489
12186
33115
35542
22132
22789
39038
21661
26935
5965
3689
14461
34239
6300
30596
863
9265
35051
4157
21806
21328
26871
5914
21880
12485
27834
32998
1630
34848
3191
23349
1388
22771
36712
2826
12149
22876
28276
26055
25552
23780
14383
35423
1070
22627
7694
10866
5068
461
29033
7893
24400
17588
20748
22006
30172
3603
37676
14379
17462
10151
36178
19616
27029
26469
28209
8096
20285
133
39268
37257
24182
11631
2545
187
33456
13235
17977
38951
29389
5929
17324
2595
6600
16572
39794
25202
20656
34576
38563
22024
7438
1617
32652
8212
4751
10280
1529
9146
27071
17850
1711
4469
34695
11421
27889
21248
20060
23563
25678
7938
4685
38770
12674
13526
2028
3481
27904
344
425
30370
1526
15514
16176
12939
14357
13495
7854
30454
39060
37780
6780
38704
18649
5728
18392
37094
23850
38304
4232
21568
9809
5142
26725
31383
37857
5822
20712
4845
16416
13025
13314
22770
17619
32309
22189
20077
21240
37150
6485
22106
19582
19546
4223
30111
25721
29651
25367
9745
30197
34962
15676
515
18396
7624
25766
33709
36343
37355
616
2912
8720
34877
27861
24281
24125
362
869
35588
19340
26492
29825
14806
25455
30772
17025
33251
8764
21141
37838
33178
7536
30440
30485
3543
21588
12853
33784
9636
34092
27197
33102
22262
13715
9945
23193
33046
2436
6075
33871
8618
35904
7626
15989
29168
24068
21070
22848
39
27717
27495
10435
2139
18372
16530
20193
11812
17787
37588
12653
37960
6303
8064
24679
25298
39316
25395
11404
16120
27697
36025
13788
6353
5677
12361
22538
30329
10842
21853
2596
22567
1135
27773
22902
20119
13172
18048
12808
28452
29031
6887
20200
25546
12264
7326
994
6459
27472
27033
28863
17276
10766
20768
8826
1755
30884
8005
25492
20225
15033
15688
25048
14329
11197
31698
15458
15911
34348
36610
30999
28096
37727
29877
165
11180
2835
37488
21048
2130
35648
9061
15253
17520
27963
18540
11110
28787
5558
26112
18045
14102
21698
31997
15285
1733
31738
1736
35913
14278
4066
28177
21598
32780
10104
31027
18148
24469
10537
874
30483
29318
26448
28800
18034
2014
31729
10263
26150
8360
28857
27422
12155
27700
19938
39341
24597
5695
30672
39629
19343
7763
17904
14829
32124
18297
20914
24531
12979
30946
36822
11666
29517
17772
2364
3262
6224
12424
33344
15664
39338
5254
22128
30311
29851
28089
15914
16455
2831
12985
26976
8114
33123
16619
127
20672
7704
5103
11583
18366
31609
35580
25727
32879
8133
19560
17719
16007
23264
31505
28290
34698
38401
28147
27454
3817
6946
16474
32392
5916
1636
37424
3176
7161
28240
19438
26852
11286
9441
12458
36274
4572
944
22375
31808
5181
34058
5935
10043
408
3040
16155
19980
1257
33268
21395
5939
27338
8237
15743
6726
7671
18867
1507
7640
33384
22195
21843
14557
37932
6279
22150
19350
23419
12498
19412
5015
17335
17383
14603
7284
13218
30007
29907
37987
12133
15180
16728
1695
30921
2035
31594
10911
12312
2037
18798
23433
34513
35823
39583
32737
39950
38056
4694
2756
13459
28148
18730
20265
17648
34647
2679
21847
10543
4805
36562
20292
10074
16949
11118
25768
4842
34527
10821
25863
736
31222
21787
37977
7406
24831
13206
17761
24323
30489
37168
36783
30797
10322
24889
33158
24887
3249
38468
21426
7423
30903
33013
30185
29817
33999
14783
3314
1658
558
16942
36559
1430
16066
25204
18402
36564
4947
33928
38167
15394
640
19775
10831
12205
6500
23741
567
24636
24170
28214
38565
29902
20408
17962
8419
13528
2270
22282
31903
13207
32935
10888
13064
12410
32634
21673
26636
8322
20700
35397
29714
11323
38727
23600
17380
30191
31988
19416
22040
25699
39284
31737
6996
5166
22456
23094
8686
831
18714
31470
12695
4480
28921
2690
8523
29132
15755
10424
11722
3441
9648
18497
1177
17691
9449
19199
3385
28180
35151
8079
6659
38702
21945
35631
26201
34460
19717
6696
3983
16504
579
39209
27625
22203
7171
27292
5194
30295
5480
10990
27730
8149
16350
2174
8409
19573
12462
12362
143
13258
33525
37076
27689
27353
9183
32275
15854
8747
3874
2871
33118
1596
10731
24706
25302
28955
1700
25342
27554
11626
9704
13995
34238
38421
1402
2144
29593
34972
106
16909
2099
16219
33256
31416
23851
17624
5710
9222
21197
25054
24348
33794
12566
26514
36423
35030
36167
10643
18395
744
18912
11951
18441
23054
29178
1155
10327
18340
34983
12885
21154
27517
19395
26921
35365
4874
22030
19328
23426
24501
11648
18605
6995
38312
19347
9619
30087
6830
19170
20669
16447
27589
37555
15056
17439
36835
38689
37813
8220
2451
21956
28512
29579
14634
1360
22110
10806
33389
234
14905
39571
39509
32212
20160
5318
6744
14886
39102
11158
12622
35111
33745
1211
39799
38017
8277
29910
39161
16642
1509
18600
6379
22418
1916
22634
13771
32724
23283
23284
416
21586
18654
6217
21299
17735
9122
11056
31025
10623
17489
8871
22183
26106
27523
32824
28637
30284
10416
4945
23145
557
27718
28380
4227
33468
6857
22264
33966
17216
3856
33843
27342
37627
29037
34599
1479
21439
23099
6582
35180
39020
16566
39015
38370
30439
27433
28977
7716
5273
26847
22677
15186
9180
34174
6607
33989
30925
29932
10442
27991
17057
20673
18150
36353
179
39777
22570
16830
20520
25061
9755
12896
38767
4403
9296
31982
31208
4396
29296
36307
36615
13939
29246
31528
20652
17925
14040
23587
31727
5360
8015
5595
29713
2402
29904
1643
27721
30102
36932
30092
28355
22631
14693
6091
1574
25036
34425
35829
17220
38061
7422
38002
35120
22372
32214
30068
13166
17328
1392
5171
19780
8522
32311
28595
5117
4636
11074
13209
27106
2869
26062
22633
21881
24459
6537
35066
19965
36872
21099
3979
34952
25166
5444
20771
37805
30211
8593
35439
31164
3641
24877
13420
31805
38438
10775
21854
39732
1556
21567
20925
8647
9468
9508
17224
22846
16901
30055
18503
2957
25967
26989
34495
38457
13949
3789
14555
5292
8047
26816
21093
36813
20296
21044
11310
9845
23214
13989
34826
18890
34625
2424
1028
590
3702
14012
4416
2114
4588
7024
13034
4303
21531
13200
26756
29553
38494
13905
14130
322
20392
34645
18085
4461
8092
4056
11059
32884
28446
1095
38156
28671
27070
27836
24883
5485
13718
26047
5673
1089
5621
26368
24816
13378
10328
37828
12879
32192
2639
34766
21216
19647
8967
25234
14959
17252
7407
36396
35465
12573
12426
1407
22498
30817
6784
4500
11145
7567
38700
17606
34019
37313
16274
30166
23076
10321
13583
12473
34562
17632
30314
6683
2858
15410
20034
26596
25490
14857
21838
39151
20116
15475
32506
37295
6259
27794
19443
8379
10273
5705
24467
37258
13685
26270
24083
38055
1734
25911
13445
24584
4811
30229
15835
21467
21869
31317
17647
2654
33282
35310
4309
29950
20019
31117
17509
20208
31390
2841
15543
15738
39261
11691
28482
642
21150
33257
4070
15280
38954
36280
30433
875
16092
27470
28274
5915
34025
25693
7733
28694
13773
32571
11826
178
4852
22949
2233
34360
12429
12961
32813
14599
10997
24410
32077
29189
9214
17788
13326
16165
5954
39154
38281
32334
32090
13630
22009
24591
11274
1978
22655
21947
9696
27704
3256
31721
39900
28827
13118
9808
16845
27140
16025
28030
28769
21377
8408
23637
7331
19150
17770
10912
26804
12095
13429
17146
19483
2580
15256
20185
7649
20709
6923
22208
9101
31401
19918
21128
26086
21297
26013
35470
22765
1777
700
20990
213
10097
25620
28679
12337
34630
16751
26708
6966
31468
5465
37008
32070
20166
26978
27
6935
34246
4358
32917
30243
17507
31309
38537
37266
28419
15303
33427
36602
30131
23233
2171
26197
12871
11206
38786
4353
36613
3372
14930
23414
5567
6825
8063
9529
23721
3812
5823
2640
9842
14759
33098
28960
23588
19554
19521
11643
9760
21489
12639
24898
13369
10617
8713
7155
4655
30938
23049
29476
4965
37567
3465
923
26960
3423
37965
39894
32142
29170
24267
8244
31831
22017
29685
27337
20426
33177
22851
36198
19257
23777
20776
6818
29106
39750
24991
20051
9993
15750
21745
13572
5024
11791
28514
12542
16499
28024
4526
34732
28041
24375
8605
14963
32428
36305
20467
14965
2477
2991
4896
2745
105
21251
20454
19923
14433
18919
17768
17226
14038
31989
4095
36644
14201
31705
30604
2876
4363
7376
4770
30824
9008
30878
10481
37568
36963
31445
37005
21936
3732
35735
28335
30421
20061
63
26727
20521
23696
8172
29022
24681
16234
11891
29838
16674
38464
20167
25102
7062
33020
26830
1671
11498
2456
35016
21918
33171
17895
4343
10851
1410
34465
25780
17928
9462
9866
14996
1113
14068
3598
33890
4800
25418
23550
35570
30631
19566
13020
12942
28585
585
15998
16643
13406
20194
23339
25011
5120
29002
4686
31958
10112
291
1051
31155
23853
31234
23407
26557
4012
11424
5258
26951
38140
21112
17264
29110
14721
26699
11945
9302
26797
560
38721
21355
36577
7305
21111
906
5920
5887
32485
9875
6592
741
26022
21786
19959
20449
24912
29086
426
3752
8464
36780
24288
3409
15177
21295
37277
17995
35364
10835
5373
36226
5178
37042
21572
29014
34140
18092
11032
4401
6864
37495
19539
15827
7970
37835
22878
2252
1141
33740
26948
27462
22849
22853
31793
35086
21237
6411
36953
22561
25729
10024
14428
13125
29000
10201
21612
26313
18260
33727
21975
1261
9630
30069
25793
24810
35562
11543
17766
16009
33718
13267
28497
21096
12966
936
33533
19280
29528
12629
28695
24315
14524
8137
10900
26188
8925
30588
28243
15453
23263
35872
12116
16245
21312
34408
34324
3317
6473
13173
27571
36660
436
6356
25189
35454
35686
37711
9315
25725
32290
11612
29696
12535
13246
28107
36135
26759
31315
33623
34146
12130
9193
37981
3292
26218
32181
21684
201
12716
21027
23178
20773
13853
954
23521
32947
27703
18235
7783
26836
36723
31691
27624
35879
16286
3113
26979
7158
4905
29829
26371
2889
4569
4294
38128
20301
713
18067
5065
21951
11823
3398
23556
16903
30783
28182
3347
15482
8978
22221
5781
3642
37314
22343
2208
31660
21669
23505
101
23018
28296
9166
21431
6023
23969
32779
24736
23710
11392
27455
15158
25927
1020
29252
15679
26010
22515
19406
31009
12801
15009
38412
10674
433
28455
30520
38742
9052
10572
36920
28660
25259
35197
19988
30445
12715
22135
21855
4967
3132
26028
15995
5986
38980
38550
14971
17976
8435
3487
28131
37934
2066
1277
4790
19928
39166
13737
7512
24468
35368
17197
58
19277
12820
33791
36442
2124
20759
22494
35206
39952
38612
29624
15500
33870
21839
10266
19713
22806
7639
32293
34445
38114
29631
22400
19048
22161
2965
10246
11213
37686
95
28157
29378
12910
25518
36583
16005
24460
2794
9761
36631
2093
11551
15072
19893
508
21750
28213
5291
23532
3615
12922
17196
12455
21235
33850
18939
13308
21668
18980
6640
22607
21158
4477
7227
30838
35114
21888
12538
34998
24633
25983
32517
3405
8100
21367
6557
5192
38754
29557
38147
11079
32460
25152
7056
1099
18872
16680
16060
32465
35267
37396
23204
164
23474
32036
5505
28983
14686
14931
9433
16182
26128
26200
8118
14373
18513
24855
11923
4454
27078
36251
3181
2536
37591
2501
13941
21234
565
34130
28325
18883
26760
28751
2119
35616
9534
18257
8475
36560
33992
2807
38916
30691
7035
28537
24521
35512
31682
34121
9553
30511
15003
24005
4205
9563
6215
39857
29097
26430
39966
18443
1566
20713
32913
20524
23722
10089
2635
33507
8578
11287
5748
10808
15175
5848
18753
20941
36991
1609
38191
21796
12714
19489
25844
17869
12452
32549
22678
31090
3029
24699
17616
2873
14277
18178
25457
30935
17841
4819
26990
3956
25075
14932
33139
2118
13407
18877
11378
531
34154
10721
7921
8104
2222
19774
16307
16769
35723
20805
6645
3018
20241
27148
30613
11820
39033
32292
38343
32880
33973
14570
2681
20421
33678
32208
24651
36060
39525
25066
22053
36621
23316
12100
22952
22510
15735
24972
22284
6094
19236
12178
23096
28931
26288
38891
22869
37075
24370
27493
20132
32645
31984
8872
11014
12305
26140
29859
24905
12411
16450
10382
12778
2642
1792
28749
5609
25181
28260
7769
5477
28717
27441
15522
34245
8258
37826
5057
36754
22643
31799
23026
20016
35841
8018
24241
27856
22772
31180
26472
7195
3237
32171
36186
25397
18636
13293
36941
14020
7825
1958
33517
10592
16384
15360
1601
3466
30556
2559
35419
38460
3841
37710
18489
10839
11277
30065
36317
18851
17325
17115
36830
14015
9936
32289
5744
6729
23394
29434
9946
3226
14761
10308
34282
4847
5460
5547
1752
8225
10044
32204
1787
39548
38020
31523
35770
23136
28500
35480
13021
4236
29259
13463
33639
9329
24113
19167
73
26155
18132
35629
23373
1623
31096
14420
4880
38366
21340
12420
1272
7667
17092
6484
33671
10430
37501
20232
39578
1034
14573
23565
4712
13910
12038
33390
22582
14169
20833
5452
38504
9426
32938
18033
786
13823
20503
17452
3948
37310
6438
26297
24367
2996
22107
30083
37719
37166
8576
14060
31901
33280
31163
6030
12315
10453
5961
30992
38718
39382
36086
20893
12656
32532
22620
11064
25261
10314
32611
37034
17241
27039
17451
3881
9884
2379
26919
