jda
k0Z
a-c
jT+
g^/
hkd
j4Y
m{d
gmX
bC~
j10
mJ/
fo}
j,.
dWz
iH+
ci9
g&s
cv8
fS7
l'$
afz
h_9
aa9
lr+
j4V
e9-
mc:
gS8
ax}
cEz
jz(
ev&
b{S
jk&
c=#
iBN
gTn
dD`
kj5
aEL
jVd
l],
gPD
j*#
kdJ
kJ2
eVo
gq\
f{W
b5W
dGe
e>b
moo
dxM
drN
cdO
f$m
coI
k%m
gE1
j?Y
kog
nl3
k5v
f4~
g-C
ers
iMS
i9o
kIu
dko
iu(
a/'
eXK
lRb
b[j
h$F
ljf
m@@
lqs
gFg
gY?
l$]
l'Q
at=
a}$
ng*
a1|
gas
f[2
h@>
fQ9
a&t
c$K
aQ^
jx"
lTD
bor
nhA
dnQ
d*[
fn]
k#E
c5D
f?x
efJ
bx<
mv+
j~p
l%6
eZD
a/W
nz^
byF
b+A
kt0
kh#
dBJ
g6-
lFG
cZs
b>D
aM-
bxO
cCK
cW\
e)n
m~M
eTK
mJk
fXG
b,B
il_
f#2
azE
eu-
ecH
fGh
b2g
g2S
aGw
eXH
jmC
m-P
ar:
k{_
e#V
l?C
f@S
lws
i`a
mWu
j+{
bk[
gC'
d~d
e!r
jG>
dFN
jEx
ldV
iN-
b"@
iu$
hvw
i1V
es7
e:c
gxz
cd8
a/K
c}J
fY+
l5{
mHp
hjN
k51
l|B
cjW
iG?
k|_
kGA
l_}
f1m
dKU
k>|
j)J
k5%
e[a
lC1
i&8
dKQ
l.p
hzH
fuu
b49
k$J
gy(
k3i
k=&
a!o
aIg
loQ
kmN
flQ
gqt
b2W
j$~
a@?
f:?
ny`
cC!
j:Q
b>^
kG0
f@n
k|X
bQ4
eDc
g4*
cO!
eg)
aO\
i&b
b|.
gs4
kCu
g6I
h|]
d/Q
h"L
d%6
d+R
aCF
mj8
nm_
e!?
lJA
b?a
hr`
id$
kv{
d)}
ae"
mV]
g0=
a'#
a27
g2+
c_1
jh:
jHL
d[Y
na!
eok
e@9
kGG
k.:
b|B
h=w
kba
a[B
f[V
d^'
keY
eVQ
gs*
k+M
l^k
h'U
j+'
kTX
hBf
hc|
c5\
gsg
bx9
h2u
iNp
c`J
aOm
j7F
cl+
hnB
mjX
fXS
aD>
k}&
c5M
gsp
k>[
a`&
gIf
mZw
dFm
ap)
e,~
e*M
h5k
iH#
iz,
hxE
fO!
d*_
mW/
bwH
iBQ
d3%
b(7
c=u
a^g
k#F
k^#
l+a
arz
f>*
l)m
kTj
gX/
np4
k@^
b%a
cLD
g@G
iB-
aKJ
mq.
mbB
f,U
f4:
b?d
j_S
c@M
na]
br3
cdf
hZ<
j.F
j'2
g+"
aiK
lLD
ff`
m5_
b.3
b3L
cu:
jiQ
l1%
jbp
j!X
dK&
f%H
iN5
d!1
f|B
aEf
mST
hCm
jCH
mny
lpL
cWy
jz'
mk^
bq\
l0'
c&4
j:|
k/4
aXo
j~A
e44
jWs
j{,
f@f
h[t
eg"
bi*
deK
fp5
fQh
aAg
mZl
h@+
fK"
dA^
g5m
f%}
kYJ
h~w
bMS
i9)
by"
jPu
g{W
j>H
l,k
dh8
jR>
jg5
nmb
ikc
aOZ
eP2
a}Y
fk}
b:v
iZ8
e/N
f`d
a(y
hSs
amL
nd6
hgs
frW
hY5
d[u
gZ~
inQ
h51
fkU
c5v
mKf
bP_
f-1
ma-
jXx
bOD
ccM
d?`
kiQ
aR5
kO4
dyy
a1S
f>A
eDa
kDu
kAR
gBX
fq5
a#r
fsK
hI\
c~}
lL,
mj`
kgT
i*s
l$T
dbk
d%D
l/H
bgI
a2P
go:
jtt
m:W
a~@
aQ\
k!u
b'0
hD|
kq'
m-7
c%Y
lpO
l/!
g68
gi\
dB&
l0.
d9F
jb4
g`h
gR<
e3"
eEZ
b&[
lh)
kPj
ca]
gsc
mSf
d"5
h{[
l~{
l{G
aBP
l$~
ej:
jCn
ko0
cQ{
fLu
nbE
mUV
b./
f2#
nh\
bVL
lBQ
g91
l|'
k%2
eI<
f/R
lar
fc_
kW/
g/]
c:c
aqL
bZq
dP[
eJO
c<q
gIt
m,Q
e=~
ec>
nhy
eNz
m@v
f4W
mK$
cm\
k7>
c'#
eB=
hK_
bz_
fM3
lMI
e[D
l9T
c5$
f]N
g(S
jb@
d*$
g%7
etH
k<E
c<+
mh#
dzA
nfe
i-L
j@q
lb1
h3W
ftH
h:~
cAr
ahO
dP:
f]_
aqp
fWi
iSI
k!(
a'^
fV[
aJ%
j-+
d7l
kIf
i|^
ks#
l(`
b-G
a_5
mF@
d>V
eP.
bx!
dfo
i@A
bY1
gG>
lst
k+o
et,
hTO
m,x
b6J
ar{
lzX
apL
gt2
exo
d3{
ih<
ekd
c=8
l|h
k]e
bbk
f:U
j}b
iWa
mqa
i]=
e'%
a+t
m&R
bT}
cR"
dd4
k("
c)R
cjs
bNP
gd{
l@B
k}*
iYZ
j,8
gEj
b!-
l6A
g=u
i~]
b34
gPO
c%C
j(b
j/i
iX*
i3N
g/k
dbS
hnF
bke
j9b
jQ.
ey|
if^
dy7
g@R
it{
lwE
a|_
d/&
i"h
auD
jQP
mVb
e]|
i']
mD:
dzt
ly!
gAV
ayt
i]j
f9d
fQ:
j=d
ljQ
f,"
lP,
fg9
azs
agL
k9.
f"T
b()
jmw
l@\
c|2
gm{
kv?
hUk
a/}
d:=
b4P
lcL
mtn
mVq
g??
iK^
m@_
h~B
nhD
c,d
l2[
mW)
c|<
fp#
f-Q
cU5
cxD
eTo
hkF
bwC
j5a
iM9
d1m
b|K
djb
jhm
ke!
e^/
h0y
i^b
hcF
l(!
fu4
kNf
g1>
f6d
gmY
m.>
nm1
m7Q
kWe
gWk
lqA
fGl
m2c
enx
e|l
aKq
jZO
eqz
jf|
ixF
kEO
kjj
bD|
a_+
j7i
c/5
hsw
e!]
am4
b8^
k\c
l4H
d^X
j!]
fet
eG3
fOf
dl1
f.:
iQi
f*V
jsi
e*"
d\F
eTu
kGb
k-h
hu]
g_A
ea?
dRL
k/\
jlh
efM
fWy
bJO
lm>
k!V
i,W
d8D
gT6
mf0
g0Y
k.7
fM~
dXR
b+k
gwq
kXo
h6x
lDJ
m6D
dCD
e>^
bIM
hu)
ko&
kfa
hw:
jLk
lr%
eJu
h$p
f(S
hAq
ioI
bRG
aFw
mck
l~,
j*9
lQx
kS$
a6/
e`>
c[U
d99
lL!
aC6
al!
jUQ
b:)
mY}
m/0
b]/
liK
nq`
kdR
h)M
cCD
cgb
aWJ
ggn
lCV
ay]
lZi
hi0
c!G
bX<
j7}
mj+
dL2
e)3
jrH
b(h
hl)
g_W
j:'
k/6
kJ6
ci%
mlM
f/Q
kf%
d4M
d([
gU^
cdq
bz`
h"(
l^_
nq<
dN:
npU
fSl
itC
b6~
kh:
f\l
lYu
f-6
d3H
fqF
nBv
j:G
m$_
nn-
d<f
i|.
b39
lPt
a44
kiv
b-,
e^g
krv
jx+
e,|
hy1
ll+
gU,
i%"
ngA
jh'
gPL
a5[
c)s
i)U
m>`
hJ#
lYv
i.4
m(/
a|k
jjF
f,F
h(z
g08
aq{
htY
mtZ
hZq
leZ
d9h
f@j
m$L
l_7
c*P
eh^
lHP
fk|
b.c
me9
ks9
h:B
d/b
jc$
mXi
gay
jAa
b#g
k!&
gD2
iqj
j94
fTK
mU`
i4t
lTY
f(K
d,<
gIr
cz%
bgq
a5q
dg\
lG}
m]!
guh
e?o
ig\
cU"
dMd
aZf
dqI
a1~
cg\
a20
e0O
cHM
l<L
idN
j>O
fWb
mBC
i_u
mu,
aUV
iiF
b,A
b%F
h#D
bD"
e)K
h'P
ieI
aNJ
lV3
g(R
l>S
dg7
c+,
ki}
di0
b4^
lX%
b@b
g+P
m~C
lFo
lCW
ao#
muY
l2O
i-I
a3T
mGU
cam
kR"
kbA
f_v
jw0
l&m
hT~
dvw
fU:
na4
mzg
iz^
ic[
iK6
is8
j>7
e}6
aNY
l[0
e5o
gBo
d*z
aS&
eb@
k&D
aOX
ce]
cTo
d@~
fCA
l"!
h`7
lWc
gJ2
ncS
cQC
e&e
axY
a@@
m7#
kF<
lNv
lJu
eud
jLJ
kjH
l<,
j>X
d%d
iOp
i<4
fQ^
i'\
bQP
d8/
i@2
k`h
aoW
hIE
b=J
gv#
esJ
e~=
e]K
a{`
d}\
bJ<
jj2
kkz
bZ4
fz/
dxB
gp3
ka[
k`J
anq
a-I
h]g
lVf
jYF
kHn
iuh
k3Z
lF_
k*h
g"+
dgs
cv(
l%5
hwt
boi
c}~
aDO
l6>
eo+
eFV
c].
e~D
iI%
mE$
f54
lIB
lKv
h`r
a(9
cNV
i^R
j4S
bEd
j(-
ej^
ip8
m_k
d5t
ckI
hkv
ivb
gkt
c7y
aN[
m[2
b[f
kwM
d}y
l2H
maJ
laV
f~/
km&
egF
j7j
jW_
kmR
e|w
j7P
aTu
kq`
f,<
g!5
cU*
awW
k%R
dk+
hS@
adn
hR1
ceA
l"%
lE^
gs>
cN1
ay9
bO,
aa"
ksn
k+J
c)t
l=a
cS7
i7@
m(\
g'9
fL[
k[,
bm/
kBV
c_~
ek_
l?}
h@X
mw=
e<+
m07
i$4
l({
fsD
cp_
lru
m,K
i#3
g3`
a?#
jk>
cH5
m1^
j<$
b=4
fF1
g4a
dxb
nee
iw[
l%X
mg8
bTw
c(3
g\\
d>3
g2W
fD9
mX2
m~O
l6E
g3Q
lns
myv
bfm
npg
aNq
d'J
mM`
ld|
gve
cVu
fVI
lij
bv)
iR>
gc2
b}]
kV{
nin
f+u
k$!
i)=
b5}
e1U
g""
m|M
h{_
g^A
dq0
lKo
cRd
gZu
d6|
hEw
kPz
l0j
e>)
k=d
bGx
ixm
h(<
kr5
aeR
h$f
cA7
i8#
b"8
k$o
m=-
iSa
c8V
k?O
gTa
bzC
lzG
fb~
iu^
bv-
iO%
ff(
nuf
bv9
c%g
i\_
l5R
fv'
h2x
mb4
c1x
g77
hJy
cso
hk<
eo~
nz[
nje
msP
cF\
fmP
gu&
m5|
bqk
eJA
c`h
eNO
f~-
atH
fV^
d[i
d`_
aW8
hI[
bh5
a0d
ea8
hI1
e8K
my%
cu8
m2J
ndA
lXQ
lfo
eG^
i)j
eTg
duS
hVB
bQ7
kZ1
aM+
dOQ
gc,
k5x
cM"
mcf
k8>
b6u
bkC
fXM
a}-
bXF
m#q
m[$
b9z
f:9
gcZ
h,a
giX
mg[
du|
a=Q
eUO
k<`
b-%
m~y
c(%
mT3
k@{
b'G
b>j
f~i
bL+
cRu
cCw
gnf
b@i
aoC
nz\
kEC
fNh
c3:
h)K
iUV
cR3
fLD
i9%
mIZ
bj+
aA%
eqw
na{
c2}
cD8
gha
h!/
lwk
aV<
f:H
it|
bC=
gu~
h(r
gU1
b7$
du"
g{r
fK5
h!I
bLr
b==
m?|
b\>
c.|
eQ^
lv/
j.,
b5K
dbl
jpY
lfu
iw]
j~h
cM'
j2x
l|?
k(`
al}
h`Z
bLB
cFH
cGX
m4!
fY<
bDL
bLD
l*+
d}G
mR1
m{v
lZn
ew"
dX)
h9q
m_U
frY
m'e
gne
kf{
bPy
lq_
nxy
gHr
dzS
e50
k}C
lkU
a04
ids
f'm
mp&
jHA
m[g
m1/
k%W
jR+
anc
bSD
g:s
kFv
gu.
em6
a=M
g>I
lCN
if@
k9E
h@5
hgF
h9f
eM`
fjp
h/'
lfN
j*&
h%o
gNf
keC
l2P
ec6
gt:
dmk
aW(
m=y
ao0
k?:
hH}
c\!
m/w
gCw
g/R
l{H
hB\
l0Y
a@2
i68
g,O
jS=
i$O
g"d
a@F
k@y
lP!
kj]
jAB
c^~
dN$
mib
iCG
c3g
i5"
lg?
c|N
cW:
bID
i_/
lS7
gUL
cC9
fIz
dN?
b=\
efd
l$m
k,`
hLB
at?
eh|
g$n
c4"
bo?
g72
l2n
g!j
jX5
j%H
mLM
e)<
iA1
c}C
j4N
d?=
j5#
l4,
dL!
k/(
g.r
iqJ
a]i
fm^
b}s
gjC
nu$
fiC
aqg
hY_
e9$
k(W
h71
c"k
fiR
iWi
h=$
h^3
iYW
kUT
mj)
jpF
h>,
gWG
aWd
hHo
aW:
b|L
c(w
jWB
d1^
kVm
aR|
lq1
emd
by)
e6~
g2>
kn)
maI
lIP
f/Z
b/p
c[s
d%N
db{
hMP
df#
jQ{
bp{
bRy
fuC
jKn
kXv
jx#
d)8
haI
df'
d9^
bQn
cOR
d[G
eD>
mJ{
gKl
bOe
i[,
i%a
km~
b[g
eT3
gp*
ihc
foJ
k2b
cyi
h!l
ek1
j>z
hT{
kEA
f>Z
l=@
cZ}
ax*
aFN
bpu
buF
d0R
dDT
fRW
kqM
a~"
i]Z
dfv
f}~
j(n
aOM
b:'
kIh
f<\
l\/
nj|
d]z
dS~
kYR
bEO
fCF
gCH
bC.
dMX
hfJ
nlm
j(#
cqZ
i?4
j6A
mh5
g=s
jbL
mPm
b}:
jMn
a|U
b*u
kkA
cg3
cF+
hNU
cjL
fb(
ex%
d!S
fS:
nid
hF[
ntE
jE'
b-/
bP%
eQH
h`a
h7A
j,j
fu*
h}<
i]U
bt-
a<*
aKP
kj~
lnI
lSS
e$`
m}H
jiX
gm7
k~a
ih+
g78
bp8
hcT
l=k
b3[
jf2
d-~
k//
nw"
c`S
b(E
iJ^
l1r
fc\
b\R
gyM
cmd
b>R
f4F
dH$
kxb
gJ/
cFP
d9'
ePa
m.L
a?$
i#=
h8@
l=n
jcy
m9$
b_3
kXA
f)I
bTe
l9y
ly.
i>C
l@z
kth
hm~
g\e
cvg
a%s
fP\
ki1
dr~
kQ<
kI9
j6j
jMa
k`/
cS_
gG-
k~Y
azP
m%A
gE{
ll}
f_K
d.U
nyX
c\8
nz?
dv6
kd{
e-S
kxY
m/N
a9p
jCi
e6K
kKF
hym
lr^
i=~
l+-
dU$
e@k
d]K
fi(
c_^
l-J
b_c
b=c
lou
g4[
ag_
e.B
cnm
j!~
eES
koh
d{}
lg#
a1p
e6Y
c6Z
fe?
cJ&
dhz
l!{
fv#
fcm
e89
hbR
ghY
lEQ
mS}
aKs
l6\
e:9
a:s
b%h
jvo
f$s
hV:
l!*
c$z
jH=
mx>
a{D
my`
gTK
lcf
i3/
g66
h,^
kXY
d}9
kEW
gBE
c.E
a0"
jLI
bqz
evL
a3y
d"C
g.0
da[
e%3
iYv
iG`
ae0
doc
c9O
le#
eFU
nk}
d)o
h>F
ikY
i4Y
e}M
aW$
f5&
d45
a]e
k\t
cZm
fop
go@
h3a
dAs
j!8
drg
bb{
b!s
f>9
fQ~
d=B
lX:
dae
j$Q
gfR
fQD
ip^
b86
i@>
k$R
d_@
naK
bCb
mnm
kF:
i2O
gVO
dPr
a5:
njC
j#F
mfg
mKj
cTc
jym
k>1
aPq
d4d
j{<
i.^
l3,
aMC
iMk
dZw
k!A
i<Y
k0C
irQ
i4\
dC7
e2_
f@v
ji(
na*
bs1
lu`
m79
jDA
gHO
e+X
e/x
djV
bN<
fzB
a#i
g`*
ci4
e(1
ju2
h[_
iOf
f@J
iNa
i{U
e'9
h@u
hLg
exh
hrS
dm]
d*i
c8|
i@d
lSV
a4,
asq
fV_
b+o
dA1
l>Y
i3G
dLA
dLN
g_-
g)W
iJF
d_I
h~R
e1d
j9u
dy$
ja?
iP=
l#+
bsV
h_X
dl|
iH3
kjX
d1i
a^>
l?-
lN(
h"w
haH
i:m
m^g
k&m
mV>
dPu
cF_
h)I
l#-
bN6
geP
cKQ
do9
hfW
eyB
bJ0
i/e
gmE
bO~
aZ-
c~?
hC=
j=|
lLt
c,z
j!B
bCO
iJB
b>m
gNl
b!_
k.f
bgm
fIQ
hS!
h_$
mx[
bH*
hkj
izs
fa~
lC=
hGw
ejQ
lu>
g"w
g+-
ka-
jc8
iO!
j~o
bH3
lY@
hgf
lI?
e@$
g-i
i$U
mDv
dJn
d2H
a0_
a&C
e?h
na)
k>b
fc4
f?K
k7v
ju{
lB3
jrs
fn,
f(q
a0Y
jf{
i`B
mxk
d}U
f}b
mk]
e7`
kK|
fv|
fk2
ju9
baN
dAl
mwa
loI
dn*
h}x
me?
bv7
j^e
lDG
kG>
b!~
m9.
fHx
g(H
l%2
h[f
aqe
g=D
bbY
eFC
jw?
dyR
a-)
b\e
d<e
f4O
iSu
nAL
l(U
b:U
f4\
f'_
hP*
j5P
b|%
drn
l0&
c.8
bA0
hA0
f[>
bMM
a>a
fb>
hU`
iUX
kB:
g6q
dX<
l1$
fuw
k"P
k]U
aLV
k(T
iJS
a#]
jl*
f08
cqN
bmD
iZB
eQS
lQN
jsb
hk*
a69
hm$
jEF
b1W
m6d
m.=
c1u
dE4
mIL
efo
k(x
l+1
cX$
j[+
kuV
gk)
mVh
lW!
ca9
c+*
iwz
iJy
g<t
l/,
m=C
c3j
jY6
cM9
c5A
aT0
ft[
j7?
j*$
f~G
aD2
i>b
kg0
h%J
c^j
cuB
dYn
kH_
jV3
i_n
ash
m6[
hKw
gx,
mp'
m`L
fyu
cj`
i/>
j89
hXa
dw>
fWK
cN}
faM
k"_
gxZ
eu{
cNJ
kzY
l,1
m9u
a9R
fnH
b[X
i5]
nv@
d'"
l*p
jaG
l&-
gs9
c/F
mDq
mVD
hjE
e9Z
iuZ
d(*
l(J
bM<
hQy
cQp
d_D
mF#
gCm
l@$
f`K
m&r
fjV
d\6
cnH
k@P
m$c
hno
eoc
gzY
cQz
dFE
h!O
g8~
dtH
cEk
f,#
f'~
isN
bma
eK9
g!a
g<u
bU=
h78
b=z
i0-
a1X
a<5
f-l
c6-
j(=
gd+
iwc
lJs
a]/
f}?
d^"
h5/
bCz
hzi
j\k
jWA
iJE
aQF
m\/
bES
gc7
aX*
bmo
i{:
jK[
iDs
k)i
i]G
a^N
b(e
aVp
djY
kDD
m&7
lcS
mSj
k+P
m.8
hwl
fY.
k{F
hWK
l[j
b>P
aM2
c^S
l^v
fnF
dUo
dla
cB!
b<G
h8W
gTI
ln@
jR-
lpK
e,%
h4O
iF6
ej?
d^|
b4C
f.(
gb+
b)}
bi.
izB
g.a
bdB
l:S
b~!
hrz
na3
b1`
hbL
g95
ak%
bqT
f.\
b7p
iqd
mYu
m&.
b)7
a]p
aSH
ar'
fzY
kIM
nw}
gt6
jPR
hYk
giP
h<t
j00
inI
m0b
ccI
jl2
e:y
bBR
h0s
dxg
k_F
j3o
ad}
l(f
mT{
i=+
koR
ay~
epM
heP
a!8
j,*
ma\
cO=
kgv
dgy
b*C
bUK
d[3
g#b
a$G
l-5
cmB
j@}
mxE
lV"
c8U
k7#
m~4
btk
aG{
ky(
kG$
kk9
jE\
c:r
eEV
kk^
h8Z
fMc
a@w
djd
ma$
gy{
e1.
msF
kF0
l@0
l10
k~O
cT"
ifW
dPJ
bv?
kF4
cE|
eI[
dw$
gIQ
j<R
nm-
e+*
lMe
aeO
lyT
cHd
hd7
ht4
b{*
k9t
eR~
gL)
iAu
d5l
fk1
eT9
gA7
iiB
cIc
i>a
ho9
lc)
k"U
kJ[
coQ
aTo
ep/
bl|
d6~
mzr
f]u
bDb
m>3
m{f
c<B
k:V
e}0
hJ`
bsT
j?^
i$?
k(8
bL`
nnn
axh
gwc
gp1
dRJ
ixN
aV^
kDY
c*x
c-_
htG
lb'
mTw
d<W
lMj
fNM
g`o
nq/
eaf
fM}
gLH
irB
d$D
fRU
dCs
lmu
h!x
mvc
e\<
cPP
i>%
f%w
fI6
gOT
h2+
ks%
eE]
gj>
clo
ab$
j0u
a9=
bR[
l'(
b2i
iBP
m=&
m6M
iXe
i*p
mlQ
d1_
kRp
lT.
apS
i"2
cV/
f5)
htO
dic
j#h
fa^
g]&
jhi
gNI
i0T
nl/
fi=
a{"
ecS
msD
iGN
fnZ
hrD
c}'
h$E
eII
iK+
a^/
bMe
k1R
j,F
jRP
bsJ
b~}
iw8
k+m
ldW
a.O
a!d
dP1
an\
k31
h^{
gr{
aw#
kK^
d[*
m}Q
eG<
dP_
acs
mvZ
fID
b@>
fgd
au,
edg
lW8
nf!
dZU
e|-
eE#
h+i
i>y
m7N
hy_
cHm
bV`
lU~
m>A
jtz
k4a
aDR
lUQ
cFX
mNh
c"B
f\_
aLD
c/^
c"o
cOn
ayp
jtC
bXV
fyB
b_~
m@Y
kj?
hh>
l8^
bbv
j&`
hTj
mh/
ge5
eDq
id(
aIm
c0K
dar
d9A
be!
h0D
fOM
k"x
jhx
bW"
ic?
jg|
b^t
h4T
f4P
gM3
h9M
hx/
je3
gDq
k=K
c)}
k=+
jx'
cat
h&d
jsM
gGn
eBn
m8+
c_z
g~0
m"3
bXH
myu
eRq
cZI
maq
ey4
giN
i:+
alL
lkj
cDM
giE
mTF
jP=
dmZ
jV&
avw
b17
lp3
aBj
bXW
m.q
b2!
ka4
hJZ
bNK
i3|
bt=
a6_
b9/
fG]
g[i
g2|
f2y
lZu
eO3
d~!
m?P
bys
f<d
j.Z
g~6
j@g
meC
bN1
d:s
e,_
mvh
m$$
kGp
lgw
m~|
d2`
hcU
ecj
atK
gg4
k\.
bVZ
fc5
kH[
g%R
g\=
l_C
im!
ke)
mvW
bR`
ml]
jBC
dg6
f/h
meY
lEN
k<^
eiY
j<K
hrk
nm4
cx{
c(J
fCX
a=s
lw$
j^Z
m(}
aON
b8E
bXj
a2!
d&#
hdc
bSr
f>l
fzJ
in(
a+-
dIT
hwu
lmr
beI
ijL
kq_
gXh
aIL
mZQ
gr'
e.G
lKj
m>w
f1!
jGT
m#8
lS?
guk
k!J
l=^
i@3
jd{
jfN
iqp
k'$
lDO
cry
mQq
cB'
nqR
ew,
cgM
lP#
h>&
nae
eD@
igl
a01
a!I
jIE
a1:
m!{
f!L
lF:
cU)
cJ@
e2G
fuM
d|C
fy?
e:e
jv'
dc*
c_[
h|%
d$&
l#2
hFV
h#(
cvB
c`j
f<s
cZB
e"E
ga&
cxZ
j5]
c2o
dKm
b~3
l{Z
kb,
lnh
j8P
ll0
nA+
myX
fKz
jp[
dQ<
h0@
gsM
d<a
fkA
cz0
aZ)
lsq
j5D
h}j
nit
hHU
lCf
a<c
l@a
iG:
m!Z
aAj
ep8
co/
isT
h"2
dul
d(.
fc}
cp7
f+l
dX>
mGR
d@?
fJX
dXl
k0i
aa6
i>P
c/J
h_g
m]*
l.q
d},
at2
hTV
e+I
jG6
b\p
j&S
j2w
lcY
d}X
aq4
jsQ
ee`
e?'
eZn
igZ
kPf
j`9
fUF
h'V
m`@
d<+
aX3
j/8
h87
b-?
k8i
dD~
i4N
gXx
d-.
fUb
gY]
hG<
itu
e@6
e"<
e"A
k[H
f[!
g]U
gYd
c.x
h1|
h?v
a(u
h6G
m24
e_?
arg
jxV
g."
j#w
d'U
j1H
eqZ
h=P
dIq
j*N
gz^
a^w
mg(
fS]
jzd
m:*
g2G
cq!
cVt
cbK
l}b
bMT
a~&
jhM
gRX
g1c
gZH
hzY
jr(
f$T
f3x
g8G
dy9
k[4
nb1
l{N
bln
dFq
nm#
l".
hvS
m5h
esm
mxY
j}2
d7d
nuE
iD6
g\*
bWg
l%U
e&a
j#U
jg+
g+!
br:
jWy
nhW
ehX
gOQ
gWj
e,3
aq[
j!>
hga
d%m
io9
aod
lQp
h-X
j-9
dYR
jc/
le`
cVd
eGx
l@/
haV
d1J
lBo
ksA
jHC
i.H
b>l
e4O
aq"
h}?
nho
dW~
d8'
d11
e%S
aRW
mb|
b0:
b3w
j3F
d%g
e&>
gQ7
iV8
k.+
fyz
h5Q
nj~
b%'
nl{
hrb
fMa
c(&
lC$
fxL
bYf
d3,
jn$
l0|
g(V
cV]
eN7
m8O
lW+
di+
a9v
nrY
i6K
ke.
l4o
i'?
bAf
m.i
dqt
iR1
igT
iCd
f!6
i]:
g^2
j4#
dCz
h[1
cCZ
c]0
mPC
jTe
cw*
ksP
l|q
cio
j?,
g|%
dU9
h]/
j#K
aED
b/G
eET
k/K
f`{
g<#
d_k
gkn
f<H
m:J
cNl
jb.
eU~
mOv
j%:
f0b
itz
j4y
lPF
e6V
d-l
iZ$
mId
a7U
e3I
lXl
msd
a"]
d)J
giw
ka=
l1i
cm*
c"z
gk`
h|M
eX*
bF}
k,)
in0
f^W
hYu
an2
gW2
f[o
f?H
acK
huu
jD5
gq@
b6O
g_]
glM
b@9
j_B
h?p
e4d
l\S
k/'
k[>
c5+
gd|
nmZ
kz4
a>Y
c=4
nx`
lH}
kyz
fJb
fO2
fiY
k}J
g)s
iQ%
cis
fkg
l]#
gI,
lS6
cBT
eU0
a0G
fm\
ift
iXu
aq&
f\T
jKB
h%e
bjJ
l&,
aC.
gMC
ln(
iEW
kBZ
mXp
bAK
m7]
h8:
jAw
l<?
jBP
e_5
eqY
awN
j)}
eAQ
jTL
l`S
fI0
iCT
g<C
j9_
g/$
fD+
inj
cBM
ai?
b~/
gN\
kOw
fSQ
i:e
gX#
huH
bOk
h8E
h^=
bb9
b6}
b26
kX$
d|{
dA{
h/s
cMX
mx$
mF5
j}a
c~)
a\e
cPj
gEn
c:h
nrR
a.Q
cAM
gq%
gKb
k9h
fr2
d~8
jYs
bjk
ma[
k/m
m.p
j]h
ns5
fp-
iHf
j(\
f~>
ccN
m]K
mb{
eB`
du$
cGU
iBs
fMU
iI*
llk
a=l
iT2
i:0
jtR
bQ"
i]^
em2
iwb
cM-
d"6
j,Q
id!
jBn
m#f
caN
hsv
f1v
gm!
h#5
h?$
jH<
lzn
l-b
fcp
bl>
m]e
nmL
fh!
lGv
hq"
byY
hj1
mzc
l|k
fw#
bV<
j`|
eG|
m}U
m6f
bB.
fS-
fd/
b9>
c,p
e.N
bv:
h$$
i[_
f%I
b5'
jNR
bn8
c)L
e#>
bb|
inS
b`>
m,8
b-9
d5[
he(
iQA
eoN
d-j
kni
cJ|
gf(
eTc
dP3
gF2
mm=
gv0
mBi
j."
lm*
gdu
mPe
j>N
g]:
cq=
i9{
i6E
k7u
nA@
jz/
hyH
k98
cvD
aw!
jkB
b#9
lBu
l`u
b^8
ks3
a+>
gyS
i)X
dz-
lg}
fY~
aC?
kM{
fz3
kAc
eH?
nn%
b=)
ceX
i:C
l^,
g?(
jL!
jog
de0
d.N
iDr
ll(
k$}
aN\
e@3
f/F
k4i
jfu
gG~
hd0
crN
a+)
l1]
d!8
iL|
bSZ
a#<
h?z
l36
g6Y
lI\
a7!
dt9
jr@
a".
fzF
a&7
b2V
g>o
b`b
nz{
amN
dI)
eyY
mrI
d1\
eYk
cV'
aY)
as!
k{(
l[,
eR"
fv`
cyg
jQH
di4
b15
h5H
g:O
g!c
b@L
b#&
axM
mN#
lI<
mGv
kQd
eSN
kcv
bb.
b~v
m=W
cuD
ime
aLY
a[=
b=<
kA2
m,J
d4+
ll5
l&<
mc?
hk"
dm0
f7/
ckX
ge+
ml}
mg`
i5y
g)H
j4F
a(s
fpi
e?j
k]$
jra
mJa
iX,
f=m
j!_
d{L
cl}
fm>
dfh
m^q
c*c
g*<
b[3
lhJ
aZR
h/=
h^V
gzI
lpI
aKL
d[j
k+Q
aP1
kK:
dR6
nmo
d9W
cjy
fBn
b=`
hS)
mRH
jcn
cQD
jX|
aV>
jp8
lS~
ij:
hP.
i+~
mpQ
iT-
hT3
d(>
buW
b>_
avc
edn
ial
g\?
hV_
dz!
m_L
gf|
a1O
a&L
fcs
k`T
j6]
kc^
kh0
a6F
fjC
ddQ
hSk
j7!
j&L
cDa
c3l
b-5
e{{
le2
gHy
aGV
dEQ
f#!
jty
b`w
idn
a5D
iU@
dVY
h&O
mVG
jD\
m"n
bZF
cR,
eb)
j^K
ft$
a$K
cgs
cw^
eRx
eap
m1c
dKH
nz'
d3Z
g~*
d4/
g\o
iK%
i}n
lri
aLc
doY
arK
kj#
jGw
lC_
lVA
bh}
kGR
cQ`
k&?
ngl
kTb
hQ3
jm^
m|9
ea]
dpe
c"A
iBR
c$b
aBM
kb)
eR'
jOl
aJ-
geb
h[G
bf\
knC
g^%
g5_
g4W
lqf
e0A
bUC
cO/
g,s
a5p
bC_
l.e
k\P
cJ}
e!F
fxR
ek}
hNk
f`f
c./
cle
mx"
c'k
j@o
i4F
go.
baC
a2O
f1~
nkI
k3?
d##
m@,
g3W
ddK
nuo
i*7
g07
dHC
k.A
f+O
ig]
kFO
by3
j~Q
d)|
g=i
k4{
gok
io%
ifL
ny%
eIP
m11
i8.
k3M
k!|
j>m
dxv
lU-
hT5
c<p
j9c
nwi
b`z
jA`
c*k
lo.
bz{
d3R
cG}
cv4
d7h
nvd
i0O
l]B
ie^
dD@
kb^
ga4
kb7
kw(
g4{
hz`
de9
gOD
kJd
k3g
mL/
c$r
kS(
d29
ap{
iE5
k)S
f|p
d&Q
nr<
fa$
kuD
aG7
a(i
h!m
jW4
m6z
e1K
l2=
hq}
ckr
nAF
d?K
f_T
kOf
g?a
fXy
j/A
jk[
h!n
bM^
miW
bwt
gCO
k(L
h(@
fAX
d57
eVg
lR!
m[e
hjZ
b{6
eh!
d&B
dmc
cBL
gEW
lC.
iC*
aYj
lka
d{/
m1`
eBq
ac|
jsp
i4"
dn}
a6+
cdn
hO[
gup
jY8
gg-
kzW
fn}
b7x
h\o
gzg
m%s
fN\
m|E
c=U
fu'
iL.
cfq
aRs
l,H
ae'
l_)
lo7
mfj
mtr
np=
h">
iaW
mpV
gni
a9}
k~I
f&~
dJv
aV6
gd]
fRc
b"m
h^1
i89
ako
cDb
gQ/
kGS
d/Z
bG+
lX_
h2B
f'y
l|U
m(E
k+"
g/h
ac0
lSr
d&k
e@K
j&V
l4~
afr
m$]
fE,
f#U
f*R
m+/
c#^
dpw
hY`
f,8
hZx
a9_
j!G
eSo
ijh
io?
jlK
dDl
lv1
i{#
lS'
hfZ
eT,
k.U
i'i
jx6
d%~
i4h
h\<
iA"
eY~
bCo
d4`
eJ%
fpg
j)`
eMm
c{p
jg4
jj#
hmL
d/=
d>Y
bek
fTG
i,9
m9#
m%F
m/+
l<\
k$L
fN#
lxT
cDe
kd-
cv+
i`?
eb&
c_g
ndj
iPO
ef<
a-@
h3#
fBG
ih>
hTW
c:.
gC.
g"0
nz$
dHr
bcL
c|~
e`8
mL:
gm?
hfr
l?m
hsM
i>,
d7N
lR5
lhD
cm-
l~Z
b9.
lY_
akw
c~!
b7q
hAw
e&{
m.~
aC<
lHG
h*|
fjt
kHa
h+7
jZe
i2]
fr<
icE
gf+
hh%
ar=
fro
e`S
mj.
hpn
df[
m9T
cBH
g2z
g&:
ksO
gc6
a.g
e_h
k|I
gnr
gV0
iD7
cLC
ck1
iuU
kCd
akz
foV
hV+
c+e
ge/
g4@
iu!
i,.
dJo
a@g
dv4
e\#
iW7
ne+
i?u
gO~
iN2
mzN
l'r
l}C
kAY
m&p
amy
niE
cSb
bQV
ghi
j@'
l[w
mJc
e--
c/$
hP:
k3x
lsJ
kS,
kn_
g1H
eo%
b?e
b$!
b#I
jrg
j\B
eig
nc_
iM*
h<.
jG"
aLS
ez<
jlN
m>$
iv\
hv{
fWw
fq:
k>I
f|5
eax
lPY
nx?
e)h
b#?
mi1
kd.
e~d
b!b
j#>
m@\
f`7
d++
i~7
lH+
mYk
d_i
lV6
f2R
nv\
a_9
i|C
nd\
lDf
g&5
mNK
c/G
eu$
mt3
a&K
dU<
mlV
ab"
jS^
mh_
bNt
me!
a/n
jgi
mL^
g#Y
dxW
mIP
d@R
e7B
g"9
ehN
eDl
l3G
fIc
hG?
jZB
geJ
myn
au)
l?O
gT~
jql
fUU
i[z
l4$
lF3
af9
jG{
nsa
iZX
hUV
g3o
jK{
edu
g_E
le/
i$i
k0[
gq:
m!c
h'$
nn5
k0L
l,u
k]9
gF$
eV1
a~c
m""
lb4
euz
dzu
jAn
hsa
h%|
eYB
dxy
fc8
jz)
gga
jiT
dj3
jF(
i'B
kGz
ji3
gcq
msk
h.:
eN"
hFL
j54
k?R
nej
a~{
fiP
mKk
f\w
cJm
f/U
