zBZ
bzp
zoB
svi
muZ
sIO
CuO
jrm
fsK
DMS
lNH
zeL
Abo
mWo
AXI
iTl
pBI
jEF
jHj
rLy
yvk
nCI
rWh
yGu
ebC
znr
DIU
ElT
mYY
ema
Xk
fPr
nLB
dHn
ylg
Efq
woZ
bTN
bau
BZz
Amc
esg
viq
jvq
twk
aLQ
onc
hmJ
hbw
pTa
ihS
AEO
egb
adY
bKU
hQL
jSy
ajY
joR
iLJ
emr
exG
xhW
vSz
qxg
tjA
zPJ
uXN
kTG
idy
uHx
cOu
lFU
nmh
AcB
AZv
ztr
mwa
aoj
eYC
yEJ
mFy
egE
hDJ
nFP
pPZ
mEF
cHA
oWB
vdK
eMA
DHd
lgA
dnS
ffC
qgK
fmL
AmZ
fQr
vKF
afo
gts
tQk
eyc
oSI
aJa
utY
pbY
dxm
uIg
Cjk
Eu
gTJ
Eqn
jqv
ybz
Cbr
nyx
eNv
qNK
vRc
mqF
moh
BVG
txj
aEt
rAi
dUy
Bfy
uSC
dOy
Fm
jtv
EgI
hrW
fKD
sOO
hhy
hSc
ypu
ert
wfi
oAn
bwW
rhq
nSp
kTu
kRi
wCA
hkx
fej
ylT
wjb
lLJ
ynm
xuZ
CRT
weJ
jXI
oYu
eTj
mxc
zAN
Eku
yGU
qgU
pWf
AyS
ySE
rxU
eZi
vja
kPu
EP
hjg
ntj
aLy
aAa
mIv
Etf
xNz
lmK
qlp
tES
oOD
bFC
dGm
aTV
oSn
rmZ
taf
rhb
lmO
onE
Aay
tVx
zHy
lUO
kTa
nyu
rZN
cTA
qwM
mwM
gPn
bYf
sUc
ehH
iRs
ufN
sOs
vks
wYs
CQW
gw
xUY
peW
wjU
wKx
lTQ
bLs
EaU
ltt
mkq
aBm
zjF
cNJ
Cne
wdb
aqA
qKt
pnB
CwP
wtj
qQS
rUZ
scL
lJj
psj
BjK
lkI
gpm
xzd
eZs
knk
iIm
eJg
AhJ
mQX
jGW
wRs
kty
mqK
aXV
wqm
uXS
xlv
gMQ
qtP
DaF
ngk
yeT
WS
tjQ
pMb
vnj
ifi
bJJ
ipb
oXF
ayV
DkK
nhp
lTj
DrV
lbw
cwt
jap
CZC
kKA
tus
eOc
oHJ
gIQ
ezH
gcK
jGM
kxE
kqO
jpv
cYN
uVy
xW
iAR
thW
tYj
eQf
zQJ
vvh
wEG
iwd
yOe
uoq
ALC
Ts
xwn
udv
dsT
cYd
cZ
kVN
DKx
fVH
rRi
gMj
CNj
zNK
rbe
Cwr
bOe
ohj
uDX
pVa
xZm
Dcz
fnR
gfo
cSz
jjg
CQs
eZv
dMS
jHe
rrv
zUQ
rbO
cdr
ACt
laZ
sza
dqa
kVp
fkO
soq
sLg
yBY
dfO
rS
gKA
xvG
gDt
vYh
pfL
pPK
mmA
hTO
BSk
kWZ
jsl
zDy
gdl
hWN
fQi
nIB
psq
lbo
tJD
QD
nlp
xPp
dMB
dPd
xom
Cev
AIr
gvh
wYq
iwK
dWU
CYP
DCO
len
CZZ
pEg
hug
bVe
iXv
ifX
ujs
CUz
msF
qkK
DdD
yR
zzC
amy
nsn
dcI
vxD
tmI
CrC
AXM
hQU
pSd
pri
zEt
AUF
xnZ
cWM
grj
pby
AoV
tiB
Ele
fkZ
xfm
jBR
yuY
Bnw
zwg
arF
piJ
zHN
nlD
ssz
npu
eac
BpQ
wEv
ktR
AAs
mLr
yal
qTd
pHB
pny
iXF
icu
sYO
liW
eOT
vIl
DTl
lFM
Cek
wbG
inF
pzY
rNt
sIv
mEh
gun
nzd
knt
CJr
qtg
Cxc
Bqa
dbs
yNB
iSv
rzq
wQZ
hsK
hwr
afG
Chb
AMq
sfw
wTY
DyI
tyK
xXS
Aiy
tUl
awV
CHD
Cxk
wmi
dKD
vrJ
pCW
cRi
BZV
soZ
vWG
CIM
ymj
suq
Ein
xbh
vqR
jtq
rRy
tyu
mXm
gbH
sCn
mxz
EfX
CCT
bze
CKK
qSS
jwP
CeM
alg
aSS
aPw
uOK
Bwy
kqG
uxn
mwt
xMJ
zOO
cuu
daH
dXT
nGm
smy
EcJ
hkE
unO
rbA
imh
eAw
inB
frn
gxD
oEe
ygA
Dxr
hJJ
inh
tNm
nXr
vRL
iWf
jMS
qUP
mny
yPe
gGo
aUh
kTk
yXj
pHR
BVo
qAH
cgR
xME
pkI
wGD
BMI
qgz
xJe
fOD
CVP
kwa
ezU
xpA
dhn
fXe
mtx
usC
AYu
Cey
nZw
aJq
EhB
pe
esz
Bn
bPc
rfc
oXZ
gNP
xdz
qRv
Axk
tFL
lRL
rBw
sSQ
DDj
vEL
tvF
cIg
wIM
wld
DKe
nTk
jVV
fOL
jsL
Diq
oXx
apU
fHJ
byk
hXp
vYF
DXT
nst
sdb
iIT
wrB
rTN
bpA
jAr
lFm
tvB
tQj
eor
yBT
kHO
kdG
mpe
fzu
xIa
haV
nlv
gaR
ouR
inZ
vbs
vtk
fTK
sEn
gux
uDF
uoJ
cuh
lqw
znF
xmE
jvH
mqa
Ctk
jBV
cXu
Bqb
csU
sPS
mDG
xNr
yxG
fGd
hSu
Eui
efG
CJs
xGW
rtB
jYj
Cfv
saT
vAM
DTz
bUl
woy
ahJ
eVJ
rKw
AvK
vLM
osq
DAr
kug
cDk
EiL
uCj
CXY
fou
iIX
jOr
pec
gnx
Qm
syx
apA
qwS
ipF
axO
DWj
hLg
qSk
fQx
tyj
meF
kOq
fQw
rOZ
zDX
nyt
mKB
ywo
kMg
sbZ
ma
oPw
lYv
mPc
uya
nCc
tbd
mAS
osA
rHU
mxj
Erd
qum
iYO
DwQ
DvI
jeq
dSe
kcO
tPA
zyp
iqc
ypk
abw
scA
vwX
zKQ
hVX
qKe
fYo
gWh
hjx
xmw
oMV
gbV
DJy
ycj
poZ
lMW
niB
BuK
fBI
BiS
tAP
uNt
rXd
nDz
A
jHr
AVC
wOx
pEO
baq
pzX
xm
mnV
DbZ
cIl
wmZ
Ue
fIj
apI
jTv
dyl
wWS
P
sQZ
xfa
AVH
ctj
uGW
Cur
mQM
gC
jcV
BOz
wPP
hYt
Cxl
xtg
sNu
tfX
ftm
fEa
lbz
BVn
tIU
tHv
uev
BUU
odD
oGu
ixz
AdV
ewy
jCF
DCS
erx
mMd
vDs
xsd
olO
tXr
ABG
Qp
rnW
Btn
Asy
MO
iZR
seN
mGB
yUy
ndJ
tBi
cmB
dlF
vtU
vCm
hFb
sSU
xQQ
ngs
asY
CwL
nUQ
jCY
mjn
EkQ
muv
lPL
iNs
DOZ
gyv
itF
tsd
uzn
tuC
jGN
dSZ
vxl
Civ
nrw
gbF
eHF
kcx
DgZ
rBt
AsL
vhm
xNo
gcO
kIg
eJT
jFM
dTP
vxj
BQc
eYA
yGy
kGq
gGL
qVZ
czC
jXl
jeC
jnX
jUe
uJK
oPm
boS
bBK
nRg
EqF
gkx
zxX
sbo
kVF
qOJ
DQP
Drt
ejD
lYG
jUR
drm
nZV
rZX
dWM
qXZ
wLj
cbb
BSq
olZ
CCR
BNH
eGc
pXe
lKx
zzG
DhQ
tNG
nue
Aqb
vWh
vfE
oJZ
pfk
BXx
CVf
hXa
dDj
ucR
oYm
jHB
qqp
pEM
fKf
lZL
pcS
dpu
sMk
Aao
pZO
xGU
gwi
uuS
yUQ
pau
dMb
bUO
EqG
ywN
nrM
axo
cmz
jmo
rgD
ycV
pXF
lje
iUk
zaY
oka
pcA
zMV
ysW
hRP
fhH
zwc
tOC
maS
bnI
gcX
DJw
xUs
mUs
wqK
xCO
rWd
kIO
nqV
cZH
dhW
kst
vFB
EkS
sLx
bHd
nOZ
tEI
mIT
ADs
vnU
iKz
faM
BQq
uuV
yRY
rAq
qqv
xoo
czn
BtE
oKD
gFq
irB
daD
rek
ahj
oeo
bQH
sdR
kPh
gLU
sot
BLC
WM
buc
kgI
DD
uNE
DPB
tYE
dMN
lko
fHf
hyc
DOs
cxY
oOE
mBh
rjl
tQv
paw
BYW
mEa
hTy
ezg
enK
OR
Blr
bId
hus
bTT
rHO
sHw
mSL
dZD
vIO
jLW
mTu
gvo
eQn
ByB
sPA
ekf
zPo
BZP
thY
pBB
yEk
oRD
oWU
uVP
tNM
mOB
mNn
jjy
qRw
mzq
kmc
ijE
lFP
aEN
pAX
mCB
kom
aRc
etb
oqe
Avp
ezG
DAj
umX
DEn
kMf
vm
Ayz
CEs
xJw
fmN
fvW
qSb
iDL
ptf
zXs
Bgi
xkh
gMp
yYF
wbb
hRg
hss
jLm
bNB
zfV
AkR
zMB
pSk
Dcf
nsa
hnH
zlz
tJl
fHq
bQb
DnL
zjH
aHo
kze
ibZ
mkh
iFj
uvL
ccg
bED
ttP
EdJ
umt
lwR
veG
iet
wXN
btp
oUj
cUW
gSu
dcj
Coi
rjz
izY
bpi
NP
ujX
uVv
BxK
wol
utr
mpg
mHW
suJ
sLe
AgB
pJr
cht
wqd
szo
zuj
wix
DTH
jkh
AQh
zSP
bei
ugs
jqb
gwZ
prH
AiI
mTv
uCO
AlY
eGb
elI
ggK
nhA
BUZ
sNQ
kFW
tAZ
bMV
AOJ
Oh
eTP
qET
wgi
wAs
fxd
xBC
kEO
qJx
cQZ
ate
BxZ
dFe
DIh
avf
nEh
wWK
hHo
bFl
pij
cYa
aGY
nuS
roi
Ble
eDB
DjZ
EtC
lVO
iAI
gTT
cUh
vlT
wCt
oUA
grg
xmD
glD
TF
wuP
vbl
kHq
KO
heQ
