CKVZ
CLPS
BVVT
CHJG
ANRP
DDZT
DBKB
AUBW
CRXO
CMAL
ADAJ
CRNU
BEEE
BFRX
BVIM
AMTO
AXEX
BCWB
AZCI
AJHY
BBNS
BIRH
CKYN
BVDP
AMGG
BYHS
CHLQ
BIMJ
BGTG
BFSF
BKQJ
AQLD
ARJM
CPDL
BQGE
CFJR
BODO
BMXO
ANHS
CZTH
AQXO
AKQG
DARG
BEBL
BKSQ
ALLI
CZJC
BJEM
CDUU
BLHZ
DKMB
CMLE
CHQK
CMPU
AHSR
ACNM
AJPE
ALXT
CDTR
BJNA
DJVM
CLQM
DCYU
AECG
BCGO
BZJN
CIPT
BPZM
CESW
CHLS
BVWU
BZMQ
AGVO
CPHN
CEVT
ASJV
BCKK
BLBX
BIZI
CCKT
AHAU
CMCQ
CJES
DKTI
CYZC
BTBI
AEQF
AFUH
AHDO
AINM
AMVM
ARSA
AMXM
DKME
AHAE
CSGB
CXXI
BAWL
DCQH
BWAF
AVRG
ACFJ
BERR
DEVN
AGYC
BLWC
CXBH
CZGC
AZIQ
AGIW
CZZE
CRAX
DKNK
CPKS
ACWY
DECS
BNJU
BYZH
CKPX
BLJA
DJQO
ACMQ
ANKO
CGBF
CJVK
CGHD
CPYZ
ABYN
BZAR
AMXF
BXOR
AEHH
BDDZ
CAYA
CETI
BGLG
CBYY
AOJP
CCWU
CQMK
ATWA
CYGL
CRZH
BOSB
CQUL
BPMV
BPVD
CLGV
ADOG
CASZ
BCJZ
AVBN
CPBH
CCTS
ASIN
AXWV
CZGF
BAXI
ALCU
CPEW
BQOT
AHFN
AXNC
CLQP
CRYQ
AXPE
AGVP
BQKS
AYJY
CIHM
AGYS
CMAY
AMVD
BJDA
ADFA
CZWN
AFYC
CQPN
BPLC
CWLZ
CFAT
APEC
AVCR
APVR
AHDE
CREX
AFNX
ALUU
BSJE
CNWA
BYUV
AZPU
BZUF
CEHN
DHSI
BCVC
CZTR
CKJY
CUQV
BNNM
ASCI
AUMC
ACSG
ADDJ
BSXK
CFRQ
CDBC
AIDN
CPGA
ALHN
AJAE
CYHN
BVLD
CBME
BQFR
AHGI
CGSL
CEUV
BEMC
BTLW
BFJA
COFT
DCSQ
AZTO
CXSN
ANJH
CUOV
BQHM
BWNJ
CPYH
CZRR
AGUP
COPZ
BNZG
ASIS
BCPT
CIBK
ASEK
AHVK
BMWA
AQJP
CFAP
BFFV
CWYZ
CQIP
BZRW
BXFX
DGLX
AUNT
CVTL
DEQP
BRCG
BYNE
CYQW
BGNT
CYJA
CAPV
CAHV
BCEW
CPOF
DJIB
DETD
AZNP
ATEI
DAZB
DFVH
DDLD
BBKX
APGD
CBJW
AMOC
CJKQ
BCWS
AJAQ
AROZ
DJNF
DKEA
DAON
BLIB
ADPB
DDZZ
BRDP
BGGD
BLOY
BLBP
DHRH
CEYF
CUSO
BYXB
CEZG
CVNX
BODF
CGQB
DKHY
BFUP
ADUJ
DBSS
CFJS
BBNG
ADYA
BDKG
ASTX
AZEW
AJXH
AXJG
BJRP
BJXT
CYAD
CBIH
BCNG
BJJS
AUVM
CDGB
DBZQ
DHEN
BFNW
BYXT
ASPW
CXYX
ATWK
BAMR
ABQL
CJVO
ASFI
BPKV
ACCX
BFBG
ADKH
DDCJ
DHJC
AMYF
DJGA
CWJC
CJUU
DACP
CNCO
AOVF
CBHA
CSYG
AQSS
CWRE
BABW
CFJZ
BCZI
CPHG
BOQC
BYMM
BIKO
BKIM
CPGD
BMSD
CUAB
BOQK
AIOM
BVTX
BDOV
AGXV
BUNF
CHTQ
ADGV
AUTJ
AXWR
BPER
AJMH
CUUE
CFHE
BAYA
BTAV
AFDX
CQWF
APYF
CMJC
AJBA
DITL
CEYZ
BTWE
CFAK
AAEY
DJEI
CHBV
BKVW
AYTL
BVZH
CRNS
CRQV
AOSW
CGBU
AHIH
CBYR
BDEM
CCWC
CCQZ
BYEQ
ACGG
DHIW
CHDA
CDTK
ASRD
CVPY
BDGM
CKCE
AXHX
CEVP
ARBU
BIVJ
ANCJ
AEAM
AGLH
CPIL
DCHH
CXVU
CIFH
BOZZ
CXEZ
BSHC
AIWY
AUWJ
AZPO
CYSB
DBKY
BVNY
CDTN
ANLK
BSCA
APKF
CKCI
BBQK
BRAM
AIWH
CNPK
BLIG
CSDG
BJNT
BXCV
AJUB
BLYL
BGMZ
AQFQ
ACMS
CGFS
ASPM
BUEE
DKAF
AFJS
BLHK
AYPS
DFKP
AZBM
ALON
BMIN
DKCK
ASMZ
CRJH
DEYA
AVXU
ACEZ
CAIF
CZFK
CWKF
CAXB
CRCH
ADHZ
BVMC
CXKW
APJR
CLIU
BHET
AQXE
BDXI
DJSY
ACOV
AXUO
AUNV
CRTX
BSIV
CNKO
BLYD
BWJM
DFSU
BHDE
CSWR
AXDI
AEWZ
BIPU
DKSD
CVHL
CIJS
BWLP
AMXZ
CHXZ
APWU
BBSA
AZTR
AEVA
BGGK
CGDH
BFFG
CSTE
BEFV
AJYC
ANUY
BRKJ
BFCP
AFYP
DEQO
BKXR
BGCV
BVAG
AHTQ
CYKA
DBDK
BECD
AOZP
DFSH
CZTP
CPOR
CCBU
AZVM
BQFS
AZBQ
BHPD
AHBK
DBFG
BXTF
BXBG
BSAG
BVAE
DBJN
DCHB
DCRC
DJUE
BTSC
DBVV
CEQW
BMNE
BJBP
AFIF
CXNX
DDTG
ABXQ
CFOM
CJBZ
BRIF
CBGX
BAZJ
DFFK
DJRJ
ADBO
CCHY
CKDI
AOMD
AKCB
BRPH
DGBS
DGWF
CCIQ
CKPK
BNCU
CCWW
BUUO
BIXC
CGOP
DCBE
CJTW
AJER
ANXU
CSYU
AMKS
CNQN
DHAN
BCCZ
BYKN
APZA
BFRL
AMKG
CXPR
CZQK
AJWT
CIMS
BRCI
CUKK
DHDF
AGKX
BGMV
ANNO
AGFE
CEUH
BUME
CSQQ
BGIB
CICT
BGZM
CSHO
BJKX
DIWF
AUTO
ATMY
ATIZ
BALW
CIJK
AWHA
BDRI
BJWX
BKJE
AYIH
CJBH
CYXA
CSTJ
AXRX
BEKN
BYPD
COQN
DIYJ
DAKC
CPPY
CFXY
AUNF
DFTB
DFYY
CLKO
BCXG
BNZP
ALZT
CLCL
BOOG
BGHT
BJMO
DGVR
DEQT
CPPF
BRWI
CBQG
BGLU
ANBL
CVJS
BTVF
BIFO
BGHQ
CFSP
CUGF
AGRH
AHJP
CNMT
DJEN
BGMQ
DHMC
DBKT
CSSC
AMNV
AMWN
CCIB
AVMG
ATGM
CUOM
CHYD
DBRM
ARCI
BTYK
BLZI
ALLL
AKLE
ALKW
AEDI
BJGH
DCIV
ATIE
AZBV
CPCF
DHOB
BNIS
AKZM
CLWE
ATNS
CWKH
CCJA
BUOT
CZYB
CBGS
BATE
ABKC
BNDR
CISE
BKCR
DBVW
CESV
AREM
DBIZ
BWEM
BMMM
BVKX
CXVF
CGZI
AFQM
AYMG
BYLO
AOSL
DBGE
COLP
CSQH
DANR
CCIH
CUGV
AHUG
CXGQ
AHGX
BYLJ
AGOA
CDRM
DFYB
CQGL
BQWU
DAUG
CNXU
AEUQ
BNGC
CSTO
AFOH
CBSN
ATYR
BAOS
BPWK
AVJB
ANDU
DJXU
CXRK
AHDT
DCTW
AJQI
CMTU
CJVR
AESH
ASZW
AUIS
DDOA
ARDU
BJHX
ACKP
BTSK
CHVD
BWVL
DFFI
CPCV
CTZH
DEDV
COHX
BNCQ
AMMK
BADO
BBAQ
AYGO
CIEQ
DGFT
CCEJ
BKLA
BKKA
BAFM
DHWG
CBKF
CBJD
