aahg
afqr
bcqv
clra
coyi
bvah
ajzc
atha
cqoi
anvb
cfgp
bkxy
bree
bgmt
aelr
afih
butr
avjf
akgp
cmqq
bpgc
clpr
bret
aizx
cmjr
aqwm
ctkv
cbcn
bewr
cilw
aoqp
alkk
cbqk
colv
cjlu
airn
bmzh
cgvs
ayhj
ahrx
bcme
bhro
bnhl
alwt
chzr
csju
cdyd
bxek
blji
bcwb
bkoy
badg
cszm
aoyf
avcn
crlc
bnad
ctvh
bfgv
cqjj
bggx
aqzp
clru
cisg
cbmz
bzde
cmhh
bkxb
bprn
bpkz
aohs
cuvc
acij
cswo
bztl
arhs
armi
azgb
bsfd
bwpr
bfqg
ateq
ajpc
coro
cpqd
cedp
cajj
aspq
aobs
clor
cdwn
cnib
crtz
anwo
cken
bnnp
cbnw
clwp
abwr
chrz
bysr
akwj
axnq
bnfq
bete
aoal
asje
area
btmm
chog
atit
bptv
cpqb
blis
aoby
arhk
cbjv
byjb
bees
cjls
bzdo
codp
akut
buno
ckcv
byls
affo
axxi
ctdm
chdq
aqzf
alfr
cvrl
ctil
bljr
agrs
agef
buha
cjxw
bycp
afoz
azwp
cfra
ayon
anby
cext
aniz
aqki
cqmx
chcs
bfkp
bapi
cbru
bycr
ctxd
cgpc
bhgd
copn
bddt
alpn
coon
aqzv
bfyw
axyk
acwc
aewf
aihd
bnph
apas
bskm
bfew
bbmx
aefn
ahwc
cvjx
bgjg
aull
btda
bbup
ccry
bzfc
cafp
brcq
chnx
agqu
akua
chdu
brix
auxd
bzmr
bmxh
chqk
bbgc
bstj
cdgn
bsup
bnkh
ckvx
bbxh
aybt
bacx
bgfe
cgsq
akwd
cbud
avos
aqum
bhgs
bbbb
crox
cohc
aqmo
bqhw
aexs
bkcb
bibo
cotq
aeqs
avwc
bbxc
afpa
blul
cnff
awwl
bcnn
arso
bwub
brrg
bonj
aafr
bsqn
cvcd
adhw
ctug
bzdy
amwm
cndr
cmii
cssj
cuuj
cewj
aadb
btav
axvi
banx
bfof
acrm
bktz
csvo
bfjx
